[2015.07.08-12.47.19:332][  0]Log file open, 07/08/15 15:47:19
[2015.07.08-12.47.19:332][  0]LogInit:Display: Running engine for game: MyProject
[2015.07.08-12.47.19:332][  0]LogInit:Display: RandInit(-570544061) SRandInit(-570544061).
[2015.07.08-12.47.19:332][  0]LogTaskGraph: Started task graph with 4 named threads and 5 total threads.
[2015.07.08-12.47.19:332][  0]LogStats: Stats thread started
[2015.07.08-12.47.19:332][  0]LogInit: Version: 4.8.1-2591939+++depot+UE4-Releases+4.8
[2015.07.08-12.47.19:332][  0]LogInit: API Version: 2579680
[2015.07.08-12.47.19:332][  0]LogInit: Compiled (64-bit): Jun 18 2015 11:02:04
[2015.07.08-12.47.19:332][  0]LogInit: Compiled with Visual C++: 18.00.21005.01
[2015.07.08-12.47.19:332][  0]LogInit: Build Configuration: Development
[2015.07.08-12.47.19:332][  0]LogInit: Branch Name: ++depot+UE4-Releases+4.8
[2015.07.08-12.47.19:332][  0]LogInit: Command line: 
[2015.07.08-12.47.19:332][  0]LogInit: Base directory: C:/Program Files/Epic Games/4.8/Engine/Binaries/Win64/
[2015.07.08-12.47.19:332][  0]LogInit: Rocket: 1
[2015.07.08-12.47.19:345][  0]LogInit: Using libcurl 7.41.0
[2015.07.08-12.47.19:345][  0]LogInit:  - built for x86_64-pc-win32
[2015.07.08-12.47.19:345][  0]LogInit:  - supports SSL with WinSSL
[2015.07.08-12.47.19:345][  0]LogInit:  - other features:
[2015.07.08-12.47.19:345][  0]LogInit:      CURL_VERSION_SSL
[2015.07.08-12.47.19:345][  0]LogInit:      CURL_VERSION_IPV6
[2015.07.08-12.47.19:345][  0]LogInit:      CURL_VERSION_ASYNCHDNS
[2015.07.08-12.47.19:345][  0]LogInit:      CURL_VERSION_LARGEFILE
[2015.07.08-12.47.19:345][  0]LogInit:      CURL_VERSION_IDN
[2015.07.08-12.47.19:345][  0]LogInit:  CurlRequestOptions (configurable via config and command line):
[2015.07.08-12.47.19:345][  0]LogInit:  - bVerifyPeer = true  - Libcurl will verify peer certificate
[2015.07.08-12.47.19:345][  0]LogInit:  - bUseHttpProxy = false  - Libcurl will NOT use HTTP proxy
[2015.07.08-12.47.19:345][  0]LogInit:  - bDontReuseConnections = false  - Libcurl will reuse connections
[2015.07.08-12.47.19:345][  0]LogInit:  - CertBundlePath = nullptr  - Libcurl will use whatever was configured at build time.
[2015.07.08-12.47.19:357][  0]LogOnline:Warning: No default platform service specified for OnlineSubsystem
[2015.07.08-12.47.19:371][  0]LogInit: Presizing for 0 objects not considered by GC, pre-allocating 0 bytes.
[2015.07.08-12.47.19:377][  0]LogInit: Object subsystem initialized
[2015.07.08-12.47.19:378][  0]LogConsoleResponse:Warning: Skipping Unknown console variable: 'TranslucentSortAxis = (X=0.000000,Y=-1.000000,Z=0.000000)'
[2015.07.08-12.47.19:378][  0]LogConsoleResponse:Warning:   Found in ini file 'C:/Users/N/Documents/GitHub/UnrealNeuroCar/Saved/Config/Windows/Engine.ini', in section '[/Script/Engine.RendererSettings]'
[2015.07.08-12.47.19:378][  0]LogConsoleResponse:Warning: Skipping Unknown console variable: 'UIScaleRule = ShortestSide'
[2015.07.08-12.47.19:378][  0]LogConsoleResponse:Warning:   Found in ini file 'C:/Users/N/Documents/GitHub/UnrealNeuroCar/Saved/Config/Windows/Engine.ini', in section '[/Script/Engine.RendererSettings]'
[2015.07.08-12.47.19:378][  0]LogConsoleResponse:Warning: Skipping Unknown console variable: 'UIScaleCurve = (EditorCurveData=(Keys=),ExternalCurve=None)'
[2015.07.08-12.47.19:378][  0]LogConsoleResponse:Warning:   Found in ini file 'C:/Users/N/Documents/GitHub/UnrealNeuroCar/Saved/Config/Windows/Engine.ini', in section '[/Script/Engine.RendererSettings]'
[2015.07.08-12.47.19:379][  0]LogInit: Selected Device Profile: [Windows]
[2015.07.08-12.47.19:379][  0]LogInit: Applying CVar settings loaded from the selected device profile: [Windows]
[2015.07.08-12.47.19:385][  0]LogInit: Computer: CATQUEEN
[2015.07.08-12.47.19:385][  0]LogInit: User: Kunkku
[2015.07.08-12.47.19:385][  0]LogInit: CPU Page size=4096, Cores=2
[2015.07.08-12.47.19:385][  0]LogInit: High frequency timer resolution =2.435779 MHz
[2015.07.08-12.47.19:385][  0]LogMemory: Memory total: Physical=7.9GB (8GB approx)
[2015.07.08-12.47.19:385][  0]LogMemory: Platform Memory Stats for Windows
[2015.07.08-12.47.19:385][  0]LogMemory: Process Physical Memory: 49.04 MB used, 49.04 MB peak
[2015.07.08-12.47.19:385][  0]LogMemory: Process Virtual Memory: 24.57 MB used, 24.57 MB peak
[2015.07.08-12.47.19:385][  0]LogMemory: Physical Memory: 4445.00 MB used, 8112.27 MB total
[2015.07.08-12.47.19:385][  0]LogMemory: Virtual Memory: 293.89 MB used, 134217728.00 MB total
[2015.07.08-12.47.19:420][  0]LogTextLocalizationManager: The requested culture ('fi_FI') has no localization data; falling back to 'en' for localization and internationalization data.
[2015.07.08-12.47.19:644][  0]LogTextLocalizationManager:Warning: Loaded localization resources contain conflicting entries for (Namespace:ContentBrowser, Key:ImportAssetToolTip):
Localization Resource: (C:/Program Files/Epic Games/4.8/Engine/Content/Localization/Editor/en/Editor.locres) Source String Hash: (-630476809) Localized String: (Import to {0}...)
Localization Resource: (C:/Program Files/Epic Games/4.8/Engine/Content/Localization/Editor/en/Editor.locres) Source String Hash: (1271782899) Localized String: (Imports an asset from file to this folder.)
[2015.07.08-12.47.20:132][  0]LogD3D11RHI: Found D3D11 adapter 0: Intel(R) HD Graphics 4600 (Feature Level 11_0)
[2015.07.08-12.47.20:132][  0]LogD3D11RHI: Adapter has 0MB of dedicated video memory, 0MB of dedicated system memory, and 1792MB of shared system memory, 1 output[s]
[2015.07.08-12.47.20:160][  0]LogD3D11RHI: Found D3D11 adapter 1: NVIDIA GeForce GT 740M (Feature Level 11_0)
[2015.07.08-12.47.20:160][  0]LogD3D11RHI: Adapter has 1994MB of dedicated video memory, 0MB of dedicated system memory, and 2048MB of shared system memory, 0 output[s]
[2015.07.08-12.47.20:162][  0]LogD3D11RHI: Found D3D11 adapter 2: Microsoft Basic Render Driver (Feature Level 11_0)
[2015.07.08-12.47.20:162][  0]LogD3D11RHI: Adapter has 0MB of dedicated video memory, 0MB of dedicated system memory, and 256MB of shared system memory, 0 output[s]
[2015.07.08-12.47.20:162][  0]LogD3D11RHI: Chosen D3D11 Adapter Id = 0
[2015.07.08-12.47.20:172][  0]LogRHI: Texture pool is 1361 MB (70% of 1945 MB)
[2015.07.08-12.47.20:189][  0]LogD3D11RHI: Async texture creation enabled
[2015.07.08-12.47.20:210][  0]LogShaderCompilers:Display: Using Local Shader Compiler.
[2015.07.08-12.47.21:437][  0]LogTemp:Display: Loaded TP DesktopTargetPlatform
[2015.07.08-12.47.21:451][  0]LogTemp:Display: Loaded TP WindowsClientTargetPlatform
[2015.07.08-12.47.21:466][  0]LogTemp:Display: Loaded TP WindowsNoEditorTargetPlatform
[2015.07.08-12.47.21:480][  0]LogTemp:Display: Loaded TP WindowsServerTargetPlatform
[2015.07.08-12.47.21:496][  0]LogTemp:Display: Loaded TP WindowsTargetPlatform
[2015.07.08-12.47.21:508][  0]LogTemp:Display: Loaded TP AndroidTargetPlatform
[2015.07.08-12.47.21:520][  0]LogTemp:Display: Loaded TP Android_ASTCTargetPlatform
[2015.07.08-12.47.21:532][  0]LogTemp:Display: Loaded TP Android_ATCTargetPlatform
[2015.07.08-12.47.21:544][  0]LogTemp:Display: Loaded TP Android_DXTTargetPlatform
[2015.07.08-12.47.21:556][  0]LogTemp:Display: Loaded TP Android_ETC1TargetPlatform
[2015.07.08-12.47.21:568][  0]LogTemp:Display: Loaded TP Android_ETC2TargetPlatform
[2015.07.08-12.47.21:580][  0]LogTemp:Display: Loaded TP Android_PVRTCTargetPlatform
[2015.07.08-12.47.21:628][  0]LogTemp:Display: Loaded TP IOSTargetPlatform
[2015.07.08-12.47.21:640][  0]LogTemp:Display: Loaded TP LinuxNoEditorTargetPlatform
[2015.07.08-12.47.21:652][  0]LogTemp:Display: Loaded TP LinuxServerTargetPlatform
[2015.07.08-12.47.21:665][  0]LogTemp:Display: Loaded TP LinuxTargetPlatform
[2015.07.08-12.47.21:665][  0]LogTargetPlatformManager:Display: Building Assets For Windows
[2015.07.08-12.47.21:862][  0]LogDerivedDataCache:Display: Max Cache Size: 512 MB
[2015.07.08-12.47.21:926][  0]LogDerivedDataCache: Loaded boot cache 0.06s 53MB C:/Users/N/AppData/Local/UnrealEngine/4.8/DerivedDataCache/Boot.ddc.
[2015.07.08-12.47.21:926][  0]LogDerivedDataCache:Display: Loaded Boot cache: C:/Users/N/AppData/Local/UnrealEngine/4.8/DerivedDataCache/Boot.ddc
[2015.07.08-12.47.21:926][  0]LogDerivedDataCache: FDerivedDataBackendGraph:  Pak pak cache file ../../../../../../Users/N/Documents/GitHub/UnrealNeuroCar/DerivedDataCache/DDC.ddp not found, will not use a pak cache.
[2015.07.08-12.47.21:926][  0]LogDerivedDataCache: Unable to find inner node Pak for hierarchical cache Hierarchy.
[2015.07.08-12.47.21:926][  0]LogDerivedDataCache: FDerivedDataBackendGraph:  CompressedPak pak cache file ../../../../../../Users/N/Documents/GitHub/UnrealNeuroCar/DerivedDataCache/Compressed.ddp not found, will not use a pak cache.
[2015.07.08-12.47.21:926][  0]LogDerivedDataCache: Unable to find inner node CompressedPak for hierarchical cache Hierarchy.
[2015.07.08-12.47.22:075][  0]LogDerivedDataCache:Display: Pak cache opened for reading ../../../Engine/DerivedDataCache/Compressed.ddp.
[2015.07.08-12.47.22:087][  0]LogDerivedDataCache: Using Local data cache path C:/Users/N/AppData/Local/UnrealEngine/Common/DerivedDataCache: Writable
[2015.07.08-12.47.22:288][  0]LogInit: Selected Device Profile: [Windows]
[2015.07.08-12.47.22:373][  0]ImportText (ComponentSweepMultiTests): Missing closing parenthesis: (RootShapeAsset="/Engine/BasicShapes/Cube.Cube",ShapeType="TriggerCapsule",HitResult=(Time=0.50,Location=(X=-100.000015,Y=0.0,Z=100.000015),ImpactPoint=(X=-50.0,Y=0.0,Z=50.0),Normal=(X=-1.0,Y=-0.0,Z=0.0),ImpactNormal=(X=0.0,Y=0.0,Z=1.0),TraceStart=(X=-200.0,Y=0.0,Z=200.0),TraceEnd=(X=0.0,Y=0.0,Z=0.0))
[2015.07.08-12.47.22:374][  0]ImportText (LineTraceSingleByChannelTests): Missing closing parenthesis: (RootShapeAsset="/Engine/BasicShapes/Cube.Cube",HitResult=(Time=0.50,Location=(X=-100.000015,Y=0.0,Z=100.000015),ImpactPoint=(X=-50.0,Y=0.0,Z=50.0),Normal=(X=-1.0,Y=-0.0,Z=0.0),ImpactNormal=(X=0.0,Y=0.0,Z=1.0),TraceStart=(X=-200.0,Y=0.0,Z=200.0),TraceEnd=(X=0.0,Y=0.0,Z=0.0))
[2015.07.08-12.47.22:400][  0]LogMeshUtilities: No automatic mesh reduction module available
[2015.07.08-12.47.22:400][  0]LogMeshUtilities: No automatic mesh merging module available
[2015.07.08-12.47.22:760][  0]LogInit: WinSock: version 1.1 (2.2), MaxSocks=32767, MaxUdp=65467
[2015.07.08-12.47.23:685][  0]UdpMessaging: Initializing bridge on interface 0.0.0.0:0 to multicast group 230.0.0.1:6666.
[2015.07.08-12.47.23:998][  0]SourceControl: Info Source control is disabled
[2015.07.08-12.47.24:104][  0]SourceControl: Info Source control is disabled
[2015.07.08-12.47.24:113][  0]SourceControl: Info Source control is disabled
[2015.07.08-12.47.24:122][  0]SourceControl: Info Source control is disabled
[2015.07.08-12.47.24:326][  0]LogObj: 26273 objects as part of root set at end of initial load.
[2015.07.08-12.47.24:326][  0]LogUObjectAllocator: 5409248 out of 0 bytes used by permanent object pool.
[2015.07.08-12.47.24:396][  0]LogEngine: Initializing Engine...
[2015.07.08-12.47.24:398][  0]LogHMD: Can't find Oculus library dev build: is proper Runtime installed? Version: 0.6.0.0
[2015.07.08-12.47.24:399][  0]LogHMD:Warning: SteamVR failed to initialize.  Error: 110
[2015.07.08-12.47.24:546][  0]LogAIModule: Creating AISystem for world NewWorld
[2015.07.08-12.47.24:549][  0]LogInit: XAudio2 using 'Speakers (Realtek High Definition Audio)' : 2 channels at 48 kHz using 32 bits per sample (channel mask 0x3)
[2015.07.08-12.47.24:569][  0]LogInit: FAudioDevice initialized.
[2015.07.08-12.47.24:599][  0]LogDerivedDataCache: Saved boot cache 0.03s 53MB C:/Users/N/AppData/Local/UnrealEngine/4.8/DerivedDataCache/Boot.ddc.
[2015.07.08-12.47.24:605][  0]LogInit: Texture streaming: Disabled
[2015.07.08-12.47.24:628][  0]LogAnalytics: Creating configured Analytics provider AnalyticsET
[2015.07.08-12.47.24:628][  0]LogAnalytics: [UEEditor.Rocket.Release] APIServer = http://et2.epicgames.com/ET2/. AppVersion = 4.8.1-2591939+++depot+UE4-Releases+4.8
[2015.07.08-12.47.24:628][  0]LogAnalytics: [UEEditor.Rocket.Release] SetUserId f7a881bb45b3b8b4de3a738428d93779|95bf3da099894b978f8fd396e7ebf43c|13d7fc3b-9b02-412c-b137-1d7c802280ff
[2015.07.08-12.47.24:628][  0]LogAnalytics: [UEEditor.Rocket.Release] AnalyticsET::StartSession
[2015.07.08-12.47.24:695][  0]LogInit: Transaction tracking system initialized
[2015.07.08-12.47.24:846][  0]BlueprintLog: New page: Editor Load
[2015.07.08-12.47.24:884][  0]LogAssetRegistry: FAssetRegistry took 0.0111 seconds to start up
[2015.07.08-12.47.24:884][  0]LogDirectoryWatcher:Warning: Failed to begin reading directory changes for ../../../Engine/Plugins/Experimental/CharacterAI/Content/. Error: 0
[2015.07.08-12.47.25:630][  0]LogConsoleManager:Warning: Console variable 'r.VSync' wasn't set ('GameSetting' has a lower priority than 'SystemSettingsIni')
[2015.07.08-12.47.25:631][  0]LogConsoleResponse:Display: 
[2015.07.08-12.47.25:761][  0]LogCook:Display: Done creating registry. It took  0.00s.
[2015.07.08-12.47.26:004][  0]SourceControl: Info Source control is disabled
[2015.07.08-12.47.26:004][  0]Cmd: MAP LOAD FILE="../../../../../../Users/N/Documents/GitHub/UnrealNeuroCar/Content/VehicleAdvBP/Maps/AdvancedVehicleExamplemap.umap" TEMPLATE=0 SHOWPROGRESS=1 FEATURELEVEL=3
[2015.07.08-12.47.26:004][  0]LightingResults: New page: Lighting Build
[2015.07.08-12.47.26:017][  0]MapCheck: New page: Map Check
[2015.07.08-12.47.26:017][  0]LightingResults: New page: Lighting Build
[2015.07.08-12.47.26:035][  0]LogParticles: Destroying 0 GPU particle simulations for FXSystem 0x000000BACECACB80
[2015.07.08-12.47.26:404][  0]LogBlueprint:Warning: [compiler VehicleBlueprint] Warning  Set Text (String)  is deprecated; Use the SetText function taking an FText instead.
[2015.07.08-12.47.26:404][  0]LogBlueprint:Warning: [compiler VehicleBlueprint] Warning  Set Text (String)  is deprecated; Use the SetText function taking an FText instead.
[2015.07.08-12.47.26:411][  0]LogBlueprint:Warning: [compiler VehicleBlueprint] Warning [0008.51] Compile of VehicleBlueprint successful, but with 2 Warning(s) [in 37 ms]
[2015.07.08-12.47.26:412][  0]LogBlueprint:Warning: [compiler VehicleBlueprint] Warning [0008.51] Compile of VehicleBlueprint successful, but with 3 Warning(s) [in 0 ms]
[2015.07.08-12.47.26:412][  0]LogBlueprint:Warning: [compiler VehicleBlueprint] Warning [0008.51] Compile of VehicleBlueprint successful, but with 4 Warning(s) [in 0 ms]
[2015.07.08-12.47.26:497][  0]LogBlueprint:Warning: [compiler VehicleBlueprint] Warning  Set Text (String)  is deprecated; Use the SetText function taking an FText instead.
[2015.07.08-12.47.26:497][  0]LogBlueprint:Warning: [compiler VehicleBlueprint] Warning  Set Text (String)  is deprecated; Use the SetText function taking an FText instead.
[2015.07.08-12.47.26:508][  0]LogBlueprint:Warning: [compiler VehicleBlueprint] Warning [0008.60] Compile of VehicleBlueprint successful, but with 2 Warning(s) [in 45 ms]
[2015.07.08-12.47.26:508][  0]LogBlueprint:Warning: [compiler VehicleBlueprint] Warning [0008.60] Compile of VehicleBlueprint successful, but with 3 Warning(s) [in 0 ms]
[2015.07.08-12.47.28:731][  0]LogAIModule: Creating AISystem for world AdvancedVehicleExamplemap
[2015.07.08-12.47.28:751][  0]LogPhysics:Warning: PHYSX: ..\..\PhysXExtensions\src\ExtRigidBodyExt.cpp (217) 4 : computeMassAndInertia: Dynamic actor with illegal collision shapes
[2015.07.08-12.47.28:751][  0]LogPhysics:Warning: PHYSX: ..\..\PhysXExtensions\src\ExtRigidBodyExt.cpp (266) 4 : PxRigidBodyExt::updateMassAndInertia: Mass and inertia computation failed, setting mass to 1 and inertia to (1,1,1)
[2015.07.08-12.47.28:751][  0]LogPhysics:Warning: PHYSX: ..\..\PhysXExtensions\src\ExtRigidBodyExt.cpp (217) 4 : computeMassAndInertia: Dynamic actor with illegal collision shapes
[2015.07.08-12.47.28:751][  0]LogPhysics:Warning: PHYSX: ..\..\PhysXExtensions\src\ExtRigidBodyExt.cpp (266) 4 : PxRigidBodyExt::updateMassAndInertia: Mass and inertia computation failed, setting mass to 1 and inertia to (1,1,1)
[2015.07.08-12.47.28:751][  0]LogPhysics:Warning: PHYSX: ..\..\PhysXExtensions\src\ExtRigidBodyExt.cpp (217) 4 : computeMassAndInertia: Dynamic actor with illegal collision shapes
[2015.07.08-12.47.28:752][  0]LogPhysics:Warning: PHYSX: ..\..\PhysXExtensions\src\ExtRigidBodyExt.cpp (266) 4 : PxRigidBodyExt::updateMassAndInertia: Mass and inertia computation failed, setting mass to 1 and inertia to (1,1,1)
[2015.07.08-12.47.28:752][  0]LogPhysics:Warning: PHYSX: ..\..\PhysXExtensions\src\ExtRigidBodyExt.cpp (217) 4 : computeMassAndInertia: Dynamic actor with illegal collision shapes
[2015.07.08-12.47.28:752][  0]LogPhysics:Warning: PHYSX: ..\..\PhysXExtensions\src\ExtRigidBodyExt.cpp (266) 4 : PxRigidBodyExt::updateMassAndInertia: Mass and inertia computation failed, setting mass to 1 and inertia to (1,1,1)
[2015.07.08-12.47.28:752][  0]LogPhysics:Warning: PHYSX: ..\..\PhysXExtensions\src\ExtRigidBodyExt.cpp (217) 4 : computeMassAndInertia: Dynamic actor with illegal collision shapes
[2015.07.08-12.47.28:752][  0]LogPhysics:Warning: PHYSX: ..\..\PhysXExtensions\src\ExtRigidBodyExt.cpp (266) 4 : PxRigidBodyExt::updateMassAndInertia: Mass and inertia computation failed, setting mass to 1 and inertia to (1,1,1)
[2015.07.08-12.47.28:752][  0]LogPhysics:Warning: PHYSX: ..\..\PhysXExtensions\src\ExtRigidBodyExt.cpp (217) 4 : computeMassAndInertia: Dynamic actor with illegal collision shapes
[2015.07.08-12.47.28:752][  0]LogPhysics:Warning: PHYSX: ..\..\PhysXExtensions\src\ExtRigidBodyExt.cpp (266) 4 : PxRigidBodyExt::updateMassAndInertia: Mass and inertia computation failed, setting mass to 1 and inertia to (1,1,1)
[2015.07.08-12.47.28:752][  0]LogPhysics:Warning: PHYSX: ..\..\PhysXExtensions\src\ExtRigidBodyExt.cpp (217) 4 : computeMassAndInertia: Dynamic actor with illegal collision shapes
[2015.07.08-12.47.28:752][  0]LogPhysics:Warning: PHYSX: ..\..\PhysXExtensions\src\ExtRigidBodyExt.cpp (266) 4 : PxRigidBodyExt::updateMassAndInertia: Mass and inertia computation failed, setting mass to 1 and inertia to (1,1,1)
[2015.07.08-12.47.28:752][  0]LogPhysics:Warning: PHYSX: ..\..\PhysXExtensions\src\ExtRigidBodyExt.cpp (217) 4 : computeMassAndInertia: Dynamic actor with illegal collision shapes
[2015.07.08-12.47.28:752][  0]LogPhysics:Warning: PHYSX: ..\..\PhysXExtensions\src\ExtRigidBodyExt.cpp (266) 4 : PxRigidBodyExt::updateMassAndInertia: Mass and inertia computation failed, setting mass to 1 and inertia to (1,1,1)
[2015.07.08-12.47.28:752][  0]LogPhysics:Warning: PHYSX: ..\..\PhysXExtensions\src\ExtRigidBodyExt.cpp (217) 4 : computeMassAndInertia: Dynamic actor with illegal collision shapes
[2015.07.08-12.47.28:752][  0]LogPhysics:Warning: PHYSX: ..\..\PhysXExtensions\src\ExtRigidBodyExt.cpp (266) 4 : PxRigidBodyExt::updateMassAndInertia: Mass and inertia computation failed, setting mass to 1 and inertia to (1,1,1)
[2015.07.08-12.47.28:753][  0]LogPhysics:Warning: PHYSX: ..\..\PhysXExtensions\src\ExtRigidBodyExt.cpp (217) 4 : computeMassAndInertia: Dynamic actor with illegal collision shapes
[2015.07.08-12.47.28:753][  0]LogPhysics:Warning: PHYSX: ..\..\PhysXExtensions\src\ExtRigidBodyExt.cpp (266) 4 : PxRigidBodyExt::updateMassAndInertia: Mass and inertia computation failed, setting mass to 1 and inertia to (1,1,1)
[2015.07.08-12.47.28:753][  0]LogPhysics:Warning: PHYSX: ..\..\PhysXExtensions\src\ExtRigidBodyExt.cpp (217) 4 : computeMassAndInertia: Dynamic actor with illegal collision shapes
[2015.07.08-12.47.28:753][  0]LogPhysics:Warning: PHYSX: ..\..\PhysXExtensions\src\ExtRigidBodyExt.cpp (266) 4 : PxRigidBodyExt::updateMassAndInertia: Mass and inertia computation failed, setting mass to 1 and inertia to (1,1,1)
[2015.07.08-12.47.28:753][  0]LogPhysics:Warning: PHYSX: ..\..\PhysXExtensions\src\ExtRigidBodyExt.cpp (217) 4 : computeMassAndInertia: Dynamic actor with illegal collision shapes
[2015.07.08-12.47.28:753][  0]LogPhysics:Warning: PHYSX: ..\..\PhysXExtensions\src\ExtRigidBodyExt.cpp (266) 4 : PxRigidBodyExt::updateMassAndInertia: Mass and inertia computation failed, setting mass to 1 and inertia to (1,1,1)
[2015.07.08-12.47.28:753][  0]LogPhysics:Warning: PHYSX: ..\..\PhysXExtensions\src\ExtRigidBodyExt.cpp (217) 4 : computeMassAndInertia: Dynamic actor with illegal collision shapes
[2015.07.08-12.47.28:753][  0]LogPhysics:Warning: PHYSX: ..\..\PhysXExtensions\src\ExtRigidBodyExt.cpp (266) 4 : PxRigidBodyExt::updateMassAndInertia: Mass and inertia computation failed, setting mass to 1 and inertia to (1,1,1)
[2015.07.08-12.47.28:753][  0]LogPhysics:Warning: PHYSX: ..\..\PhysXExtensions\src\ExtRigidBodyExt.cpp (217) 4 : computeMassAndInertia: Dynamic actor with illegal collision shapes
[2015.07.08-12.47.28:753][  0]LogPhysics:Warning: PHYSX: ..\..\PhysXExtensions\src\ExtRigidBodyExt.cpp (266) 4 : PxRigidBodyExt::updateMassAndInertia: Mass and inertia computation failed, setting mass to 1 and inertia to (1,1,1)
[2015.07.08-12.47.28:754][  0]LogPhysics:Warning: PHYSX: ..\..\PhysXExtensions\src\ExtRigidBodyExt.cpp (217) 4 : computeMassAndInertia: Dynamic actor with illegal collision shapes
[2015.07.08-12.47.28:754][  0]LogPhysics:Warning: PHYSX: ..\..\PhysXExtensions\src\ExtRigidBodyExt.cpp (266) 4 : PxRigidBodyExt::updateMassAndInertia: Mass and inertia computation failed, setting mass to 1 and inertia to (1,1,1)
[2015.07.08-12.47.28:754][  0]LogPhysics:Warning: PHYSX: ..\..\PhysXExtensions\src\ExtRigidBodyExt.cpp (217) 4 : computeMassAndInertia: Dynamic actor with illegal collision shapes
[2015.07.08-12.47.28:754][  0]LogPhysics:Warning: PHYSX: ..\..\PhysXExtensions\src\ExtRigidBodyExt.cpp (266) 4 : PxRigidBodyExt::updateMassAndInertia: Mass and inertia computation failed, setting mass to 1 and inertia to (1,1,1)
[2015.07.08-12.47.28:754][  0]LogPhysics:Warning: PHYSX: ..\..\PhysXExtensions\src\ExtRigidBodyExt.cpp (217) 4 : computeMassAndInertia: Dynamic actor with illegal collision shapes
[2015.07.08-12.47.28:754][  0]LogPhysics:Warning: PHYSX: ..\..\PhysXExtensions\src\ExtRigidBodyExt.cpp (266) 4 : PxRigidBodyExt::updateMassAndInertia: Mass and inertia computation failed, setting mass to 1 and inertia to (1,1,1)
[2015.07.08-12.47.28:754][  0]LogPhysics:Warning: PHYSX: ..\..\PhysXExtensions\src\ExtRigidBodyExt.cpp (217) 4 : computeMassAndInertia: Dynamic actor with illegal collision shapes
[2015.07.08-12.47.28:754][  0]LogPhysics:Warning: PHYSX: ..\..\PhysXExtensions\src\ExtRigidBodyExt.cpp (266) 4 : PxRigidBodyExt::updateMassAndInertia: Mass and inertia computation failed, setting mass to 1 and inertia to (1,1,1)
[2015.07.08-12.47.28:754][  0]LogPhysics:Warning: PHYSX: ..\..\PhysXExtensions\src\ExtRigidBodyExt.cpp (217) 4 : computeMassAndInertia: Dynamic actor with illegal collision shapes
[2015.07.08-12.47.28:754][  0]LogPhysics:Warning: PHYSX: ..\..\PhysXExtensions\src\ExtRigidBodyExt.cpp (266) 4 : PxRigidBodyExt::updateMassAndInertia: Mass and inertia computation failed, setting mass to 1 and inertia to (1,1,1)
[2015.07.08-12.47.28:754][  0]LogPhysics:Warning: PHYSX: ..\..\PhysXExtensions\src\ExtRigidBodyExt.cpp (217) 4 : computeMassAndInertia: Dynamic actor with illegal collision shapes
[2015.07.08-12.47.28:754][  0]LogPhysics:Warning: PHYSX: ..\..\PhysXExtensions\src\ExtRigidBodyExt.cpp (266) 4 : PxRigidBodyExt::updateMassAndInertia: Mass and inertia computation failed, setting mass to 1 and inertia to (1,1,1)
[2015.07.08-12.47.28:802][  0]LogPhysics:Warning: PHYSX: ..\..\PhysXExtensions\src\ExtRigidBodyExt.cpp (217) 4 : computeMassAndInertia: Dynamic actor with illegal collision shapes
[2015.07.08-12.47.28:802][  0]LogPhysics:Warning: PHYSX: ..\..\PhysXExtensions\src\ExtRigidBodyExt.cpp (266) 4 : PxRigidBodyExt::updateMassAndInertia: Mass and inertia computation failed, setting mass to 1 and inertia to (1,1,1)
[2015.07.08-12.47.28:803][  0]LogPhysics:Warning: PHYSX: ..\..\PhysXExtensions\src\ExtRigidBodyExt.cpp (217) 4 : computeMassAndInertia: Dynamic actor with illegal collision shapes
[2015.07.08-12.47.28:803][  0]LogPhysics:Warning: PHYSX: ..\..\PhysXExtensions\src\ExtRigidBodyExt.cpp (266) 4 : PxRigidBodyExt::updateMassAndInertia: Mass and inertia computation failed, setting mass to 1 and inertia to (1,1,1)
[2015.07.08-12.47.28:803][  0]LogPhysics:Warning: PHYSX: ..\..\PhysXExtensions\src\ExtRigidBodyExt.cpp (217) 4 : computeMassAndInertia: Dynamic actor with illegal collision shapes
[2015.07.08-12.47.28:803][  0]LogPhysics:Warning: PHYSX: ..\..\PhysXExtensions\src\ExtRigidBodyExt.cpp (266) 4 : PxRigidBodyExt::updateMassAndInertia: Mass and inertia computation failed, setting mass to 1 and inertia to (1,1,1)
[2015.07.08-12.47.28:804][  0]LogPhysics:Warning: PHYSX: ..\..\PhysXExtensions\src\ExtRigidBodyExt.cpp (217) 4 : computeMassAndInertia: Dynamic actor with illegal collision shapes
[2015.07.08-12.47.28:804][  0]LogPhysics:Warning: PHYSX: ..\..\PhysXExtensions\src\ExtRigidBodyExt.cpp (266) 4 : PxRigidBodyExt::updateMassAndInertia: Mass and inertia computation failed, setting mass to 1 and inertia to (1,1,1)
[2015.07.08-12.47.28:804][  0]LogPhysics:Warning: PHYSX: ..\..\PhysXExtensions\src\ExtRigidBodyExt.cpp (217) 4 : computeMassAndInertia: Dynamic actor with illegal collision shapes
[2015.07.08-12.47.28:804][  0]LogPhysics:Warning: PHYSX: ..\..\PhysXExtensions\src\ExtRigidBodyExt.cpp (266) 4 : PxRigidBodyExt::updateMassAndInertia: Mass and inertia computation failed, setting mass to 1 and inertia to (1,1,1)
[2015.07.08-12.47.28:805][  0]LogPhysics:Warning: PHYSX: ..\..\PhysXExtensions\src\ExtRigidBodyExt.cpp (217) 4 : computeMassAndInertia: Dynamic actor with illegal collision shapes
[2015.07.08-12.47.28:805][  0]LogPhysics:Warning: PHYSX: ..\..\PhysXExtensions\src\ExtRigidBodyExt.cpp (266) 4 : PxRigidBodyExt::updateMassAndInertia: Mass and inertia computation failed, setting mass to 1 and inertia to (1,1,1)
[2015.07.08-12.47.28:806][  0]LogPhysics:Warning: PHYSX: ..\..\PhysXExtensions\src\ExtRigidBodyExt.cpp (217) 4 : computeMassAndInertia: Dynamic actor with illegal collision shapes
[2015.07.08-12.47.28:806][  0]LogPhysics:Warning: PHYSX: ..\..\PhysXExtensions\src\ExtRigidBodyExt.cpp (266) 4 : PxRigidBodyExt::updateMassAndInertia: Mass and inertia computation failed, setting mass to 1 and inertia to (1,1,1)
[2015.07.08-12.47.28:806][  0]LogPhysics:Warning: PHYSX: ..\..\PhysXExtensions\src\ExtRigidBodyExt.cpp (217) 4 : computeMassAndInertia: Dynamic actor with illegal collision shapes
[2015.07.08-12.47.28:806][  0]LogPhysics:Warning: PHYSX: ..\..\PhysXExtensions\src\ExtRigidBodyExt.cpp (266) 4 : PxRigidBodyExt::updateMassAndInertia: Mass and inertia computation failed, setting mass to 1 and inertia to (1,1,1)
[2015.07.08-12.47.28:807][  0]LogPhysics:Warning: PHYSX: ..\..\PhysXExtensions\src\ExtRigidBodyExt.cpp (217) 4 : computeMassAndInertia: Dynamic actor with illegal collision shapes
[2015.07.08-12.47.28:807][  0]LogPhysics:Warning: PHYSX: ..\..\PhysXExtensions\src\ExtRigidBodyExt.cpp (266) 4 : PxRigidBodyExt::updateMassAndInertia: Mass and inertia computation failed, setting mass to 1 and inertia to (1,1,1)
[2015.07.08-12.47.28:807][  0]LogPhysics:Warning: PHYSX: ..\..\PhysXExtensions\src\ExtRigidBodyExt.cpp (217) 4 : computeMassAndInertia: Dynamic actor with illegal collision shapes
[2015.07.08-12.47.28:807][  0]LogPhysics:Warning: PHYSX: ..\..\PhysXExtensions\src\ExtRigidBodyExt.cpp (266) 4 : PxRigidBodyExt::updateMassAndInertia: Mass and inertia computation failed, setting mass to 1 and inertia to (1,1,1)
[2015.07.08-12.47.28:808][  0]LogPhysics:Warning: PHYSX: ..\..\PhysXExtensions\src\ExtRigidBodyExt.cpp (217) 4 : computeMassAndInertia: Dynamic actor with illegal collision shapes
[2015.07.08-12.47.28:808][  0]LogPhysics:Warning: PHYSX: ..\..\PhysXExtensions\src\ExtRigidBodyExt.cpp (266) 4 : PxRigidBodyExt::updateMassAndInertia: Mass and inertia computation failed, setting mass to 1 and inertia to (1,1,1)
[2015.07.08-12.47.28:809][  0]LogPhysics:Warning: PHYSX: ..\..\PhysXExtensions\src\ExtRigidBodyExt.cpp (217) 4 : computeMassAndInertia: Dynamic actor with illegal collision shapes
[2015.07.08-12.47.28:809][  0]LogPhysics:Warning: PHYSX: ..\..\PhysXExtensions\src\ExtRigidBodyExt.cpp (266) 4 : PxRigidBodyExt::updateMassAndInertia: Mass and inertia computation failed, setting mass to 1 and inertia to (1,1,1)
[2015.07.08-12.47.28:809][  0]LogPhysics:Warning: PHYSX: ..\..\PhysXExtensions\src\ExtRigidBodyExt.cpp (217) 4 : computeMassAndInertia: Dynamic actor with illegal collision shapes
[2015.07.08-12.47.28:809][  0]LogPhysics:Warning: PHYSX: ..\..\PhysXExtensions\src\ExtRigidBodyExt.cpp (266) 4 : PxRigidBodyExt::updateMassAndInertia: Mass and inertia computation failed, setting mass to 1 and inertia to (1,1,1)
[2015.07.08-12.47.28:810][  0]LogPhysics:Warning: PHYSX: ..\..\PhysXExtensions\src\ExtRigidBodyExt.cpp (217) 4 : computeMassAndInertia: Dynamic actor with illegal collision shapes
[2015.07.08-12.47.28:810][  0]LogPhysics:Warning: PHYSX: ..\..\PhysXExtensions\src\ExtRigidBodyExt.cpp (266) 4 : PxRigidBodyExt::updateMassAndInertia: Mass and inertia computation failed, setting mass to 1 and inertia to (1,1,1)
[2015.07.08-12.47.28:810][  0]LogPhysics:Warning: PHYSX: ..\..\PhysXExtensions\src\ExtRigidBodyExt.cpp (217) 4 : computeMassAndInertia: Dynamic actor with illegal collision shapes
[2015.07.08-12.47.28:810][  0]LogPhysics:Warning: PHYSX: ..\..\PhysXExtensions\src\ExtRigidBodyExt.cpp (266) 4 : PxRigidBodyExt::updateMassAndInertia: Mass and inertia computation failed, setting mass to 1 and inertia to (1,1,1)
[2015.07.08-12.47.28:811][  0]LogPhysics:Warning: PHYSX: ..\..\PhysXExtensions\src\ExtRigidBodyExt.cpp (217) 4 : computeMassAndInertia: Dynamic actor with illegal collision shapes
[2015.07.08-12.47.28:811][  0]LogPhysics:Warning: PHYSX: ..\..\PhysXExtensions\src\ExtRigidBodyExt.cpp (266) 4 : PxRigidBodyExt::updateMassAndInertia: Mass and inertia computation failed, setting mass to 1 and inertia to (1,1,1)
[2015.07.08-12.47.28:812][  0]LogPhysics:Warning: PHYSX: ..\..\PhysXExtensions\src\ExtRigidBodyExt.cpp (217) 4 : computeMassAndInertia: Dynamic actor with illegal collision shapes
[2015.07.08-12.47.28:812][  0]LogPhysics:Warning: PHYSX: ..\..\PhysXExtensions\src\ExtRigidBodyExt.cpp (266) 4 : PxRigidBodyExt::updateMassAndInertia: Mass and inertia computation failed, setting mass to 1 and inertia to (1,1,1)
[2015.07.08-12.47.28:812][  0]LogPhysics:Warning: PHYSX: ..\..\PhysXExtensions\src\ExtRigidBodyExt.cpp (217) 4 : computeMassAndInertia: Dynamic actor with illegal collision shapes
[2015.07.08-12.47.28:812][  0]LogPhysics:Warning: PHYSX: ..\..\PhysXExtensions\src\ExtRigidBodyExt.cpp (266) 4 : PxRigidBodyExt::updateMassAndInertia: Mass and inertia computation failed, setting mass to 1 and inertia to (1,1,1)
[2015.07.08-12.47.28:813][  0]LogPhysics:Warning: PHYSX: ..\..\PhysXExtensions\src\ExtRigidBodyExt.cpp (217) 4 : computeMassAndInertia: Dynamic actor with illegal collision shapes
[2015.07.08-12.47.28:813][  0]LogPhysics:Warning: PHYSX: ..\..\PhysXExtensions\src\ExtRigidBodyExt.cpp (266) 4 : PxRigidBodyExt::updateMassAndInertia: Mass and inertia computation failed, setting mass to 1 and inertia to (1,1,1)
[2015.07.08-12.47.28:813][  0]LogPhysics:Warning: PHYSX: ..\..\PhysXExtensions\src\ExtRigidBodyExt.cpp (217) 4 : computeMassAndInertia: Dynamic actor with illegal collision shapes
[2015.07.08-12.47.28:813][  0]LogPhysics:Warning: PHYSX: ..\..\PhysXExtensions\src\ExtRigidBodyExt.cpp (266) 4 : PxRigidBodyExt::updateMassAndInertia: Mass and inertia computation failed, setting mass to 1 and inertia to (1,1,1)
[2015.07.08-12.47.28:816][  0]LogEditorServer: Finished looking for orphan Actors (0.000 secs)
[2015.07.08-12.47.30:032][  0]Cmd: MAP CHECKDEP NOCLEARLOG
[2015.07.08-12.47.30:082][  0]MapCheck: Info Map check complete: 0 Error(s), 0 Warning(s), took 49.275ms to complete.
[2015.07.08-12.47.30:082][  0]LogFileHelpers: Loading map 'AdvancedVehicleExamplemap' took 4.078
[2015.07.08-12.47.30:237][  0]LogCollectionManager: Loaded 0 collections in 0.001938 seconds
[2015.07.08-12.47.30:243][  0]LogContentBrowser: Native class hierarchy populated in 0.0066 seconds. Added 1792 classes and 301 folders.
[2015.07.08-12.47.30:281][  0]LogContentBrowser: Native class hierarchy updated for 'WidgetCarousel' in 0.0003 seconds. Added 0 classes and 0 folders.
[2015.07.08-12.47.30:308][  0]LogContentBrowser: Native class hierarchy updated for 'AddContentDialog' in 0.0003 seconds. Added 0 classes and 0 folders.
[2015.07.08-12.47.30:322][  0]LogContentBrowser: Native class hierarchy updated for 'SceneOutliner' in 0.0003 seconds. Added 1 classes and 2 folders.
[2015.07.08-12.47.30:355][  0]LogCrashTracker: Crashtracker disabled due to settings.
[2015.07.08-12.47.30:361][  0]LogUObjectGlobals:Warning: Failed to find object 'Class None.'
[2015.07.08-12.47.30:387][  0]LogLoad: Full Startup: 12.48 seconds (BP compile: 0.59 seconds)
[2015.07.08-12.47.30:471][  0]LogContentStreaming: Texture pool size is 0.000000MB
[2015.07.08-12.47.30:660][  0]LogContentStreaming: Texture pool size now 400 MB
[2015.07.08-12.47.30:789][  0]LogRenderer: Reallocating scene render targets to support 1160x464 (Frame:2).
[2015.07.08-12.47.30:885][  1]Cmd: UpdateLandscapeEditorData -warnings
[2015.07.08-12.47.30:886][  1]Cmd: UpdateLandscapeEditorData
[2015.07.08-12.47.31:336][  8]LogAssetRegistry: Asset discovery search completed in 6.4635 seconds
[2015.07.08-12.47.51:756][868]LogLinker:Warning: Asset '../../../Engine/Content/Functions/Engine_MaterialFunctions02/Utility/CustomReflectionVector.uasset' has been saved with empty engine version. The asset will be loaded but may be incompatible.
[2015.07.08-12.47.51:769][868]LogMaterial: Missing cached shader map for material CarPaint, compiling. 
[2015.07.08-12.47.51:771][868]LogMaterial:Warning: Failed to compile Material /Game/VehicleAdvBP/Vehicle/VehicleMaterials2/CarPaint.CarPaint for platform PCD3D_SM5, Default Material will be used in game.
[2015.07.08-12.47.51:771][868]LogMaterial:Warning: 	(Node TextureSample) TextureSample> Missing input texture
[2015.07.08-12.47.51:771][868]LogMaterial:Warning: 	(Node MakeMaterialAttributes) Error on property Normal
[2015.07.08-12.47.51:771][868]LogMaterial:Warning: 	Function MatLayerBlend_Standard: (Node MakeMaterialAttributes) Error on property Normal
[2015.07.08-12.47.51:771][868]LogMaterial:Warning: 	Function MatLayerBlend_Standard: (Node TextureSample) TextureSample> Missing input texture
[2015.07.08-12.47.51:771][868]LogMaterial:Warning: 	Function MatLayerBlend_Standard: (Node MakeMaterialAttributes) Error on property EmissiveColor
[2015.07.08-12.47.51:771][868]LogMaterial:Warning: 	(Node MakeMaterialAttributes) Error on property BaseColor
[2015.07.08-12.47.51:771][868]LogMaterial:Warning: 	Function MatLayerBlend_Standard: (Node MakeMaterialAttributes) Error on property BaseColor
[2015.07.08-12.47.51:771][868]LogMaterial:Warning: 	Function MatLayerBlend_Standard: (Node MakeMaterialAttributes) Error on property Metallic
[2015.07.08-12.47.51:771][868]LogMaterial:Warning: 	Function MatLayerBlend_Standard: (Node MakeMaterialAttributes) Error on property Specular
[2015.07.08-12.47.51:771][868]LogMaterial:Warning: 	Function MatLayerBlend_Standard: (Node MakeMaterialAttributes) Error on property Roughness
[2015.07.08-12.47.51:771][868]LogMaterial:Warning: 	Function MatLayerBlend_Standard: (Node MakeMaterialAttributes) Error on property AmbientOcclusion
[2015.07.08-12.47.51:809][868]LogMaterial: Missing cached shader map for material CarPaint, compiling. 
[2015.07.08-12.47.51:812][868]LogMaterial:Warning: Failed to compile Material /Engine/Transient.CarPaint for platform PCD3D_SM5, Default Material will be used in game.
[2015.07.08-12.47.51:812][868]LogMaterial:Warning: 	(Node TextureSample) TextureSample> Missing input texture
[2015.07.08-12.47.51:812][868]LogMaterial:Warning: 	(Node MakeMaterialAttributes) Error on property Normal
[2015.07.08-12.47.51:812][868]LogMaterial:Warning: 	Function MatLayerBlend_Standard: (Node MakeMaterialAttributes) Error on property Normal
[2015.07.08-12.47.51:812][868]LogMaterial:Warning: 	Function MatLayerBlend_Standard: (Node TextureSample) TextureSample> Missing input texture
[2015.07.08-12.47.51:812][868]LogMaterial:Warning: 	Function MatLayerBlend_Standard: (Node MakeMaterialAttributes) Error on property EmissiveColor
[2015.07.08-12.47.51:812][868]LogMaterial:Warning: 	(Node MakeMaterialAttributes) Error on property BaseColor
[2015.07.08-12.47.51:812][868]LogMaterial:Warning: 	Function MatLayerBlend_Standard: (Node MakeMaterialAttributes) Error on property BaseColor
[2015.07.08-12.47.51:812][868]LogMaterial:Warning: 	Function MatLayerBlend_Standard: (Node MakeMaterialAttributes) Error on property Metallic
[2015.07.08-12.47.51:812][868]LogMaterial:Warning: 	Function MatLayerBlend_Standard: (Node MakeMaterialAttributes) Error on property Specular
[2015.07.08-12.47.51:812][868]LogMaterial:Warning: 	Function MatLayerBlend_Standard: (Node MakeMaterialAttributes) Error on property Roughness
[2015.07.08-12.47.51:812][868]LogMaterial:Warning: 	Function MatLayerBlend_Standard: (Node MakeMaterialAttributes) Error on property AmbientOcclusion
[2015.07.08-12.47.51:917][868]LogMaterial: Missing cached shader map for material CarPaint, compiling. 
[2015.07.08-12.47.51:919][868]LogMaterial:Warning: Failed to compile Material /Engine/Transient.CarPaint for platform PCD3D_SM5, Default Material will be used in game.
[2015.07.08-12.47.51:919][868]LogMaterial:Warning: 	(Node TextureSample) TextureSample> Missing input texture
[2015.07.08-12.47.51:919][868]LogMaterial:Warning: 	(Node MakeMaterialAttributes) Error on property Normal
[2015.07.08-12.47.51:919][868]LogMaterial:Warning: 	Function MatLayerBlend_Standard: (Node MakeMaterialAttributes) Error on property Normal
[2015.07.08-12.47.51:919][868]LogMaterial:Warning: 	Function MatLayerBlend_Standard: (Node TextureSample) TextureSample> Missing input texture
[2015.07.08-12.47.51:919][868]LogMaterial:Warning: 	Function MatLayerBlend_Standard: (Node MakeMaterialAttributes) Error on property EmissiveColor
[2015.07.08-12.47.51:919][868]LogMaterial:Warning: 	(Node MakeMaterialAttributes) Error on property BaseColor
[2015.07.08-12.47.51:919][868]LogMaterial:Warning: 	Function MatLayerBlend_Standard: (Node MakeMaterialAttributes) Error on property BaseColor
[2015.07.08-12.47.51:919][868]LogMaterial:Warning: 	Function MatLayerBlend_Standard: (Node MakeMaterialAttributes) Error on property Metallic
[2015.07.08-12.47.51:919][868]LogMaterial:Warning: 	Function MatLayerBlend_Standard: (Node MakeMaterialAttributes) Error on property Specular
[2015.07.08-12.47.51:919][868]LogMaterial:Warning: 	Function MatLayerBlend_Standard: (Node MakeMaterialAttributes) Error on property Roughness
[2015.07.08-12.47.51:919][868]LogMaterial:Warning: 	Function MatLayerBlend_Standard: (Node MakeMaterialAttributes) Error on property AmbientOcclusion
[2015.07.08-12.47.51:919][868]LogMaterial: 0.000033 seconds spent updating 1 materials, 1 interfaces, 0 instances, 0 with static permutations.
[2015.07.08-12.47.51:966][868]LogMaterial: Missing cached shader map for material FMatExpressionPreview MaterialExpressionVectorParameter_0, compiling. 
[2015.07.08-12.47.51:973][868]LogMaterial: Missing cached shader map for material FMatExpressionPreview MaterialExpressionVectorParameter_1, compiling. 
[2015.07.08-12.47.51:977][868]LogMaterial: Missing cached shader map for material FMatExpressionPreview MaterialExpressionVectorParameter_7, compiling. 
[2015.07.08-12.47.51:982][868]LogMaterial: Missing cached shader map for material FMatExpressionPreview MaterialExpressionVectorParameter_5, compiling. 
[2015.07.08-12.47.51:985][868]LogMaterial: Missing cached shader map for material FMatExpressionPreview MaterialExpressionVectorParameter_8, compiling. 
[2015.07.08-12.47.51:988][868]LogMaterial: Missing cached shader map for material FMatExpressionPreview MaterialExpressionTextureSample_4, compiling. 
[2015.07.08-12.47.51:989][868]LogMaterial: Missing cached shader map for material FMatExpressionPreview MaterialExpressionTextureSample_2, compiling. 
[2015.07.08-12.47.51:990][868]LogMaterial: Missing cached shader map for material FMatExpressionPreview MaterialExpressionTextureSample_5, compiling. 
[2015.07.08-12.47.51:991][868]LogMaterial: Missing cached shader map for material FMatExpressionPreview MaterialExpressionTextureSample_7, compiling. 
[2015.07.08-12.47.52:043][868]LogMaterial: Missing cached shader map for material FMatExpressionPreview MaterialExpressionTextureSample_8, compiling. 
[2015.07.08-12.47.52:044][868]LogMaterial: Missing cached shader map for material FMatExpressionPreview MaterialExpressionTextureSample_9, compiling. 
[2015.07.08-12.47.52:048][868]MaterialEditorStats:Error: Error [SM5] (Node TextureSample) TextureSample> Missing input texture
[2015.07.08-12.47.52:048][868]MaterialEditorStats:Error: Error [SM5] (Node MakeMaterialAttributes) Error on property Normal
[2015.07.08-12.47.52:048][868]MaterialEditorStats:Error: Error [SM5] Function MatLayerBlend_Standard: (Node MakeMaterialAttributes) Error on property Normal
[2015.07.08-12.47.52:048][868]MaterialEditorStats:Error: Error [SM5] Function MatLayerBlend_Standard: (Node TextureSample) TextureSample> Missing input texture
[2015.07.08-12.47.52:048][868]MaterialEditorStats:Error: Error [SM5] Function MatLayerBlend_Standard: (Node MakeMaterialAttributes) Error on property EmissiveColor
[2015.07.08-12.47.52:048][868]MaterialEditorStats:Error: Error [SM5] (Node MakeMaterialAttributes) Error on property BaseColor
[2015.07.08-12.47.52:048][868]MaterialEditorStats:Error: Error [SM5] Function MatLayerBlend_Standard: (Node MakeMaterialAttributes) Error on property BaseColor
[2015.07.08-12.47.52:048][868]MaterialEditorStats:Error: Error [SM5] Function MatLayerBlend_Standard: (Node MakeMaterialAttributes) Error on property Metallic
[2015.07.08-12.47.52:048][868]MaterialEditorStats:Error: Error [SM5] Function MatLayerBlend_Standard: (Node MakeMaterialAttributes) Error on property Specular
[2015.07.08-12.47.52:048][868]MaterialEditorStats:Error: Error [SM5] Function MatLayerBlend_Standard: (Node MakeMaterialAttributes) Error on property Roughness
[2015.07.08-12.47.52:048][868]MaterialEditorStats:Error: Error [SM5] Function MatLayerBlend_Standard: (Node MakeMaterialAttributes) Error on property AmbientOcclusion
[2015.07.08-12.47.58:511][ 45]LogMaterial: Missing cached shader map for material CarPaint, compiling. 
[2015.07.08-12.47.58:513][ 45]LogMaterial:Warning: Failed to compile Material /Engine/Transient.CarPaint for platform PCD3D_SM5, Default Material will be used in game.
[2015.07.08-12.47.58:513][ 45]LogMaterial:Warning: 	(Node TextureSample) TextureSample> Missing input texture
[2015.07.08-12.47.58:513][ 45]LogMaterial:Warning: 	(Node MakeMaterialAttributes) Error on property Normal
[2015.07.08-12.47.58:513][ 45]LogMaterial:Warning: 	Function MatLayerBlend_Standard: (Node MakeMaterialAttributes) Error on property Normal
[2015.07.08-12.47.58:513][ 45]LogMaterial:Warning: 	Function MatLayerBlend_Standard: (Node MakeMaterialAttributes) Error on property EmissiveColor
[2015.07.08-12.47.58:514][ 45]LogMaterial:Warning: 	Function MatLayerBlend_Standard: (Node TextureSample) TextureSample> Missing input texture
[2015.07.08-12.47.58:514][ 45]LogMaterial:Warning: 	(Node MakeMaterialAttributes) Error on property BaseColor
[2015.07.08-12.47.58:514][ 45]LogMaterial:Warning: 	Function MatLayerBlend_Standard: (Node MakeMaterialAttributes) Error on property BaseColor
[2015.07.08-12.47.58:514][ 45]LogMaterial:Warning: 	Function MatLayerBlend_Standard: (Node MakeMaterialAttributes) Error on property Metallic
[2015.07.08-12.47.58:514][ 45]LogMaterial:Warning: 	Function MatLayerBlend_Standard: (Node MakeMaterialAttributes) Error on property Specular
[2015.07.08-12.47.58:514][ 45]LogMaterial:Warning: 	Function MatLayerBlend_Standard: (Node MakeMaterialAttributes) Error on property Roughness
[2015.07.08-12.47.58:514][ 45]LogMaterial:Warning: 	Function MatLayerBlend_Standard: (Node MakeMaterialAttributes) Error on property AmbientOcclusion
[2015.07.08-12.47.58:514][ 45]LogMaterial: 0.000050 seconds spent updating 1 materials, 1 interfaces, 0 instances, 0 with static permutations.
[2015.07.08-12.47.58:539][ 45]LogMaterial: Missing cached shader map for material FMatExpressionPreview MaterialExpressionTextureSample_8, compiling. 
[2015.07.08-12.47.58:544][ 45]MaterialEditorStats:Error: Error [SM5] (Node TextureSample) TextureSample> Missing input texture
[2015.07.08-12.47.58:544][ 45]MaterialEditorStats:Error: Error [SM5] (Node MakeMaterialAttributes) Error on property Normal
[2015.07.08-12.47.58:544][ 45]MaterialEditorStats:Error: Error [SM5] Function MatLayerBlend_Standard: (Node MakeMaterialAttributes) Error on property Normal
[2015.07.08-12.47.58:544][ 45]MaterialEditorStats:Error: Error [SM5] Function MatLayerBlend_Standard: (Node MakeMaterialAttributes) Error on property EmissiveColor
[2015.07.08-12.47.58:544][ 45]MaterialEditorStats:Error: Error [SM5] Function MatLayerBlend_Standard: (Node TextureSample) TextureSample> Missing input texture
[2015.07.08-12.47.58:544][ 45]MaterialEditorStats:Error: Error [SM5] (Node MakeMaterialAttributes) Error on property BaseColor
[2015.07.08-12.47.58:544][ 45]MaterialEditorStats:Error: Error [SM5] Function MatLayerBlend_Standard: (Node MakeMaterialAttributes) Error on property BaseColor
[2015.07.08-12.47.58:544][ 45]MaterialEditorStats:Error: Error [SM5] Function MatLayerBlend_Standard: (Node MakeMaterialAttributes) Error on property Metallic
[2015.07.08-12.47.58:544][ 45]MaterialEditorStats:Error: Error [SM5] Function MatLayerBlend_Standard: (Node MakeMaterialAttributes) Error on property Specular
[2015.07.08-12.47.58:544][ 45]MaterialEditorStats:Error: Error [SM5] Function MatLayerBlend_Standard: (Node MakeMaterialAttributes) Error on property Roughness
[2015.07.08-12.47.58:544][ 45]MaterialEditorStats:Error: Error [SM5] Function MatLayerBlend_Standard: (Node MakeMaterialAttributes) Error on property AmbientOcclusion
[2015.07.08-12.48.06:648][252]LogMaterial: Missing cached shader map for material CarPaint, compiling. 
[2015.07.08-12.48.06:650][252]LogMaterial:Warning: Failed to compile Material /Engine/Transient.CarPaint for platform PCD3D_SM5, Default Material will be used in game.
[2015.07.08-12.48.06:650][252]LogMaterial:Warning: 	(Node TextureSample) TextureSample> Missing input texture
[2015.07.08-12.48.06:650][252]LogMaterial:Warning: 	(Node MakeMaterialAttributes) Error on property Normal
[2015.07.08-12.48.06:650][252]LogMaterial:Warning: 	Function MatLayerBlend_Standard: (Node MakeMaterialAttributes) Error on property Normal
[2015.07.08-12.48.06:650][252]LogMaterial:Warning: 	Function MatLayerBlend_Standard: (Node MakeMaterialAttributes) Error on property EmissiveColor
[2015.07.08-12.48.06:650][252]LogMaterial:Warning: 	Function MatLayerBlend_Standard: (Node TextureSample) TextureSample> Missing input texture
[2015.07.08-12.48.06:650][252]LogMaterial:Warning: 	(Node MakeMaterialAttributes) Error on property BaseColor
[2015.07.08-12.48.06:650][252]LogMaterial:Warning: 	Function MatLayerBlend_Standard: (Node MakeMaterialAttributes) Error on property BaseColor
[2015.07.08-12.48.06:650][252]LogMaterial:Warning: 	Function MatLayerBlend_Standard: (Node MakeMaterialAttributes) Error on property Metallic
[2015.07.08-12.48.06:650][252]LogMaterial:Warning: 	Function MatLayerBlend_Standard: (Node MakeMaterialAttributes) Error on property Specular
[2015.07.08-12.48.06:650][252]LogMaterial:Warning: 	Function MatLayerBlend_Standard: (Node MakeMaterialAttributes) Error on property Roughness
[2015.07.08-12.48.06:650][252]LogMaterial:Warning: 	Function MatLayerBlend_Standard: (Node MakeMaterialAttributes) Error on property AmbientOcclusion
[2015.07.08-12.48.06:650][252]LogMaterial: 0.000038 seconds spent updating 1 materials, 1 interfaces, 0 instances, 0 with static permutations.
[2015.07.08-12.48.06:677][252]LogMaterial: Missing cached shader map for material FMatExpressionPreview MaterialExpressionTextureSample_9, compiling. 
[2015.07.08-12.48.12:929][398]LogMaterial: Missing cached shader map for material CarPaint, compiling. 
[2015.07.08-12.48.12:932][398]LogMaterial:Warning: Failed to compile Material /Engine/Transient.CarPaint for platform PCD3D_SM5, Default Material will be used in game.
[2015.07.08-12.48.12:932][398]LogMaterial:Warning: 	(Node TextureSample) TextureSample> Missing input texture
[2015.07.08-12.48.12:932][398]LogMaterial:Warning: 	(Node MakeMaterialAttributes) Error on property Normal
[2015.07.08-12.48.12:932][398]LogMaterial:Warning: 	Function MatLayerBlend_Standard: (Node MakeMaterialAttributes) Error on property Normal
[2015.07.08-12.48.12:932][398]LogMaterial:Warning: 	Function MatLayerBlend_Standard: (Node MakeMaterialAttributes) Error on property EmissiveColor
[2015.07.08-12.48.12:932][398]LogMaterial:Warning: 	(Node MakeMaterialAttributes) Error on property BaseColor
[2015.07.08-12.48.12:932][398]LogMaterial:Warning: 	Function MatLayerBlend_Standard: (Node MakeMaterialAttributes) Error on property BaseColor
[2015.07.08-12.48.12:932][398]LogMaterial:Warning: 	Function MatLayerBlend_Standard: (Node MakeMaterialAttributes) Error on property Metallic
[2015.07.08-12.48.12:932][398]LogMaterial:Warning: 	Function MatLayerBlend_Standard: (Node MakeMaterialAttributes) Error on property Specular
[2015.07.08-12.48.12:932][398]LogMaterial:Warning: 	Function MatLayerBlend_Standard: (Node MakeMaterialAttributes) Error on property Roughness
[2015.07.08-12.48.12:932][398]LogMaterial:Warning: 	Function MatLayerBlend_Standard: (Node MakeMaterialAttributes) Error on property AmbientOcclusion
[2015.07.08-12.48.12:933][398]LogMaterial: 0.000254 seconds spent updating 1 materials, 1 interfaces, 0 instances, 0 with static permutations.
[2015.07.08-12.48.12:969][398]LogMaterial: Missing cached shader map for material FMatExpressionPreview MaterialExpressionTextureSample_7, compiling. 
[2015.07.08-12.48.12:974][398]MaterialEditorStats:Error: Error [SM5] (Node TextureSample) TextureSample> Missing input texture
[2015.07.08-12.48.12:974][398]MaterialEditorStats:Error: Error [SM5] (Node MakeMaterialAttributes) Error on property Normal
[2015.07.08-12.48.12:974][398]MaterialEditorStats:Error: Error [SM5] Function MatLayerBlend_Standard: (Node MakeMaterialAttributes) Error on property Normal
[2015.07.08-12.48.12:975][398]MaterialEditorStats:Error: Error [SM5] Function MatLayerBlend_Standard: (Node MakeMaterialAttributes) Error on property EmissiveColor
[2015.07.08-12.48.12:975][398]MaterialEditorStats:Error: Error [SM5] (Node MakeMaterialAttributes) Error on property BaseColor
[2015.07.08-12.48.12:975][398]MaterialEditorStats:Error: Error [SM5] Function MatLayerBlend_Standard: (Node MakeMaterialAttributes) Error on property BaseColor
[2015.07.08-12.48.12:975][398]MaterialEditorStats:Error: Error [SM5] Function MatLayerBlend_Standard: (Node MakeMaterialAttributes) Error on property Metallic
[2015.07.08-12.48.12:975][398]MaterialEditorStats:Error: Error [SM5] Function MatLayerBlend_Standard: (Node MakeMaterialAttributes) Error on property Specular
[2015.07.08-12.48.12:975][398]MaterialEditorStats:Error: Error [SM5] Function MatLayerBlend_Standard: (Node MakeMaterialAttributes) Error on property Roughness
[2015.07.08-12.48.12:975][398]MaterialEditorStats:Error: Error [SM5] Function MatLayerBlend_Standard: (Node MakeMaterialAttributes) Error on property AmbientOcclusion
[2015.07.08-12.48.28:337][792]LogMaterial: Missing cached shader map for material CarPaint, compiling. 
[2015.07.08-12.48.28:340][792]LogMaterial:Warning: Failed to compile Material /Engine/Transient.CarPaint for platform PCD3D_SM5, Default Material will be used in game.
[2015.07.08-12.48.28:340][792]LogMaterial:Warning: 	(Node TextureSample) TextureSample> Missing input texture
[2015.07.08-12.48.28:340][792]LogMaterial:Warning: 	(Node MakeMaterialAttributes) Error on property Normal
[2015.07.08-12.48.28:340][792]LogMaterial:Warning: 	Function MatLayerBlend_Standard: (Node MakeMaterialAttributes) Error on property Normal
[2015.07.08-12.48.28:340][792]LogMaterial:Warning: 	Function MatLayerBlend_Standard: (Node MakeMaterialAttributes) Error on property EmissiveColor
[2015.07.08-12.48.28:340][792]LogMaterial:Warning: 	Function MatLayerBlend_Standard: (Node MakeMaterialAttributes) Error on property BaseColor
[2015.07.08-12.48.28:340][792]LogMaterial:Warning: 	Function MatLayerBlend_Standard: (Node MakeMaterialAttributes) Error on property Metallic
[2015.07.08-12.48.28:340][792]LogMaterial:Warning: 	Function MatLayerBlend_Standard: (Node MakeMaterialAttributes) Error on property Specular
[2015.07.08-12.48.28:340][792]LogMaterial:Warning: 	Function MatLayerBlend_Standard: (Node MakeMaterialAttributes) Error on property Roughness
[2015.07.08-12.48.28:340][792]LogMaterial:Warning: 	Function MatLayerBlend_Standard: (Node MakeMaterialAttributes) Error on property AmbientOcclusion
[2015.07.08-12.48.28:340][792]LogMaterial: 0.000048 seconds spent updating 1 materials, 1 interfaces, 0 instances, 0 with static permutations.
[2015.07.08-12.48.28:365][792]LogMaterial: Missing cached shader map for material FMatExpressionPreview MaterialExpressionTextureSample_4, compiling. 
[2015.07.08-12.48.28:370][792]MaterialEditorStats:Error: Error [SM5] (Node TextureSample) TextureSample> Missing input texture
[2015.07.08-12.48.28:370][792]MaterialEditorStats:Error: Error [SM5] (Node MakeMaterialAttributes) Error on property Normal
[2015.07.08-12.48.28:370][792]MaterialEditorStats:Error: Error [SM5] Function MatLayerBlend_Standard: (Node MakeMaterialAttributes) Error on property Normal
[2015.07.08-12.48.28:370][792]MaterialEditorStats:Error: Error [SM5] Function MatLayerBlend_Standard: (Node MakeMaterialAttributes) Error on property EmissiveColor
[2015.07.08-12.48.28:370][792]MaterialEditorStats:Error: Error [SM5] Function MatLayerBlend_Standard: (Node MakeMaterialAttributes) Error on property BaseColor
[2015.07.08-12.48.28:370][792]MaterialEditorStats:Error: Error [SM5] Function MatLayerBlend_Standard: (Node MakeMaterialAttributes) Error on property Metallic
[2015.07.08-12.48.28:370][792]MaterialEditorStats:Error: Error [SM5] Function MatLayerBlend_Standard: (Node MakeMaterialAttributes) Error on property Specular
[2015.07.08-12.48.28:371][792]MaterialEditorStats:Error: Error [SM5] Function MatLayerBlend_Standard: (Node MakeMaterialAttributes) Error on property Roughness
[2015.07.08-12.48.28:371][792]MaterialEditorStats:Error: Error [SM5] Function MatLayerBlend_Standard: (Node MakeMaterialAttributes) Error on property AmbientOcclusion
[2015.07.08-12.48.37:259][ 14]LogMaterial: Missing cached shader map for material CarPaint, compiling. 
[2015.07.08-12.48.37:262][ 14]LogMaterial:Warning: Failed to compile Material /Engine/Transient.CarPaint for platform PCD3D_SM5, Default Material will be used in game.
[2015.07.08-12.48.37:262][ 14]LogMaterial:Warning: 	(Node TextureSample) TextureSample> Missing input texture
[2015.07.08-12.48.37:262][ 14]LogMaterial:Warning: 	Function MatLayerBlend_Standard: (Node MakeMaterialAttributes) Error on property Normal
[2015.07.08-12.48.37:262][ 14]LogMaterial:Warning: 	Function MatLayerBlend_Standard: (Node MakeMaterialAttributes) Error on property EmissiveColor
[2015.07.08-12.48.37:262][ 14]LogMaterial:Warning: 	Function MatLayerBlend_Standard: (Node MakeMaterialAttributes) Error on property BaseColor
[2015.07.08-12.48.37:262][ 14]LogMaterial:Warning: 	Function MatLayerBlend_Standard: (Node MakeMaterialAttributes) Error on property Metallic
[2015.07.08-12.48.37:262][ 14]LogMaterial:Warning: 	Function MatLayerBlend_Standard: (Node MakeMaterialAttributes) Error on property Specular
[2015.07.08-12.48.37:262][ 14]LogMaterial:Warning: 	Function MatLayerBlend_Standard: (Node MakeMaterialAttributes) Error on property Roughness
[2015.07.08-12.48.37:262][ 14]LogMaterial:Warning: 	Function MatLayerBlend_Standard: (Node MakeMaterialAttributes) Error on property AmbientOcclusion
[2015.07.08-12.48.37:262][ 14]LogMaterial: 0.000035 seconds spent updating 1 materials, 1 interfaces, 0 instances, 0 with static permutations.
[2015.07.08-12.48.37:287][ 14]LogMaterial: Missing cached shader map for material FMatExpressionPreview MaterialExpressionTextureSample_2, compiling. 
[2015.07.08-12.48.37:294][ 14]MaterialEditorStats:Error: Error [SM5] (Node TextureSample) TextureSample> Missing input texture
[2015.07.08-12.48.37:294][ 14]MaterialEditorStats:Error: Error [SM5] Function MatLayerBlend_Standard: (Node MakeMaterialAttributes) Error on property Normal
[2015.07.08-12.48.37:294][ 14]MaterialEditorStats:Error: Error [SM5] Function MatLayerBlend_Standard: (Node MakeMaterialAttributes) Error on property EmissiveColor
[2015.07.08-12.48.37:294][ 14]MaterialEditorStats:Error: Error [SM5] Function MatLayerBlend_Standard: (Node MakeMaterialAttributes) Error on property BaseColor
[2015.07.08-12.48.37:294][ 14]MaterialEditorStats:Error: Error [SM5] Function MatLayerBlend_Standard: (Node MakeMaterialAttributes) Error on property Metallic
[2015.07.08-12.48.37:294][ 14]MaterialEditorStats:Error: Error [SM5] Function MatLayerBlend_Standard: (Node MakeMaterialAttributes) Error on property Specular
[2015.07.08-12.48.37:294][ 14]MaterialEditorStats:Error: Error [SM5] Function MatLayerBlend_Standard: (Node MakeMaterialAttributes) Error on property Roughness
[2015.07.08-12.48.37:294][ 14]MaterialEditorStats:Error: Error [SM5] Function MatLayerBlend_Standard: (Node MakeMaterialAttributes) Error on property AmbientOcclusion
[2015.07.08-12.48.49:936][377]LogMaterial: Missing cached shader map for material CarPaint, compiling. 
[2015.07.08-12.48.49:980][377]LogMaterial: 0.000069 seconds spent updating 1 materials, 1 interfaces, 0 instances, 0 with static permutations.
[2015.07.08-12.48.50:007][377]LogMaterial: Missing cached shader map for material FMatExpressionPreview MaterialExpressionTextureSample_5, compiling. 
[2015.07.08-12.49.10:818][992]MaterialEditorStats: Info Base pass shader with only dynamic lighting: 120 instructions
[2015.07.08-12.49.10:818][992]MaterialEditorStats: Info Vertex shader: 33 instructions
[2015.07.08-12.49.10:818][992]MaterialEditorStats: Info Texture samplers: 4/16
[2015.07.08-12.49.12:983][ 59]LogMaterialEditor: Saving and Compiling material CarPaint
[2015.07.08-12.49.13:341][ 59]LogMaterial: Missing cached shader map for material CarPaint, compiling. 
[2015.07.08-12.49.13:389][ 59]LogMaterial: 0.000138 seconds spent updating 1 materials, 1 interfaces, 0 instances, 0 with static permutations.
[2015.07.08-12.49.13:433][ 59]LogMaterial: Missing cached shader map for material CarPaint, compiling. 
[2015.07.08-12.49.13:518][ 59]LogMaterial: Missing cached shader map for material CarPaint, compiling. 
[2015.07.08-12.49.13:568][ 59]LogMaterial: 0.002793 seconds spent updating 1 materials, 1 interfaces, 0 instances, 0 with static permutations.
[2015.07.08-12.49.32:294][ 59]LogSavePackage: Save=24.765793ms
[2015.07.08-12.49.32:294][ 59]LogSavePackage: Moving '../../../../../../Users/N/Documents/GitHub/UnrealNeuroCar/Saved/CarPaint9216761E450CED087EF2F49D63934BBF.tmp' to '../../../../../../Users/N/Documents/GitHub/UnrealNeuroCar/Content/VehicleAdvBP/Vehicle/VehicleMaterials2/CarPaint.uasset'
[2015.07.08-12.49.32:310][ 59]MaterialEditorStats: Info Base pass shader with only dynamic lighting: 139 instructions
[2015.07.08-12.49.32:310][ 59]MaterialEditorStats: Info Vertex shader: 33 instructions
[2015.07.08-12.49.32:310][ 59]MaterialEditorStats: Info Texture samplers: 7/16
[2015.07.08-12.49.41:129][223]LogMaterial: Missing cached shader map for material Rubber_Dirty, compiling. 
[2015.07.08-12.49.41:130][223]LogMaterial:Warning: Failed to compile Material /Game/VehicleAdvBP/Vehicle/VehicleMaterials2/Rubber_Dirty.Rubber_Dirty for platform PCD3D_SM5, Default Material will be used in game.
[2015.07.08-12.49.41:130][223]LogMaterial:Warning: 	(Node TextureObject) Texture Object> Requires valid texture
[2015.07.08-12.49.41:130][223]LogMaterial:Warning: 	(Node TextureSample) TextureSample> Missing input texture
[2015.07.08-12.49.41:158][223]LogMaterial: Missing cached shader map for material Rubber_Dirty, compiling. 
[2015.07.08-12.49.41:159][223]LogMaterial:Warning: Failed to compile Material /Engine/Transient.Rubber_Dirty for platform PCD3D_SM5, Default Material will be used in game.
[2015.07.08-12.49.41:159][223]LogMaterial:Warning: 	(Node TextureObject) Texture Object> Requires valid texture
[2015.07.08-12.49.41:159][223]LogMaterial:Warning: 	(Node TextureSample) TextureSample> Missing input texture
[2015.07.08-12.49.41:243][223]LogMaterial: Missing cached shader map for material Rubber_Dirty, compiling. 
[2015.07.08-12.49.41:243][223]LogMaterial:Warning: Failed to compile Material /Engine/Transient.Rubber_Dirty for platform PCD3D_SM5, Default Material will be used in game.
[2015.07.08-12.49.41:243][223]LogMaterial:Warning: 	(Node TextureObject) Texture Object> Requires valid texture
[2015.07.08-12.49.41:243][223]LogMaterial:Warning: 	(Node TextureSample) TextureSample> Missing input texture
[2015.07.08-12.49.41:243][223]LogMaterial: 0.000079 seconds spent updating 1 materials, 1 interfaces, 0 instances, 0 with static permutations.
[2015.07.08-12.49.41:268][223]LogMaterial: Missing cached shader map for material FMatExpressionPreview MaterialExpressionTextureSample_11, compiling. 
[2015.07.08-12.49.41:269][223]LogMaterial: Missing cached shader map for material FMatExpressionPreview MaterialExpressionTextureObject_1, compiling. 
[2015.07.08-12.49.41:270][223]MaterialEditorStats:Error: Error [SM5] (Node TextureObject) Texture Object> Requires valid texture
[2015.07.08-12.49.41:270][223]MaterialEditorStats:Error: Error [SM5] (Node TextureSample) TextureSample> Missing input texture
[2015.07.08-12.49.46:193][374]LogMaterial: Missing cached shader map for material Rubber_Dirty, compiling. 
[2015.07.08-12.49.46:194][374]LogMaterial:Warning: Failed to compile Material /Engine/Transient.Rubber_Dirty for platform PCD3D_SM5, Default Material will be used in game.
[2015.07.08-12.49.46:194][374]LogMaterial:Warning: 	(Node TextureObject) Texture Object> Requires valid texture
[2015.07.08-12.49.46:194][374]LogMaterial: 0.000030 seconds spent updating 1 materials, 1 interfaces, 0 instances, 0 with static permutations.
[2015.07.08-12.49.46:221][374]LogMaterial: Missing cached shader map for material FMatExpressionPreview MaterialExpressionTextureSample_11, compiling. 
[2015.07.08-12.49.46:229][374]MaterialEditorStats:Error: Error [SM5] (Node TextureObject) Texture Object> Requires valid texture
[2015.07.08-12.49.50:104][497]LogMaterial: Missing cached shader map for material Rubber_Dirty, compiling. 
[2015.07.08-12.49.50:118][497]LogMaterial: 0.000040 seconds spent updating 1 materials, 1 interfaces, 0 instances, 0 with static permutations.
[2015.07.08-12.49.50:177][497]LogMaterial: Missing cached shader map for material FMatExpressionPreview MaterialExpressionTextureObject_1, compiling. 
[2015.07.08-12.49.53:541][593]LogMaterialEditor: Saving and Compiling material Rubber_Dirty
[2015.07.08-12.49.54:089][593]LogMaterial: Missing cached shader map for material Rubber_Dirty, compiling. 
[2015.07.08-12.49.54:141][593]LogMaterial: 0.000064 seconds spent updating 1 materials, 1 interfaces, 0 instances, 0 with static permutations.
[2015.07.08-12.49.54:177][593]LogMaterial: Missing cached shader map for material Rubber_Dirty, compiling. 
[2015.07.08-12.49.54:227][593]LogMaterial: Missing cached shader map for material Rubber_Dirty, compiling. 
[2015.07.08-12.49.54:256][593]LogMaterial: 0.002456 seconds spent updating 1 materials, 1 interfaces, 0 instances, 0 with static permutations.
[2015.07.08-12.50.04:389][593]LogSavePackage: Save=13.933530ms
[2015.07.08-12.50.04:389][593]LogSavePackage: Moving '../../../../../../Users/N/Documents/GitHub/UnrealNeuroCar/Saved/Rubber_DirtyA9A5AD3E450295FA3BB1C9A7683B4505.tmp' to '../../../../../../Users/N/Documents/GitHub/UnrealNeuroCar/Content/VehicleAdvBP/Vehicle/VehicleMaterials2/Rubber_Dirty.uasset'
[2015.07.08-12.50.04:399][593]MaterialEditorStats: Info Base pass shader with only dynamic lighting: 73 instructions
[2015.07.08-12.50.04:399][593]MaterialEditorStats: Info Vertex shader: 33 instructions
[2015.07.08-12.50.04:399][593]MaterialEditorStats: Info Texture samplers: 4/16
[2015.07.08-12.50.06:963][678]LogMaterial: Missing cached shader map for material Rubber_Wheel, compiling. 
[2015.07.08-12.50.06:964][678]LogMaterial:Warning: Failed to compile Material /Game/VehicleAdvBP/Vehicle/VehicleMaterials2/Rubber_Wheel.Rubber_Wheel for platform PCD3D_SM5, Default Material will be used in game.
[2015.07.08-12.50.06:964][678]LogMaterial:Warning: 	(Node TextureObject) Texture Object> Requires valid texture
[2015.07.08-12.50.06:964][678]LogMaterial:Warning: 	(Node TextureSample) TextureSample> Missing input texture
[2015.07.08-12.50.06:986][678]LogMaterial: Missing cached shader map for material Rubber_Wheel, compiling. 
[2015.07.08-12.50.06:986][678]LogMaterial:Warning: Failed to compile Material /Engine/Transient.Rubber_Wheel for platform PCD3D_SM5, Default Material will be used in game.
[2015.07.08-12.50.06:986][678]LogMaterial:Warning: 	(Node TextureObject) Texture Object> Requires valid texture
[2015.07.08-12.50.06:986][678]LogMaterial:Warning: 	(Node TextureSample) TextureSample> Missing input texture
[2015.07.08-12.50.07:061][678]LogMaterial: Missing cached shader map for material Rubber_Wheel, compiling. 
[2015.07.08-12.50.07:062][678]LogMaterial:Warning: Failed to compile Material /Engine/Transient.Rubber_Wheel for platform PCD3D_SM5, Default Material will be used in game.
[2015.07.08-12.50.07:062][678]LogMaterial:Warning: 	(Node TextureObject) Texture Object> Requires valid texture
[2015.07.08-12.50.07:062][678]LogMaterial:Warning: 	(Node TextureSample) TextureSample> Missing input texture
[2015.07.08-12.50.07:062][678]LogMaterial: 0.000047 seconds spent updating 1 materials, 1 interfaces, 0 instances, 0 with static permutations.
[2015.07.08-12.50.07:092][678]LogMaterial: Missing cached shader map for material FMatExpressionPreview MaterialExpressionTextureSample_3, compiling. 
[2015.07.08-12.50.07:093][678]LogMaterial: Missing cached shader map for material FMatExpressionPreview MaterialExpressionTextureObject_1, compiling. 
[2015.07.08-12.50.07:095][678]MaterialEditorStats:Error: Error [SM5] (Node TextureObject) Texture Object> Requires valid texture
[2015.07.08-12.50.07:095][678]MaterialEditorStats:Error: Error [SM5] (Node TextureSample) TextureSample> Missing input texture
[2015.07.08-12.50.15:984][984]LogMaterial: Missing cached shader map for material Rubber_Wheel, compiling. 
[2015.07.08-12.50.15:985][984]LogMaterial:Warning: Failed to compile Material /Engine/Transient.Rubber_Wheel for platform PCD3D_SM5, Default Material will be used in game.
[2015.07.08-12.50.15:985][984]LogMaterial:Warning: 	(Node TextureObject) Texture Object> Requires valid texture
[2015.07.08-12.50.15:985][984]LogMaterial: 0.000057 seconds spent updating 1 materials, 1 interfaces, 0 instances, 0 with static permutations.
[2015.07.08-12.50.16:011][984]LogMaterial: Missing cached shader map for material FMatExpressionPreview MaterialExpressionTextureSample_3, compiling. 
[2015.07.08-12.50.16:017][984]MaterialEditorStats:Error: Error [SM5] (Node TextureObject) Texture Object> Requires valid texture
[2015.07.08-12.50.23:814][245]LogMaterial: Missing cached shader map for material Rubber_Wheel, compiling. 
[2015.07.08-12.50.23:830][245]LogMaterial: 0.000048 seconds spent updating 1 materials, 1 interfaces, 0 instances, 0 with static permutations.
[2015.07.08-12.50.23:859][245]LogMaterial: Missing cached shader map for material FMatExpressionPreview MaterialExpressionTextureObject_1, compiling. 
[2015.07.08-12.50.35:659][590]MaterialEditorStats: Info Base pass shader with only dynamic lighting: 49 instructions
[2015.07.08-12.50.35:659][590]MaterialEditorStats: Info Vertex shader: 33 instructions
[2015.07.08-12.50.35:659][590]MaterialEditorStats: Info Texture samplers: 2/16
[2015.07.08-12.50.37:984][664]LogMaterialEditor: Saving and Compiling material Rubber_Wheel
[2015.07.08-12.50.38:337][664]LogMaterial: Missing cached shader map for material Rubber_Wheel, compiling. 
[2015.07.08-12.50.38:366][664]LogMaterial: 0.000134 seconds spent updating 1 materials, 1 interfaces, 0 instances, 0 with static permutations.
[2015.07.08-12.50.38:434][664]LogMaterial: Missing cached shader map for material Rubber_Wheel, compiling. 
[2015.07.08-12.50.38:486][664]LogMaterial: Missing cached shader map for material Rubber_Wheel, compiling. 
[2015.07.08-12.50.38:516][664]LogMaterial: 0.002855 seconds spent updating 1 materials, 1 interfaces, 0 instances, 0 with static permutations.
[2015.07.08-12.50.48:346][664]LogSavePackage: Save=14.608468ms
[2015.07.08-12.50.48:346][664]LogSavePackage: Moving '../../../../../../Users/N/Documents/GitHub/UnrealNeuroCar/Saved/Rubber_WheelE7D403F44620F04CCD0E42911248EDDD.tmp' to '../../../../../../Users/N/Documents/GitHub/UnrealNeuroCar/Content/VehicleAdvBP/Vehicle/VehicleMaterials2/Rubber_Wheel.uasset'
[2015.07.08-12.50.48:356][664]MaterialEditorStats: Info Base pass shader with only dynamic lighting: 72 instructions
[2015.07.08-12.50.48:356][664]MaterialEditorStats: Info Vertex shader: 33 instructions
[2015.07.08-12.50.48:356][664]MaterialEditorStats: Info Texture samplers: 5/16
[2015.07.08-12.51.21:420][796]Cmd: TRANSACTION UNDO
[2015.07.08-12.51.21:433][796]LogEditorTransaction: Undo Move Actors
[2015.07.08-12.51.21:901][807]Cmd: TRANSACTION UNDO
[2015.07.08-12.51.21:901][807]LogEditorTransaction: Undo Move Actors
[2015.07.08-12.51.22:773][837]Cmd: TRANSACTION UNDO
[2015.07.08-12.51.22:773][837]LogEditorTransaction: Undo Create Actors
[2015.07.08-12.51.25:869][933]Cmd: TRANSACTION UNDO
[2015.07.08-12.51.25:869][933]LogEditorTransaction: Undo Create Actors
[2015.07.08-12.51.29:261][ 24]Cmd: TRANSACTION UNDO
[2015.07.08-12.51.29:261][ 24]LogEditorTransaction: Undo Create Actors
[2015.07.08-12.51.50:491][767]Cmd: DELETE
[2015.07.08-12.51.50:491][767]Cmd: ACTOR DELETE
[2015.07.08-12.51.50:501][767]LogEditorActor: Deleted Actor: BoxReflectionCapture
[2015.07.08-12.51.50:502][767]LogActorComponent: UnregisterComponent: (/Engine/Transient.MovementComp) Not registered. Aborting.
[2015.07.08-12.51.50:573][767]LogParticles: Destroying 0 GPU particle simulations for FXSystem 0x000000BAF7386480
[2015.07.08-12.51.50:573][767]LogParticles: Destroying 0 GPU particle simulations for FXSystem 0x000000BAFAC98900
[2015.07.08-12.51.50:573][767]LogParticles: Destroying 0 GPU particle simulations for FXSystem 0x000000BAF7384CC0
[2015.07.08-12.51.50:685][767]LogEditorActor: Deleted 1 Actors (0.193 secs)
[2015.07.08-12.52.44:486][172]LogEditor: Attempting to add actor of class 'SceneCaptureCube' to level at -15100.00,8000.00,0.00
[2015.07.08-12.52.44:854][190]LogEditor: Attempting to add actor of class 'SceneCaptureCube' to level at -14500.00,8000.00,0.00
[2015.07.08-12.52.45:508][216]LogEditor: Attempting to add actor of class 'SceneCaptureCube' to level at -14600.00,8000.00,0.00
[2015.07.08-12.53.12:502][375]LogContentBrowser: Native class hierarchy updated for 'TextureEditor' in 0.0004 seconds. Added 1 classes and 2 folders.
[2015.07.08-12.54.13:001][599]LogSavePackage: Save=3.185018ms
[2015.07.08-12.54.13:001][599]LogSavePackage: Moving '../../../../../../Users/N/Documents/GitHub/UnrealNeuroCar/Saved/ReflectionsCapture66894D8743C75CACE9D280AF0206048A.tmp' to '../../../../../../Users/N/Documents/GitHub/UnrealNeuroCar/Content/VehicleAdvBP/Vehicle/VehicleMaterials2/ReflectionsCapture.uasset'
[2015.07.08-12.54.34:099][207]LogRenderer: Reallocating scene render targets to support 1160x672 (Frame:11802).
[2015.07.08-12.54.59:997][736]LogParticles: Destroying 0 GPU particle simulations for FXSystem 0x000000BAC984F560
[2015.07.08-12.54.59:997][736]LogParticles: Destroying 0 GPU particle simulations for FXSystem 0x000000BAD4658E00
[2015.07.08-12.57.24:570][140]LogSavePackage: Save=14.814973ms
[2015.07.08-12.57.24:570][140]LogSavePackage: Moving '../../../../../../Users/N/Documents/GitHub/UnrealNeuroCar/Saved/CarPaint_InstSilverE94063C04644A11758F47499634B18B4.tmp' to '../../../../../../Users/N/Documents/GitHub/UnrealNeuroCar/Content/VehicleAdvBP/Vehicle/VehicleMaterials2/CarPaint_InstSilver.uasset'
[2015.07.08-12.57.44:541][599]LogSavePackage: Save=12.854614ms
[2015.07.08-12.57.44:541][599]LogSavePackage: Moving '../../../../../../Users/N/Documents/GitHub/UnrealNeuroCar/Saved/CarPaint_InstSilverDBD5059C403FEB8D8FCD0580468E4083.tmp' to '../../../../../../Users/N/Documents/GitHub/UnrealNeuroCar/Content/VehicleAdvBP/Vehicle/VehicleMaterials2/CarPaint_InstSilver.uasset'
[2015.07.08-12.59.06:765][474]LogParticles: Destroying 0 GPU particle simulations for FXSystem 0x000000BAC97B0CC0
[2015.07.08-12.59.06:765][474]LogParticles: Destroying 0 GPU particle simulations for FXSystem 0x000000BAD46596C0
[2015.07.08-12.59.06:765][474]LogParticles: Destroying 0 GPU particle simulations for FXSystem 0x000000BAD4674E00
[2015.07.08-12.59.06:765][474]LogParticles: Destroying 0 GPU particle simulations for FXSystem 0x000000BAD46589A0
[2015.07.08-12.59.06:765][474]LogParticles: Destroying 0 GPU particle simulations for FXSystem 0x000000BAF308C5E0
[2015.07.08-13.00.06:161][118]LogSavePackage: Save=4304.058105ms
[2015.07.08-13.00.06:161][118]LogSavePackage: Moving '../../../../../../Users/N/Documents/GitHub/UnrealNeuroCar/Saved/AdvancedVehicleExamplemap_Auto1D99EE4B44D5594FF73B8EEACFC7A601B.tmp' to '../../../../../../Users/N/Documents/GitHub/UnrealNeuroCar/Saved/Autosaves/Game/VehicleAdvBP/Maps/AdvancedVehicleExamplemap_Auto1.umap'
[2015.07.08-13.00.06:178][118]LogFileHelpers: Editor autosave (incl. sublevels) for '/Game/VehicleAdvBP/Maps/AdvancedVehicleExamplemap' took 4.511
[2015.07.08-13.00.06:178][118]LogFileHelpers: Editor autosave (incl. sublevels) for all levels took 4.511
[2015.07.08-13.00.06:186][118]OBJ SavePackage: Generating thumbnails for [1] asset(s) in package [/Game/VehicleAdvBP/Vehicle/VehicleMaterials2/CarPaint_InstBlue] ([1] browsable assets)...
[2015.07.08-13.00.06:205][118]OBJ SavePackage:     Rendered thumbnail for [MaterialInstanceConstant /Game/VehicleAdvBP/Vehicle/VehicleMaterials2/CarPaint_InstBlue.CarPaint_InstBlue]
[2015.07.08-13.00.06:205][118]OBJ SavePackage: Finished generating thumbnails for package [/Game/VehicleAdvBP/Vehicle/VehicleMaterials2/CarPaint_InstBlue]
[2015.07.08-13.00.06:219][118]LogSavePackage: Save=12.587349ms
[2015.07.08-13.00.06:219][118]LogSavePackage: Moving '../../../../../../Users/N/Documents/GitHub/UnrealNeuroCar/Saved/CarPaint_InstBlue_Auto16AF280B842A78A6B0EA889B229BAF67D.tmp' to '../../../../../../Users/N/Documents/GitHub/UnrealNeuroCar/Saved/Autosaves/Game/VehicleAdvBP/Vehicle/VehicleMaterials2/CarPaint_InstBlue_Auto1.uasset'
[2015.07.08-13.00.06:221][118]LogFileHelpers: Auto-saving content packages took 0.039
[2015.07.08-13.02.01:000][648]LogSavePackage: Save=13.427737ms
[2015.07.08-13.02.01:000][648]LogSavePackage: Moving '../../../../../../Users/N/Documents/GitHub/UnrealNeuroCar/Saved/CarPaint_InstBlue2EE1845742644E6D3E02BDBAB46D6E5C.tmp' to '../../../../../../Users/N/Documents/GitHub/UnrealNeuroCar/Content/VehicleAdvBP/Vehicle/VehicleMaterials2/CarPaint_InstBlue.uasset'
[2015.07.08-13.02.06:113][764]LogParticles: Destroying 0 GPU particle simulations for FXSystem 0x000000BAC97B18A0
[2015.07.08-13.02.10:150][764]LogSavePackage: Save=4037.835449ms
[2015.07.08-13.02.10:150][764]LogSavePackage: Moving '../../../../../../Users/N/Documents/GitHub/UnrealNeuroCar/Saved/AdvancedVehicleExamplemap2EBD089E4F06A579772C69A62D578FBE.tmp' to '../../../../../../Users/N/Documents/GitHub/UnrealNeuroCar/Content/VehicleAdvBP/Maps/AdvancedVehicleExamplemap.umap'
[2015.07.08-13.02.15:496][951]LogUProjectInfo: Found projects:
[2015.07.08-13.02.17:181][984]Cmd: CLOSE_SLATE_MAINFRAME
[2015.07.08-13.02.17:584][985]Cmd: QUIT_EDITOR
[2015.07.08-13.02.17:730][985]LogWindowsTextInputMethodSystem:Display: IME system now deactivated.
[2015.07.08-13.02.17:875][985]LogExit: Preparing to exit.
[2015.07.08-13.02.18:244][985]LogExit: Editor shut down
[2015.07.08-13.02.18:245][985]LogExit: Transaction tracking system shut down
[2015.07.08-13.02.18:247][985]LogParticles: Destroying 0 GPU particle simulations for FXSystem 0x000000BAD6DCDBC0
[2015.07.08-13.02.18:250][985]LogParticles: Destroying 0 GPU particle simulations for FXSystem 0x000000BAF16879C0
[2015.07.08-13.02.18:250][985]LogParticles: Destroying 0 GPU particle simulations for FXSystem 0x000000BACE6E8C20
[2015.07.08-13.02.18:250][985]LogParticles: Destroying 0 GPU particle simulations for FXSystem 0x000000BAF329C180
[2015.07.08-13.02.18:250][985]LogParticles: Destroying 0 GPU particle simulations for FXSystem 0x000000BACE81FEC0
[2015.07.08-13.02.18:250][985]LogParticles: Destroying 0 GPU particle simulations for FXSystem 0x000000BAF3178A40
[2015.07.08-13.02.18:250][985]LogParticles: Destroying 0 GPU particle simulations for FXSystem 0x000000BAF317B920
[2015.07.08-13.02.18:432][985]LogExit: Object subsystem successfully closed.
[2015.07.08-13.02.18:596][985]LogModuleManager: Shutting down and abandoning module TextureEditor (190)
[2015.07.08-13.02.18:596][985]LogModuleManager: Shutting down and abandoning module MaterialEditor (189)
[2015.07.08-13.02.18:596][985]LogModuleManager: Shutting down and abandoning module CrashTracker (188)
[2015.07.08-13.02.18:596][985]LogModuleManager: Shutting down and abandoning module SceneOutliner (187)
[2015.07.08-13.02.18:596][985]LogModuleManager: Shutting down and abandoning module SuperSearch (186)
[2015.07.08-13.02.18:596][985]LogModuleManager: Shutting down and abandoning module WidgetCarousel (185)
[2015.07.08-13.02.18:596][985]LogModuleManager: Shutting down and abandoning module AddContentDialog (184)
[2015.07.08-13.02.18:597][985]LogModuleManager: Shutting down and abandoning module EditorWidgets (183)
[2015.07.08-13.02.18:597][985]LogModuleManager: Shutting down and abandoning module CollectionManager (182)
[2015.07.08-13.02.18:597][985]LogModuleManager: Shutting down and abandoning module StatsViewer (181)
[2015.07.08-13.02.18:597][985]LogModuleManager: Shutting down and abandoning module FoliageEdit (180)
[2015.07.08-13.02.18:597][985]LogModuleManager: Shutting down and abandoning module LandscapeEditor (179)
[2015.07.08-13.02.18:597][985]LogModuleManager: Shutting down and abandoning module ActorPickerMode (178)
[2015.07.08-13.02.18:597][985]LogModuleManager: Shutting down and abandoning module GeometryMode (177)
[2015.07.08-13.02.18:597][985]LogModuleManager: Shutting down and abandoning module TextureAlignMode (176)
[2015.07.08-13.02.18:597][985]LogModuleManager: Shutting down and abandoning module BspMode (175)
[2015.07.08-13.02.18:597][985]LogModuleManager: Shutting down and abandoning module PlacementMode (174)
[2015.07.08-13.02.18:597][985]LogModuleManager: Shutting down and abandoning module AutomationWorker (173)
[2015.07.08-13.02.18:597][985]LogModuleManager: Shutting down and abandoning module CharacterAI (172)
[2015.07.08-13.02.18:597][985]LogModuleManager: Shutting down and abandoning module SmartSnapping (171)
[2015.07.08-13.02.18:597][985]LogModuleManager: Shutting down and abandoning module ViewportSnapping (170)
[2015.07.08-13.02.18:597][985]LogModuleManager: Shutting down and abandoning module LogVisualizer (169)
[2015.07.08-13.02.18:597][985]LogModuleManager: Shutting down and abandoning module GameProjectGeneration (168)
[2015.07.08-13.02.18:597][985]LogModuleManager: Shutting down and abandoning module IntroTutorials (167)
[2015.07.08-13.02.18:597][985]LogModuleManager: Shutting down and abandoning module EditorLiveStreaming (166)
[2015.07.08-13.02.18:597][985]LogModuleManager: Shutting down and abandoning module IOSPlatformEditor (165)
[2015.07.08-13.02.18:597][985]LogModuleManager: Shutting down and abandoning module HTML5PlatformEditor (164)
[2015.07.08-13.02.18:597][985]LogModuleManager: Shutting down and abandoning module AndroidDeviceDetection (163)
[2015.07.08-13.02.18:927][985]LogModuleManager: Shutting down and abandoning module AndroidPlatformEditor (162)
[2015.07.08-13.02.18:927][985]LogModuleManager: Shutting down and abandoning module IOSRuntimeSettings (161)
[2015.07.08-13.02.18:927][985]LogModuleManager: Shutting down and abandoning module AndroidRuntimeSettings (160)
[2015.07.08-13.02.18:927][985]LogModuleManager: Shutting down and abandoning module MergeActors (159)
[2015.07.08-13.02.18:927][985]LogModuleManager: Shutting down and abandoning module SizeMap (158)
[2015.07.08-13.02.18:927][985]LogModuleManager: Shutting down and abandoning module TreeMap (157)
[2015.07.08-13.02.18:927][985]LogModuleManager: Shutting down and abandoning module ReferenceViewer (156)
[2015.07.08-13.02.18:927][985]LogModuleManager: Shutting down and abandoning module LocalizationDashboard (155)
[2015.07.08-13.02.18:927][985]LogModuleManager: Shutting down and abandoning module HardwareTargeting (154)
[2015.07.08-13.02.18:927][985]LogModuleManager: Shutting down and abandoning module DeviceProfileEditor (153)
[2015.07.08-13.02.18:927][985]LogModuleManager: Shutting down and abandoning module UndoHistory (152)
[2015.07.08-13.02.18:927][985]LogModuleManager: Shutting down and abandoning module GameplayTagsEditor (151)
[2015.07.08-13.02.18:927][985]LogModuleManager: Shutting down and abandoning module UserFeedback (150)
[2015.07.08-13.02.18:927][985]LogModuleManager: Shutting down and abandoning module XmlParser (149)
[2015.07.08-13.02.18:927][985]LogModuleManager: Shutting down and abandoning module Blutility (148)
[2015.07.08-13.02.18:927][985]LogModuleManager: Shutting down and abandoning module ProjectTargetPlatformEditor (147)
[2015.07.08-13.02.18:927][985]LogModuleManager: Shutting down and abandoning module ProjectSettingsViewer (146)
[2015.07.08-13.02.18:927][985]LogModuleManager: Shutting down and abandoning module InputBindingEditor (145)
[2015.07.08-13.02.18:927][985]LogModuleManager: Shutting down and abandoning module EditorSettingsViewer (144)
[2015.07.08-13.02.18:927][985]LogModuleManager: Shutting down and abandoning module SettingsEditor (143)
[2015.07.08-13.02.18:927][985]LogModuleManager: Shutting down and abandoning module ProjectLauncher (142)
[2015.07.08-13.02.18:927][985]LogModuleManager: Shutting down and abandoning module SessionFrontend (141)
[2015.07.08-13.02.18:927][985]LogModuleManager: Shutting down and abandoning module ProfilerClient (140)
[2015.07.08-13.02.18:927][985]LogModuleManager: Shutting down and abandoning module TargetDeviceServices (139)
[2015.07.08-13.02.18:927][985]LogModuleManager: Shutting down and abandoning module DeviceManager (138)
[2015.07.08-13.02.18:927][985]LogModuleManager: Shutting down and abandoning module AutomationController (137)
[2015.07.08-13.02.18:927][985]LogModuleManager: Shutting down and abandoning module AutomationWindow (136)
[2015.07.08-13.02.18:927][985]LogModuleManager: Shutting down and abandoning module Layers (135)
[2015.07.08-13.02.18:928][985]LogModuleManager: Shutting down and abandoning module ComponentVisualizers (134)
[2015.07.08-13.02.18:928][985]LogModuleManager: Shutting down and abandoning module DetailCustomizations (133)
[2015.07.08-13.02.18:928][985]LogModuleManager: Shutting down and abandoning module PackagesDialog (132)
[2015.07.08-13.02.18:928][985]LogModuleManager: Shutting down and abandoning module AssetRegistry (131)
[2015.07.08-13.02.19:065][985]LogModuleManager: Shutting down and abandoning module Persona (130)
[2015.07.08-13.02.19:065][985]LogModuleManager: Shutting down and abandoning module Kismet (129)
[2015.07.08-13.02.19:065][985]LogModuleManager: Shutting down and abandoning module GraphEditor (128)
[2015.07.08-13.02.19:065][985]LogModuleManager: Shutting down and abandoning module ClassViewer (127)
[2015.07.08-13.02.19:065][985]LogModuleManager: Shutting down and abandoning module Toolbox (126)
[2015.07.08-13.02.19:065][985]LogModuleManager: Shutting down and abandoning module ModuleUI (125)
[2015.07.08-13.02.19:065][985]LogModuleManager: Shutting down and abandoning module MovieSceneTools (124)
[2015.07.08-13.02.19:065][985]LogModuleManager: Shutting down and abandoning module OutputLog (123)
[2015.07.08-13.02.19:065][985]LogModuleManager: Shutting down and abandoning module GammaUI (122)
[2015.07.08-13.02.19:065][985]LogModuleManager: Shutting down and abandoning module Documentation (121)
[2015.07.08-13.02.19:065][985]LogModuleManager: Shutting down and abandoning module GameLiveStreaming (120)
[2015.07.08-13.02.19:065][985]LogModuleManager: Shutting down and abandoning module StreamingPauseRendering (119)
[2015.07.08-13.02.19:066][985]LogModuleManager: Shutting down and abandoning module AnalyticsET (118)
[2015.07.08-13.02.19:066][985]LogModuleManager: Shutting down and abandoning module Analytics (117)
[2015.07.08-13.02.19:066][985]LogModuleManager: Shutting down and abandoning module AITestSuite (116)
[2015.07.08-13.02.19:066][985]LogModuleManager: Shutting down and abandoning module GameplayDebugger (115)
[2015.07.08-13.02.19:066][985]LogModuleManager: Shutting down and abandoning module AIModule (114)
[2015.07.08-13.02.19:066][985]LogModuleManager: Shutting down and abandoning module ProfilerService (113)
[2015.07.08-13.02.19:314][985]LogModuleManager: Shutting down and abandoning module TaskGraph (112)
[2015.07.08-13.02.19:314][985]LogModuleManager: Shutting down and abandoning module SlateRemote (111)
[2015.07.08-13.02.19:314][985]LogModuleManager: Shutting down and abandoning module SteamVRController (110)
[2015.07.08-13.02.19:314][985]LogModuleManager: Shutting down and abandoning module SteamVR (109)
[2015.07.08-13.02.19:314][985]LogModuleManager: Shutting down and abandoning module ProceduralMeshComponent (108)
[2015.07.08-13.02.19:314][985]LogModuleManager: Shutting down and abandoning module OculusRift (107)
[2015.07.08-13.02.19:314][985]LogModuleManager: Shutting down and abandoning module LeapMotionController (106)
[2015.07.08-13.02.19:327][985]LogModuleManager: Shutting down and abandoning module CustomMeshComponent (105)
[2015.07.08-13.02.19:327][985]LogModuleManager: Shutting down and abandoning module CableComponent (104)
[2015.07.08-13.02.19:327][985]LogModuleManager: Shutting down and abandoning module MessagingDebugger (103)
[2015.07.08-13.02.19:327][985]LogModuleManager: Shutting down and abandoning module MediaPlayerEditor (102)
[2015.07.08-13.02.19:327][985]LogModuleManager: Shutting down and abandoning module SpeedTreeImporter (101)
[2015.07.08-13.02.19:327][985]LogModuleManager: Shutting down and abandoning module PluginBrowser (100)
[2015.07.08-13.02.19:327][985]LogModuleManager: Shutting down and abandoning module EpicSurvey (99)
[2015.07.08-13.02.19:327][985]LogModuleManager: Shutting down and abandoning module DesktopPlatform (98)
[2015.07.08-13.02.19:327][985]LogModuleManager: Shutting down and abandoning module VisualStudioSourceCodeAccess (97)
[2015.07.08-13.02.19:327][985]LogModuleManager: Shutting down and abandoning module UObjectPlugin (96)
[2015.07.08-13.02.19:327][985]LogModuleManager: Shutting down and abandoning module SubversionSourceControl (95)
[2015.07.08-13.02.19:327][985]LogModuleManager: Shutting down and abandoning module PerforceSourceControl (94)
[2015.07.08-13.02.19:327][985]LogModuleManager: Shutting down and abandoning module SourceControl (93)
[2015.07.08-13.02.19:327][985]LogModuleManager: Shutting down and abandoning module GitSourceControl (92)
[2015.07.08-13.02.19:327][985]LogModuleManager: Shutting down and abandoning module BlankPlugin (91)
[2015.07.08-13.02.19:327][985]LogModuleManager: Shutting down and abandoning module PaperTiledImporter (90)
[2015.07.08-13.02.19:327][985]LogModuleManager: Shutting down and abandoning module PaperSpriteSheetImporter (89)
[2015.07.08-13.02.19:327][985]LogModuleManager: Shutting down and abandoning module MeshPaint (88)
[2015.07.08-13.02.19:327][985]LogModuleManager: Shutting down and abandoning module SlateReflector (87)
[2015.07.08-13.02.19:327][985]LogModuleManager: Shutting down and abandoning module DirectoryWatcher (86)
[2015.07.08-13.02.19:328][985]LogModuleManager: Shutting down and abandoning module HotReload (85)
[2015.07.08-13.02.19:328][985]LogModuleManager: Shutting down and abandoning module MainFrame (84)
[2015.07.08-13.02.19:328][985]LogModuleManager: Shutting down and abandoning module LevelEditor (83)
[2015.07.08-13.02.19:329][985]LogModuleManager: Shutting down and abandoning module ContentBrowser (82)
[2015.07.08-13.02.19:330][985]LogModuleManager: Shutting down and abandoning module Paper2DEditor (81)
[2015.07.08-13.02.19:330][985]LogModuleManager: Shutting down and abandoning module UdpMessaging (80)
[2015.07.08-13.02.19:431][985]LogModuleManager: Shutting down and abandoning module Paper2D (79)
[2015.07.08-13.02.19:431][985]LogModuleManager: Shutting down and abandoning module WindowsMoviePlayer (78)
[2015.07.08-13.02.19:434][985]LogModuleManager: Shutting down and abandoning module Media (77)
[2015.07.08-13.02.19:434][985]LogModuleManager: Shutting down and abandoning module WmfMedia (76)
[2015.07.08-13.02.19:434][985]LogModuleManager: Shutting down and abandoning module OnlineBlueprintSupport (75)
[2015.07.08-13.02.19:434][985]LogModuleManager: Shutting down and abandoning module PropertyEditor (74)
[2015.07.08-13.02.19:434][985]LogModuleManager: Shutting down and abandoning module BehaviorTreeEditor (73)
[2015.07.08-13.02.19:434][985]LogModuleManager: Shutting down and abandoning module FunctionalTesting (72)
[2015.07.08-13.02.19:434][985]LogModuleManager: Shutting down and abandoning module CollisionAnalyzer (71)
[2015.07.08-13.02.19:434][985]LogModuleManager: Shutting down and abandoning module WorkspaceMenuStructure (70)
[2015.07.08-13.02.19:434][985]LogModuleManager: Shutting down and abandoning module MessageLog (69)
[2015.07.08-13.02.19:434][985]LogModuleManager: Shutting down and abandoning module Sequencer (68)
[2015.07.08-13.02.19:434][985]LogModuleManager: Shutting down and abandoning module AssetTools (67)
[2015.07.08-13.02.19:434][985]LogModuleManager: Shutting down and abandoning module UMGEditor (66)
[2015.07.08-13.02.19:434][985]LogModuleManager: Shutting down and abandoning module UMG (65)
[2015.07.08-13.02.19:434][985]LogModuleManager: Shutting down and abandoning module Slate (64)
[2015.07.08-13.02.19:434][985]LogModuleManager: Shutting down and abandoning module EditorStyle (63)
[2015.07.08-13.02.19:436][985]LogModuleManager: Shutting down and abandoning module SessionServices (62)
[2015.07.08-13.02.19:436][985]LogModuleManager: Shutting down and abandoning module SourceCodeAccess (61)
[2015.07.08-13.02.19:436][985]LogModuleManager: Shutting down and abandoning module HeadMountedDisplay (60)
[2015.07.08-13.02.19:436][985]LogModuleManager: Shutting down and abandoning module XAudio2 (59)
[2015.07.08-13.02.19:436][985]LogModuleManager: Shutting down and abandoning module Networking (57)
[2015.07.08-13.02.19:436][985]LogModuleManager: Shutting down and abandoning module Core (56)
[2015.07.08-13.02.19:436][985]LogModuleManager: Shutting down and abandoning module KismetCompiler (55)
[2015.07.08-13.02.19:436][985]LogModuleManager: Shutting down and abandoning module PhysXFormats (54)
[2015.07.08-13.02.19:436][985]LogModuleManager: Shutting down and abandoning module MeshUtilities (53)
[2015.07.08-13.02.19:437][985]LogModuleManager: Shutting down and abandoning module DerivedDataCache (52)
[2015.07.08-13.02.19:498][985]LogDerivedDataCache: Shutdown
[2015.07.08-13.02.19:498][985]LogModuleManager: Shutting down and abandoning module ShaderFormatOpenGL (51)
[2015.07.08-13.02.19:498][985]LogModuleManager: Shutting down and abandoning module ShaderFormatD3D (50)
[2015.07.08-13.02.19:498][985]LogModuleManager: Shutting down and abandoning module MetalShaderFormat (49)
[2015.07.08-13.02.19:498][985]LogModuleManager: Shutting down and abandoning module TextureFormatUncompressed (48)
[2015.07.08-13.02.19:498][985]LogModuleManager: Shutting down and abandoning module TextureFormatPVR (47)
[2015.07.08-13.02.19:498][985]LogModuleManager: Shutting down and abandoning module TextureFormatIntelISPCTexComp (46)
[2015.07.08-13.02.19:498][985]LogModuleManager: Shutting down and abandoning module TextureFormatDXT (45)
[2015.07.08-13.02.19:498][985]LogModuleManager: Shutting down and abandoning module ImageWrapper (44)
[2015.07.08-13.02.19:498][985]LogModuleManager: Shutting down and abandoning module TextureFormatASTC (43)
[2015.07.08-13.02.19:498][985]LogModuleManager: Shutting down and abandoning module TextureFormatAndroid (42)
[2015.07.08-13.02.19:498][985]LogModuleManager: Shutting down and abandoning module AudioFormatOpus (41)
[2015.07.08-13.02.19:498][985]LogModuleManager: Shutting down and abandoning module AudioFormatOgg (40)
[2015.07.08-13.02.19:498][985]LogModuleManager: Shutting down and abandoning module AudioFormatADPCM (39)
[2015.07.08-13.02.19:498][985]LogModuleManager: Shutting down and abandoning module LinuxTargetPlatform (38)
[2015.07.08-13.02.19:498][985]LogModuleManager: Shutting down and abandoning module LinuxServerTargetPlatform (37)
[2015.07.08-13.02.19:498][985]LogModuleManager: Shutting down and abandoning module LinuxNoEditorTargetPlatform (36)
[2015.07.08-13.02.19:498][985]LogModuleManager: Shutting down and abandoning module Messaging (35)
[2015.07.08-13.02.19:498][985]LogModuleManager: Shutting down and abandoning module IOSTargetPlatform (34)
[2015.07.08-13.02.19:498][985]LogModuleManager: Shutting down and abandoning module HTML5TargetPlatform (33)
[2015.07.08-13.02.19:498][985]LogModuleManager: Shutting down and abandoning module Android_PVRTCTargetPlatform (32)
[2015.07.08-13.02.19:498][985]LogModuleManager: Shutting down and abandoning module Android_ETC2TargetPlatform (31)
[2015.07.08-13.02.19:498][985]LogModuleManager: Shutting down and abandoning module Android_ETC1TargetPlatform (30)
[2015.07.08-13.02.19:498][985]LogModuleManager: Shutting down and abandoning module Android_DXTTargetPlatform (29)
[2015.07.08-13.02.19:498][985]LogModuleManager: Shutting down and abandoning module Android_ATCTargetPlatform (28)
[2015.07.08-13.02.19:498][985]LogModuleManager: Shutting down and abandoning module Android_ASTCTargetPlatform (27)
[2015.07.08-13.02.19:498][985]LogModuleManager: Shutting down and abandoning module AndroidTargetPlatform (26)
[2015.07.08-13.02.19:498][985]LogModuleManager: Shutting down and abandoning module WindowsTargetPlatform (25)
[2015.07.08-13.02.19:498][985]LogModuleManager: Shutting down and abandoning module WindowsServerTargetPlatform (24)
[2015.07.08-13.02.19:498][985]LogModuleManager: Shutting down and abandoning module WindowsNoEditorTargetPlatform (23)
[2015.07.08-13.02.19:498][985]LogModuleManager: Shutting down and abandoning module WindowsClientTargetPlatform (22)
[2015.07.08-13.02.19:498][985]LogModuleManager: Shutting down and abandoning module DesktopTargetPlatform (21)
[2015.07.08-13.02.19:498][985]LogModuleManager: Shutting down and abandoning module TargetPlatform (20)
[2015.07.08-13.02.19:498][985]LogModuleManager: Shutting down and abandoning module InputCore (19)
[2015.07.08-13.02.19:498][985]LogModuleManager: Shutting down and abandoning module Settings (18)
[2015.07.08-13.02.19:498][985]LogModuleManager: Shutting down and abandoning module OnlineSubsystem (16)
[2015.07.08-13.02.19:498][985]LogModuleManager: Shutting down and abandoning module HTTP (15)
[2015.07.08-13.02.19:499][985]LogModuleManager: Shutting down and abandoning module ExampleDeviceProfileSelector (14)
[2015.07.08-13.02.19:499][985]LogModuleManager: Shutting down and abandoning module TextureCompressor (13)
[2015.07.08-13.02.19:499][985]LogModuleManager: Shutting down and abandoning module ShaderCore (12)
[2015.07.08-13.02.19:499][985]LogModuleManager: Shutting down and abandoning module Landscape (11)
[2015.07.08-13.02.19:499][985]LogModuleManager: Shutting down and abandoning module SlateRHIRenderer (10)
[2015.07.08-13.02.19:501][985]LogModuleManager: Shutting down and abandoning module OpenGLDrv (9)
[2015.07.08-13.02.19:501][985]LogModuleManager: Shutting down and abandoning module D3D11RHI (8)
[2015.07.08-13.02.19:501][985]LogModuleManager: Shutting down and abandoning module Renderer (7)
[2015.07.08-13.02.19:501][985]LogModuleManager: Shutting down and abandoning module Engine (6)
[2015.07.08-13.02.19:501][985]LogModuleManager: Shutting down and abandoning module CoreUObject (5)
[2015.07.08-13.02.19:501][985]LogModuleManager: Shutting down and abandoning module NetworkFile (4)
[2015.07.08-13.02.19:501][985]LogModuleManager: Shutting down and abandoning module StreamingFile (3)
[2015.07.08-13.02.19:501][985]LogModuleManager: Shutting down and abandoning module SandboxFile (2)
[2015.07.08-13.02.19:501][985]LogModuleManager: Shutting down and abandoning module PakFile (1)
[2015.07.08-13.02.19:502][985]LogExit: Exiting.
[2015.07.08-13.02.19:514][985]Log file closed, 07/08/15 16:02:19
