[2015.07.12-19.11.29:443][  0]Log file open, 07/12/15 22:11:29
[2015.07.12-19.11.29:443][  0]LogInit:Display: Running engine for game: MyProject
[2015.07.12-19.11.29:443][  0]LogInit:Display: RandInit(1169225314) SRandInit(1169225314).
[2015.07.12-19.11.29:443][  0]LogTaskGraph: Started task graph with 4 named threads and 5 total threads.
[2015.07.12-19.11.29:443][  0]LogStats: Stats thread started
[2015.07.12-19.11.29:443][  0]LogInit: Version: 4.8.1-2591939+++depot+UE4-Releases+4.8
[2015.07.12-19.11.29:443][  0]LogInit: API Version: 2579680
[2015.07.12-19.11.29:443][  0]LogInit: Compiled (64-bit): Jun 18 2015 11:02:04
[2015.07.12-19.11.29:443][  0]LogInit: Compiled with Visual C++: 18.00.21005.01
[2015.07.12-19.11.29:443][  0]LogInit: Build Configuration: Development
[2015.07.12-19.11.29:443][  0]LogInit: Branch Name: ++depot+UE4-Releases+4.8
[2015.07.12-19.11.29:443][  0]LogInit: Command line: 
[2015.07.12-19.11.29:443][  0]LogInit: Base directory: C:/Program Files/Epic Games/4.8/Engine/Binaries/Win64/
[2015.07.12-19.11.29:443][  0]LogInit: Rocket: 1
[2015.07.12-19.11.29:460][  0]LogInit: Using libcurl 7.41.0
[2015.07.12-19.11.29:460][  0]LogInit:  - built for x86_64-pc-win32
[2015.07.12-19.11.29:460][  0]LogInit:  - supports SSL with WinSSL
[2015.07.12-19.11.29:460][  0]LogInit:  - other features:
[2015.07.12-19.11.29:460][  0]LogInit:      CURL_VERSION_SSL
[2015.07.12-19.11.29:460][  0]LogInit:      CURL_VERSION_IPV6
[2015.07.12-19.11.29:460][  0]LogInit:      CURL_VERSION_ASYNCHDNS
[2015.07.12-19.11.29:460][  0]LogInit:      CURL_VERSION_LARGEFILE
[2015.07.12-19.11.29:460][  0]LogInit:      CURL_VERSION_IDN
[2015.07.12-19.11.29:460][  0]LogInit:  CurlRequestOptions (configurable via config and command line):
[2015.07.12-19.11.29:460][  0]LogInit:  - bVerifyPeer = true  - Libcurl will verify peer certificate
[2015.07.12-19.11.29:460][  0]LogInit:  - bUseHttpProxy = false  - Libcurl will NOT use HTTP proxy
[2015.07.12-19.11.29:460][  0]LogInit:  - bDontReuseConnections = false  - Libcurl will reuse connections
[2015.07.12-19.11.29:460][  0]LogInit:  - CertBundlePath = nullptr  - Libcurl will use whatever was configured at build time.
[2015.07.12-19.11.29:480][  0]LogOnline:Warning: No default platform service specified for OnlineSubsystem
[2015.07.12-19.11.29:502][  0]LogInit: Presizing for 0 objects not considered by GC, pre-allocating 0 bytes.
[2015.07.12-19.11.29:509][  0]LogInit: Object subsystem initialized
[2015.07.12-19.11.29:510][  0]LogConsoleResponse:Warning: Skipping Unknown console variable: 'TranslucentSortAxis = (X=0.000000,Y=-1.000000,Z=0.000000)'
[2015.07.12-19.11.29:510][  0]LogConsoleResponse:Warning:   Found in ini file 'C:/Users/N/Documents/GitHub/UnrealNeuroCar/Saved/Config/Windows/Engine.ini', in section '[/Script/Engine.RendererSettings]'
[2015.07.12-19.11.29:510][  0]LogConsoleResponse:Warning: Skipping Unknown console variable: 'UIScaleRule = ShortestSide'
[2015.07.12-19.11.29:510][  0]LogConsoleResponse:Warning:   Found in ini file 'C:/Users/N/Documents/GitHub/UnrealNeuroCar/Saved/Config/Windows/Engine.ini', in section '[/Script/Engine.RendererSettings]'
[2015.07.12-19.11.29:510][  0]LogConsoleResponse:Warning: Skipping Unknown console variable: 'UIScaleCurve = (EditorCurveData=(Keys=),ExternalCurve=None)'
[2015.07.12-19.11.29:510][  0]LogConsoleResponse:Warning:   Found in ini file 'C:/Users/N/Documents/GitHub/UnrealNeuroCar/Saved/Config/Windows/Engine.ini', in section '[/Script/Engine.RendererSettings]'
[2015.07.12-19.11.29:511][  0]LogInit: Selected Device Profile: [Windows]
[2015.07.12-19.11.29:511][  0]LogInit: Applying CVar settings loaded from the selected device profile: [Windows]
[2015.07.12-19.11.29:518][  0]LogInit: Computer: CATQUEEN
[2015.07.12-19.11.29:518][  0]LogInit: User: Kunkku
[2015.07.12-19.11.29:518][  0]LogInit: CPU Page size=4096, Cores=2
[2015.07.12-19.11.29:518][  0]LogInit: High frequency timer resolution =2.435777 MHz
[2015.07.12-19.11.29:518][  0]LogMemory: Memory total: Physical=7.9GB (8GB approx)
[2015.07.12-19.11.29:518][  0]LogMemory: Platform Memory Stats for Windows
[2015.07.12-19.11.29:518][  0]LogMemory: Process Physical Memory: 49.01 MB used, 49.01 MB peak
[2015.07.12-19.11.29:518][  0]LogMemory: Process Virtual Memory: 24.55 MB used, 24.55 MB peak
[2015.07.12-19.11.29:518][  0]LogMemory: Physical Memory: 4375.21 MB used, 8112.27 MB total
[2015.07.12-19.11.29:518][  0]LogMemory: Virtual Memory: 297.82 MB used, 134217728.00 MB total
[2015.07.12-19.11.29:551][  0]LogTextLocalizationManager: The requested culture ('fi_FI') has no localization data; falling back to 'en' for localization and internationalization data.
[2015.07.12-19.11.29:773][  0]LogTextLocalizationManager:Warning: Loaded localization resources contain conflicting entries for (Namespace:ContentBrowser, Key:ImportAssetToolTip):
Localization Resource: (C:/Program Files/Epic Games/4.8/Engine/Content/Localization/Editor/en/Editor.locres) Source String Hash: (-630476809) Localized String: (Import to {0}...)
Localization Resource: (C:/Program Files/Epic Games/4.8/Engine/Content/Localization/Editor/en/Editor.locres) Source String Hash: (1271782899) Localized String: (Imports an asset from file to this folder.)
[2015.07.12-19.11.30:247][  0]LogD3D11RHI: Found D3D11 adapter 0: Intel(R) HD Graphics 4600 (Feature Level 11_0)
[2015.07.12-19.11.30:247][  0]LogD3D11RHI: Adapter has 0MB of dedicated video memory, 0MB of dedicated system memory, and 1792MB of shared system memory, 1 output[s]
[2015.07.12-19.11.30:262][  0]LogD3D11RHI: Found D3D11 adapter 1: NVIDIA GeForce GT 740M (Feature Level 11_0)
[2015.07.12-19.11.30:262][  0]LogD3D11RHI: Adapter has 1994MB of dedicated video memory, 0MB of dedicated system memory, and 2048MB of shared system memory, 0 output[s]
[2015.07.12-19.11.30:263][  0]LogD3D11RHI: Found D3D11 adapter 2: Microsoft Basic Render Driver (Feature Level 11_0)
[2015.07.12-19.11.30:263][  0]LogD3D11RHI: Adapter has 0MB of dedicated video memory, 0MB of dedicated system memory, and 256MB of shared system memory, 0 output[s]
[2015.07.12-19.11.30:263][  0]LogD3D11RHI: Chosen D3D11 Adapter Id = 0
[2015.07.12-19.11.30:269][  0]LogRHI: Texture pool is 1361 MB (70% of 1945 MB)
[2015.07.12-19.11.30:281][  0]LogD3D11RHI: Async texture creation enabled
[2015.07.12-19.11.30:297][  0]LogShaderCompilers:Display: Using Local Shader Compiler.
[2015.07.12-19.11.31:215][  0]LogTemp:Display: Loaded TP DesktopTargetPlatform
[2015.07.12-19.11.31:229][  0]LogTemp:Display: Loaded TP WindowsClientTargetPlatform
[2015.07.12-19.11.31:243][  0]LogTemp:Display: Loaded TP WindowsNoEditorTargetPlatform
[2015.07.12-19.11.31:257][  0]LogTemp:Display: Loaded TP WindowsServerTargetPlatform
[2015.07.12-19.11.31:272][  0]LogTemp:Display: Loaded TP WindowsTargetPlatform
[2015.07.12-19.11.31:284][  0]LogTemp:Display: Loaded TP AndroidTargetPlatform
[2015.07.12-19.11.31:296][  0]LogTemp:Display: Loaded TP Android_ASTCTargetPlatform
[2015.07.12-19.11.31:308][  0]LogTemp:Display: Loaded TP Android_ATCTargetPlatform
[2015.07.12-19.11.31:320][  0]LogTemp:Display: Loaded TP Android_DXTTargetPlatform
[2015.07.12-19.11.31:332][  0]LogTemp:Display: Loaded TP Android_ETC1TargetPlatform
[2015.07.12-19.11.31:344][  0]LogTemp:Display: Loaded TP Android_ETC2TargetPlatform
[2015.07.12-19.11.31:356][  0]LogTemp:Display: Loaded TP Android_PVRTCTargetPlatform
[2015.07.12-19.11.31:402][  0]LogTemp:Display: Loaded TP IOSTargetPlatform
[2015.07.12-19.11.31:413][  0]LogTemp:Display: Loaded TP LinuxNoEditorTargetPlatform
[2015.07.12-19.11.31:425][  0]LogTemp:Display: Loaded TP LinuxServerTargetPlatform
[2015.07.12-19.11.31:439][  0]LogTemp:Display: Loaded TP LinuxTargetPlatform
[2015.07.12-19.11.31:439][  0]LogTargetPlatformManager:Display: Building Assets For Windows
[2015.07.12-19.11.31:631][  0]LogDerivedDataCache:Display: Max Cache Size: 512 MB
[2015.07.12-19.11.31:697][  0]LogDerivedDataCache: Loaded boot cache 0.07s 53MB C:/Users/N/AppData/Local/UnrealEngine/4.8/DerivedDataCache/Boot.ddc.
[2015.07.12-19.11.31:697][  0]LogDerivedDataCache:Display: Loaded Boot cache: C:/Users/N/AppData/Local/UnrealEngine/4.8/DerivedDataCache/Boot.ddc
[2015.07.12-19.11.31:697][  0]LogDerivedDataCache: FDerivedDataBackendGraph:  Pak pak cache file ../../../../../../Users/N/Documents/GitHub/UnrealNeuroCar/DerivedDataCache/DDC.ddp not found, will not use a pak cache.
[2015.07.12-19.11.31:697][  0]LogDerivedDataCache: Unable to find inner node Pak for hierarchical cache Hierarchy.
[2015.07.12-19.11.31:697][  0]LogDerivedDataCache: FDerivedDataBackendGraph:  CompressedPak pak cache file ../../../../../../Users/N/Documents/GitHub/UnrealNeuroCar/DerivedDataCache/Compressed.ddp not found, will not use a pak cache.
[2015.07.12-19.11.31:697][  0]LogDerivedDataCache: Unable to find inner node CompressedPak for hierarchical cache Hierarchy.
[2015.07.12-19.11.31:846][  0]LogDerivedDataCache:Display: Pak cache opened for reading ../../../Engine/DerivedDataCache/Compressed.ddp.
[2015.07.12-19.11.31:858][  0]LogDerivedDataCache: Using Local data cache path C:/Users/N/AppData/Local/UnrealEngine/Common/DerivedDataCache: Writable
[2015.07.12-19.11.32:056][  0]LogInit: Selected Device Profile: [Windows]
[2015.07.12-19.11.32:139][  0]ImportText (ComponentSweepMultiTests): Missing closing parenthesis: (RootShapeAsset="/Engine/BasicShapes/Cube.Cube",ShapeType="TriggerCapsule",HitResult=(Time=0.50,Location=(X=-100.000015,Y=0.0,Z=100.000015),ImpactPoint=(X=-50.0,Y=0.0,Z=50.0),Normal=(X=-1.0,Y=-0.0,Z=0.0),ImpactNormal=(X=0.0,Y=0.0,Z=1.0),TraceStart=(X=-200.0,Y=0.0,Z=200.0),TraceEnd=(X=0.0,Y=0.0,Z=0.0))
[2015.07.12-19.11.32:140][  0]ImportText (LineTraceSingleByChannelTests): Missing closing parenthesis: (RootShapeAsset="/Engine/BasicShapes/Cube.Cube",HitResult=(Time=0.50,Location=(X=-100.000015,Y=0.0,Z=100.000015),ImpactPoint=(X=-50.0,Y=0.0,Z=50.0),Normal=(X=-1.0,Y=-0.0,Z=0.0),ImpactNormal=(X=0.0,Y=0.0,Z=1.0),TraceStart=(X=-200.0,Y=0.0,Z=200.0),TraceEnd=(X=0.0,Y=0.0,Z=0.0))
[2015.07.12-19.11.32:165][  0]LogMeshUtilities: No automatic mesh reduction module available
[2015.07.12-19.11.32:165][  0]LogMeshUtilities: No automatic mesh merging module available
[2015.07.12-19.11.32:533][  0]LogInit: WinSock: version 1.1 (2.2), MaxSocks=32767, MaxUdp=65467
[2015.07.12-19.11.33:462][  0]UdpMessaging: Initializing bridge on interface 0.0.0.0:0 to multicast group 230.0.0.1:6666.
[2015.07.12-19.11.33:799][  0]SourceControl: Info Source control is disabled
[2015.07.12-19.11.33:865][  0]SourceControl: Info Source control is disabled
[2015.07.12-19.11.33:874][  0]SourceControl: Info Source control is disabled
[2015.07.12-19.11.33:883][  0]SourceControl: Info Source control is disabled
[2015.07.12-19.11.34:091][  0]LogObj: 26273 objects as part of root set at end of initial load.
[2015.07.12-19.11.34:091][  0]LogUObjectAllocator: 5409248 out of 0 bytes used by permanent object pool.
[2015.07.12-19.11.34:160][  0]LogEngine: Initializing Engine...
[2015.07.12-19.11.34:161][  0]LogHMD: Can't find Oculus library dev build: is proper Runtime installed? Version: 0.6.0.0
[2015.07.12-19.11.34:163][  0]LogHMD:Warning: SteamVR failed to initialize.  Error: 110
[2015.07.12-19.11.34:310][  0]LogAIModule: Creating AISystem for world NewWorld
[2015.07.12-19.11.34:313][  0]LogInit: XAudio2 using 'Speakers (Realtek High Definition Audio)' : 2 channels at 48 kHz using 32 bits per sample (channel mask 0x3)
[2015.07.12-19.11.34:332][  0]LogInit: FAudioDevice initialized.
[2015.07.12-19.11.34:363][  0]LogDerivedDataCache: Saved boot cache 0.03s 53MB C:/Users/N/AppData/Local/UnrealEngine/4.8/DerivedDataCache/Boot.ddc.
[2015.07.12-19.11.34:369][  0]LogInit: Texture streaming: Disabled
[2015.07.12-19.11.34:391][  0]LogAnalytics: Creating configured Analytics provider AnalyticsET
[2015.07.12-19.11.34:391][  0]LogAnalytics: [UEEditor.Rocket.Release] APIServer = http://et2.epicgames.com/ET2/. AppVersion = 4.8.1-2591939+++depot+UE4-Releases+4.8
[2015.07.12-19.11.34:391][  0]LogAnalytics: [UEEditor.Rocket.Release] SetUserId f7a881bb45b3b8b4de3a738428d93779|95bf3da099894b978f8fd396e7ebf43c|13d7fc3b-9b02-412c-b137-1d7c802280ff
[2015.07.12-19.11.34:391][  0]LogAnalytics: [UEEditor.Rocket.Release] AnalyticsET::StartSession
[2015.07.12-19.11.34:428][  0]LogInit: Transaction tracking system initialized
[2015.07.12-19.11.34:572][  0]BlueprintLog: New page: Editor Load
[2015.07.12-19.11.34:609][  0]LogAssetRegistry: FAssetRegistry took 0.0108 seconds to start up
[2015.07.12-19.11.34:609][  0]LogDirectoryWatcher:Warning: Failed to begin reading directory changes for ../../../Engine/Plugins/Experimental/CharacterAI/Content/. Error: 0
[2015.07.12-19.11.35:492][  0]LogConsoleManager:Warning: Console variable 'r.VSync' wasn't set ('GameSetting' has a lower priority than 'SystemSettingsIni')
[2015.07.12-19.11.35:493][  0]LogConsoleResponse:Display: 
[2015.07.12-19.11.35:624][  0]LogCook:Display: Done creating registry. It took  0.00s.
[2015.07.12-19.11.35:844][  0]SourceControl: Info Source control is disabled
[2015.07.12-19.11.35:845][  0]Cmd: MAP LOAD FILE="../../../../../../Users/N/Documents/GitHub/UnrealNeuroCar/Content/VehicleAdvBP/Maps/AdvancedVehicleExamplemap.umap" TEMPLATE=0 SHOWPROGRESS=1 FEATURELEVEL=3
[2015.07.12-19.11.35:845][  0]LightingResults: New page: Lighting Build
[2015.07.12-19.11.35:861][  0]MapCheck: New page: Map Check
[2015.07.12-19.11.35:861][  0]LightingResults: New page: Lighting Build
[2015.07.12-19.11.35:881][  0]LogParticles: Destroying 0 GPU particle simulations for FXSystem 0x000000A53341CB80
[2015.07.12-19.11.36:138][  0]LogLinker:Warning: Asset '../../../Engine/Content/Functions/Engine_MaterialFunctions02/Utility/CustomReflectionVector.uasset' has been saved with empty engine version. The asset will be loaded but may be incompatible.
[2015.07.12-19.11.36:392][  0]LogBlueprint:Warning: [compiler VehicleBlueprint] Warning  Set Text (String)  is deprecated; Use the SetText function taking an FText instead.
[2015.07.12-19.11.36:392][  0]LogBlueprint:Warning: [compiler VehicleBlueprint] Warning  Set Text (String)  is deprecated; Use the SetText function taking an FText instead.
[2015.07.12-19.11.36:402][  0]LogBlueprint:Warning: [compiler VehicleBlueprint] Warning [0008.24] Compile of VehicleBlueprint successful, but with 2 Warning(s) [in 53 ms]
[2015.07.12-19.11.36:403][  0]LogBlueprint:Warning: [compiler VehicleBlueprint] Warning [0008.24] Compile of VehicleBlueprint successful, but with 3 Warning(s) [in 0 ms]
[2015.07.12-19.11.36:403][  0]LogBlueprint:Warning: [compiler VehicleBlueprint] Warning [0008.24] Compile of VehicleBlueprint successful, but with 4 Warning(s) [in 0 ms]
[2015.07.12-19.11.36:516][  0]LogBlueprint:Warning: [compiler VehicleBlueprint] Warning  Set Text (String)  is deprecated; Use the SetText function taking an FText instead.
[2015.07.12-19.11.36:516][  0]LogBlueprint:Warning: [compiler VehicleBlueprint] Warning  Set Text (String)  is deprecated; Use the SetText function taking an FText instead.
[2015.07.12-19.11.36:529][  0]LogBlueprint:Warning: [compiler VehicleBlueprint] Warning [0008.37] Compile of VehicleBlueprint successful, but with 2 Warning(s) [in 60 ms]
[2015.07.12-19.11.36:530][  0]LogBlueprint:Warning: [compiler VehicleBlueprint] Warning [0008.37] Compile of VehicleBlueprint successful, but with 3 Warning(s) [in 0 ms]
[2015.07.12-19.11.38:070][  0]LogAIModule: Creating AISystem for world AdvancedVehicleExamplemap
[2015.07.12-19.11.38:076][  0]LogPhysics:Warning: PHYSX: ..\..\PhysXExtensions\src\ExtRigidBodyExt.cpp (217) 4 : computeMassAndInertia: Dynamic actor with illegal collision shapes
[2015.07.12-19.11.38:076][  0]LogPhysics:Warning: PHYSX: ..\..\PhysXExtensions\src\ExtRigidBodyExt.cpp (266) 4 : PxRigidBodyExt::updateMassAndInertia: Mass and inertia computation failed, setting mass to 1 and inertia to (1,1,1)
[2015.07.12-19.11.38:076][  0]LogPhysics:Warning: PHYSX: ..\..\PhysXExtensions\src\ExtRigidBodyExt.cpp (217) 4 : computeMassAndInertia: Dynamic actor with illegal collision shapes
[2015.07.12-19.11.38:076][  0]LogPhysics:Warning: PHYSX: ..\..\PhysXExtensions\src\ExtRigidBodyExt.cpp (266) 4 : PxRigidBodyExt::updateMassAndInertia: Mass and inertia computation failed, setting mass to 1 and inertia to (1,1,1)
[2015.07.12-19.11.38:076][  0]LogPhysics:Warning: PHYSX: ..\..\PhysXExtensions\src\ExtRigidBodyExt.cpp (217) 4 : computeMassAndInertia: Dynamic actor with illegal collision shapes
[2015.07.12-19.11.38:076][  0]LogPhysics:Warning: PHYSX: ..\..\PhysXExtensions\src\ExtRigidBodyExt.cpp (266) 4 : PxRigidBodyExt::updateMassAndInertia: Mass and inertia computation failed, setting mass to 1 and inertia to (1,1,1)
[2015.07.12-19.11.38:076][  0]LogPhysics:Warning: PHYSX: ..\..\PhysXExtensions\src\ExtRigidBodyExt.cpp (217) 4 : computeMassAndInertia: Dynamic actor with illegal collision shapes
[2015.07.12-19.11.38:076][  0]LogPhysics:Warning: PHYSX: ..\..\PhysXExtensions\src\ExtRigidBodyExt.cpp (266) 4 : PxRigidBodyExt::updateMassAndInertia: Mass and inertia computation failed, setting mass to 1 and inertia to (1,1,1)
[2015.07.12-19.11.38:077][  0]LogPhysics:Warning: PHYSX: ..\..\PhysXExtensions\src\ExtRigidBodyExt.cpp (217) 4 : computeMassAndInertia: Dynamic actor with illegal collision shapes
[2015.07.12-19.11.38:077][  0]LogPhysics:Warning: PHYSX: ..\..\PhysXExtensions\src\ExtRigidBodyExt.cpp (266) 4 : PxRigidBodyExt::updateMassAndInertia: Mass and inertia computation failed, setting mass to 1 and inertia to (1,1,1)
[2015.07.12-19.11.38:077][  0]LogPhysics:Warning: PHYSX: ..\..\PhysXExtensions\src\ExtRigidBodyExt.cpp (217) 4 : computeMassAndInertia: Dynamic actor with illegal collision shapes
[2015.07.12-19.11.38:077][  0]LogPhysics:Warning: PHYSX: ..\..\PhysXExtensions\src\ExtRigidBodyExt.cpp (266) 4 : PxRigidBodyExt::updateMassAndInertia: Mass and inertia computation failed, setting mass to 1 and inertia to (1,1,1)
[2015.07.12-19.11.38:077][  0]LogPhysics:Warning: PHYSX: ..\..\PhysXExtensions\src\ExtRigidBodyExt.cpp (217) 4 : computeMassAndInertia: Dynamic actor with illegal collision shapes
[2015.07.12-19.11.38:077][  0]LogPhysics:Warning: PHYSX: ..\..\PhysXExtensions\src\ExtRigidBodyExt.cpp (266) 4 : PxRigidBodyExt::updateMassAndInertia: Mass and inertia computation failed, setting mass to 1 and inertia to (1,1,1)
[2015.07.12-19.11.38:077][  0]LogPhysics:Warning: PHYSX: ..\..\PhysXExtensions\src\ExtRigidBodyExt.cpp (217) 4 : computeMassAndInertia: Dynamic actor with illegal collision shapes
[2015.07.12-19.11.38:077][  0]LogPhysics:Warning: PHYSX: ..\..\PhysXExtensions\src\ExtRigidBodyExt.cpp (266) 4 : PxRigidBodyExt::updateMassAndInertia: Mass and inertia computation failed, setting mass to 1 and inertia to (1,1,1)
[2015.07.12-19.11.38:077][  0]LogPhysics:Warning: PHYSX: ..\..\PhysXExtensions\src\ExtRigidBodyExt.cpp (217) 4 : computeMassAndInertia: Dynamic actor with illegal collision shapes
[2015.07.12-19.11.38:077][  0]LogPhysics:Warning: PHYSX: ..\..\PhysXExtensions\src\ExtRigidBodyExt.cpp (266) 4 : PxRigidBodyExt::updateMassAndInertia: Mass and inertia computation failed, setting mass to 1 and inertia to (1,1,1)
[2015.07.12-19.11.38:077][  0]LogPhysics:Warning: PHYSX: ..\..\PhysXExtensions\src\ExtRigidBodyExt.cpp (217) 4 : computeMassAndInertia: Dynamic actor with illegal collision shapes
[2015.07.12-19.11.38:077][  0]LogPhysics:Warning: PHYSX: ..\..\PhysXExtensions\src\ExtRigidBodyExt.cpp (266) 4 : PxRigidBodyExt::updateMassAndInertia: Mass and inertia computation failed, setting mass to 1 and inertia to (1,1,1)
[2015.07.12-19.11.38:077][  0]LogPhysics:Warning: PHYSX: ..\..\PhysXExtensions\src\ExtRigidBodyExt.cpp (217) 4 : computeMassAndInertia: Dynamic actor with illegal collision shapes
[2015.07.12-19.11.38:077][  0]LogPhysics:Warning: PHYSX: ..\..\PhysXExtensions\src\ExtRigidBodyExt.cpp (266) 4 : PxRigidBodyExt::updateMassAndInertia: Mass and inertia computation failed, setting mass to 1 and inertia to (1,1,1)
[2015.07.12-19.11.38:077][  0]LogPhysics:Warning: PHYSX: ..\..\PhysXExtensions\src\ExtRigidBodyExt.cpp (217) 4 : computeMassAndInertia: Dynamic actor with illegal collision shapes
[2015.07.12-19.11.38:077][  0]LogPhysics:Warning: PHYSX: ..\..\PhysXExtensions\src\ExtRigidBodyExt.cpp (266) 4 : PxRigidBodyExt::updateMassAndInertia: Mass and inertia computation failed, setting mass to 1 and inertia to (1,1,1)
[2015.07.12-19.11.38:077][  0]LogPhysics:Warning: PHYSX: ..\..\PhysXExtensions\src\ExtRigidBodyExt.cpp (217) 4 : computeMassAndInertia: Dynamic actor with illegal collision shapes
[2015.07.12-19.11.38:077][  0]LogPhysics:Warning: PHYSX: ..\..\PhysXExtensions\src\ExtRigidBodyExt.cpp (266) 4 : PxRigidBodyExt::updateMassAndInertia: Mass and inertia computation failed, setting mass to 1 and inertia to (1,1,1)
[2015.07.12-19.11.38:077][  0]LogPhysics:Warning: PHYSX: ..\..\PhysXExtensions\src\ExtRigidBodyExt.cpp (217) 4 : computeMassAndInertia: Dynamic actor with illegal collision shapes
[2015.07.12-19.11.38:077][  0]LogPhysics:Warning: PHYSX: ..\..\PhysXExtensions\src\ExtRigidBodyExt.cpp (266) 4 : PxRigidBodyExt::updateMassAndInertia: Mass and inertia computation failed, setting mass to 1 and inertia to (1,1,1)
[2015.07.12-19.11.38:078][  0]LogPhysics:Warning: PHYSX: ..\..\PhysXExtensions\src\ExtRigidBodyExt.cpp (217) 4 : computeMassAndInertia: Dynamic actor with illegal collision shapes
[2015.07.12-19.11.38:078][  0]LogPhysics:Warning: PHYSX: ..\..\PhysXExtensions\src\ExtRigidBodyExt.cpp (266) 4 : PxRigidBodyExt::updateMassAndInertia: Mass and inertia computation failed, setting mass to 1 and inertia to (1,1,1)
[2015.07.12-19.11.38:078][  0]LogPhysics:Warning: PHYSX: ..\..\PhysXExtensions\src\ExtRigidBodyExt.cpp (217) 4 : computeMassAndInertia: Dynamic actor with illegal collision shapes
[2015.07.12-19.11.38:078][  0]LogPhysics:Warning: PHYSX: ..\..\PhysXExtensions\src\ExtRigidBodyExt.cpp (266) 4 : PxRigidBodyExt::updateMassAndInertia: Mass and inertia computation failed, setting mass to 1 and inertia to (1,1,1)
[2015.07.12-19.11.38:078][  0]LogPhysics:Warning: PHYSX: ..\..\PhysXExtensions\src\ExtRigidBodyExt.cpp (217) 4 : computeMassAndInertia: Dynamic actor with illegal collision shapes
[2015.07.12-19.11.38:078][  0]LogPhysics:Warning: PHYSX: ..\..\PhysXExtensions\src\ExtRigidBodyExt.cpp (266) 4 : PxRigidBodyExt::updateMassAndInertia: Mass and inertia computation failed, setting mass to 1 and inertia to (1,1,1)
[2015.07.12-19.11.38:078][  0]LogPhysics:Warning: PHYSX: ..\..\PhysXExtensions\src\ExtRigidBodyExt.cpp (217) 4 : computeMassAndInertia: Dynamic actor with illegal collision shapes
[2015.07.12-19.11.38:078][  0]LogPhysics:Warning: PHYSX: ..\..\PhysXExtensions\src\ExtRigidBodyExt.cpp (266) 4 : PxRigidBodyExt::updateMassAndInertia: Mass and inertia computation failed, setting mass to 1 and inertia to (1,1,1)
[2015.07.12-19.11.38:078][  0]LogPhysics:Warning: PHYSX: ..\..\PhysXExtensions\src\ExtRigidBodyExt.cpp (217) 4 : computeMassAndInertia: Dynamic actor with illegal collision shapes
[2015.07.12-19.11.38:078][  0]LogPhysics:Warning: PHYSX: ..\..\PhysXExtensions\src\ExtRigidBodyExt.cpp (266) 4 : PxRigidBodyExt::updateMassAndInertia: Mass and inertia computation failed, setting mass to 1 and inertia to (1,1,1)
[2015.07.12-19.11.38:078][  0]LogPhysics:Warning: PHYSX: ..\..\PhysXExtensions\src\ExtRigidBodyExt.cpp (217) 4 : computeMassAndInertia: Dynamic actor with illegal collision shapes
[2015.07.12-19.11.38:078][  0]LogPhysics:Warning: PHYSX: ..\..\PhysXExtensions\src\ExtRigidBodyExt.cpp (266) 4 : PxRigidBodyExt::updateMassAndInertia: Mass and inertia computation failed, setting mass to 1 and inertia to (1,1,1)
[2015.07.12-19.11.38:078][  0]LogPhysics:Warning: PHYSX: ..\..\PhysXExtensions\src\ExtRigidBodyExt.cpp (217) 4 : computeMassAndInertia: Dynamic actor with illegal collision shapes
[2015.07.12-19.11.38:078][  0]LogPhysics:Warning: PHYSX: ..\..\PhysXExtensions\src\ExtRigidBodyExt.cpp (266) 4 : PxRigidBodyExt::updateMassAndInertia: Mass and inertia computation failed, setting mass to 1 and inertia to (1,1,1)
[2015.07.12-19.11.38:078][  0]LogPhysics:Warning: PHYSX: ..\..\PhysXExtensions\src\ExtRigidBodyExt.cpp (217) 4 : computeMassAndInertia: Dynamic actor with illegal collision shapes
[2015.07.12-19.11.38:078][  0]LogPhysics:Warning: PHYSX: ..\..\PhysXExtensions\src\ExtRigidBodyExt.cpp (266) 4 : PxRigidBodyExt::updateMassAndInertia: Mass and inertia computation failed, setting mass to 1 and inertia to (1,1,1)
[2015.07.12-19.11.38:078][  0]LogPhysics:Warning: PHYSX: ..\..\PhysXExtensions\src\ExtRigidBodyExt.cpp (217) 4 : computeMassAndInertia: Dynamic actor with illegal collision shapes
[2015.07.12-19.11.38:078][  0]LogPhysics:Warning: PHYSX: ..\..\PhysXExtensions\src\ExtRigidBodyExt.cpp (266) 4 : PxRigidBodyExt::updateMassAndInertia: Mass and inertia computation failed, setting mass to 1 and inertia to (1,1,1)
[2015.07.12-19.11.38:078][  0]LogPhysics:Warning: PHYSX: ..\..\PhysXExtensions\src\ExtRigidBodyExt.cpp (217) 4 : computeMassAndInertia: Dynamic actor with illegal collision shapes
[2015.07.12-19.11.38:078][  0]LogPhysics:Warning: PHYSX: ..\..\PhysXExtensions\src\ExtRigidBodyExt.cpp (266) 4 : PxRigidBodyExt::updateMassAndInertia: Mass and inertia computation failed, setting mass to 1 and inertia to (1,1,1)
[2015.07.12-19.11.38:079][  0]LogPhysics:Warning: PHYSX: ..\..\PhysXExtensions\src\ExtRigidBodyExt.cpp (217) 4 : computeMassAndInertia: Dynamic actor with illegal collision shapes
[2015.07.12-19.11.38:079][  0]LogPhysics:Warning: PHYSX: ..\..\PhysXExtensions\src\ExtRigidBodyExt.cpp (266) 4 : PxRigidBodyExt::updateMassAndInertia: Mass and inertia computation failed, setting mass to 1 and inertia to (1,1,1)
[2015.07.12-19.11.38:079][  0]LogPhysics:Warning: PHYSX: ..\..\PhysXExtensions\src\ExtRigidBodyExt.cpp (217) 4 : computeMassAndInertia: Dynamic actor with illegal collision shapes
[2015.07.12-19.11.38:079][  0]LogPhysics:Warning: PHYSX: ..\..\PhysXExtensions\src\ExtRigidBodyExt.cpp (266) 4 : PxRigidBodyExt::updateMassAndInertia: Mass and inertia computation failed, setting mass to 1 and inertia to (1,1,1)
[2015.07.12-19.11.38:118][  0]LogPhysics:Warning: PHYSX: ..\..\PhysXExtensions\src\ExtRigidBodyExt.cpp (217) 4 : computeMassAndInertia: Dynamic actor with illegal collision shapes
[2015.07.12-19.11.38:118][  0]LogPhysics:Warning: PHYSX: ..\..\PhysXExtensions\src\ExtRigidBodyExt.cpp (266) 4 : PxRigidBodyExt::updateMassAndInertia: Mass and inertia computation failed, setting mass to 1 and inertia to (1,1,1)
[2015.07.12-19.11.38:119][  0]LogPhysics:Warning: PHYSX: ..\..\PhysXExtensions\src\ExtRigidBodyExt.cpp (217) 4 : computeMassAndInertia: Dynamic actor with illegal collision shapes
[2015.07.12-19.11.38:119][  0]LogPhysics:Warning: PHYSX: ..\..\PhysXExtensions\src\ExtRigidBodyExt.cpp (266) 4 : PxRigidBodyExt::updateMassAndInertia: Mass and inertia computation failed, setting mass to 1 and inertia to (1,1,1)
[2015.07.12-19.11.38:119][  0]LogPhysics:Warning: PHYSX: ..\..\PhysXExtensions\src\ExtRigidBodyExt.cpp (217) 4 : computeMassAndInertia: Dynamic actor with illegal collision shapes
[2015.07.12-19.11.38:119][  0]LogPhysics:Warning: PHYSX: ..\..\PhysXExtensions\src\ExtRigidBodyExt.cpp (266) 4 : PxRigidBodyExt::updateMassAndInertia: Mass and inertia computation failed, setting mass to 1 and inertia to (1,1,1)
[2015.07.12-19.11.38:120][  0]LogPhysics:Warning: PHYSX: ..\..\PhysXExtensions\src\ExtRigidBodyExt.cpp (217) 4 : computeMassAndInertia: Dynamic actor with illegal collision shapes
[2015.07.12-19.11.38:120][  0]LogPhysics:Warning: PHYSX: ..\..\PhysXExtensions\src\ExtRigidBodyExt.cpp (266) 4 : PxRigidBodyExt::updateMassAndInertia: Mass and inertia computation failed, setting mass to 1 and inertia to (1,1,1)
[2015.07.12-19.11.38:121][  0]LogPhysics:Warning: PHYSX: ..\..\PhysXExtensions\src\ExtRigidBodyExt.cpp (217) 4 : computeMassAndInertia: Dynamic actor with illegal collision shapes
[2015.07.12-19.11.38:121][  0]LogPhysics:Warning: PHYSX: ..\..\PhysXExtensions\src\ExtRigidBodyExt.cpp (266) 4 : PxRigidBodyExt::updateMassAndInertia: Mass and inertia computation failed, setting mass to 1 and inertia to (1,1,1)
[2015.07.12-19.11.38:121][  0]LogPhysics:Warning: PHYSX: ..\..\PhysXExtensions\src\ExtRigidBodyExt.cpp (217) 4 : computeMassAndInertia: Dynamic actor with illegal collision shapes
[2015.07.12-19.11.38:121][  0]LogPhysics:Warning: PHYSX: ..\..\PhysXExtensions\src\ExtRigidBodyExt.cpp (266) 4 : PxRigidBodyExt::updateMassAndInertia: Mass and inertia computation failed, setting mass to 1 and inertia to (1,1,1)
[2015.07.12-19.11.38:122][  0]LogPhysics:Warning: PHYSX: ..\..\PhysXExtensions\src\ExtRigidBodyExt.cpp (217) 4 : computeMassAndInertia: Dynamic actor with illegal collision shapes
[2015.07.12-19.11.38:122][  0]LogPhysics:Warning: PHYSX: ..\..\PhysXExtensions\src\ExtRigidBodyExt.cpp (266) 4 : PxRigidBodyExt::updateMassAndInertia: Mass and inertia computation failed, setting mass to 1 and inertia to (1,1,1)
[2015.07.12-19.11.38:123][  0]LogPhysics:Warning: PHYSX: ..\..\PhysXExtensions\src\ExtRigidBodyExt.cpp (217) 4 : computeMassAndInertia: Dynamic actor with illegal collision shapes
[2015.07.12-19.11.38:123][  0]LogPhysics:Warning: PHYSX: ..\..\PhysXExtensions\src\ExtRigidBodyExt.cpp (266) 4 : PxRigidBodyExt::updateMassAndInertia: Mass and inertia computation failed, setting mass to 1 and inertia to (1,1,1)
[2015.07.12-19.11.38:123][  0]LogPhysics:Warning: PHYSX: ..\..\PhysXExtensions\src\ExtRigidBodyExt.cpp (217) 4 : computeMassAndInertia: Dynamic actor with illegal collision shapes
[2015.07.12-19.11.38:123][  0]LogPhysics:Warning: PHYSX: ..\..\PhysXExtensions\src\ExtRigidBodyExt.cpp (266) 4 : PxRigidBodyExt::updateMassAndInertia: Mass and inertia computation failed, setting mass to 1 and inertia to (1,1,1)
[2015.07.12-19.11.38:124][  0]LogPhysics:Warning: PHYSX: ..\..\PhysXExtensions\src\ExtRigidBodyExt.cpp (217) 4 : computeMassAndInertia: Dynamic actor with illegal collision shapes
[2015.07.12-19.11.38:124][  0]LogPhysics:Warning: PHYSX: ..\..\PhysXExtensions\src\ExtRigidBodyExt.cpp (266) 4 : PxRigidBodyExt::updateMassAndInertia: Mass and inertia computation failed, setting mass to 1 and inertia to (1,1,1)
[2015.07.12-19.11.38:125][  0]LogPhysics:Warning: PHYSX: ..\..\PhysXExtensions\src\ExtRigidBodyExt.cpp (217) 4 : computeMassAndInertia: Dynamic actor with illegal collision shapes
[2015.07.12-19.11.38:125][  0]LogPhysics:Warning: PHYSX: ..\..\PhysXExtensions\src\ExtRigidBodyExt.cpp (266) 4 : PxRigidBodyExt::updateMassAndInertia: Mass and inertia computation failed, setting mass to 1 and inertia to (1,1,1)
[2015.07.12-19.11.38:125][  0]LogPhysics:Warning: PHYSX: ..\..\PhysXExtensions\src\ExtRigidBodyExt.cpp (217) 4 : computeMassAndInertia: Dynamic actor with illegal collision shapes
[2015.07.12-19.11.38:125][  0]LogPhysics:Warning: PHYSX: ..\..\PhysXExtensions\src\ExtRigidBodyExt.cpp (266) 4 : PxRigidBodyExt::updateMassAndInertia: Mass and inertia computation failed, setting mass to 1 and inertia to (1,1,1)
[2015.07.12-19.11.38:126][  0]LogPhysics:Warning: PHYSX: ..\..\PhysXExtensions\src\ExtRigidBodyExt.cpp (217) 4 : computeMassAndInertia: Dynamic actor with illegal collision shapes
[2015.07.12-19.11.38:126][  0]LogPhysics:Warning: PHYSX: ..\..\PhysXExtensions\src\ExtRigidBodyExt.cpp (266) 4 : PxRigidBodyExt::updateMassAndInertia: Mass and inertia computation failed, setting mass to 1 and inertia to (1,1,1)
[2015.07.12-19.11.38:126][  0]LogPhysics:Warning: PHYSX: ..\..\PhysXExtensions\src\ExtRigidBodyExt.cpp (217) 4 : computeMassAndInertia: Dynamic actor with illegal collision shapes
[2015.07.12-19.11.38:126][  0]LogPhysics:Warning: PHYSX: ..\..\PhysXExtensions\src\ExtRigidBodyExt.cpp (266) 4 : PxRigidBodyExt::updateMassAndInertia: Mass and inertia computation failed, setting mass to 1 and inertia to (1,1,1)
[2015.07.12-19.11.38:127][  0]LogPhysics:Warning: PHYSX: ..\..\PhysXExtensions\src\ExtRigidBodyExt.cpp (217) 4 : computeMassAndInertia: Dynamic actor with illegal collision shapes
[2015.07.12-19.11.38:127][  0]LogPhysics:Warning: PHYSX: ..\..\PhysXExtensions\src\ExtRigidBodyExt.cpp (266) 4 : PxRigidBodyExt::updateMassAndInertia: Mass and inertia computation failed, setting mass to 1 and inertia to (1,1,1)
[2015.07.12-19.11.38:128][  0]LogPhysics:Warning: PHYSX: ..\..\PhysXExtensions\src\ExtRigidBodyExt.cpp (217) 4 : computeMassAndInertia: Dynamic actor with illegal collision shapes
[2015.07.12-19.11.38:128][  0]LogPhysics:Warning: PHYSX: ..\..\PhysXExtensions\src\ExtRigidBodyExt.cpp (266) 4 : PxRigidBodyExt::updateMassAndInertia: Mass and inertia computation failed, setting mass to 1 and inertia to (1,1,1)
[2015.07.12-19.11.38:128][  0]LogPhysics:Warning: PHYSX: ..\..\PhysXExtensions\src\ExtRigidBodyExt.cpp (217) 4 : computeMassAndInertia: Dynamic actor with illegal collision shapes
[2015.07.12-19.11.38:128][  0]LogPhysics:Warning: PHYSX: ..\..\PhysXExtensions\src\ExtRigidBodyExt.cpp (266) 4 : PxRigidBodyExt::updateMassAndInertia: Mass and inertia computation failed, setting mass to 1 and inertia to (1,1,1)
[2015.07.12-19.11.38:129][  0]LogPhysics:Warning: PHYSX: ..\..\PhysXExtensions\src\ExtRigidBodyExt.cpp (217) 4 : computeMassAndInertia: Dynamic actor with illegal collision shapes
[2015.07.12-19.11.38:129][  0]LogPhysics:Warning: PHYSX: ..\..\PhysXExtensions\src\ExtRigidBodyExt.cpp (266) 4 : PxRigidBodyExt::updateMassAndInertia: Mass and inertia computation failed, setting mass to 1 and inertia to (1,1,1)
[2015.07.12-19.11.38:129][  0]LogPhysics:Warning: PHYSX: ..\..\PhysXExtensions\src\ExtRigidBodyExt.cpp (217) 4 : computeMassAndInertia: Dynamic actor with illegal collision shapes
[2015.07.12-19.11.38:129][  0]LogPhysics:Warning: PHYSX: ..\..\PhysXExtensions\src\ExtRigidBodyExt.cpp (266) 4 : PxRigidBodyExt::updateMassAndInertia: Mass and inertia computation failed, setting mass to 1 and inertia to (1,1,1)
[2015.07.12-19.11.38:130][  0]LogPhysics:Warning: PHYSX: ..\..\PhysXExtensions\src\ExtRigidBodyExt.cpp (217) 4 : computeMassAndInertia: Dynamic actor with illegal collision shapes
[2015.07.12-19.11.38:130][  0]LogPhysics:Warning: PHYSX: ..\..\PhysXExtensions\src\ExtRigidBodyExt.cpp (266) 4 : PxRigidBodyExt::updateMassAndInertia: Mass and inertia computation failed, setting mass to 1 and inertia to (1,1,1)
[2015.07.12-19.11.38:131][  0]LogPhysics:Warning: PHYSX: ..\..\PhysXExtensions\src\ExtRigidBodyExt.cpp (217) 4 : computeMassAndInertia: Dynamic actor with illegal collision shapes
[2015.07.12-19.11.38:131][  0]LogPhysics:Warning: PHYSX: ..\..\PhysXExtensions\src\ExtRigidBodyExt.cpp (266) 4 : PxRigidBodyExt::updateMassAndInertia: Mass and inertia computation failed, setting mass to 1 and inertia to (1,1,1)
[2015.07.12-19.11.38:131][  0]LogPhysics:Warning: PHYSX: ..\..\PhysXExtensions\src\ExtRigidBodyExt.cpp (217) 4 : computeMassAndInertia: Dynamic actor with illegal collision shapes
[2015.07.12-19.11.38:131][  0]LogPhysics:Warning: PHYSX: ..\..\PhysXExtensions\src\ExtRigidBodyExt.cpp (266) 4 : PxRigidBodyExt::updateMassAndInertia: Mass and inertia computation failed, setting mass to 1 and inertia to (1,1,1)
[2015.07.12-19.11.38:132][  0]LogPhysics:Warning: PHYSX: ..\..\PhysXExtensions\src\ExtRigidBodyExt.cpp (217) 4 : computeMassAndInertia: Dynamic actor with illegal collision shapes
[2015.07.12-19.11.38:132][  0]LogPhysics:Warning: PHYSX: ..\..\PhysXExtensions\src\ExtRigidBodyExt.cpp (266) 4 : PxRigidBodyExt::updateMassAndInertia: Mass and inertia computation failed, setting mass to 1 and inertia to (1,1,1)
[2015.07.12-19.11.38:132][  0]LogPhysics:Warning: PHYSX: ..\..\PhysXExtensions\src\ExtRigidBodyExt.cpp (217) 4 : computeMassAndInertia: Dynamic actor with illegal collision shapes
[2015.07.12-19.11.38:132][  0]LogPhysics:Warning: PHYSX: ..\..\PhysXExtensions\src\ExtRigidBodyExt.cpp (266) 4 : PxRigidBodyExt::updateMassAndInertia: Mass and inertia computation failed, setting mass to 1 and inertia to (1,1,1)
[2015.07.12-19.11.38:133][  0]LogPhysics:Warning: PHYSX: ..\..\PhysXExtensions\src\ExtRigidBodyExt.cpp (217) 4 : computeMassAndInertia: Dynamic actor with illegal collision shapes
[2015.07.12-19.11.38:133][  0]LogPhysics:Warning: PHYSX: ..\..\PhysXExtensions\src\ExtRigidBodyExt.cpp (266) 4 : PxRigidBodyExt::updateMassAndInertia: Mass and inertia computation failed, setting mass to 1 and inertia to (1,1,1)
[2015.07.12-19.11.38:134][  0]LogPhysics:Warning: PHYSX: ..\..\PhysXExtensions\src\ExtRigidBodyExt.cpp (217) 4 : computeMassAndInertia: Dynamic actor with illegal collision shapes
[2015.07.12-19.11.38:134][  0]LogPhysics:Warning: PHYSX: ..\..\PhysXExtensions\src\ExtRigidBodyExt.cpp (266) 4 : PxRigidBodyExt::updateMassAndInertia: Mass and inertia computation failed, setting mass to 1 and inertia to (1,1,1)
[2015.07.12-19.11.38:136][  0]LogEditorServer: Finished looking for orphan Actors (0.000 secs)
[2015.07.12-19.11.38:293][  0]Cmd: MAP CHECKDEP NOCLEARLOG
[2015.07.12-19.11.38:344][  0]MapCheck: Info Map check complete: 0 Error(s), 0 Warning(s), took 50.665ms to complete.
[2015.07.12-19.11.38:344][  0]LogFileHelpers: Loading map 'AdvancedVehicleExamplemap' took 2.500
[2015.07.12-19.11.38:538][  0]LogCollectionManager: Loaded 0 collections in 0.001931 seconds
[2015.07.12-19.11.38:544][  0]LogContentBrowser: Native class hierarchy populated in 0.0068 seconds. Added 1792 classes and 301 folders.
[2015.07.12-19.11.38:583][  0]LogContentBrowser: Native class hierarchy updated for 'WidgetCarousel' in 0.0003 seconds. Added 0 classes and 0 folders.
[2015.07.12-19.11.38:610][  0]LogContentBrowser: Native class hierarchy updated for 'AddContentDialog' in 0.0003 seconds. Added 0 classes and 0 folders.
[2015.07.12-19.11.38:625][  0]LogContentBrowser: Native class hierarchy updated for 'SceneOutliner' in 0.0005 seconds. Added 1 classes and 2 folders.
[2015.07.12-19.11.38:660][  0]LogCrashTracker: Crashtracker disabled due to settings.
[2015.07.12-19.11.38:664][  0]LogUObjectGlobals:Warning: Failed to find object 'Class None.'
[2015.07.12-19.11.38:686][  0]LogLoad: Full Startup: 10.53 seconds (BP compile: 0.72 seconds)
[2015.07.12-19.11.38:774][  0]LogContentStreaming: Texture pool size is 0.000000MB
[2015.07.12-19.11.38:890][  0]LogContentStreaming: Texture pool size now 400 MB
[2015.07.12-19.11.39:059][  0]LogRenderer: Reallocating scene render targets to support 1272x448 (Frame:2).
[2015.07.12-19.11.39:146][  1]Cmd: UpdateLandscapeEditorData -warnings
[2015.07.12-19.11.39:147][  1]Cmd: UpdateLandscapeEditorData
[2015.07.12-19.11.39:205][  1]LogMaterial: Missing cached shader map for material Material_0, compiling. 
[2015.07.12-19.11.39:355][  2]LogMaterial: Missing cached shader map for material Material_1, compiling. 
[2015.07.12-19.11.39:460][  3]LogMaterial: Missing cached shader map for material Material_2, compiling. 
[2015.07.12-19.11.39:953][ 12]LogAssetRegistry: Asset discovery search completed in 5.3559 seconds
[2015.07.12-19.11.49:266][330]LogRenderer: Reallocating scene render targets to support 1272x576 (Frame:331).
[2015.07.12-19.11.55:603][525]LogEditorViewport: Clicking on Actor (LMB): Landscape (Landscape1)
[2015.07.12-19.12.00:008][658]LogMaterial: 0.001117 seconds spent updating 1 materials, 1 interfaces, 0 instances, 0 with static permutations.
[2015.07.12-19.12.00:036][659]Cmd: UpdateLandscapeEditorData
[2015.07.12-19.12.00:037][659]Cmd: UpdateLandscapeMIC
[2015.07.12-19.12.11:319][967]LogEditorViewport: Clicking on Actor (LMB): StaticMeshActor (Floor_400x400)
[2015.07.12-19.12.43:133][886]Cmd: OBJ SAVEPACKAGE PACKAGE="/Game/Assets/Terrain/I_Landscape_MossyRock" FILE="../../../../../../Users/N/Documents/GitHub/UnrealNeuroCar/Content/Assets/Terrain/I_Landscape_MossyRock.uasset" SILENT=true
[2015.07.12-19.12.43:146][886]LogSavePackage: Save=12.174760ms
[2015.07.12-19.12.43:147][886]LogSavePackage: Moving '../../../../../../Users/N/Documents/GitHub/UnrealNeuroCar/Saved/I_Landscape_MossyRock3484D25F453AB1C6B3CF8FAD7650B150.tmp' to '../../../../../../Users/N/Documents/GitHub/UnrealNeuroCar/Content/Assets/Terrain/I_Landscape_MossyRock.uasset'
[2015.07.12-19.12.43:201][886]Cmd: OBJ SAVEPACKAGE PACKAGE="/Game/Assets/Terrain/M_Landscape_MossyRock" FILE="../../../../../../Users/N/Documents/GitHub/UnrealNeuroCar/Content/Assets/Terrain/M_Landscape_MossyRock.uasset" SILENT=true
[2015.07.12-19.12.43:219][886]LogSavePackage: Save=16.351250ms
[2015.07.12-19.12.43:219][886]LogSavePackage: Moving '../../../../../../Users/N/Documents/GitHub/UnrealNeuroCar/Saved/M_Landscape_MossyRock2F9D058841CD551FD2BDFE906D3AAEAD.tmp' to '../../../../../../Users/N/Documents/GitHub/UnrealNeuroCar/Content/Assets/Terrain/M_Landscape_MossyRock.uasset'
[2015.07.12-19.12.43:240][886]Cmd: OBJ SAVEPACKAGE PACKAGE="/Game/Assets/Terrain/mossystone" FILE="../../../../../../Users/N/Documents/GitHub/UnrealNeuroCar/Content/Assets/Terrain/mossystone.uasset" SILENT=true
[2015.07.12-19.12.43:698][886]LogSavePackage: Save=456.743378ms
[2015.07.12-19.12.43:698][886]LogSavePackage: Moving '../../../../../../Users/N/Documents/GitHub/UnrealNeuroCar/Saved/mossystoneF94107174935C0B5A448C68648D0B388.tmp' to '../../../../../../Users/N/Documents/GitHub/UnrealNeuroCar/Content/Assets/Terrain/mossystone.uasset'
[2015.07.12-19.12.43:718][886]Cmd: OBJ SAVEPACKAGE PACKAGE="/Game/Assets/Terrain/Rock_T" FILE="../../../../../../Users/N/Documents/GitHub/UnrealNeuroCar/Content/Assets/Terrain/Rock_T.uasset" SILENT=true
[2015.07.12-19.12.43:816][886]LogSavePackage: Save=96.539627ms
[2015.07.12-19.12.43:816][886]LogSavePackage: Moving '../../../../../../Users/N/Documents/GitHub/UnrealNeuroCar/Saved/Rock_T5C2A415442D843E4BB019EB2C92E2FBC.tmp' to '../../../../../../Users/N/Documents/GitHub/UnrealNeuroCar/Content/Assets/Terrain/Rock_T.uasset'
[2015.07.12-19.12.43:840][886]Cmd: OBJ SAVEPACKAGE PACKAGE="/Game/Assets/Terrain/T_Ground_Grass_D" FILE="../../../../../../Users/N/Documents/GitHub/UnrealNeuroCar/Content/Assets/Terrain/T_Ground_Grass_D.uasset" SILENT=true
[2015.07.12-19.12.44:313][886]LogSavePackage: Save=472.325684ms
[2015.07.12-19.12.44:313][886]LogSavePackage: Moving '../../../../../../Users/N/Documents/GitHub/UnrealNeuroCar/Saved/T_Ground_Grass_D1FE5C4C04D36E1B4737AA29BFC4E4AA9.tmp' to '../../../../../../Users/N/Documents/GitHub/UnrealNeuroCar/Content/Assets/Terrain/T_Ground_Grass_D.uasset'
[2015.07.12-19.12.44:333][886]Cmd: OBJ SAVEPACKAGE PACKAGE="/Game/Assets/Terrain/T_Ground_Grass_N" FILE="../../../../../../Users/N/Documents/GitHub/UnrealNeuroCar/Content/Assets/Terrain/T_Ground_Grass_N.uasset" SILENT=true
[2015.07.12-19.12.44:770][886]LogSavePackage: Save=434.701935ms
[2015.07.12-19.12.44:770][886]LogSavePackage: Moving '../../../../../../Users/N/Documents/GitHub/UnrealNeuroCar/Saved/T_Ground_Grass_N17A5B56143B55709944E11A667FE386A.tmp' to '../../../../../../Users/N/Documents/GitHub/UnrealNeuroCar/Content/Assets/Terrain/T_Ground_Grass_N.uasset'
[2015.07.12-19.12.44:789][886]Cmd: OBJ SAVEPACKAGE PACKAGE="/Game/Assets/Terrain/T_Ground_Grass_R" FILE="../../../../../../Users/N/Documents/GitHub/UnrealNeuroCar/Content/Assets/Terrain/T_Ground_Grass_R.uasset" SILENT=true
[2015.07.12-19.12.44:982][886]LogSavePackage: Save=192.457275ms
[2015.07.12-19.12.44:982][886]LogSavePackage: Moving '../../../../../../Users/N/Documents/GitHub/UnrealNeuroCar/Saved/T_Ground_Grass_R975C3CB34BAD19172919BAB5AA5B4701.tmp' to '../../../../../../Users/N/Documents/GitHub/UnrealNeuroCar/Content/Assets/Terrain/T_Ground_Grass_R.uasset'
[2015.07.12-19.12.45:004][886]Cmd: OBJ SAVEPACKAGE PACKAGE="/Game/Assets/Terrain/T_Rock_Basalt_D2" FILE="../../../../../../Users/N/Documents/GitHub/UnrealNeuroCar/Content/Assets/Terrain/T_Rock_Basalt_D2.uasset" SILENT=true
[2015.07.12-19.12.45:361][886]LogSavePackage: Save=355.671326ms
[2015.07.12-19.12.45:361][886]LogSavePackage: Moving '../../../../../../Users/N/Documents/GitHub/UnrealNeuroCar/Saved/T_Rock_Basalt_D29742AD814076950C54E2928CA260C853.tmp' to '../../../../../../Users/N/Documents/GitHub/UnrealNeuroCar/Content/Assets/Terrain/T_Rock_Basalt_D2.uasset'
[2015.07.12-19.12.45:381][886]Cmd: OBJ SAVEPACKAGE PACKAGE="/Game/Assets/Terrain/T_Rock_Basalt_N" FILE="../../../../../../Users/N/Documents/GitHub/UnrealNeuroCar/Content/Assets/Terrain/T_Rock_Basalt_N.uasset" SILENT=true
[2015.07.12-19.12.45:672][886]LogSavePackage: Save=288.745239ms
[2015.07.12-19.12.45:672][886]LogSavePackage: Moving '../../../../../../Users/N/Documents/GitHub/UnrealNeuroCar/Saved/T_Rock_Basalt_N073FB86F4E660630521911811DD271F3.tmp' to '../../../../../../Users/N/Documents/GitHub/UnrealNeuroCar/Content/Assets/Terrain/T_Rock_Basalt_N.uasset'
[2015.07.12-19.12.45:695][886]Cmd: OBJ SAVEPACKAGE PACKAGE="/Game/Assets/Terrain/test" FILE="../../../../../../Users/N/Documents/GitHub/UnrealNeuroCar/Content/Assets/Terrain/test.uasset" SILENT=true
[2015.07.12-19.12.45:708][886]LogSavePackage: Save=12.365253ms
[2015.07.12-19.12.45:708][886]LogSavePackage: Moving '../../../../../../Users/N/Documents/GitHub/UnrealNeuroCar/Saved/test47FA63A343CA85BBCA57B8825674C733.tmp' to '../../../../../../Users/N/Documents/GitHub/UnrealNeuroCar/Content/Assets/Terrain/test.uasset'
[2015.07.12-19.12.45:727][886]Cmd: OBJ SAVEPACKAGE PACKAGE="/Game/Assets/Terrain/T_Rock_Basalt_R" FILE="../../../../../../Users/N/Documents/GitHub/UnrealNeuroCar/Content/Assets/Terrain/T_Rock_Basalt_R.uasset" SILENT=true
[2015.07.12-19.12.45:924][886]LogSavePackage: Save=195.857834ms
[2015.07.12-19.12.45:924][886]LogSavePackage: Moving '../../../../../../Users/N/Documents/GitHub/UnrealNeuroCar/Saved/T_Rock_Basalt_RA1A811D74232E739D651A4906E77AFF0.tmp' to '../../../../../../Users/N/Documents/GitHub/UnrealNeuroCar/Content/Assets/Terrain/T_Rock_Basalt_R.uasset'
[2015.07.12-19.12.46:280][886]LogParticles: Destroying 0 GPU particle simulations for FXSystem 0x000000A5408FD3A0
[2015.07.12-19.12.54:912][122]LogPlayLevel: PIE:  No blueprints needed recompiling
[2015.07.12-19.12.54:916][122]PIE: New page: PIE session: AdvancedVehicleExamplemap (Jul 13, 2015, 1:12:54 AM)
[2015.07.12-19.12.54:917][122]LogPlayLevel: Creating play world package: /Game/VehicleAdvBP/Maps/UEDPIE_0_AdvancedVehicleExamplemap
[2015.07.12-19.12.55:009][122]LogPlayLevel: PIE: StaticDuplicateObject took: (0.092081s)
[2015.07.12-19.12.55:010][122]LogAIModule: Creating AISystem for world AdvancedVehicleExamplemap
[2015.07.12-19.12.55:012][122]LogPlayLevel: PIE: World Init took: (0.002909s)
[2015.07.12-19.12.55:012][122]LogPlayLevel: PIE: Created PIE world by copying editor world from /Game/VehicleAdvBP/Maps/AdvancedVehicleExamplemap.AdvancedVehicleExamplemap to /Game/VehicleAdvBP/Maps/UEDPIE_0_AdvancedVehicleExamplemap.AdvancedVehicleExamplemap (0.095517s)
[2015.07.12-19.12.55:063][122]LogInit: XAudio2 using 'Speakers (Realtek High Definition Audio)' : 2 channels at 48 kHz using 32 bits per sample (channel mask 0x3)
[2015.07.12-19.12.55:076][122]LogInit: FAudioDevice initialized.
[2015.07.12-19.12.55:136][122]LogWorld: Game class is 'VehicleAdvGameMode_C'
[2015.07.12-19.12.55:145][122]LogPhysics:Warning: PHYSX: ..\..\PhysXExtensions\src\ExtRigidBodyExt.cpp (217) 4 : computeMassAndInertia: Dynamic actor with illegal collision shapes
[2015.07.12-19.12.55:145][122]LogPhysics:Warning: PHYSX: ..\..\PhysXExtensions\src\ExtRigidBodyExt.cpp (266) 4 : PxRigidBodyExt::updateMassAndInertia: Mass and inertia computation failed, setting mass to 1 and inertia to (1,1,1)
[2015.07.12-19.12.55:145][122]LogPhysics:Warning: PHYSX: ..\..\PhysXExtensions\src\ExtRigidBodyExt.cpp (217) 4 : computeMassAndInertia: Dynamic actor with illegal collision shapes
[2015.07.12-19.12.55:145][122]LogPhysics:Warning: PHYSX: ..\..\PhysXExtensions\src\ExtRigidBodyExt.cpp (266) 4 : PxRigidBodyExt::updateMassAndInertia: Mass and inertia computation failed, setting mass to 1 and inertia to (1,1,1)
[2015.07.12-19.12.55:145][122]LogPhysics:Warning: PHYSX: ..\..\PhysXExtensions\src\ExtRigidBodyExt.cpp (217) 4 : computeMassAndInertia: Dynamic actor with illegal collision shapes
[2015.07.12-19.12.55:146][122]LogPhysics:Warning: PHYSX: ..\..\PhysXExtensions\src\ExtRigidBodyExt.cpp (266) 4 : PxRigidBodyExt::updateMassAndInertia: Mass and inertia computation failed, setting mass to 1 and inertia to (1,1,1)
[2015.07.12-19.12.55:146][122]LogPhysics:Warning: PHYSX: ..\..\PhysXExtensions\src\ExtRigidBodyExt.cpp (217) 4 : computeMassAndInertia: Dynamic actor with illegal collision shapes
[2015.07.12-19.12.55:146][122]LogPhysics:Warning: PHYSX: ..\..\PhysXExtensions\src\ExtRigidBodyExt.cpp (266) 4 : PxRigidBodyExt::updateMassAndInertia: Mass and inertia computation failed, setting mass to 1 and inertia to (1,1,1)
[2015.07.12-19.12.55:146][122]LogPhysics:Warning: PHYSX: ..\..\PhysXExtensions\src\ExtRigidBodyExt.cpp (217) 4 : computeMassAndInertia: Dynamic actor with illegal collision shapes
[2015.07.12-19.12.55:146][122]LogPhysics:Warning: PHYSX: ..\..\PhysXExtensions\src\ExtRigidBodyExt.cpp (266) 4 : PxRigidBodyExt::updateMassAndInertia: Mass and inertia computation failed, setting mass to 1 and inertia to (1,1,1)
[2015.07.12-19.12.55:147][122]LogPhysics:Warning: PHYSX: ..\..\PhysXExtensions\src\ExtRigidBodyExt.cpp (217) 4 : computeMassAndInertia: Dynamic actor with illegal collision shapes
[2015.07.12-19.12.55:147][122]LogPhysics:Warning: PHYSX: ..\..\PhysXExtensions\src\ExtRigidBodyExt.cpp (266) 4 : PxRigidBodyExt::updateMassAndInertia: Mass and inertia computation failed, setting mass to 1 and inertia to (1,1,1)
[2015.07.12-19.12.55:147][122]LogPhysics:Warning: PHYSX: ..\..\PhysXExtensions\src\ExtRigidBodyExt.cpp (217) 4 : computeMassAndInertia: Dynamic actor with illegal collision shapes
[2015.07.12-19.12.55:147][122]LogPhysics:Warning: PHYSX: ..\..\PhysXExtensions\src\ExtRigidBodyExt.cpp (266) 4 : PxRigidBodyExt::updateMassAndInertia: Mass and inertia computation failed, setting mass to 1 and inertia to (1,1,1)
[2015.07.12-19.12.55:147][122]LogPhysics:Warning: PHYSX: ..\..\PhysXExtensions\src\ExtRigidBodyExt.cpp (217) 4 : computeMassAndInertia: Dynamic actor with illegal collision shapes
[2015.07.12-19.12.55:147][122]LogPhysics:Warning: PHYSX: ..\..\PhysXExtensions\src\ExtRigidBodyExt.cpp (266) 4 : PxRigidBodyExt::updateMassAndInertia: Mass and inertia computation failed, setting mass to 1 and inertia to (1,1,1)
[2015.07.12-19.12.55:148][122]LogPhysics:Warning: PHYSX: ..\..\PhysXExtensions\src\ExtRigidBodyExt.cpp (217) 4 : computeMassAndInertia: Dynamic actor with illegal collision shapes
[2015.07.12-19.12.55:148][122]LogPhysics:Warning: PHYSX: ..\..\PhysXExtensions\src\ExtRigidBodyExt.cpp (266) 4 : PxRigidBodyExt::updateMassAndInertia: Mass and inertia computation failed, setting mass to 1 and inertia to (1,1,1)
[2015.07.12-19.12.55:148][122]LogPhysics:Warning: PHYSX: ..\..\PhysXExtensions\src\ExtRigidBodyExt.cpp (217) 4 : computeMassAndInertia: Dynamic actor with illegal collision shapes
[2015.07.12-19.12.55:148][122]LogPhysics:Warning: PHYSX: ..\..\PhysXExtensions\src\ExtRigidBodyExt.cpp (266) 4 : PxRigidBodyExt::updateMassAndInertia: Mass and inertia computation failed, setting mass to 1 and inertia to (1,1,1)
[2015.07.12-19.12.55:148][122]LogPhysics:Warning: PHYSX: ..\..\PhysXExtensions\src\ExtRigidBodyExt.cpp (217) 4 : computeMassAndInertia: Dynamic actor with illegal collision shapes
[2015.07.12-19.12.55:148][122]LogPhysics:Warning: PHYSX: ..\..\PhysXExtensions\src\ExtRigidBodyExt.cpp (266) 4 : PxRigidBodyExt::updateMassAndInertia: Mass and inertia computation failed, setting mass to 1 and inertia to (1,1,1)
[2015.07.12-19.12.55:148][122]LogPhysics:Warning: PHYSX: ..\..\PhysXExtensions\src\ExtRigidBodyExt.cpp (217) 4 : computeMassAndInertia: Dynamic actor with illegal collision shapes
[2015.07.12-19.12.55:148][122]LogPhysics:Warning: PHYSX: ..\..\PhysXExtensions\src\ExtRigidBodyExt.cpp (266) 4 : PxRigidBodyExt::updateMassAndInertia: Mass and inertia computation failed, setting mass to 1 and inertia to (1,1,1)
[2015.07.12-19.12.55:149][122]LogPhysics:Warning: PHYSX: ..\..\PhysXExtensions\src\ExtRigidBodyExt.cpp (217) 4 : computeMassAndInertia: Dynamic actor with illegal collision shapes
[2015.07.12-19.12.55:149][122]LogPhysics:Warning: PHYSX: ..\..\PhysXExtensions\src\ExtRigidBodyExt.cpp (266) 4 : PxRigidBodyExt::updateMassAndInertia: Mass and inertia computation failed, setting mass to 1 and inertia to (1,1,1)
[2015.07.12-19.12.55:149][122]LogPhysics:Warning: PHYSX: ..\..\PhysXExtensions\src\ExtRigidBodyExt.cpp (217) 4 : computeMassAndInertia: Dynamic actor with illegal collision shapes
[2015.07.12-19.12.55:149][122]LogPhysics:Warning: PHYSX: ..\..\PhysXExtensions\src\ExtRigidBodyExt.cpp (266) 4 : PxRigidBodyExt::updateMassAndInertia: Mass and inertia computation failed, setting mass to 1 and inertia to (1,1,1)
[2015.07.12-19.12.55:149][122]LogPhysics:Warning: PHYSX: ..\..\PhysXExtensions\src\ExtRigidBodyExt.cpp (217) 4 : computeMassAndInertia: Dynamic actor with illegal collision shapes
[2015.07.12-19.12.55:149][122]LogPhysics:Warning: PHYSX: ..\..\PhysXExtensions\src\ExtRigidBodyExt.cpp (266) 4 : PxRigidBodyExt::updateMassAndInertia: Mass and inertia computation failed, setting mass to 1 and inertia to (1,1,1)
[2015.07.12-19.12.55:150][122]LogPhysics:Warning: PHYSX: ..\..\PhysXExtensions\src\ExtRigidBodyExt.cpp (217) 4 : computeMassAndInertia: Dynamic actor with illegal collision shapes
[2015.07.12-19.12.55:150][122]LogPhysics:Warning: PHYSX: ..\..\PhysXExtensions\src\ExtRigidBodyExt.cpp (266) 4 : PxRigidBodyExt::updateMassAndInertia: Mass and inertia computation failed, setting mass to 1 and inertia to (1,1,1)
[2015.07.12-19.12.55:150][122]LogPhysics:Warning: PHYSX: ..\..\PhysXExtensions\src\ExtRigidBodyExt.cpp (217) 4 : computeMassAndInertia: Dynamic actor with illegal collision shapes
[2015.07.12-19.12.55:150][122]LogPhysics:Warning: PHYSX: ..\..\PhysXExtensions\src\ExtRigidBodyExt.cpp (266) 4 : PxRigidBodyExt::updateMassAndInertia: Mass and inertia computation failed, setting mass to 1 and inertia to (1,1,1)
[2015.07.12-19.12.55:150][122]LogPhysics:Warning: PHYSX: ..\..\PhysXExtensions\src\ExtRigidBodyExt.cpp (217) 4 : computeMassAndInertia: Dynamic actor with illegal collision shapes
[2015.07.12-19.12.55:150][122]LogPhysics:Warning: PHYSX: ..\..\PhysXExtensions\src\ExtRigidBodyExt.cpp (266) 4 : PxRigidBodyExt::updateMassAndInertia: Mass and inertia computation failed, setting mass to 1 and inertia to (1,1,1)
[2015.07.12-19.12.55:151][122]LogPhysics:Warning: PHYSX: ..\..\PhysXExtensions\src\ExtRigidBodyExt.cpp (217) 4 : computeMassAndInertia: Dynamic actor with illegal collision shapes
[2015.07.12-19.12.55:151][122]LogPhysics:Warning: PHYSX: ..\..\PhysXExtensions\src\ExtRigidBodyExt.cpp (266) 4 : PxRigidBodyExt::updateMassAndInertia: Mass and inertia computation failed, setting mass to 1 and inertia to (1,1,1)
[2015.07.12-19.12.55:151][122]LogPhysics:Warning: PHYSX: ..\..\PhysXExtensions\src\ExtRigidBodyExt.cpp (217) 4 : computeMassAndInertia: Dynamic actor with illegal collision shapes
[2015.07.12-19.12.55:151][122]LogPhysics:Warning: PHYSX: ..\..\PhysXExtensions\src\ExtRigidBodyExt.cpp (266) 4 : PxRigidBodyExt::updateMassAndInertia: Mass and inertia computation failed, setting mass to 1 and inertia to (1,1,1)
[2015.07.12-19.12.55:151][122]LogPhysics:Warning: PHYSX: ..\..\PhysXExtensions\src\ExtRigidBodyExt.cpp (217) 4 : computeMassAndInertia: Dynamic actor with illegal collision shapes
[2015.07.12-19.12.55:151][122]LogPhysics:Warning: PHYSX: ..\..\PhysXExtensions\src\ExtRigidBodyExt.cpp (266) 4 : PxRigidBodyExt::updateMassAndInertia: Mass and inertia computation failed, setting mass to 1 and inertia to (1,1,1)
[2015.07.12-19.12.55:152][122]LogPhysics:Warning: PHYSX: ..\..\PhysXExtensions\src\ExtRigidBodyExt.cpp (217) 4 : computeMassAndInertia: Dynamic actor with illegal collision shapes
[2015.07.12-19.12.55:152][122]LogPhysics:Warning: PHYSX: ..\..\PhysXExtensions\src\ExtRigidBodyExt.cpp (266) 4 : PxRigidBodyExt::updateMassAndInertia: Mass and inertia computation failed, setting mass to 1 and inertia to (1,1,1)
[2015.07.12-19.12.55:152][122]LogPhysics:Warning: PHYSX: ..\..\PhysXExtensions\src\ExtRigidBodyExt.cpp (217) 4 : computeMassAndInertia: Dynamic actor with illegal collision shapes
[2015.07.12-19.12.55:152][122]LogPhysics:Warning: PHYSX: ..\..\PhysXExtensions\src\ExtRigidBodyExt.cpp (266) 4 : PxRigidBodyExt::updateMassAndInertia: Mass and inertia computation failed, setting mass to 1 and inertia to (1,1,1)
[2015.07.12-19.12.55:152][122]LogPhysics:Warning: PHYSX: ..\..\PhysXExtensions\src\ExtRigidBodyExt.cpp (217) 4 : computeMassAndInertia: Dynamic actor with illegal collision shapes
[2015.07.12-19.12.55:152][122]LogPhysics:Warning: PHYSX: ..\..\PhysXExtensions\src\ExtRigidBodyExt.cpp (266) 4 : PxRigidBodyExt::updateMassAndInertia: Mass and inertia computation failed, setting mass to 1 and inertia to (1,1,1)
[2015.07.12-19.12.55:153][122]LogPhysics:Warning: PHYSX: ..\..\PhysXExtensions\src\ExtRigidBodyExt.cpp (217) 4 : computeMassAndInertia: Dynamic actor with illegal collision shapes
[2015.07.12-19.12.55:153][122]LogPhysics:Warning: PHYSX: ..\..\PhysXExtensions\src\ExtRigidBodyExt.cpp (266) 4 : PxRigidBodyExt::updateMassAndInertia: Mass and inertia computation failed, setting mass to 1 and inertia to (1,1,1)
[2015.07.12-19.12.55:153][122]LogPhysics:Warning: PHYSX: ..\..\PhysXExtensions\src\ExtRigidBodyExt.cpp (217) 4 : computeMassAndInertia: Dynamic actor with illegal collision shapes
[2015.07.12-19.12.55:153][122]LogPhysics:Warning: PHYSX: ..\..\PhysXExtensions\src\ExtRigidBodyExt.cpp (266) 4 : PxRigidBodyExt::updateMassAndInertia: Mass and inertia computation failed, setting mass to 1 and inertia to (1,1,1)
[2015.07.12-19.12.55:180][122]LogWorld: Bringing World /Game/VehicleAdvBP/Maps/UEDPIE_0_AdvancedVehicleExamplemap.AdvancedVehicleExamplemap up for play (max tick rate 60) at 2015.07.12-22.12.55
[2015.07.12-19.12.55:180][122]LogActor:Warning: GameSession /Game/VehicleAdvBP/Maps/UEDPIE_0_AdvancedVehicleExamplemap.AdvancedVehicleExamplemap:PersistentLevel.GameSession_0 has natively added scene component(s), but none of them were set as the actor's RootComponent - picking one arbitrarily
[2015.07.12-19.12.55:181][122]LogActor:Warning: GameNetworkManager /Game/VehicleAdvBP/Maps/UEDPIE_0_AdvancedVehicleExamplemap.AdvancedVehicleExamplemap:PersistentLevel.GameNetworkManager_0 has natively added scene component(s), but none of them were set as the actor's RootComponent - picking one arbitrarily
[2015.07.12-19.12.55:182][122]LogWorld: Bringing up level for play took: 0.042464
[2015.07.12-19.12.55:185][122]PIE: Info Play in editor start time for /Game/VehicleAdvBP/Maps/UEDPIE_0_AdvancedVehicleExamplemap 0.792
[2015.07.12-19.13.23:737][488]LogParticles: Destroying 0 GPU particle simulations for FXSystem 0x000000A53A8DF7E0
[2015.07.12-19.13.24:627][520]LogPlayLevel: PIE:  No blueprints needed recompiling
[2015.07.12-19.13.24:627][520]PIE: New page: PIE session: AdvancedVehicleExamplemap (Jul 13, 2015, 1:13:24 AM)
[2015.07.12-19.13.24:627][520]LogPlayLevel: Creating play world package: /Game/VehicleAdvBP/Maps/UEDPIE_0_AdvancedVehicleExamplemap
[2015.07.12-19.13.24:678][520]LogPlayLevel: PIE: StaticDuplicateObject took: (0.050331s)
[2015.07.12-19.13.24:679][520]LogAIModule: Creating AISystem for world AdvancedVehicleExamplemap
[2015.07.12-19.13.24:682][520]LogPlayLevel: PIE: World Init took: (0.004162s)
[2015.07.12-19.13.24:682][520]LogPlayLevel: PIE: Created PIE world by copying editor world from /Game/VehicleAdvBP/Maps/AdvancedVehicleExamplemap.AdvancedVehicleExamplemap to /Game/VehicleAdvBP/Maps/UEDPIE_0_AdvancedVehicleExamplemap.AdvancedVehicleExamplemap (0.054759s)
[2015.07.12-19.13.24:711][520]LogInit: XAudio2 using 'Speakers (Realtek High Definition Audio)' : 2 channels at 48 kHz using 32 bits per sample (channel mask 0x3)
[2015.07.12-19.13.24:718][520]LogInit: FAudioDevice initialized.
[2015.07.12-19.13.24:749][520]LogWorld: Game class is 'VehicleAdvGameMode_C'
[2015.07.12-19.13.24:753][520]LogPhysics:Warning: PHYSX: ..\..\PhysXExtensions\src\ExtRigidBodyExt.cpp (217) 4 : computeMassAndInertia: Dynamic actor with illegal collision shapes
[2015.07.12-19.13.24:753][520]LogPhysics:Warning: PHYSX: ..\..\PhysXExtensions\src\ExtRigidBodyExt.cpp (266) 4 : PxRigidBodyExt::updateMassAndInertia: Mass and inertia computation failed, setting mass to 1 and inertia to (1,1,1)
[2015.07.12-19.13.24:754][520]LogPhysics:Warning: PHYSX: ..\..\PhysXExtensions\src\ExtRigidBodyExt.cpp (217) 4 : computeMassAndInertia: Dynamic actor with illegal collision shapes
[2015.07.12-19.13.24:754][520]LogPhysics:Warning: PHYSX: ..\..\PhysXExtensions\src\ExtRigidBodyExt.cpp (266) 4 : PxRigidBodyExt::updateMassAndInertia: Mass and inertia computation failed, setting mass to 1 and inertia to (1,1,1)
[2015.07.12-19.13.24:754][520]LogPhysics:Warning: PHYSX: ..\..\PhysXExtensions\src\ExtRigidBodyExt.cpp (217) 4 : computeMassAndInertia: Dynamic actor with illegal collision shapes
[2015.07.12-19.13.24:754][520]LogPhysics:Warning: PHYSX: ..\..\PhysXExtensions\src\ExtRigidBodyExt.cpp (266) 4 : PxRigidBodyExt::updateMassAndInertia: Mass and inertia computation failed, setting mass to 1 and inertia to (1,1,1)
[2015.07.12-19.13.24:754][520]LogPhysics:Warning: PHYSX: ..\..\PhysXExtensions\src\ExtRigidBodyExt.cpp (217) 4 : computeMassAndInertia: Dynamic actor with illegal collision shapes
[2015.07.12-19.13.24:754][520]LogPhysics:Warning: PHYSX: ..\..\PhysXExtensions\src\ExtRigidBodyExt.cpp (266) 4 : PxRigidBodyExt::updateMassAndInertia: Mass and inertia computation failed, setting mass to 1 and inertia to (1,1,1)
[2015.07.12-19.13.24:754][520]LogPhysics:Warning: PHYSX: ..\..\PhysXExtensions\src\ExtRigidBodyExt.cpp (217) 4 : computeMassAndInertia: Dynamic actor with illegal collision shapes
[2015.07.12-19.13.24:754][520]LogPhysics:Warning: PHYSX: ..\..\PhysXExtensions\src\ExtRigidBodyExt.cpp (266) 4 : PxRigidBodyExt::updateMassAndInertia: Mass and inertia computation failed, setting mass to 1 and inertia to (1,1,1)
[2015.07.12-19.13.24:754][520]LogPhysics:Warning: PHYSX: ..\..\PhysXExtensions\src\ExtRigidBodyExt.cpp (217) 4 : computeMassAndInertia: Dynamic actor with illegal collision shapes
[2015.07.12-19.13.24:754][520]LogPhysics:Warning: PHYSX: ..\..\PhysXExtensions\src\ExtRigidBodyExt.cpp (266) 4 : PxRigidBodyExt::updateMassAndInertia: Mass and inertia computation failed, setting mass to 1 and inertia to (1,1,1)
[2015.07.12-19.13.24:754][520]LogPhysics:Warning: PHYSX: ..\..\PhysXExtensions\src\ExtRigidBodyExt.cpp (217) 4 : computeMassAndInertia: Dynamic actor with illegal collision shapes
[2015.07.12-19.13.24:754][520]LogPhysics:Warning: PHYSX: ..\..\PhysXExtensions\src\ExtRigidBodyExt.cpp (266) 4 : PxRigidBodyExt::updateMassAndInertia: Mass and inertia computation failed, setting mass to 1 and inertia to (1,1,1)
[2015.07.12-19.13.24:755][520]LogPhysics:Warning: PHYSX: ..\..\PhysXExtensions\src\ExtRigidBodyExt.cpp (217) 4 : computeMassAndInertia: Dynamic actor with illegal collision shapes
[2015.07.12-19.13.24:755][520]LogPhysics:Warning: PHYSX: ..\..\PhysXExtensions\src\ExtRigidBodyExt.cpp (266) 4 : PxRigidBodyExt::updateMassAndInertia: Mass and inertia computation failed, setting mass to 1 and inertia to (1,1,1)
[2015.07.12-19.13.24:755][520]LogPhysics:Warning: PHYSX: ..\..\PhysXExtensions\src\ExtRigidBodyExt.cpp (217) 4 : computeMassAndInertia: Dynamic actor with illegal collision shapes
[2015.07.12-19.13.24:755][520]LogPhysics:Warning: PHYSX: ..\..\PhysXExtensions\src\ExtRigidBodyExt.cpp (266) 4 : PxRigidBodyExt::updateMassAndInertia: Mass and inertia computation failed, setting mass to 1 and inertia to (1,1,1)
[2015.07.12-19.13.24:755][520]LogPhysics:Warning: PHYSX: ..\..\PhysXExtensions\src\ExtRigidBodyExt.cpp (217) 4 : computeMassAndInertia: Dynamic actor with illegal collision shapes
[2015.07.12-19.13.24:755][520]LogPhysics:Warning: PHYSX: ..\..\PhysXExtensions\src\ExtRigidBodyExt.cpp (266) 4 : PxRigidBodyExt::updateMassAndInertia: Mass and inertia computation failed, setting mass to 1 and inertia to (1,1,1)
[2015.07.12-19.13.24:755][520]LogPhysics:Warning: PHYSX: ..\..\PhysXExtensions\src\ExtRigidBodyExt.cpp (217) 4 : computeMassAndInertia: Dynamic actor with illegal collision shapes
[2015.07.12-19.13.24:755][520]LogPhysics:Warning: PHYSX: ..\..\PhysXExtensions\src\ExtRigidBodyExt.cpp (266) 4 : PxRigidBodyExt::updateMassAndInertia: Mass and inertia computation failed, setting mass to 1 and inertia to (1,1,1)
[2015.07.12-19.13.24:755][520]LogPhysics:Warning: PHYSX: ..\..\PhysXExtensions\src\ExtRigidBodyExt.cpp (217) 4 : computeMassAndInertia: Dynamic actor with illegal collision shapes
[2015.07.12-19.13.24:755][520]LogPhysics:Warning: PHYSX: ..\..\PhysXExtensions\src\ExtRigidBodyExt.cpp (266) 4 : PxRigidBodyExt::updateMassAndInertia: Mass and inertia computation failed, setting mass to 1 and inertia to (1,1,1)
[2015.07.12-19.13.24:755][520]LogPhysics:Warning: PHYSX: ..\..\PhysXExtensions\src\ExtRigidBodyExt.cpp (217) 4 : computeMassAndInertia: Dynamic actor with illegal collision shapes
[2015.07.12-19.13.24:755][520]LogPhysics:Warning: PHYSX: ..\..\PhysXExtensions\src\ExtRigidBodyExt.cpp (266) 4 : PxRigidBodyExt::updateMassAndInertia: Mass and inertia computation failed, setting mass to 1 and inertia to (1,1,1)
[2015.07.12-19.13.24:756][520]LogPhysics:Warning: PHYSX: ..\..\PhysXExtensions\src\ExtRigidBodyExt.cpp (217) 4 : computeMassAndInertia: Dynamic actor with illegal collision shapes
[2015.07.12-19.13.24:756][520]LogPhysics:Warning: PHYSX: ..\..\PhysXExtensions\src\ExtRigidBodyExt.cpp (266) 4 : PxRigidBodyExt::updateMassAndInertia: Mass and inertia computation failed, setting mass to 1 and inertia to (1,1,1)
[2015.07.12-19.13.24:756][520]LogPhysics:Warning: PHYSX: ..\..\PhysXExtensions\src\ExtRigidBodyExt.cpp (217) 4 : computeMassAndInertia: Dynamic actor with illegal collision shapes
[2015.07.12-19.13.24:756][520]LogPhysics:Warning: PHYSX: ..\..\PhysXExtensions\src\ExtRigidBodyExt.cpp (266) 4 : PxRigidBodyExt::updateMassAndInertia: Mass and inertia computation failed, setting mass to 1 and inertia to (1,1,1)
[2015.07.12-19.13.24:756][520]LogPhysics:Warning: PHYSX: ..\..\PhysXExtensions\src\ExtRigidBodyExt.cpp (217) 4 : computeMassAndInertia: Dynamic actor with illegal collision shapes
[2015.07.12-19.13.24:756][520]LogPhysics:Warning: PHYSX: ..\..\PhysXExtensions\src\ExtRigidBodyExt.cpp (266) 4 : PxRigidBodyExt::updateMassAndInertia: Mass and inertia computation failed, setting mass to 1 and inertia to (1,1,1)
[2015.07.12-19.13.24:756][520]LogPhysics:Warning: PHYSX: ..\..\PhysXExtensions\src\ExtRigidBodyExt.cpp (217) 4 : computeMassAndInertia: Dynamic actor with illegal collision shapes
[2015.07.12-19.13.24:756][520]LogPhysics:Warning: PHYSX: ..\..\PhysXExtensions\src\ExtRigidBodyExt.cpp (266) 4 : PxRigidBodyExt::updateMassAndInertia: Mass and inertia computation failed, setting mass to 1 and inertia to (1,1,1)
[2015.07.12-19.13.24:756][520]LogPhysics:Warning: PHYSX: ..\..\PhysXExtensions\src\ExtRigidBodyExt.cpp (217) 4 : computeMassAndInertia: Dynamic actor with illegal collision shapes
[2015.07.12-19.13.24:756][520]LogPhysics:Warning: PHYSX: ..\..\PhysXExtensions\src\ExtRigidBodyExt.cpp (266) 4 : PxRigidBodyExt::updateMassAndInertia: Mass and inertia computation failed, setting mass to 1 and inertia to (1,1,1)
[2015.07.12-19.13.24:756][520]LogPhysics:Warning: PHYSX: ..\..\PhysXExtensions\src\ExtRigidBodyExt.cpp (217) 4 : computeMassAndInertia: Dynamic actor with illegal collision shapes
[2015.07.12-19.13.24:756][520]LogPhysics:Warning: PHYSX: ..\..\PhysXExtensions\src\ExtRigidBodyExt.cpp (266) 4 : PxRigidBodyExt::updateMassAndInertia: Mass and inertia computation failed, setting mass to 1 and inertia to (1,1,1)
[2015.07.12-19.13.24:757][520]LogPhysics:Warning: PHYSX: ..\..\PhysXExtensions\src\ExtRigidBodyExt.cpp (217) 4 : computeMassAndInertia: Dynamic actor with illegal collision shapes
[2015.07.12-19.13.24:757][520]LogPhysics:Warning: PHYSX: ..\..\PhysXExtensions\src\ExtRigidBodyExt.cpp (266) 4 : PxRigidBodyExt::updateMassAndInertia: Mass and inertia computation failed, setting mass to 1 and inertia to (1,1,1)
[2015.07.12-19.13.24:757][520]LogPhysics:Warning: PHYSX: ..\..\PhysXExtensions\src\ExtRigidBodyExt.cpp (217) 4 : computeMassAndInertia: Dynamic actor with illegal collision shapes
[2015.07.12-19.13.24:757][520]LogPhysics:Warning: PHYSX: ..\..\PhysXExtensions\src\ExtRigidBodyExt.cpp (266) 4 : PxRigidBodyExt::updateMassAndInertia: Mass and inertia computation failed, setting mass to 1 and inertia to (1,1,1)
[2015.07.12-19.13.24:757][520]LogPhysics:Warning: PHYSX: ..\..\PhysXExtensions\src\ExtRigidBodyExt.cpp (217) 4 : computeMassAndInertia: Dynamic actor with illegal collision shapes
[2015.07.12-19.13.24:757][520]LogPhysics:Warning: PHYSX: ..\..\PhysXExtensions\src\ExtRigidBodyExt.cpp (266) 4 : PxRigidBodyExt::updateMassAndInertia: Mass and inertia computation failed, setting mass to 1 and inertia to (1,1,1)
[2015.07.12-19.13.24:757][520]LogPhysics:Warning: PHYSX: ..\..\PhysXExtensions\src\ExtRigidBodyExt.cpp (217) 4 : computeMassAndInertia: Dynamic actor with illegal collision shapes
[2015.07.12-19.13.24:757][520]LogPhysics:Warning: PHYSX: ..\..\PhysXExtensions\src\ExtRigidBodyExt.cpp (266) 4 : PxRigidBodyExt::updateMassAndInertia: Mass and inertia computation failed, setting mass to 1 and inertia to (1,1,1)
[2015.07.12-19.13.24:757][520]LogPhysics:Warning: PHYSX: ..\..\PhysXExtensions\src\ExtRigidBodyExt.cpp (217) 4 : computeMassAndInertia: Dynamic actor with illegal collision shapes
[2015.07.12-19.13.24:757][520]LogPhysics:Warning: PHYSX: ..\..\PhysXExtensions\src\ExtRigidBodyExt.cpp (266) 4 : PxRigidBodyExt::updateMassAndInertia: Mass and inertia computation failed, setting mass to 1 and inertia to (1,1,1)
[2015.07.12-19.13.24:757][520]LogPhysics:Warning: PHYSX: ..\..\PhysXExtensions\src\ExtRigidBodyExt.cpp (217) 4 : computeMassAndInertia: Dynamic actor with illegal collision shapes
[2015.07.12-19.13.24:757][520]LogPhysics:Warning: PHYSX: ..\..\PhysXExtensions\src\ExtRigidBodyExt.cpp (266) 4 : PxRigidBodyExt::updateMassAndInertia: Mass and inertia computation failed, setting mass to 1 and inertia to (1,1,1)
[2015.07.12-19.13.24:757][520]LogPhysics:Warning: PHYSX: ..\..\PhysXExtensions\src\ExtRigidBodyExt.cpp (217) 4 : computeMassAndInertia: Dynamic actor with illegal collision shapes
[2015.07.12-19.13.24:757][520]LogPhysics:Warning: PHYSX: ..\..\PhysXExtensions\src\ExtRigidBodyExt.cpp (266) 4 : PxRigidBodyExt::updateMassAndInertia: Mass and inertia computation failed, setting mass to 1 and inertia to (1,1,1)
[2015.07.12-19.13.24:770][520]LogWorld: Bringing World /Game/VehicleAdvBP/Maps/UEDPIE_0_AdvancedVehicleExamplemap.AdvancedVehicleExamplemap up for play (max tick rate 60) at 2015.07.12-22.13.24
[2015.07.12-19.13.24:770][520]LogActor:Warning: GameSession /Game/VehicleAdvBP/Maps/UEDPIE_0_AdvancedVehicleExamplemap.AdvancedVehicleExamplemap:PersistentLevel.GameSession_1 has natively added scene component(s), but none of them were set as the actor's RootComponent - picking one arbitrarily
[2015.07.12-19.13.24:770][520]LogActor:Warning: GameNetworkManager /Game/VehicleAdvBP/Maps/UEDPIE_0_AdvancedVehicleExamplemap.AdvancedVehicleExamplemap:PersistentLevel.GameNetworkManager_1 has natively added scene component(s), but none of them were set as the actor's RootComponent - picking one arbitrarily
[2015.07.12-19.13.24:771][520]LogWorld: Bringing up level for play took: 0.019859
[2015.07.12-19.13.24:772][520]PIE: Info Play in editor start time for /Game/VehicleAdvBP/Maps/UEDPIE_0_AdvancedVehicleExamplemap 0.379
[2015.07.12-19.13.25:350][536]LogParticles: Destroying 0 GPU particle simulations for FXSystem 0x000000A5344EE520
[2015.07.12-19.13.35:228][797]Cmd: OBJ SAVEPACKAGE PACKAGE="/Game/Assets/Terrain/I_BrightBlue" FILE="../../../../../../Users/N/Documents/GitHub/UnrealNeuroCar/Content/Assets/Terrain/I_BrightBlue.uasset" SILENT=true
[2015.07.12-19.13.35:256][797]LogSavePackage: Save=25.997044ms
[2015.07.12-19.13.35:256][797]LogSavePackage: Moving '../../../../../../Users/N/Documents/GitHub/UnrealNeuroCar/Saved/I_BrightBlueC6BA49C24B428AB974B7A3B253CD8922.tmp' to '../../../../../../Users/N/Documents/GitHub/UnrealNeuroCar/Content/Assets/Terrain/I_BrightBlue.uasset'
[2015.07.12-19.13.48:432][102]Cmd: OBJ SAVEPACKAGE PACKAGE="/Game/Assets/Terrain/T_Mossy_Rock" FILE="../../../../../../Users/N/Documents/GitHub/UnrealNeuroCar/Content/Assets/Terrain/T_Mossy_Rock.uasset" SILENT=true
[2015.07.12-19.13.49:107][102]LogSavePackage: Save=673.240601ms
[2015.07.12-19.13.49:107][102]LogSavePackage: Moving '../../../../../../Users/N/Documents/GitHub/UnrealNeuroCar/Saved/T_Mossy_Rock68445B0C4846E4364A0690A0205552CB.tmp' to '../../../../../../Users/N/Documents/GitHub/UnrealNeuroCar/Content/Assets/Terrain/T_Mossy_Rock.uasset'
[2015.07.12-19.13.49:270][102]Cmd: OBJ SAVEPACKAGE PACKAGE="/Game/Assets/Terrain/M_Landscape_MossyRock" FILE="../../../../../../Users/N/Documents/GitHub/UnrealNeuroCar/Content/Assets/Terrain/M_Landscape_MossyRock.uasset" SILENT=true
[2015.07.12-19.13.49:279][102]LogSavePackage: Save=5.437690ms
[2015.07.12-19.13.49:279][102]LogSavePackage: Moving '../../../../../../Users/N/Documents/GitHub/UnrealNeuroCar/Saved/M_Landscape_MossyRockFE9DAFA64E6288C55EF8D180D92862DB.tmp' to '../../../../../../Users/N/Documents/GitHub/UnrealNeuroCar/Content/Assets/Terrain/M_Landscape_MossyRock.uasset'
[2015.07.12-19.14.00:562][370]Cmd: OBJ SAVEPACKAGE PACKAGE="/Game/Assets/Terrain/T_Rock_T" FILE="../../../../../../Users/N/Documents/GitHub/UnrealNeuroCar/Content/Assets/Terrain/T_Rock_T.uasset" SILENT=true
[2015.07.12-19.14.00:800][370]LogSavePackage: Save=236.031464ms
[2015.07.12-19.14.00:800][370]LogSavePackage: Moving '../../../../../../Users/N/Documents/GitHub/UnrealNeuroCar/Saved/T_Rock_T549FE96E4955F9D1F765BCA954557EA1.tmp' to '../../../../../../Users/N/Documents/GitHub/UnrealNeuroCar/Content/Assets/Terrain/T_Rock_T.uasset'
[2015.07.12-19.14.17:028][782]LogSavePackage: Save=1092.275269ms
[2015.07.12-19.14.17:028][782]LogSavePackage: Moving '../../../../../../Users/N/Documents/GitHub/UnrealNeuroCar/Saved/AdvancedVehicleExamplemap52FD9F2F4665EC7A64F04BBCCF11238E.tmp' to '../../../../../../Users/N/Documents/GitHub/UnrealNeuroCar/Content/VehicleAdvBP/Maps/AdvancedVehicleExamplemap.umap'
[2015.07.12-19.14.21:848][936]LogWindowsTextInputMethodSystem:Display: IME system now deactivated.
[2015.07.12-19.14.22:165][937]Cmd: QUIT_EDITOR
[2015.07.12-19.14.22:550][937]LogExit: Preparing to exit.
[2015.07.12-19.14.23:704][937]LogExit: Editor shut down
[2015.07.12-19.14.23:705][937]LogExit: Transaction tracking system shut down
[2015.07.12-19.14.23:709][937]LogParticles: Destroying 0 GPU particle simulations for FXSystem 0x000000A53F7A4860
[2015.07.12-19.14.23:712][937]LogParticles: Destroying 0 GPU particle simulations for FXSystem 0x000000A547FA79C0
[2015.07.12-19.14.23:713][937]LogParticles: Destroying 0 GPU particle simulations for FXSystem 0x000000A53F6A11C0
[2015.07.12-19.14.23:713][937]LogParticles: Destroying 0 GPU particle simulations for FXSystem 0x000000A534388400
[2015.07.12-19.14.23:713][937]LogParticles: Destroying 0 GPU particle simulations for FXSystem 0x000000A534388220
[2015.07.12-19.14.23:713][937]LogParticles: Destroying 0 GPU particle simulations for FXSystem 0x000000A5497518A0
[2015.07.12-19.14.23:714][937]LogParticles: Destroying 0 GPU particle simulations for FXSystem 0x000000A549751620
[2015.07.12-19.14.23:873][937]LogExit: Object subsystem successfully closed.
[2015.07.12-19.14.24:050][937]LogModuleManager: Shutting down and abandoning module MaterialEditor (189)
[2015.07.12-19.14.24:050][937]LogModuleManager: Shutting down and abandoning module CrashTracker (188)
[2015.07.12-19.14.24:050][937]LogModuleManager: Shutting down and abandoning module SceneOutliner (187)
[2015.07.12-19.14.24:050][937]LogModuleManager: Shutting down and abandoning module SuperSearch (186)
[2015.07.12-19.14.24:050][937]LogModuleManager: Shutting down and abandoning module WidgetCarousel (185)
[2015.07.12-19.14.24:050][937]LogModuleManager: Shutting down and abandoning module AddContentDialog (184)
[2015.07.12-19.14.24:050][937]LogModuleManager: Shutting down and abandoning module EditorWidgets (183)
[2015.07.12-19.14.24:050][937]LogModuleManager: Shutting down and abandoning module CollectionManager (182)
[2015.07.12-19.14.24:051][937]LogModuleManager: Shutting down and abandoning module StatsViewer (181)
[2015.07.12-19.14.24:051][937]LogModuleManager: Shutting down and abandoning module FoliageEdit (180)
[2015.07.12-19.14.24:051][937]LogModuleManager: Shutting down and abandoning module LandscapeEditor (179)
[2015.07.12-19.14.24:051][937]LogModuleManager: Shutting down and abandoning module ActorPickerMode (178)
[2015.07.12-19.14.24:051][937]LogModuleManager: Shutting down and abandoning module GeometryMode (177)
[2015.07.12-19.14.24:051][937]LogModuleManager: Shutting down and abandoning module TextureAlignMode (176)
[2015.07.12-19.14.24:051][937]LogModuleManager: Shutting down and abandoning module BspMode (175)
[2015.07.12-19.14.24:051][937]LogModuleManager: Shutting down and abandoning module PlacementMode (174)
[2015.07.12-19.14.24:051][937]LogModuleManager: Shutting down and abandoning module AutomationWorker (173)
[2015.07.12-19.14.24:051][937]LogModuleManager: Shutting down and abandoning module CharacterAI (172)
[2015.07.12-19.14.24:051][937]LogModuleManager: Shutting down and abandoning module SmartSnapping (171)
[2015.07.12-19.14.24:051][937]LogModuleManager: Shutting down and abandoning module ViewportSnapping (170)
[2015.07.12-19.14.24:051][937]LogModuleManager: Shutting down and abandoning module LogVisualizer (169)
[2015.07.12-19.14.24:051][937]LogModuleManager: Shutting down and abandoning module GameProjectGeneration (168)
[2015.07.12-19.14.24:051][937]LogModuleManager: Shutting down and abandoning module IntroTutorials (167)
[2015.07.12-19.14.24:051][937]LogModuleManager: Shutting down and abandoning module EditorLiveStreaming (166)
[2015.07.12-19.14.24:051][937]LogModuleManager: Shutting down and abandoning module IOSPlatformEditor (165)
[2015.07.12-19.14.24:051][937]LogModuleManager: Shutting down and abandoning module HTML5PlatformEditor (164)
[2015.07.12-19.14.24:051][937]LogModuleManager: Shutting down and abandoning module AndroidDeviceDetection (163)
[2015.07.12-19.14.24:312][937]LogModuleManager: Shutting down and abandoning module AndroidPlatformEditor (162)
[2015.07.12-19.14.24:312][937]LogModuleManager: Shutting down and abandoning module IOSRuntimeSettings (161)
[2015.07.12-19.14.24:312][937]LogModuleManager: Shutting down and abandoning module AndroidRuntimeSettings (160)
[2015.07.12-19.14.24:312][937]LogModuleManager: Shutting down and abandoning module MergeActors (159)
[2015.07.12-19.14.24:312][937]LogModuleManager: Shutting down and abandoning module SizeMap (158)
[2015.07.12-19.14.24:312][937]LogModuleManager: Shutting down and abandoning module TreeMap (157)
[2015.07.12-19.14.24:312][937]LogModuleManager: Shutting down and abandoning module ReferenceViewer (156)
[2015.07.12-19.14.24:312][937]LogModuleManager: Shutting down and abandoning module LocalizationDashboard (155)
[2015.07.12-19.14.24:312][937]LogModuleManager: Shutting down and abandoning module HardwareTargeting (154)
[2015.07.12-19.14.24:312][937]LogModuleManager: Shutting down and abandoning module DeviceProfileEditor (153)
[2015.07.12-19.14.24:312][937]LogModuleManager: Shutting down and abandoning module UndoHistory (152)
[2015.07.12-19.14.24:312][937]LogModuleManager: Shutting down and abandoning module GameplayTagsEditor (151)
[2015.07.12-19.14.24:312][937]LogModuleManager: Shutting down and abandoning module UserFeedback (150)
[2015.07.12-19.14.24:312][937]LogModuleManager: Shutting down and abandoning module XmlParser (149)
[2015.07.12-19.14.24:312][937]LogModuleManager: Shutting down and abandoning module Blutility (148)
[2015.07.12-19.14.24:312][937]LogModuleManager: Shutting down and abandoning module ProjectTargetPlatformEditor (147)
[2015.07.12-19.14.24:312][937]LogModuleManager: Shutting down and abandoning module ProjectSettingsViewer (146)
[2015.07.12-19.14.24:313][937]LogModuleManager: Shutting down and abandoning module InputBindingEditor (145)
[2015.07.12-19.14.24:313][937]LogModuleManager: Shutting down and abandoning module EditorSettingsViewer (144)
[2015.07.12-19.14.24:313][937]LogModuleManager: Shutting down and abandoning module SettingsEditor (143)
[2015.07.12-19.14.24:313][937]LogModuleManager: Shutting down and abandoning module ProjectLauncher (142)
[2015.07.12-19.14.24:313][937]LogModuleManager: Shutting down and abandoning module SessionFrontend (141)
[2015.07.12-19.14.24:313][937]LogModuleManager: Shutting down and abandoning module ProfilerClient (140)
[2015.07.12-19.14.24:313][937]LogModuleManager: Shutting down and abandoning module TargetDeviceServices (139)
[2015.07.12-19.14.24:313][937]LogModuleManager: Shutting down and abandoning module DeviceManager (138)
[2015.07.12-19.14.24:313][937]LogModuleManager: Shutting down and abandoning module AutomationController (137)
[2015.07.12-19.14.24:313][937]LogModuleManager: Shutting down and abandoning module AutomationWindow (136)
[2015.07.12-19.14.24:313][937]LogModuleManager: Shutting down and abandoning module Layers (135)
[2015.07.12-19.14.24:313][937]LogModuleManager: Shutting down and abandoning module ComponentVisualizers (134)
[2015.07.12-19.14.24:313][937]LogModuleManager: Shutting down and abandoning module DetailCustomizations (133)
[2015.07.12-19.14.24:314][937]LogModuleManager: Shutting down and abandoning module PackagesDialog (132)
[2015.07.12-19.14.24:314][937]LogModuleManager: Shutting down and abandoning module AssetRegistry (131)
[2015.07.12-19.14.24:458][937]LogModuleManager: Shutting down and abandoning module Persona (130)
[2015.07.12-19.14.24:458][937]LogModuleManager: Shutting down and abandoning module Kismet (129)
[2015.07.12-19.14.24:458][937]LogModuleManager: Shutting down and abandoning module GraphEditor (128)
[2015.07.12-19.14.24:458][937]LogModuleManager: Shutting down and abandoning module ClassViewer (127)
[2015.07.12-19.14.24:458][937]LogModuleManager: Shutting down and abandoning module Toolbox (126)
[2015.07.12-19.14.24:458][937]LogModuleManager: Shutting down and abandoning module ModuleUI (125)
[2015.07.12-19.14.24:458][937]LogModuleManager: Shutting down and abandoning module MovieSceneTools (124)
[2015.07.12-19.14.24:458][937]LogModuleManager: Shutting down and abandoning module OutputLog (123)
[2015.07.12-19.14.24:458][937]LogModuleManager: Shutting down and abandoning module GammaUI (122)
[2015.07.12-19.14.24:458][937]LogModuleManager: Shutting down and abandoning module Documentation (121)
[2015.07.12-19.14.24:458][937]LogModuleManager: Shutting down and abandoning module GameLiveStreaming (120)
[2015.07.12-19.14.24:458][937]LogModuleManager: Shutting down and abandoning module StreamingPauseRendering (119)
[2015.07.12-19.14.24:458][937]LogModuleManager: Shutting down and abandoning module AnalyticsET (118)
[2015.07.12-19.14.24:458][937]LogModuleManager: Shutting down and abandoning module Analytics (117)
[2015.07.12-19.14.24:458][937]LogModuleManager: Shutting down and abandoning module AITestSuite (116)
[2015.07.12-19.14.24:458][937]LogModuleManager: Shutting down and abandoning module GameplayDebugger (115)
[2015.07.12-19.14.24:459][937]LogModuleManager: Shutting down and abandoning module AIModule (114)
[2015.07.12-19.14.24:459][937]LogModuleManager: Shutting down and abandoning module ProfilerService (113)
[2015.07.12-19.14.24:656][937]LogModuleManager: Shutting down and abandoning module TaskGraph (112)
[2015.07.12-19.14.24:656][937]LogModuleManager: Shutting down and abandoning module SlateRemote (111)
[2015.07.12-19.14.24:656][937]LogModuleManager: Shutting down and abandoning module SteamVRController (110)
[2015.07.12-19.14.24:656][937]LogModuleManager: Shutting down and abandoning module SteamVR (109)
[2015.07.12-19.14.24:656][937]LogModuleManager: Shutting down and abandoning module ProceduralMeshComponent (108)
[2015.07.12-19.14.24:656][937]LogModuleManager: Shutting down and abandoning module OculusRift (107)
[2015.07.12-19.14.24:656][937]LogModuleManager: Shutting down and abandoning module LeapMotionController (106)
[2015.07.12-19.14.24:670][937]LogModuleManager: Shutting down and abandoning module CustomMeshComponent (105)
[2015.07.12-19.14.24:670][937]LogModuleManager: Shutting down and abandoning module CableComponent (104)
[2015.07.12-19.14.24:670][937]LogModuleManager: Shutting down and abandoning module MessagingDebugger (103)
[2015.07.12-19.14.24:670][937]LogModuleManager: Shutting down and abandoning module MediaPlayerEditor (102)
[2015.07.12-19.14.24:670][937]LogModuleManager: Shutting down and abandoning module SpeedTreeImporter (101)
[2015.07.12-19.14.24:670][937]LogModuleManager: Shutting down and abandoning module PluginBrowser (100)
[2015.07.12-19.14.24:670][937]LogModuleManager: Shutting down and abandoning module EpicSurvey (99)
[2015.07.12-19.14.24:670][937]LogModuleManager: Shutting down and abandoning module DesktopPlatform (98)
[2015.07.12-19.14.24:670][937]LogModuleManager: Shutting down and abandoning module VisualStudioSourceCodeAccess (97)
[2015.07.12-19.14.24:670][937]LogModuleManager: Shutting down and abandoning module UObjectPlugin (96)
[2015.07.12-19.14.24:670][937]LogModuleManager: Shutting down and abandoning module SubversionSourceControl (95)
[2015.07.12-19.14.24:670][937]LogModuleManager: Shutting down and abandoning module PerforceSourceControl (94)
[2015.07.12-19.14.24:670][937]LogModuleManager: Shutting down and abandoning module SourceControl (93)
[2015.07.12-19.14.24:670][937]LogModuleManager: Shutting down and abandoning module GitSourceControl (92)
[2015.07.12-19.14.24:670][937]LogModuleManager: Shutting down and abandoning module BlankPlugin (91)
[2015.07.12-19.14.24:670][937]LogModuleManager: Shutting down and abandoning module PaperTiledImporter (90)
[2015.07.12-19.14.24:670][937]LogModuleManager: Shutting down and abandoning module PaperSpriteSheetImporter (89)
[2015.07.12-19.14.24:670][937]LogModuleManager: Shutting down and abandoning module MeshPaint (88)
[2015.07.12-19.14.24:670][937]LogModuleManager: Shutting down and abandoning module SlateReflector (87)
[2015.07.12-19.14.24:670][937]LogModuleManager: Shutting down and abandoning module DirectoryWatcher (86)
[2015.07.12-19.14.24:671][937]LogModuleManager: Shutting down and abandoning module HotReload (85)
[2015.07.12-19.14.24:671][937]LogModuleManager: Shutting down and abandoning module MainFrame (84)
[2015.07.12-19.14.24:671][937]LogModuleManager: Shutting down and abandoning module LevelEditor (83)
[2015.07.12-19.14.24:672][937]LogModuleManager: Shutting down and abandoning module ContentBrowser (82)
[2015.07.12-19.14.24:673][937]LogModuleManager: Shutting down and abandoning module Paper2DEditor (81)
[2015.07.12-19.14.24:673][937]LogModuleManager: Shutting down and abandoning module UdpMessaging (80)
[2015.07.12-19.14.24:774][937]LogModuleManager: Shutting down and abandoning module Paper2D (79)
[2015.07.12-19.14.24:774][937]LogModuleManager: Shutting down and abandoning module WindowsMoviePlayer (78)
[2015.07.12-19.14.24:783][937]LogModuleManager: Shutting down and abandoning module Media (77)
[2015.07.12-19.14.24:783][937]LogModuleManager: Shutting down and abandoning module WmfMedia (76)
[2015.07.12-19.14.24:784][937]LogModuleManager: Shutting down and abandoning module OnlineBlueprintSupport (75)
[2015.07.12-19.14.24:784][937]LogModuleManager: Shutting down and abandoning module PropertyEditor (74)
[2015.07.12-19.14.24:784][937]LogModuleManager: Shutting down and abandoning module BehaviorTreeEditor (73)
[2015.07.12-19.14.24:784][937]LogModuleManager: Shutting down and abandoning module FunctionalTesting (72)
[2015.07.12-19.14.24:784][937]LogModuleManager: Shutting down and abandoning module CollisionAnalyzer (71)
[2015.07.12-19.14.24:784][937]LogModuleManager: Shutting down and abandoning module WorkspaceMenuStructure (70)
[2015.07.12-19.14.24:784][937]LogModuleManager: Shutting down and abandoning module MessageLog (69)
[2015.07.12-19.14.24:784][937]LogModuleManager: Shutting down and abandoning module Sequencer (68)
[2015.07.12-19.14.24:784][937]LogModuleManager: Shutting down and abandoning module AssetTools (67)
[2015.07.12-19.14.24:784][937]LogModuleManager: Shutting down and abandoning module UMGEditor (66)
[2015.07.12-19.14.24:784][937]LogModuleManager: Shutting down and abandoning module UMG (65)
[2015.07.12-19.14.24:784][937]LogModuleManager: Shutting down and abandoning module Slate (64)
[2015.07.12-19.14.24:784][937]LogModuleManager: Shutting down and abandoning module EditorStyle (63)
[2015.07.12-19.14.24:791][937]LogModuleManager: Shutting down and abandoning module SessionServices (62)
[2015.07.12-19.14.24:792][937]LogModuleManager: Shutting down and abandoning module SourceCodeAccess (61)
[2015.07.12-19.14.24:792][937]LogModuleManager: Shutting down and abandoning module HeadMountedDisplay (60)
[2015.07.12-19.14.24:792][937]LogModuleManager: Shutting down and abandoning module XAudio2 (59)
[2015.07.12-19.14.24:792][937]LogModuleManager: Shutting down and abandoning module Networking (57)
[2015.07.12-19.14.24:792][937]LogModuleManager: Shutting down and abandoning module Core (56)
[2015.07.12-19.14.24:792][937]LogModuleManager: Shutting down and abandoning module KismetCompiler (55)
[2015.07.12-19.14.24:792][937]LogModuleManager: Shutting down and abandoning module PhysXFormats (54)
[2015.07.12-19.14.24:792][937]LogModuleManager: Shutting down and abandoning module MeshUtilities (53)
[2015.07.12-19.14.24:792][937]LogModuleManager: Shutting down and abandoning module DerivedDataCache (52)
[2015.07.12-19.14.24:846][937]LogDerivedDataCache: Shutdown
[2015.07.12-19.14.24:846][937]LogModuleManager: Shutting down and abandoning module ShaderFormatOpenGL (51)
[2015.07.12-19.14.24:846][937]LogModuleManager: Shutting down and abandoning module ShaderFormatD3D (50)
[2015.07.12-19.14.24:846][937]LogModuleManager: Shutting down and abandoning module MetalShaderFormat (49)
[2015.07.12-19.14.24:846][937]LogModuleManager: Shutting down and abandoning module TextureFormatUncompressed (48)
[2015.07.12-19.14.24:846][937]LogModuleManager: Shutting down and abandoning module TextureFormatPVR (47)
[2015.07.12-19.14.24:846][937]LogModuleManager: Shutting down and abandoning module TextureFormatIntelISPCTexComp (46)
[2015.07.12-19.14.24:846][937]LogModuleManager: Shutting down and abandoning module TextureFormatDXT (45)
[2015.07.12-19.14.24:846][937]LogModuleManager: Shutting down and abandoning module ImageWrapper (44)
[2015.07.12-19.14.24:846][937]LogModuleManager: Shutting down and abandoning module TextureFormatASTC (43)
[2015.07.12-19.14.24:846][937]LogModuleManager: Shutting down and abandoning module TextureFormatAndroid (42)
[2015.07.12-19.14.24:846][937]LogModuleManager: Shutting down and abandoning module AudioFormatOpus (41)
[2015.07.12-19.14.24:846][937]LogModuleManager: Shutting down and abandoning module AudioFormatOgg (40)
[2015.07.12-19.14.24:846][937]LogModuleManager: Shutting down and abandoning module AudioFormatADPCM (39)
[2015.07.12-19.14.24:846][937]LogModuleManager: Shutting down and abandoning module LinuxTargetPlatform (38)
[2015.07.12-19.14.24:846][937]LogModuleManager: Shutting down and abandoning module LinuxServerTargetPlatform (37)
[2015.07.12-19.14.24:847][937]LogModuleManager: Shutting down and abandoning module LinuxNoEditorTargetPlatform (36)
[2015.07.12-19.14.24:847][937]LogModuleManager: Shutting down and abandoning module Messaging (35)
[2015.07.12-19.14.24:847][937]LogModuleManager: Shutting down and abandoning module IOSTargetPlatform (34)
[2015.07.12-19.14.24:847][937]LogModuleManager: Shutting down and abandoning module HTML5TargetPlatform (33)
[2015.07.12-19.14.24:847][937]LogModuleManager: Shutting down and abandoning module Android_PVRTCTargetPlatform (32)
[2015.07.12-19.14.24:847][937]LogModuleManager: Shutting down and abandoning module Android_ETC2TargetPlatform (31)
[2015.07.12-19.14.24:847][937]LogModuleManager: Shutting down and abandoning module Android_ETC1TargetPlatform (30)
[2015.07.12-19.14.24:847][937]LogModuleManager: Shutting down and abandoning module Android_DXTTargetPlatform (29)
[2015.07.12-19.14.24:847][937]LogModuleManager: Shutting down and abandoning module Android_ATCTargetPlatform (28)
[2015.07.12-19.14.24:847][937]LogModuleManager: Shutting down and abandoning module Android_ASTCTargetPlatform (27)
[2015.07.12-19.14.24:847][937]LogModuleManager: Shutting down and abandoning module AndroidTargetPlatform (26)
[2015.07.12-19.14.24:847][937]LogModuleManager: Shutting down and abandoning module WindowsTargetPlatform (25)
[2015.07.12-19.14.24:847][937]LogModuleManager: Shutting down and abandoning module WindowsServerTargetPlatform (24)
[2015.07.12-19.14.24:847][937]LogModuleManager: Shutting down and abandoning module WindowsNoEditorTargetPlatform (23)
[2015.07.12-19.14.24:847][937]LogModuleManager: Shutting down and abandoning module WindowsClientTargetPlatform (22)
[2015.07.12-19.14.24:847][937]LogModuleManager: Shutting down and abandoning module DesktopTargetPlatform (21)
[2015.07.12-19.14.24:847][937]LogModuleManager: Shutting down and abandoning module TargetPlatform (20)
[2015.07.12-19.14.24:847][937]LogModuleManager: Shutting down and abandoning module InputCore (19)
[2015.07.12-19.14.24:847][937]LogModuleManager: Shutting down and abandoning module Settings (18)
[2015.07.12-19.14.24:847][937]LogModuleManager: Shutting down and abandoning module OnlineSubsystem (16)
[2015.07.12-19.14.24:847][937]LogModuleManager: Shutting down and abandoning module HTTP (15)
[2015.07.12-19.14.24:848][937]LogModuleManager: Shutting down and abandoning module ExampleDeviceProfileSelector (14)
[2015.07.12-19.14.24:848][937]LogModuleManager: Shutting down and abandoning module TextureCompressor (13)
[2015.07.12-19.14.24:848][937]LogModuleManager: Shutting down and abandoning module ShaderCore (12)
[2015.07.12-19.14.24:848][937]LogModuleManager: Shutting down and abandoning module Landscape (11)
[2015.07.12-19.14.24:848][937]LogModuleManager: Shutting down and abandoning module SlateRHIRenderer (10)
[2015.07.12-19.14.24:852][937]LogModuleManager: Shutting down and abandoning module OpenGLDrv (9)
[2015.07.12-19.14.24:852][937]LogModuleManager: Shutting down and abandoning module D3D11RHI (8)
[2015.07.12-19.14.24:852][937]LogModuleManager: Shutting down and abandoning module Renderer (7)
[2015.07.12-19.14.24:852][937]LogModuleManager: Shutting down and abandoning module Engine (6)
[2015.07.12-19.14.24:852][937]LogModuleManager: Shutting down and abandoning module CoreUObject (5)
[2015.07.12-19.14.24:852][937]LogModuleManager: Shutting down and abandoning module NetworkFile (4)
[2015.07.12-19.14.24:852][937]LogModuleManager: Shutting down and abandoning module StreamingFile (3)
[2015.07.12-19.14.24:852][937]LogModuleManager: Shutting down and abandoning module SandboxFile (2)
[2015.07.12-19.14.24:852][937]LogModuleManager: Shutting down and abandoning module PakFile (1)
[2015.07.12-19.14.24:853][937]LogExit: Exiting.
[2015.07.12-19.14.24:882][937]Log file closed, 07/12/15 22:14:24
