[2015.07.08-13.04.17:162][  0]Log file open, 07/08/15 16:04:17
[2015.07.08-13.04.17:162][  0]LogInit:Display: Running engine for game: MyProject
[2015.07.08-13.04.17:162][  0]LogInit:Display: RandInit(1908663733) SRandInit(1908663736).
[2015.07.08-13.04.17:162][  0]LogTaskGraph: Started task graph with 4 named threads and 5 total threads.
[2015.07.08-13.04.17:162][  0]LogStats: Stats thread started
[2015.07.08-13.04.17:162][  0]LogInit: Version: 4.8.1-2591939+++depot+UE4-Releases+4.8
[2015.07.08-13.04.17:162][  0]LogInit: API Version: 2579680
[2015.07.08-13.04.17:162][  0]LogInit: Compiled (64-bit): Jun 18 2015 11:02:04
[2015.07.08-13.04.17:162][  0]LogInit: Compiled with Visual C++: 18.00.21005.01
[2015.07.08-13.04.17:162][  0]LogInit: Build Configuration: Development
[2015.07.08-13.04.17:162][  0]LogInit: Branch Name: ++depot+UE4-Releases+4.8
[2015.07.08-13.04.17:162][  0]LogInit: Command line: 
[2015.07.08-13.04.17:162][  0]LogInit: Base directory: C:/Program Files/Epic Games/4.8/Engine/Binaries/Win64/
[2015.07.08-13.04.17:162][  0]LogInit: Rocket: 1
[2015.07.08-13.04.17:175][  0]LogInit: Using libcurl 7.41.0
[2015.07.08-13.04.17:175][  0]LogInit:  - built for x86_64-pc-win32
[2015.07.08-13.04.17:175][  0]LogInit:  - supports SSL with WinSSL
[2015.07.08-13.04.17:175][  0]LogInit:  - other features:
[2015.07.08-13.04.17:175][  0]LogInit:      CURL_VERSION_SSL
[2015.07.08-13.04.17:175][  0]LogInit:      CURL_VERSION_IPV6
[2015.07.08-13.04.17:175][  0]LogInit:      CURL_VERSION_ASYNCHDNS
[2015.07.08-13.04.17:175][  0]LogInit:      CURL_VERSION_LARGEFILE
[2015.07.08-13.04.17:175][  0]LogInit:      CURL_VERSION_IDN
[2015.07.08-13.04.17:175][  0]LogInit:  CurlRequestOptions (configurable via config and command line):
[2015.07.08-13.04.17:175][  0]LogInit:  - bVerifyPeer = true  - Libcurl will verify peer certificate
[2015.07.08-13.04.17:175][  0]LogInit:  - bUseHttpProxy = false  - Libcurl will NOT use HTTP proxy
[2015.07.08-13.04.17:175][  0]LogInit:  - bDontReuseConnections = false  - Libcurl will reuse connections
[2015.07.08-13.04.17:175][  0]LogInit:  - CertBundlePath = nullptr  - Libcurl will use whatever was configured at build time.
[2015.07.08-13.04.17:187][  0]LogOnline:Warning: No default platform service specified for OnlineSubsystem
[2015.07.08-13.04.17:200][  0]LogInit: Presizing for 0 objects not considered by GC, pre-allocating 0 bytes.
[2015.07.08-13.04.17:207][  0]LogInit: Object subsystem initialized
[2015.07.08-13.04.17:208][  0]LogConsoleResponse:Warning: Skipping Unknown console variable: 'TranslucentSortAxis = (X=0.000000,Y=-1.000000,Z=0.000000)'
[2015.07.08-13.04.17:208][  0]LogConsoleResponse:Warning:   Found in ini file 'C:/Users/N/Documents/GitHub/UnrealNeuroCar/Saved/Config/Windows/Engine.ini', in section '[/Script/Engine.RendererSettings]'
[2015.07.08-13.04.17:208][  0]LogConsoleResponse:Warning: Skipping Unknown console variable: 'UIScaleRule = ShortestSide'
[2015.07.08-13.04.17:208][  0]LogConsoleResponse:Warning:   Found in ini file 'C:/Users/N/Documents/GitHub/UnrealNeuroCar/Saved/Config/Windows/Engine.ini', in section '[/Script/Engine.RendererSettings]'
[2015.07.08-13.04.17:208][  0]LogConsoleResponse:Warning: Skipping Unknown console variable: 'UIScaleCurve = (EditorCurveData=(Keys=),ExternalCurve=None)'
[2015.07.08-13.04.17:208][  0]LogConsoleResponse:Warning:   Found in ini file 'C:/Users/N/Documents/GitHub/UnrealNeuroCar/Saved/Config/Windows/Engine.ini', in section '[/Script/Engine.RendererSettings]'
[2015.07.08-13.04.17:208][  0]LogInit: Selected Device Profile: [Windows]
[2015.07.08-13.04.17:208][  0]LogInit: Applying CVar settings loaded from the selected device profile: [Windows]
[2015.07.08-13.04.17:217][  0]LogInit: Computer: CATQUEEN
[2015.07.08-13.04.17:217][  0]LogInit: User: Kunkku
[2015.07.08-13.04.17:217][  0]LogInit: CPU Page size=4096, Cores=2
[2015.07.08-13.04.17:217][  0]LogInit: High frequency timer resolution =2.435779 MHz
[2015.07.08-13.04.17:217][  0]LogMemory: Memory total: Physical=7.9GB (8GB approx)
[2015.07.08-13.04.17:217][  0]LogMemory: Platform Memory Stats for Windows
[2015.07.08-13.04.17:217][  0]LogMemory: Process Physical Memory: 48.71 MB used, 48.71 MB peak
[2015.07.08-13.04.17:217][  0]LogMemory: Process Virtual Memory: 22.65 MB used, 22.65 MB peak
[2015.07.08-13.04.17:217][  0]LogMemory: Physical Memory: 3330.10 MB used, 8112.27 MB total
[2015.07.08-13.04.17:217][  0]LogMemory: Virtual Memory: 291.95 MB used, 134217728.00 MB total
[2015.07.08-13.04.17:249][  0]LogTextLocalizationManager: The requested culture ('fi_FI') has no localization data; falling back to 'en' for localization and internationalization data.
[2015.07.08-13.04.17:473][  0]LogTextLocalizationManager:Warning: Loaded localization resources contain conflicting entries for (Namespace:ContentBrowser, Key:ImportAssetToolTip):
Localization Resource: (C:/Program Files/Epic Games/4.8/Engine/Content/Localization/Editor/en/Editor.locres) Source String Hash: (-630476809) Localized String: (Import to {0}...)
Localization Resource: (C:/Program Files/Epic Games/4.8/Engine/Content/Localization/Editor/en/Editor.locres) Source String Hash: (1271782899) Localized String: (Imports an asset from file to this folder.)
[2015.07.08-13.04.17:947][  0]LogD3D11RHI: Found D3D11 adapter 0: Intel(R) HD Graphics 4600 (Feature Level 11_0)
[2015.07.08-13.04.17:947][  0]LogD3D11RHI: Adapter has 0MB of dedicated video memory, 0MB of dedicated system memory, and 1792MB of shared system memory, 1 output[s]
[2015.07.08-13.04.17:962][  0]LogD3D11RHI: Found D3D11 adapter 1: NVIDIA GeForce GT 740M (Feature Level 11_0)
[2015.07.08-13.04.17:962][  0]LogD3D11RHI: Adapter has 1994MB of dedicated video memory, 0MB of dedicated system memory, and 2048MB of shared system memory, 0 output[s]
[2015.07.08-13.04.17:963][  0]LogD3D11RHI: Found D3D11 adapter 2: Microsoft Basic Render Driver (Feature Level 11_0)
[2015.07.08-13.04.17:963][  0]LogD3D11RHI: Adapter has 0MB of dedicated video memory, 0MB of dedicated system memory, and 256MB of shared system memory, 0 output[s]
[2015.07.08-13.04.17:963][  0]LogD3D11RHI: Chosen D3D11 Adapter Id = 0
[2015.07.08-13.04.17:970][  0]LogRHI: Texture pool is 1361 MB (70% of 1945 MB)
[2015.07.08-13.04.17:980][  0]LogD3D11RHI: Async texture creation enabled
[2015.07.08-13.04.17:996][  0]LogShaderCompilers:Display: Using Local Shader Compiler.
[2015.07.08-13.04.18:932][  0]LogTemp:Display: Loaded TP DesktopTargetPlatform
[2015.07.08-13.04.18:946][  0]LogTemp:Display: Loaded TP WindowsClientTargetPlatform
[2015.07.08-13.04.18:960][  0]LogTemp:Display: Loaded TP WindowsNoEditorTargetPlatform
[2015.07.08-13.04.18:975][  0]LogTemp:Display: Loaded TP WindowsServerTargetPlatform
[2015.07.08-13.04.18:990][  0]LogTemp:Display: Loaded TP WindowsTargetPlatform
[2015.07.08-13.04.19:002][  0]LogTemp:Display: Loaded TP AndroidTargetPlatform
[2015.07.08-13.04.19:014][  0]LogTemp:Display: Loaded TP Android_ASTCTargetPlatform
[2015.07.08-13.04.19:027][  0]LogTemp:Display: Loaded TP Android_ATCTargetPlatform
[2015.07.08-13.04.19:039][  0]LogTemp:Display: Loaded TP Android_DXTTargetPlatform
[2015.07.08-13.04.19:051][  0]LogTemp:Display: Loaded TP Android_ETC1TargetPlatform
[2015.07.08-13.04.19:063][  0]LogTemp:Display: Loaded TP Android_ETC2TargetPlatform
[2015.07.08-13.04.19:076][  0]LogTemp:Display: Loaded TP Android_PVRTCTargetPlatform
[2015.07.08-13.04.19:123][  0]LogTemp:Display: Loaded TP IOSTargetPlatform
[2015.07.08-13.04.19:135][  0]LogTemp:Display: Loaded TP LinuxNoEditorTargetPlatform
[2015.07.08-13.04.19:147][  0]LogTemp:Display: Loaded TP LinuxServerTargetPlatform
[2015.07.08-13.04.19:161][  0]LogTemp:Display: Loaded TP LinuxTargetPlatform
[2015.07.08-13.04.19:161][  0]LogTargetPlatformManager:Display: Building Assets For Windows
[2015.07.08-13.04.19:360][  0]LogDerivedDataCache:Display: Max Cache Size: 512 MB
[2015.07.08-13.04.19:423][  0]LogDerivedDataCache: Loaded boot cache 0.06s 53MB C:/Users/N/AppData/Local/UnrealEngine/4.8/DerivedDataCache/Boot.ddc.
[2015.07.08-13.04.19:423][  0]LogDerivedDataCache:Display: Loaded Boot cache: C:/Users/N/AppData/Local/UnrealEngine/4.8/DerivedDataCache/Boot.ddc
[2015.07.08-13.04.19:423][  0]LogDerivedDataCache: FDerivedDataBackendGraph:  Pak pak cache file ../../../../../../Users/N/Documents/GitHub/UnrealNeuroCar/DerivedDataCache/DDC.ddp not found, will not use a pak cache.
[2015.07.08-13.04.19:423][  0]LogDerivedDataCache: Unable to find inner node Pak for hierarchical cache Hierarchy.
[2015.07.08-13.04.19:423][  0]LogDerivedDataCache: FDerivedDataBackendGraph:  CompressedPak pak cache file ../../../../../../Users/N/Documents/GitHub/UnrealNeuroCar/DerivedDataCache/Compressed.ddp not found, will not use a pak cache.
[2015.07.08-13.04.19:423][  0]LogDerivedDataCache: Unable to find inner node CompressedPak for hierarchical cache Hierarchy.
[2015.07.08-13.04.19:573][  0]LogDerivedDataCache:Display: Pak cache opened for reading ../../../Engine/DerivedDataCache/Compressed.ddp.
[2015.07.08-13.04.19:586][  0]LogDerivedDataCache: Using Local data cache path C:/Users/N/AppData/Local/UnrealEngine/Common/DerivedDataCache: Writable
[2015.07.08-13.04.19:788][  0]LogInit: Selected Device Profile: [Windows]
[2015.07.08-13.04.19:872][  0]ImportText (ComponentSweepMultiTests): Missing closing parenthesis: (RootShapeAsset="/Engine/BasicShapes/Cube.Cube",ShapeType="TriggerCapsule",HitResult=(Time=0.50,Location=(X=-100.000015,Y=0.0,Z=100.000015),ImpactPoint=(X=-50.0,Y=0.0,Z=50.0),Normal=(X=-1.0,Y=-0.0,Z=0.0),ImpactNormal=(X=0.0,Y=0.0,Z=1.0),TraceStart=(X=-200.0,Y=0.0,Z=200.0),TraceEnd=(X=0.0,Y=0.0,Z=0.0))
[2015.07.08-13.04.19:873][  0]ImportText (LineTraceSingleByChannelTests): Missing closing parenthesis: (RootShapeAsset="/Engine/BasicShapes/Cube.Cube",HitResult=(Time=0.50,Location=(X=-100.000015,Y=0.0,Z=100.000015),ImpactPoint=(X=-50.0,Y=0.0,Z=50.0),Normal=(X=-1.0,Y=-0.0,Z=0.0),ImpactNormal=(X=0.0,Y=0.0,Z=1.0),TraceStart=(X=-200.0,Y=0.0,Z=200.0),TraceEnd=(X=0.0,Y=0.0,Z=0.0))
[2015.07.08-13.04.19:899][  0]LogMeshUtilities: No automatic mesh reduction module available
[2015.07.08-13.04.19:899][  0]LogMeshUtilities: No automatic mesh merging module available
[2015.07.08-13.04.20:270][  0]LogInit: WinSock: version 1.1 (2.2), MaxSocks=32767, MaxUdp=65467
[2015.07.08-13.04.21:202][  0]UdpMessaging: Initializing bridge on interface 0.0.0.0:0 to multicast group 230.0.0.1:6666.
[2015.07.08-13.04.21:532][  0]SourceControl: Info Source control is disabled
[2015.07.08-13.04.21:690][  0]SourceControl: Info Source control is disabled
[2015.07.08-13.04.21:700][  0]SourceControl: Info Source control is disabled
[2015.07.08-13.04.21:709][  0]SourceControl: Info Source control is disabled
[2015.07.08-13.04.21:931][  0]LogObj: 26273 objects as part of root set at end of initial load.
[2015.07.08-13.04.21:931][  0]LogUObjectAllocator: 5409248 out of 0 bytes used by permanent object pool.
[2015.07.08-13.04.22:015][  0]LogEngine: Initializing Engine...
[2015.07.08-13.04.22:017][  0]LogHMD: Can't find Oculus library dev build: is proper Runtime installed? Version: 0.6.0.0
[2015.07.08-13.04.22:018][  0]LogHMD:Warning: SteamVR failed to initialize.  Error: 110
[2015.07.08-13.04.22:168][  0]LogAIModule: Creating AISystem for world NewWorld
[2015.07.08-13.04.22:171][  0]LogInit: XAudio2 using 'Speakers (Realtek High Definition Audio)' : 2 channels at 48 kHz using 32 bits per sample (channel mask 0x3)
[2015.07.08-13.04.22:191][  0]LogInit: FAudioDevice initialized.
[2015.07.08-13.04.22:221][  0]LogDerivedDataCache: Saved boot cache 0.03s 53MB C:/Users/N/AppData/Local/UnrealEngine/4.8/DerivedDataCache/Boot.ddc.
[2015.07.08-13.04.22:227][  0]LogInit: Texture streaming: Disabled
[2015.07.08-13.04.22:251][  0]LogAnalytics: Creating configured Analytics provider AnalyticsET
[2015.07.08-13.04.22:251][  0]LogAnalytics: [UEEditor.Rocket.Release] APIServer = http://et2.epicgames.com/ET2/. AppVersion = 4.8.1-2591939+++depot+UE4-Releases+4.8
[2015.07.08-13.04.22:251][  0]LogAnalytics: [UEEditor.Rocket.Release] SetUserId f7a881bb45b3b8b4de3a738428d93779|95bf3da099894b978f8fd396e7ebf43c|13d7fc3b-9b02-412c-b137-1d7c802280ff
[2015.07.08-13.04.22:251][  0]LogAnalytics: [UEEditor.Rocket.Release] AnalyticsET::StartSession
[2015.07.08-13.04.22:311][  0]LogInit: Transaction tracking system initialized
[2015.07.08-13.04.22:452][  0]BlueprintLog: New page: Editor Load
[2015.07.08-13.04.22:488][  0]LogAssetRegistry: FAssetRegistry took 0.0108 seconds to start up
[2015.07.08-13.04.22:488][  0]LogDirectoryWatcher:Warning: Failed to begin reading directory changes for ../../../Engine/Plugins/Experimental/CharacterAI/Content/. Error: 0
[2015.07.08-13.04.23:383][  0]LogConsoleManager:Warning: Console variable 'r.VSync' wasn't set ('GameSetting' has a lower priority than 'SystemSettingsIni')
[2015.07.08-13.04.23:383][  0]LogConsoleResponse:Display: 
[2015.07.08-13.04.23:519][  0]LogCook:Display: Done creating registry. It took  0.00s.
[2015.07.08-13.04.23:708][  0]SourceControl: Info Source control is disabled
[2015.07.08-13.04.23:708][  0]Cmd: MAP LOAD FILE="../../../../../../Users/N/Documents/GitHub/UnrealNeuroCar/Content/VehicleAdvBP/Maps/AdvancedVehicleExamplemap.umap" TEMPLATE=0 SHOWPROGRESS=1 FEATURELEVEL=3
[2015.07.08-13.04.23:709][  0]LightingResults: New page: Lighting Build
[2015.07.08-13.04.23:728][  0]MapCheck: New page: Map Check
[2015.07.08-13.04.23:728][  0]LightingResults: New page: Lighting Build
[2015.07.08-13.04.23:748][  0]LogParticles: Destroying 0 GPU particle simulations for FXSystem 0x000000A0695BCB80
[2015.07.08-13.04.24:232][  0]LogBlueprint:Warning: [compiler VehicleBlueprint] Warning  Set Text (String)  is deprecated; Use the SetText function taking an FText instead.
[2015.07.08-13.04.24:233][  0]LogBlueprint:Warning: [compiler VehicleBlueprint] Warning  Set Text (String)  is deprecated; Use the SetText function taking an FText instead.
[2015.07.08-13.04.24:243][  0]LogBlueprint:Warning: [compiler VehicleBlueprint] Warning [0008.54] Compile of VehicleBlueprint successful, but with 2 Warning(s) [in 54 ms]
[2015.07.08-13.04.24:243][  0]LogBlueprint:Warning: [compiler VehicleBlueprint] Warning [0008.54] Compile of VehicleBlueprint successful, but with 3 Warning(s) [in 0 ms]
[2015.07.08-13.04.24:243][  0]LogBlueprint:Warning: [compiler VehicleBlueprint] Warning [0008.54] Compile of VehicleBlueprint successful, but with 4 Warning(s) [in 0 ms]
[2015.07.08-13.04.24:345][  0]LogBlueprint:Warning: [compiler VehicleBlueprint] Warning  Set Text (String)  is deprecated; Use the SetText function taking an FText instead.
[2015.07.08-13.04.24:345][  0]LogBlueprint:Warning: [compiler VehicleBlueprint] Warning  Set Text (String)  is deprecated; Use the SetText function taking an FText instead.
[2015.07.08-13.04.24:359][  0]LogBlueprint:Warning: [compiler VehicleBlueprint] Warning [0008.66] Compile of VehicleBlueprint successful, but with 2 Warning(s) [in 57 ms]
[2015.07.08-13.04.24:359][  0]LogBlueprint:Warning: [compiler VehicleBlueprint] Warning [0008.66] Compile of VehicleBlueprint successful, but with 3 Warning(s) [in 0 ms]
[2015.07.08-13.04.26:554][  0]LogAIModule: Creating AISystem for world AdvancedVehicleExamplemap
[2015.07.08-13.04.26:577][  0]LogPhysics:Warning: PHYSX: ..\..\PhysXExtensions\src\ExtRigidBodyExt.cpp (217) 4 : computeMassAndInertia: Dynamic actor with illegal collision shapes
[2015.07.08-13.04.26:577][  0]LogPhysics:Warning: PHYSX: ..\..\PhysXExtensions\src\ExtRigidBodyExt.cpp (266) 4 : PxRigidBodyExt::updateMassAndInertia: Mass and inertia computation failed, setting mass to 1 and inertia to (1,1,1)
[2015.07.08-13.04.26:577][  0]LogPhysics:Warning: PHYSX: ..\..\PhysXExtensions\src\ExtRigidBodyExt.cpp (217) 4 : computeMassAndInertia: Dynamic actor with illegal collision shapes
[2015.07.08-13.04.26:577][  0]LogPhysics:Warning: PHYSX: ..\..\PhysXExtensions\src\ExtRigidBodyExt.cpp (266) 4 : PxRigidBodyExt::updateMassAndInertia: Mass and inertia computation failed, setting mass to 1 and inertia to (1,1,1)
[2015.07.08-13.04.26:578][  0]LogPhysics:Warning: PHYSX: ..\..\PhysXExtensions\src\ExtRigidBodyExt.cpp (217) 4 : computeMassAndInertia: Dynamic actor with illegal collision shapes
[2015.07.08-13.04.26:578][  0]LogPhysics:Warning: PHYSX: ..\..\PhysXExtensions\src\ExtRigidBodyExt.cpp (266) 4 : PxRigidBodyExt::updateMassAndInertia: Mass and inertia computation failed, setting mass to 1 and inertia to (1,1,1)
[2015.07.08-13.04.26:578][  0]LogPhysics:Warning: PHYSX: ..\..\PhysXExtensions\src\ExtRigidBodyExt.cpp (217) 4 : computeMassAndInertia: Dynamic actor with illegal collision shapes
[2015.07.08-13.04.26:578][  0]LogPhysics:Warning: PHYSX: ..\..\PhysXExtensions\src\ExtRigidBodyExt.cpp (266) 4 : PxRigidBodyExt::updateMassAndInertia: Mass and inertia computation failed, setting mass to 1 and inertia to (1,1,1)
[2015.07.08-13.04.26:578][  0]LogPhysics:Warning: PHYSX: ..\..\PhysXExtensions\src\ExtRigidBodyExt.cpp (217) 4 : computeMassAndInertia: Dynamic actor with illegal collision shapes
[2015.07.08-13.04.26:578][  0]LogPhysics:Warning: PHYSX: ..\..\PhysXExtensions\src\ExtRigidBodyExt.cpp (266) 4 : PxRigidBodyExt::updateMassAndInertia: Mass and inertia computation failed, setting mass to 1 and inertia to (1,1,1)
[2015.07.08-13.04.26:578][  0]LogPhysics:Warning: PHYSX: ..\..\PhysXExtensions\src\ExtRigidBodyExt.cpp (217) 4 : computeMassAndInertia: Dynamic actor with illegal collision shapes
[2015.07.08-13.04.26:578][  0]LogPhysics:Warning: PHYSX: ..\..\PhysXExtensions\src\ExtRigidBodyExt.cpp (266) 4 : PxRigidBodyExt::updateMassAndInertia: Mass and inertia computation failed, setting mass to 1 and inertia to (1,1,1)
[2015.07.08-13.04.26:578][  0]LogPhysics:Warning: PHYSX: ..\..\PhysXExtensions\src\ExtRigidBodyExt.cpp (217) 4 : computeMassAndInertia: Dynamic actor with illegal collision shapes
[2015.07.08-13.04.26:578][  0]LogPhysics:Warning: PHYSX: ..\..\PhysXExtensions\src\ExtRigidBodyExt.cpp (266) 4 : PxRigidBodyExt::updateMassAndInertia: Mass and inertia computation failed, setting mass to 1 and inertia to (1,1,1)
[2015.07.08-13.04.26:578][  0]LogPhysics:Warning: PHYSX: ..\..\PhysXExtensions\src\ExtRigidBodyExt.cpp (217) 4 : computeMassAndInertia: Dynamic actor with illegal collision shapes
[2015.07.08-13.04.26:578][  0]LogPhysics:Warning: PHYSX: ..\..\PhysXExtensions\src\ExtRigidBodyExt.cpp (266) 4 : PxRigidBodyExt::updateMassAndInertia: Mass and inertia computation failed, setting mass to 1 and inertia to (1,1,1)
[2015.07.08-13.04.26:578][  0]LogPhysics:Warning: PHYSX: ..\..\PhysXExtensions\src\ExtRigidBodyExt.cpp (217) 4 : computeMassAndInertia: Dynamic actor with illegal collision shapes
[2015.07.08-13.04.26:578][  0]LogPhysics:Warning: PHYSX: ..\..\PhysXExtensions\src\ExtRigidBodyExt.cpp (266) 4 : PxRigidBodyExt::updateMassAndInertia: Mass and inertia computation failed, setting mass to 1 and inertia to (1,1,1)
[2015.07.08-13.04.26:578][  0]LogPhysics:Warning: PHYSX: ..\..\PhysXExtensions\src\ExtRigidBodyExt.cpp (217) 4 : computeMassAndInertia: Dynamic actor with illegal collision shapes
[2015.07.08-13.04.26:578][  0]LogPhysics:Warning: PHYSX: ..\..\PhysXExtensions\src\ExtRigidBodyExt.cpp (266) 4 : PxRigidBodyExt::updateMassAndInertia: Mass and inertia computation failed, setting mass to 1 and inertia to (1,1,1)
[2015.07.08-13.04.26:578][  0]LogPhysics:Warning: PHYSX: ..\..\PhysXExtensions\src\ExtRigidBodyExt.cpp (217) 4 : computeMassAndInertia: Dynamic actor with illegal collision shapes
[2015.07.08-13.04.26:579][  0]LogPhysics:Warning: PHYSX: ..\..\PhysXExtensions\src\ExtRigidBodyExt.cpp (266) 4 : PxRigidBodyExt::updateMassAndInertia: Mass and inertia computation failed, setting mass to 1 and inertia to (1,1,1)
[2015.07.08-13.04.26:579][  0]LogPhysics:Warning: PHYSX: ..\..\PhysXExtensions\src\ExtRigidBodyExt.cpp (217) 4 : computeMassAndInertia: Dynamic actor with illegal collision shapes
[2015.07.08-13.04.26:579][  0]LogPhysics:Warning: PHYSX: ..\..\PhysXExtensions\src\ExtRigidBodyExt.cpp (266) 4 : PxRigidBodyExt::updateMassAndInertia: Mass and inertia computation failed, setting mass to 1 and inertia to (1,1,1)
[2015.07.08-13.04.26:579][  0]LogPhysics:Warning: PHYSX: ..\..\PhysXExtensions\src\ExtRigidBodyExt.cpp (217) 4 : computeMassAndInertia: Dynamic actor with illegal collision shapes
[2015.07.08-13.04.26:579][  0]LogPhysics:Warning: PHYSX: ..\..\PhysXExtensions\src\ExtRigidBodyExt.cpp (266) 4 : PxRigidBodyExt::updateMassAndInertia: Mass and inertia computation failed, setting mass to 1 and inertia to (1,1,1)
[2015.07.08-13.04.26:579][  0]LogPhysics:Warning: PHYSX: ..\..\PhysXExtensions\src\ExtRigidBodyExt.cpp (217) 4 : computeMassAndInertia: Dynamic actor with illegal collision shapes
[2015.07.08-13.04.26:579][  0]LogPhysics:Warning: PHYSX: ..\..\PhysXExtensions\src\ExtRigidBodyExt.cpp (266) 4 : PxRigidBodyExt::updateMassAndInertia: Mass and inertia computation failed, setting mass to 1 and inertia to (1,1,1)
[2015.07.08-13.04.26:579][  0]LogPhysics:Warning: PHYSX: ..\..\PhysXExtensions\src\ExtRigidBodyExt.cpp (217) 4 : computeMassAndInertia: Dynamic actor with illegal collision shapes
[2015.07.08-13.04.26:579][  0]LogPhysics:Warning: PHYSX: ..\..\PhysXExtensions\src\ExtRigidBodyExt.cpp (266) 4 : PxRigidBodyExt::updateMassAndInertia: Mass and inertia computation failed, setting mass to 1 and inertia to (1,1,1)
[2015.07.08-13.04.26:579][  0]LogPhysics:Warning: PHYSX: ..\..\PhysXExtensions\src\ExtRigidBodyExt.cpp (217) 4 : computeMassAndInertia: Dynamic actor with illegal collision shapes
[2015.07.08-13.04.26:579][  0]LogPhysics:Warning: PHYSX: ..\..\PhysXExtensions\src\ExtRigidBodyExt.cpp (266) 4 : PxRigidBodyExt::updateMassAndInertia: Mass and inertia computation failed, setting mass to 1 and inertia to (1,1,1)
[2015.07.08-13.04.26:579][  0]LogPhysics:Warning: PHYSX: ..\..\PhysXExtensions\src\ExtRigidBodyExt.cpp (217) 4 : computeMassAndInertia: Dynamic actor with illegal collision shapes
[2015.07.08-13.04.26:579][  0]LogPhysics:Warning: PHYSX: ..\..\PhysXExtensions\src\ExtRigidBodyExt.cpp (266) 4 : PxRigidBodyExt::updateMassAndInertia: Mass and inertia computation failed, setting mass to 1 and inertia to (1,1,1)
[2015.07.08-13.04.26:580][  0]LogPhysics:Warning: PHYSX: ..\..\PhysXExtensions\src\ExtRigidBodyExt.cpp (217) 4 : computeMassAndInertia: Dynamic actor with illegal collision shapes
[2015.07.08-13.04.26:580][  0]LogPhysics:Warning: PHYSX: ..\..\PhysXExtensions\src\ExtRigidBodyExt.cpp (266) 4 : PxRigidBodyExt::updateMassAndInertia: Mass and inertia computation failed, setting mass to 1 and inertia to (1,1,1)
[2015.07.08-13.04.26:580][  0]LogPhysics:Warning: PHYSX: ..\..\PhysXExtensions\src\ExtRigidBodyExt.cpp (217) 4 : computeMassAndInertia: Dynamic actor with illegal collision shapes
[2015.07.08-13.04.26:580][  0]LogPhysics:Warning: PHYSX: ..\..\PhysXExtensions\src\ExtRigidBodyExt.cpp (266) 4 : PxRigidBodyExt::updateMassAndInertia: Mass and inertia computation failed, setting mass to 1 and inertia to (1,1,1)
[2015.07.08-13.04.26:580][  0]LogPhysics:Warning: PHYSX: ..\..\PhysXExtensions\src\ExtRigidBodyExt.cpp (217) 4 : computeMassAndInertia: Dynamic actor with illegal collision shapes
[2015.07.08-13.04.26:580][  0]LogPhysics:Warning: PHYSX: ..\..\PhysXExtensions\src\ExtRigidBodyExt.cpp (266) 4 : PxRigidBodyExt::updateMassAndInertia: Mass and inertia computation failed, setting mass to 1 and inertia to (1,1,1)
[2015.07.08-13.04.26:636][  0]LogPhysics:Warning: PHYSX: ..\..\PhysXExtensions\src\ExtRigidBodyExt.cpp (217) 4 : computeMassAndInertia: Dynamic actor with illegal collision shapes
[2015.07.08-13.04.26:636][  0]LogPhysics:Warning: PHYSX: ..\..\PhysXExtensions\src\ExtRigidBodyExt.cpp (266) 4 : PxRigidBodyExt::updateMassAndInertia: Mass and inertia computation failed, setting mass to 1 and inertia to (1,1,1)
[2015.07.08-13.04.26:637][  0]LogPhysics:Warning: PHYSX: ..\..\PhysXExtensions\src\ExtRigidBodyExt.cpp (217) 4 : computeMassAndInertia: Dynamic actor with illegal collision shapes
[2015.07.08-13.04.26:637][  0]LogPhysics:Warning: PHYSX: ..\..\PhysXExtensions\src\ExtRigidBodyExt.cpp (266) 4 : PxRigidBodyExt::updateMassAndInertia: Mass and inertia computation failed, setting mass to 1 and inertia to (1,1,1)
[2015.07.08-13.04.26:637][  0]LogPhysics:Warning: PHYSX: ..\..\PhysXExtensions\src\ExtRigidBodyExt.cpp (217) 4 : computeMassAndInertia: Dynamic actor with illegal collision shapes
[2015.07.08-13.04.26:637][  0]LogPhysics:Warning: PHYSX: ..\..\PhysXExtensions\src\ExtRigidBodyExt.cpp (266) 4 : PxRigidBodyExt::updateMassAndInertia: Mass and inertia computation failed, setting mass to 1 and inertia to (1,1,1)
[2015.07.08-13.04.26:638][  0]LogPhysics:Warning: PHYSX: ..\..\PhysXExtensions\src\ExtRigidBodyExt.cpp (217) 4 : computeMassAndInertia: Dynamic actor with illegal collision shapes
[2015.07.08-13.04.26:638][  0]LogPhysics:Warning: PHYSX: ..\..\PhysXExtensions\src\ExtRigidBodyExt.cpp (266) 4 : PxRigidBodyExt::updateMassAndInertia: Mass and inertia computation failed, setting mass to 1 and inertia to (1,1,1)
[2015.07.08-13.04.26:639][  0]LogPhysics:Warning: PHYSX: ..\..\PhysXExtensions\src\ExtRigidBodyExt.cpp (217) 4 : computeMassAndInertia: Dynamic actor with illegal collision shapes
[2015.07.08-13.04.26:639][  0]LogPhysics:Warning: PHYSX: ..\..\PhysXExtensions\src\ExtRigidBodyExt.cpp (266) 4 : PxRigidBodyExt::updateMassAndInertia: Mass and inertia computation failed, setting mass to 1 and inertia to (1,1,1)
[2015.07.08-13.04.26:640][  0]LogPhysics:Warning: PHYSX: ..\..\PhysXExtensions\src\ExtRigidBodyExt.cpp (217) 4 : computeMassAndInertia: Dynamic actor with illegal collision shapes
[2015.07.08-13.04.26:640][  0]LogPhysics:Warning: PHYSX: ..\..\PhysXExtensions\src\ExtRigidBodyExt.cpp (266) 4 : PxRigidBodyExt::updateMassAndInertia: Mass and inertia computation failed, setting mass to 1 and inertia to (1,1,1)
[2015.07.08-13.04.26:641][  0]LogPhysics:Warning: PHYSX: ..\..\PhysXExtensions\src\ExtRigidBodyExt.cpp (217) 4 : computeMassAndInertia: Dynamic actor with illegal collision shapes
[2015.07.08-13.04.26:641][  0]LogPhysics:Warning: PHYSX: ..\..\PhysXExtensions\src\ExtRigidBodyExt.cpp (266) 4 : PxRigidBodyExt::updateMassAndInertia: Mass and inertia computation failed, setting mass to 1 and inertia to (1,1,1)
[2015.07.08-13.04.26:641][  0]LogPhysics:Warning: PHYSX: ..\..\PhysXExtensions\src\ExtRigidBodyExt.cpp (217) 4 : computeMassAndInertia: Dynamic actor with illegal collision shapes
[2015.07.08-13.04.26:641][  0]LogPhysics:Warning: PHYSX: ..\..\PhysXExtensions\src\ExtRigidBodyExt.cpp (266) 4 : PxRigidBodyExt::updateMassAndInertia: Mass and inertia computation failed, setting mass to 1 and inertia to (1,1,1)
[2015.07.08-13.04.26:642][  0]LogPhysics:Warning: PHYSX: ..\..\PhysXExtensions\src\ExtRigidBodyExt.cpp (217) 4 : computeMassAndInertia: Dynamic actor with illegal collision shapes
[2015.07.08-13.04.26:642][  0]LogPhysics:Warning: PHYSX: ..\..\PhysXExtensions\src\ExtRigidBodyExt.cpp (266) 4 : PxRigidBodyExt::updateMassAndInertia: Mass and inertia computation failed, setting mass to 1 and inertia to (1,1,1)
[2015.07.08-13.04.26:643][  0]LogPhysics:Warning: PHYSX: ..\..\PhysXExtensions\src\ExtRigidBodyExt.cpp (217) 4 : computeMassAndInertia: Dynamic actor with illegal collision shapes
[2015.07.08-13.04.26:643][  0]LogPhysics:Warning: PHYSX: ..\..\PhysXExtensions\src\ExtRigidBodyExt.cpp (266) 4 : PxRigidBodyExt::updateMassAndInertia: Mass and inertia computation failed, setting mass to 1 and inertia to (1,1,1)
[2015.07.08-13.04.26:643][  0]LogPhysics:Warning: PHYSX: ..\..\PhysXExtensions\src\ExtRigidBodyExt.cpp (217) 4 : computeMassAndInertia: Dynamic actor with illegal collision shapes
[2015.07.08-13.04.26:643][  0]LogPhysics:Warning: PHYSX: ..\..\PhysXExtensions\src\ExtRigidBodyExt.cpp (266) 4 : PxRigidBodyExt::updateMassAndInertia: Mass and inertia computation failed, setting mass to 1 and inertia to (1,1,1)
[2015.07.08-13.04.26:644][  0]LogPhysics:Warning: PHYSX: ..\..\PhysXExtensions\src\ExtRigidBodyExt.cpp (217) 4 : computeMassAndInertia: Dynamic actor with illegal collision shapes
[2015.07.08-13.04.26:644][  0]LogPhysics:Warning: PHYSX: ..\..\PhysXExtensions\src\ExtRigidBodyExt.cpp (266) 4 : PxRigidBodyExt::updateMassAndInertia: Mass and inertia computation failed, setting mass to 1 and inertia to (1,1,1)
[2015.07.08-13.04.26:645][  0]LogPhysics:Warning: PHYSX: ..\..\PhysXExtensions\src\ExtRigidBodyExt.cpp (217) 4 : computeMassAndInertia: Dynamic actor with illegal collision shapes
[2015.07.08-13.04.26:645][  0]LogPhysics:Warning: PHYSX: ..\..\PhysXExtensions\src\ExtRigidBodyExt.cpp (266) 4 : PxRigidBodyExt::updateMassAndInertia: Mass and inertia computation failed, setting mass to 1 and inertia to (1,1,1)
[2015.07.08-13.04.26:645][  0]LogPhysics:Warning: PHYSX: ..\..\PhysXExtensions\src\ExtRigidBodyExt.cpp (217) 4 : computeMassAndInertia: Dynamic actor with illegal collision shapes
[2015.07.08-13.04.26:646][  0]LogPhysics:Warning: PHYSX: ..\..\PhysXExtensions\src\ExtRigidBodyExt.cpp (266) 4 : PxRigidBodyExt::updateMassAndInertia: Mass and inertia computation failed, setting mass to 1 and inertia to (1,1,1)
[2015.07.08-13.04.26:646][  0]LogPhysics:Warning: PHYSX: ..\..\PhysXExtensions\src\ExtRigidBodyExt.cpp (217) 4 : computeMassAndInertia: Dynamic actor with illegal collision shapes
[2015.07.08-13.04.26:646][  0]LogPhysics:Warning: PHYSX: ..\..\PhysXExtensions\src\ExtRigidBodyExt.cpp (266) 4 : PxRigidBodyExt::updateMassAndInertia: Mass and inertia computation failed, setting mass to 1 and inertia to (1,1,1)
[2015.07.08-13.04.26:647][  0]LogPhysics:Warning: PHYSX: ..\..\PhysXExtensions\src\ExtRigidBodyExt.cpp (217) 4 : computeMassAndInertia: Dynamic actor with illegal collision shapes
[2015.07.08-13.04.26:647][  0]LogPhysics:Warning: PHYSX: ..\..\PhysXExtensions\src\ExtRigidBodyExt.cpp (266) 4 : PxRigidBodyExt::updateMassAndInertia: Mass and inertia computation failed, setting mass to 1 and inertia to (1,1,1)
[2015.07.08-13.04.26:648][  0]LogPhysics:Warning: PHYSX: ..\..\PhysXExtensions\src\ExtRigidBodyExt.cpp (217) 4 : computeMassAndInertia: Dynamic actor with illegal collision shapes
[2015.07.08-13.04.26:648][  0]LogPhysics:Warning: PHYSX: ..\..\PhysXExtensions\src\ExtRigidBodyExt.cpp (266) 4 : PxRigidBodyExt::updateMassAndInertia: Mass and inertia computation failed, setting mass to 1 and inertia to (1,1,1)
[2015.07.08-13.04.26:648][  0]LogPhysics:Warning: PHYSX: ..\..\PhysXExtensions\src\ExtRigidBodyExt.cpp (217) 4 : computeMassAndInertia: Dynamic actor with illegal collision shapes
[2015.07.08-13.04.26:648][  0]LogPhysics:Warning: PHYSX: ..\..\PhysXExtensions\src\ExtRigidBodyExt.cpp (266) 4 : PxRigidBodyExt::updateMassAndInertia: Mass and inertia computation failed, setting mass to 1 and inertia to (1,1,1)
[2015.07.08-13.04.26:649][  0]LogPhysics:Warning: PHYSX: ..\..\PhysXExtensions\src\ExtRigidBodyExt.cpp (217) 4 : computeMassAndInertia: Dynamic actor with illegal collision shapes
[2015.07.08-13.04.26:649][  0]LogPhysics:Warning: PHYSX: ..\..\PhysXExtensions\src\ExtRigidBodyExt.cpp (266) 4 : PxRigidBodyExt::updateMassAndInertia: Mass and inertia computation failed, setting mass to 1 and inertia to (1,1,1)
[2015.07.08-13.04.26:650][  0]LogPhysics:Warning: PHYSX: ..\..\PhysXExtensions\src\ExtRigidBodyExt.cpp (217) 4 : computeMassAndInertia: Dynamic actor with illegal collision shapes
[2015.07.08-13.04.26:650][  0]LogPhysics:Warning: PHYSX: ..\..\PhysXExtensions\src\ExtRigidBodyExt.cpp (266) 4 : PxRigidBodyExt::updateMassAndInertia: Mass and inertia computation failed, setting mass to 1 and inertia to (1,1,1)
[2015.07.08-13.04.26:654][  0]LogEditorServer: Finished looking for orphan Actors (0.000 secs)
[2015.07.08-13.04.27:914][  0]Cmd: MAP CHECKDEP NOCLEARLOG
[2015.07.08-13.04.27:962][  0]MapCheck: Info Map check complete: 0 Error(s), 0 Warning(s), took 48.616ms to complete.
[2015.07.08-13.04.27:962][  0]LogFileHelpers: Loading map 'AdvancedVehicleExamplemap' took 4.254
[2015.07.08-13.04.28:075][  0]LogCollectionManager: Loaded 0 collections in 0.001979 seconds
[2015.07.08-13.04.28:081][  0]LogContentBrowser: Native class hierarchy populated in 0.0064 seconds. Added 1792 classes and 301 folders.
[2015.07.08-13.04.28:121][  0]LogContentBrowser: Native class hierarchy updated for 'WidgetCarousel' in 0.0003 seconds. Added 0 classes and 0 folders.
[2015.07.08-13.04.28:147][  0]LogContentBrowser: Native class hierarchy updated for 'AddContentDialog' in 0.0003 seconds. Added 0 classes and 0 folders.
[2015.07.08-13.04.28:162][  0]LogContentBrowser: Native class hierarchy updated for 'SceneOutliner' in 0.0003 seconds. Added 1 classes and 2 folders.
[2015.07.08-13.04.28:197][  0]LogCrashTracker: Crashtracker disabled due to settings.
[2015.07.08-13.04.28:205][  0]LogUObjectGlobals:Warning: Failed to find object 'Class None.'
[2015.07.08-13.04.28:231][  0]LogLoad: Full Startup: 12.53 seconds (BP compile: 0.68 seconds)
[2015.07.08-13.04.28:330][  0]LogContentStreaming: Texture pool size is 0.000000MB
[2015.07.08-13.04.28:355][  0]LogRenderer: Reallocating scene render targets to support 128x128 (Frame:1).
[2015.07.08-13.04.28:564][  0]LogContentStreaming: Texture pool size now 400 MB
[2015.07.08-13.04.28:677][  0]LogRenderer: Reallocating scene render targets to support 1160x464 (Frame:2).
[2015.07.08-13.04.28:745][  1]Cmd: UpdateLandscapeEditorData -warnings
[2015.07.08-13.04.28:746][  1]Cmd: UpdateLandscapeEditorData
[2015.07.08-13.04.29:365][  9]LogAssetRegistry: Asset discovery search completed in 6.8874 seconds
[2015.07.08-13.04.37:046][215]LogLinker:Warning: Asset '../../../Engine/Content/Functions/Engine_MaterialFunctions02/Utility/CustomReflectionVector.uasset' has been saved with empty engine version. The asset will be loaded but may be incompatible.
[2015.07.08-13.04.37:104][215]LogMaterial: Missing cached shader map for material CarPaint, compiling. 
[2015.07.08-13.04.37:401][215]LogMaterial: Missing cached shader map for material CarPaint, compiling. 
[2015.07.08-13.04.37:436][215]LogMaterial: 0.000042 seconds spent updating 1 materials, 1 interfaces, 0 instances, 0 with static permutations.
[2015.07.08-13.04.37:465][215]LogMaterial: Missing cached shader map for material FMatExpressionPreview MaterialExpressionVectorParameter_0, compiling. 
[2015.07.08-13.04.37:468][215]LogMaterial: Missing cached shader map for material FMatExpressionPreview MaterialExpressionVectorParameter_1, compiling. 
[2015.07.08-13.04.37:472][215]LogMaterial: Missing cached shader map for material FMatExpressionPreview MaterialExpressionVectorParameter_7, compiling. 
[2015.07.08-13.04.37:476][215]LogMaterial: Missing cached shader map for material FMatExpressionPreview MaterialExpressionVectorParameter_5, compiling. 
[2015.07.08-13.04.37:482][215]LogMaterial: Missing cached shader map for material FMatExpressionPreview MaterialExpressionVectorParameter_8, compiling. 
[2015.07.08-13.04.37:488][215]LogMaterial: Missing cached shader map for material FMatExpressionPreview MaterialExpressionTextureSample_4, compiling. 
[2015.07.08-13.04.37:492][215]LogMaterial: Missing cached shader map for material FMatExpressionPreview MaterialExpressionTextureSample_2, compiling. 
[2015.07.08-13.04.37:497][215]LogMaterial: Missing cached shader map for material FMatExpressionPreview MaterialExpressionTextureSample_5, compiling. 
[2015.07.08-13.04.37:501][215]LogMaterial: Missing cached shader map for material FMatExpressionPreview MaterialExpressionTextureSample_7, compiling. 
[2015.07.08-13.04.37:529][215]LogMaterial: Missing cached shader map for material FMatExpressionPreview MaterialExpressionTextureSample_8, compiling. 
[2015.07.08-13.04.37:533][215]LogMaterial: Missing cached shader map for material FMatExpressionPreview MaterialExpressionTextureSample_9, compiling. 
[2015.07.08-13.04.57:531][532]MaterialEditorStats: Info Base pass shader with only dynamic lighting: 120 instructions
[2015.07.08-13.04.57:531][532]MaterialEditorStats: Info Vertex shader: 33 instructions
[2015.07.08-13.04.57:531][532]MaterialEditorStats: Info Texture samplers: 4/16
[2015.07.08-13.05.02:863][621]LogRenderer: Reallocating scene render targets to support 1160x672 (Frame:943).
[2015.07.08-13.06.06:469][ 80]LogSavePackage: Save=13.463454ms
[2015.07.08-13.06.06:469][ 80]LogSavePackage: Moving '../../../../../../Users/N/Documents/GitHub/UnrealNeuroCar/Saved/CarPaint_InstBlue51C0C9BF485ADADCC729FDB92654B3B4.tmp' to '../../../../../../Users/N/Documents/GitHub/UnrealNeuroCar/Content/VehicleAdvBP/Vehicle/VehicleMaterials2/CarPaint_InstBlue.uasset'
[2015.07.08-13.06.18:559][353]LogEditorViewport: Clicking on Actor (LMB): SceneCaptureCube (SceneCaptureCube2)
[2015.07.08-13.06.32:101][634]LogSkeletalMesh: InitArticulated: Bodies already created (/Engine/Transient.DebugSkelMeshComponent_0) - call TermArticulated first.
[2015.07.08-13.06.32:382][634]LogLinker:Warning: Asset '../../../Engine/Content/Tutorial/SubEditors/PersonaAnimEditorTutorial.uasset' has been saved with empty engine version. The asset will be loaded but may be incompatible.
[2015.07.08-13.07.20:587][806]Cmd: OBJ SAVEPACKAGE PACKAGE="/Game/VehicleAdvBP/Vehicle/Vehicle_SkelNew1" FILE="../../../../../../Users/N/Documents/GitHub/UnrealNeuroCar/Content/VehicleAdvBP/Vehicle/Vehicle_SkelNew1.uasset" SILENT=true
[2015.07.08-13.07.20:647][806]LogSavePackage: Save=54.329643ms
[2015.07.08-13.07.20:647][806]LogSavePackage: Moving '../../../../../../Users/N/Documents/GitHub/UnrealNeuroCar/Saved/Vehicle_SkelNew18A2A9E604C709C91FDE3A0BEBB3C1E84.tmp' to '../../../../../../Users/N/Documents/GitHub/UnrealNeuroCar/Content/VehicleAdvBP/Vehicle/Vehicle_SkelNew1.uasset'
[2015.07.08-13.07.27:233][952]LogPlayLevel: PIE:  No blueprints needed recompiling
[2015.07.08-13.07.27:326][952]PIE: New page: PIE session: AdvancedVehicleExamplemap (Jul 8, 2015, 7:07:27 PM)
[2015.07.08-13.07.27:327][952]LogPlayLevel: Creating play world package: /Game/VehicleAdvBP/Maps/UEDPIE_0_AdvancedVehicleExamplemap
[2015.07.08-13.07.27:379][952]LogPlayLevel: PIE: StaticDuplicateObject took: (0.052334s)
[2015.07.08-13.07.27:380][952]LogAIModule: Creating AISystem for world AdvancedVehicleExamplemap
[2015.07.08-13.07.27:380][952]LogPlayLevel: PIE: World Init took: (0.001537s)
[2015.07.08-13.07.27:381][952]LogPlayLevel: PIE: Created PIE world by copying editor world from /Game/VehicleAdvBP/Maps/AdvancedVehicleExamplemap.AdvancedVehicleExamplemap to /Game/VehicleAdvBP/Maps/UEDPIE_0_AdvancedVehicleExamplemap.AdvancedVehicleExamplemap (0.054282s)
[2015.07.08-13.07.27:381][952]LogActorComponent: UnregisterComponent: (/Engine/Transient.MovementComp) Not registered. Aborting.
[2015.07.08-13.07.27:417][952]LogParticles: Destroying 0 GPU particle simulations for FXSystem 0x000000A075006DE0
[2015.07.08-13.07.27:417][952]LogParticles: Destroying 0 GPU particle simulations for FXSystem 0x000000A00FB328E0
[2015.07.08-13.07.27:419][952]LogParticles: Destroying 0 GPU particle simulations for FXSystem 0x000000A00B874180
[2015.07.08-13.07.27:419][952]LogParticles: Destroying 0 GPU particle simulations for FXSystem 0x000000A00E086480
[2015.07.08-13.07.27:480][952]LogInit: XAudio2 using 'Speakers (Realtek High Definition Audio)' : 2 channels at 48 kHz using 32 bits per sample (channel mask 0x3)
[2015.07.08-13.07.27:487][952]LogInit: FAudioDevice initialized.
[2015.07.08-13.07.27:533][952]LogWorld: Game class is 'VehicleAdvGameMode_C'
[2015.07.08-13.07.27:556][952]LogPhysics:Warning: PHYSX: ..\..\PhysXExtensions\src\ExtRigidBodyExt.cpp (217) 4 : computeMassAndInertia: Dynamic actor with illegal collision shapes
[2015.07.08-13.07.27:556][952]LogPhysics:Warning: PHYSX: ..\..\PhysXExtensions\src\ExtRigidBodyExt.cpp (266) 4 : PxRigidBodyExt::updateMassAndInertia: Mass and inertia computation failed, setting mass to 1 and inertia to (1,1,1)
[2015.07.08-13.07.27:556][952]LogPhysics:Warning: PHYSX: ..\..\PhysXExtensions\src\ExtRigidBodyExt.cpp (217) 4 : computeMassAndInertia: Dynamic actor with illegal collision shapes
[2015.07.08-13.07.27:556][952]LogPhysics:Warning: PHYSX: ..\..\PhysXExtensions\src\ExtRigidBodyExt.cpp (266) 4 : PxRigidBodyExt::updateMassAndInertia: Mass and inertia computation failed, setting mass to 1 and inertia to (1,1,1)
[2015.07.08-13.07.27:556][952]LogPhysics:Warning: PHYSX: ..\..\PhysXExtensions\src\ExtRigidBodyExt.cpp (217) 4 : computeMassAndInertia: Dynamic actor with illegal collision shapes
[2015.07.08-13.07.27:556][952]LogPhysics:Warning: PHYSX: ..\..\PhysXExtensions\src\ExtRigidBodyExt.cpp (266) 4 : PxRigidBodyExt::updateMassAndInertia: Mass and inertia computation failed, setting mass to 1 and inertia to (1,1,1)
[2015.07.08-13.07.27:556][952]LogPhysics:Warning: PHYSX: ..\..\PhysXExtensions\src\ExtRigidBodyExt.cpp (217) 4 : computeMassAndInertia: Dynamic actor with illegal collision shapes
[2015.07.08-13.07.27:556][952]LogPhysics:Warning: PHYSX: ..\..\PhysXExtensions\src\ExtRigidBodyExt.cpp (266) 4 : PxRigidBodyExt::updateMassAndInertia: Mass and inertia computation failed, setting mass to 1 and inertia to (1,1,1)
[2015.07.08-13.07.27:557][952]LogPhysics:Warning: PHYSX: ..\..\PhysXExtensions\src\ExtRigidBodyExt.cpp (217) 4 : computeMassAndInertia: Dynamic actor with illegal collision shapes
[2015.07.08-13.07.27:557][952]LogPhysics:Warning: PHYSX: ..\..\PhysXExtensions\src\ExtRigidBodyExt.cpp (266) 4 : PxRigidBodyExt::updateMassAndInertia: Mass and inertia computation failed, setting mass to 1 and inertia to (1,1,1)
[2015.07.08-13.07.27:557][952]LogPhysics:Warning: PHYSX: ..\..\PhysXExtensions\src\ExtRigidBodyExt.cpp (217) 4 : computeMassAndInertia: Dynamic actor with illegal collision shapes
[2015.07.08-13.07.27:557][952]LogPhysics:Warning: PHYSX: ..\..\PhysXExtensions\src\ExtRigidBodyExt.cpp (266) 4 : PxRigidBodyExt::updateMassAndInertia: Mass and inertia computation failed, setting mass to 1 and inertia to (1,1,1)
[2015.07.08-13.07.27:557][952]LogPhysics:Warning: PHYSX: ..\..\PhysXExtensions\src\ExtRigidBodyExt.cpp (217) 4 : computeMassAndInertia: Dynamic actor with illegal collision shapes
[2015.07.08-13.07.27:557][952]LogPhysics:Warning: PHYSX: ..\..\PhysXExtensions\src\ExtRigidBodyExt.cpp (266) 4 : PxRigidBodyExt::updateMassAndInertia: Mass and inertia computation failed, setting mass to 1 and inertia to (1,1,1)
[2015.07.08-13.07.27:557][952]LogPhysics:Warning: PHYSX: ..\..\PhysXExtensions\src\ExtRigidBodyExt.cpp (217) 4 : computeMassAndInertia: Dynamic actor with illegal collision shapes
[2015.07.08-13.07.27:557][952]LogPhysics:Warning: PHYSX: ..\..\PhysXExtensions\src\ExtRigidBodyExt.cpp (266) 4 : PxRigidBodyExt::updateMassAndInertia: Mass and inertia computation failed, setting mass to 1 and inertia to (1,1,1)
[2015.07.08-13.07.27:557][952]LogPhysics:Warning: PHYSX: ..\..\PhysXExtensions\src\ExtRigidBodyExt.cpp (217) 4 : computeMassAndInertia: Dynamic actor with illegal collision shapes
[2015.07.08-13.07.27:557][952]LogPhysics:Warning: PHYSX: ..\..\PhysXExtensions\src\ExtRigidBodyExt.cpp (266) 4 : PxRigidBodyExt::updateMassAndInertia: Mass and inertia computation failed, setting mass to 1 and inertia to (1,1,1)
[2015.07.08-13.07.27:557][952]LogPhysics:Warning: PHYSX: ..\..\PhysXExtensions\src\ExtRigidBodyExt.cpp (217) 4 : computeMassAndInertia: Dynamic actor with illegal collision shapes
[2015.07.08-13.07.27:557][952]LogPhysics:Warning: PHYSX: ..\..\PhysXExtensions\src\ExtRigidBodyExt.cpp (266) 4 : PxRigidBodyExt::updateMassAndInertia: Mass and inertia computation failed, setting mass to 1 and inertia to (1,1,1)
[2015.07.08-13.07.27:558][952]LogPhysics:Warning: PHYSX: ..\..\PhysXExtensions\src\ExtRigidBodyExt.cpp (217) 4 : computeMassAndInertia: Dynamic actor with illegal collision shapes
[2015.07.08-13.07.27:558][952]LogPhysics:Warning: PHYSX: ..\..\PhysXExtensions\src\ExtRigidBodyExt.cpp (266) 4 : PxRigidBodyExt::updateMassAndInertia: Mass and inertia computation failed, setting mass to 1 and inertia to (1,1,1)
[2015.07.08-13.07.27:558][952]LogPhysics:Warning: PHYSX: ..\..\PhysXExtensions\src\ExtRigidBodyExt.cpp (217) 4 : computeMassAndInertia: Dynamic actor with illegal collision shapes
[2015.07.08-13.07.27:558][952]LogPhysics:Warning: PHYSX: ..\..\PhysXExtensions\src\ExtRigidBodyExt.cpp (266) 4 : PxRigidBodyExt::updateMassAndInertia: Mass and inertia computation failed, setting mass to 1 and inertia to (1,1,1)
[2015.07.08-13.07.27:558][952]LogPhysics:Warning: PHYSX: ..\..\PhysXExtensions\src\ExtRigidBodyExt.cpp (217) 4 : computeMassAndInertia: Dynamic actor with illegal collision shapes
[2015.07.08-13.07.27:558][952]LogPhysics:Warning: PHYSX: ..\..\PhysXExtensions\src\ExtRigidBodyExt.cpp (266) 4 : PxRigidBodyExt::updateMassAndInertia: Mass and inertia computation failed, setting mass to 1 and inertia to (1,1,1)
[2015.07.08-13.07.27:558][952]LogPhysics:Warning: PHYSX: ..\..\PhysXExtensions\src\ExtRigidBodyExt.cpp (217) 4 : computeMassAndInertia: Dynamic actor with illegal collision shapes
[2015.07.08-13.07.27:558][952]LogPhysics:Warning: PHYSX: ..\..\PhysXExtensions\src\ExtRigidBodyExt.cpp (266) 4 : PxRigidBodyExt::updateMassAndInertia: Mass and inertia computation failed, setting mass to 1 and inertia to (1,1,1)
[2015.07.08-13.07.27:558][952]LogPhysics:Warning: PHYSX: ..\..\PhysXExtensions\src\ExtRigidBodyExt.cpp (217) 4 : computeMassAndInertia: Dynamic actor with illegal collision shapes
[2015.07.08-13.07.27:558][952]LogPhysics:Warning: PHYSX: ..\..\PhysXExtensions\src\ExtRigidBodyExt.cpp (266) 4 : PxRigidBodyExt::updateMassAndInertia: Mass and inertia computation failed, setting mass to 1 and inertia to (1,1,1)
[2015.07.08-13.07.27:558][952]LogPhysics:Warning: PHYSX: ..\..\PhysXExtensions\src\ExtRigidBodyExt.cpp (217) 4 : computeMassAndInertia: Dynamic actor with illegal collision shapes
[2015.07.08-13.07.27:558][952]LogPhysics:Warning: PHYSX: ..\..\PhysXExtensions\src\ExtRigidBodyExt.cpp (266) 4 : PxRigidBodyExt::updateMassAndInertia: Mass and inertia computation failed, setting mass to 1 and inertia to (1,1,1)
[2015.07.08-13.07.27:558][952]LogPhysics:Warning: PHYSX: ..\..\PhysXExtensions\src\ExtRigidBodyExt.cpp (217) 4 : computeMassAndInertia: Dynamic actor with illegal collision shapes
[2015.07.08-13.07.27:558][952]LogPhysics:Warning: PHYSX: ..\..\PhysXExtensions\src\ExtRigidBodyExt.cpp (266) 4 : PxRigidBodyExt::updateMassAndInertia: Mass and inertia computation failed, setting mass to 1 and inertia to (1,1,1)
[2015.07.08-13.07.27:559][952]LogPhysics:Warning: PHYSX: ..\..\PhysXExtensions\src\ExtRigidBodyExt.cpp (217) 4 : computeMassAndInertia: Dynamic actor with illegal collision shapes
[2015.07.08-13.07.27:559][952]LogPhysics:Warning: PHYSX: ..\..\PhysXExtensions\src\ExtRigidBodyExt.cpp (266) 4 : PxRigidBodyExt::updateMassAndInertia: Mass and inertia computation failed, setting mass to 1 and inertia to (1,1,1)
[2015.07.08-13.07.27:559][952]LogPhysics:Warning: PHYSX: ..\..\PhysXExtensions\src\ExtRigidBodyExt.cpp (217) 4 : computeMassAndInertia: Dynamic actor with illegal collision shapes
[2015.07.08-13.07.27:559][952]LogPhysics:Warning: PHYSX: ..\..\PhysXExtensions\src\ExtRigidBodyExt.cpp (266) 4 : PxRigidBodyExt::updateMassAndInertia: Mass and inertia computation failed, setting mass to 1 and inertia to (1,1,1)
[2015.07.08-13.07.27:559][952]LogPhysics:Warning: PHYSX: ..\..\PhysXExtensions\src\ExtRigidBodyExt.cpp (217) 4 : computeMassAndInertia: Dynamic actor with illegal collision shapes
[2015.07.08-13.07.27:559][952]LogPhysics:Warning: PHYSX: ..\..\PhysXExtensions\src\ExtRigidBodyExt.cpp (266) 4 : PxRigidBodyExt::updateMassAndInertia: Mass and inertia computation failed, setting mass to 1 and inertia to (1,1,1)
[2015.07.08-13.07.27:571][952]LogWorld: Bringing World /Game/VehicleAdvBP/Maps/UEDPIE_0_AdvancedVehicleExamplemap.AdvancedVehicleExamplemap up for play (max tick rate 60) at 2015.07.08-16.07.27
[2015.07.08-13.07.27:571][952]LogActor:Warning: GameSession /Game/VehicleAdvBP/Maps/UEDPIE_0_AdvancedVehicleExamplemap.AdvancedVehicleExamplemap:PersistentLevel.GameSession_0 has natively added scene component(s), but none of them were set as the actor's RootComponent - picking one arbitrarily
[2015.07.08-13.07.27:572][952]LogActor:Warning: GameNetworkManager /Game/VehicleAdvBP/Maps/UEDPIE_0_AdvancedVehicleExamplemap.AdvancedVehicleExamplemap:PersistentLevel.GameNetworkManager_0 has natively added scene component(s), but none of them were set as the actor's RootComponent - picking one arbitrarily
[2015.07.08-13.07.27:573][952]LogWorld: Bringing up level for play took: 0.037402
[2015.07.08-13.07.27:574][952]PIE: Info Play in editor start time for /Game/VehicleAdvBP/Maps/UEDPIE_0_AdvancedVehicleExamplemap -0.335
[2015.07.08-13.08.32:799][ 17]LogParticles: Destroying 0 GPU particle simulations for FXSystem 0x000000A00CCA5DA0
[2015.07.08-13.08.33:863][ 45]LogPlayLevel: PIE:  No blueprints needed recompiling
[2015.07.08-13.08.33:863][ 45]PIE: New page: PIE session: AdvancedVehicleExamplemap (Jul 8, 2015, 7:08:33 PM)
[2015.07.08-13.08.33:896][ 45]LogPlayLevel: Creating play world package: /Game/VehicleAdvBP/Maps/UEDPIE_0_AdvancedVehicleExamplemap
[2015.07.08-13.08.33:952][ 45]LogPlayLevel: PIE: StaticDuplicateObject took: (0.056164s)
[2015.07.08-13.08.33:953][ 45]LogAIModule: Creating AISystem for world AdvancedVehicleExamplemap
[2015.07.08-13.08.33:954][ 45]LogPlayLevel: PIE: World Init took: (0.001733s)
[2015.07.08-13.08.33:955][ 45]LogPlayLevel: PIE: Created PIE world by copying editor world from /Game/VehicleAdvBP/Maps/AdvancedVehicleExamplemap.AdvancedVehicleExamplemap to /Game/VehicleAdvBP/Maps/UEDPIE_0_AdvancedVehicleExamplemap.AdvancedVehicleExamplemap (0.058291s)
[2015.07.08-13.08.33:986][ 45]LogInit: XAudio2 using 'Speakers (Realtek High Definition Audio)' : 2 channels at 48 kHz using 32 bits per sample (channel mask 0x3)
[2015.07.08-13.08.33:993][ 45]LogInit: FAudioDevice initialized.
[2015.07.08-13.08.34:022][ 45]LogWorld: Game class is 'VehicleAdvGameMode_C'
[2015.07.08-13.08.34:044][ 45]LogPhysics:Warning: PHYSX: ..\..\PhysXExtensions\src\ExtRigidBodyExt.cpp (217) 4 : computeMassAndInertia: Dynamic actor with illegal collision shapes
[2015.07.08-13.08.34:044][ 45]LogPhysics:Warning: PHYSX: ..\..\PhysXExtensions\src\ExtRigidBodyExt.cpp (266) 4 : PxRigidBodyExt::updateMassAndInertia: Mass and inertia computation failed, setting mass to 1 and inertia to (1,1,1)
[2015.07.08-13.08.34:044][ 45]LogPhysics:Warning: PHYSX: ..\..\PhysXExtensions\src\ExtRigidBodyExt.cpp (217) 4 : computeMassAndInertia: Dynamic actor with illegal collision shapes
[2015.07.08-13.08.34:044][ 45]LogPhysics:Warning: PHYSX: ..\..\PhysXExtensions\src\ExtRigidBodyExt.cpp (266) 4 : PxRigidBodyExt::updateMassAndInertia: Mass and inertia computation failed, setting mass to 1 and inertia to (1,1,1)
[2015.07.08-13.08.34:045][ 45]LogPhysics:Warning: PHYSX: ..\..\PhysXExtensions\src\ExtRigidBodyExt.cpp (217) 4 : computeMassAndInertia: Dynamic actor with illegal collision shapes
[2015.07.08-13.08.34:045][ 45]LogPhysics:Warning: PHYSX: ..\..\PhysXExtensions\src\ExtRigidBodyExt.cpp (266) 4 : PxRigidBodyExt::updateMassAndInertia: Mass and inertia computation failed, setting mass to 1 and inertia to (1,1,1)
[2015.07.08-13.08.34:045][ 45]LogPhysics:Warning: PHYSX: ..\..\PhysXExtensions\src\ExtRigidBodyExt.cpp (217) 4 : computeMassAndInertia: Dynamic actor with illegal collision shapes
[2015.07.08-13.08.34:045][ 45]LogPhysics:Warning: PHYSX: ..\..\PhysXExtensions\src\ExtRigidBodyExt.cpp (266) 4 : PxRigidBodyExt::updateMassAndInertia: Mass and inertia computation failed, setting mass to 1 and inertia to (1,1,1)
[2015.07.08-13.08.34:045][ 45]LogPhysics:Warning: PHYSX: ..\..\PhysXExtensions\src\ExtRigidBodyExt.cpp (217) 4 : computeMassAndInertia: Dynamic actor with illegal collision shapes
[2015.07.08-13.08.34:045][ 45]LogPhysics:Warning: PHYSX: ..\..\PhysXExtensions\src\ExtRigidBodyExt.cpp (266) 4 : PxRigidBodyExt::updateMassAndInertia: Mass and inertia computation failed, setting mass to 1 and inertia to (1,1,1)
[2015.07.08-13.08.34:045][ 45]LogPhysics:Warning: PHYSX: ..\..\PhysXExtensions\src\ExtRigidBodyExt.cpp (217) 4 : computeMassAndInertia: Dynamic actor with illegal collision shapes
[2015.07.08-13.08.34:045][ 45]LogPhysics:Warning: PHYSX: ..\..\PhysXExtensions\src\ExtRigidBodyExt.cpp (266) 4 : PxRigidBodyExt::updateMassAndInertia: Mass and inertia computation failed, setting mass to 1 and inertia to (1,1,1)
[2015.07.08-13.08.34:045][ 45]LogPhysics:Warning: PHYSX: ..\..\PhysXExtensions\src\ExtRigidBodyExt.cpp (217) 4 : computeMassAndInertia: Dynamic actor with illegal collision shapes
[2015.07.08-13.08.34:045][ 45]LogPhysics:Warning: PHYSX: ..\..\PhysXExtensions\src\ExtRigidBodyExt.cpp (266) 4 : PxRigidBodyExt::updateMassAndInertia: Mass and inertia computation failed, setting mass to 1 and inertia to (1,1,1)
[2015.07.08-13.08.34:045][ 45]LogPhysics:Warning: PHYSX: ..\..\PhysXExtensions\src\ExtRigidBodyExt.cpp (217) 4 : computeMassAndInertia: Dynamic actor with illegal collision shapes
[2015.07.08-13.08.34:045][ 45]LogPhysics:Warning: PHYSX: ..\..\PhysXExtensions\src\ExtRigidBodyExt.cpp (266) 4 : PxRigidBodyExt::updateMassAndInertia: Mass and inertia computation failed, setting mass to 1 and inertia to (1,1,1)
[2015.07.08-13.08.34:045][ 45]LogPhysics:Warning: PHYSX: ..\..\PhysXExtensions\src\ExtRigidBodyExt.cpp (217) 4 : computeMassAndInertia: Dynamic actor with illegal collision shapes
[2015.07.08-13.08.34:045][ 45]LogPhysics:Warning: PHYSX: ..\..\PhysXExtensions\src\ExtRigidBodyExt.cpp (266) 4 : PxRigidBodyExt::updateMassAndInertia: Mass and inertia computation failed, setting mass to 1 and inertia to (1,1,1)
[2015.07.08-13.08.34:046][ 45]LogPhysics:Warning: PHYSX: ..\..\PhysXExtensions\src\ExtRigidBodyExt.cpp (217) 4 : computeMassAndInertia: Dynamic actor with illegal collision shapes
[2015.07.08-13.08.34:046][ 45]LogPhysics:Warning: PHYSX: ..\..\PhysXExtensions\src\ExtRigidBodyExt.cpp (266) 4 : PxRigidBodyExt::updateMassAndInertia: Mass and inertia computation failed, setting mass to 1 and inertia to (1,1,1)
[2015.07.08-13.08.34:046][ 45]LogPhysics:Warning: PHYSX: ..\..\PhysXExtensions\src\ExtRigidBodyExt.cpp (217) 4 : computeMassAndInertia: Dynamic actor with illegal collision shapes
[2015.07.08-13.08.34:046][ 45]LogPhysics:Warning: PHYSX: ..\..\PhysXExtensions\src\ExtRigidBodyExt.cpp (266) 4 : PxRigidBodyExt::updateMassAndInertia: Mass and inertia computation failed, setting mass to 1 and inertia to (1,1,1)
[2015.07.08-13.08.34:046][ 45]LogPhysics:Warning: PHYSX: ..\..\PhysXExtensions\src\ExtRigidBodyExt.cpp (217) 4 : computeMassAndInertia: Dynamic actor with illegal collision shapes
[2015.07.08-13.08.34:046][ 45]LogPhysics:Warning: PHYSX: ..\..\PhysXExtensions\src\ExtRigidBodyExt.cpp (266) 4 : PxRigidBodyExt::updateMassAndInertia: Mass and inertia computation failed, setting mass to 1 and inertia to (1,1,1)
[2015.07.08-13.08.34:046][ 45]LogPhysics:Warning: PHYSX: ..\..\PhysXExtensions\src\ExtRigidBodyExt.cpp (217) 4 : computeMassAndInertia: Dynamic actor with illegal collision shapes
[2015.07.08-13.08.34:046][ 45]LogPhysics:Warning: PHYSX: ..\..\PhysXExtensions\src\ExtRigidBodyExt.cpp (266) 4 : PxRigidBodyExt::updateMassAndInertia: Mass and inertia computation failed, setting mass to 1 and inertia to (1,1,1)
[2015.07.08-13.08.34:046][ 45]LogPhysics:Warning: PHYSX: ..\..\PhysXExtensions\src\ExtRigidBodyExt.cpp (217) 4 : computeMassAndInertia: Dynamic actor with illegal collision shapes
[2015.07.08-13.08.34:046][ 45]LogPhysics:Warning: PHYSX: ..\..\PhysXExtensions\src\ExtRigidBodyExt.cpp (266) 4 : PxRigidBodyExt::updateMassAndInertia: Mass and inertia computation failed, setting mass to 1 and inertia to (1,1,1)
[2015.07.08-13.08.34:046][ 45]LogPhysics:Warning: PHYSX: ..\..\PhysXExtensions\src\ExtRigidBodyExt.cpp (217) 4 : computeMassAndInertia: Dynamic actor with illegal collision shapes
[2015.07.08-13.08.34:046][ 45]LogPhysics:Warning: PHYSX: ..\..\PhysXExtensions\src\ExtRigidBodyExt.cpp (266) 4 : PxRigidBodyExt::updateMassAndInertia: Mass and inertia computation failed, setting mass to 1 and inertia to (1,1,1)
[2015.07.08-13.08.34:046][ 45]LogPhysics:Warning: PHYSX: ..\..\PhysXExtensions\src\ExtRigidBodyExt.cpp (217) 4 : computeMassAndInertia: Dynamic actor with illegal collision shapes
[2015.07.08-13.08.34:046][ 45]LogPhysics:Warning: PHYSX: ..\..\PhysXExtensions\src\ExtRigidBodyExt.cpp (266) 4 : PxRigidBodyExt::updateMassAndInertia: Mass and inertia computation failed, setting mass to 1 and inertia to (1,1,1)
[2015.07.08-13.08.34:047][ 45]LogPhysics:Warning: PHYSX: ..\..\PhysXExtensions\src\ExtRigidBodyExt.cpp (217) 4 : computeMassAndInertia: Dynamic actor with illegal collision shapes
[2015.07.08-13.08.34:047][ 45]LogPhysics:Warning: PHYSX: ..\..\PhysXExtensions\src\ExtRigidBodyExt.cpp (266) 4 : PxRigidBodyExt::updateMassAndInertia: Mass and inertia computation failed, setting mass to 1 and inertia to (1,1,1)
[2015.07.08-13.08.34:047][ 45]LogPhysics:Warning: PHYSX: ..\..\PhysXExtensions\src\ExtRigidBodyExt.cpp (217) 4 : computeMassAndInertia: Dynamic actor with illegal collision shapes
[2015.07.08-13.08.34:047][ 45]LogPhysics:Warning: PHYSX: ..\..\PhysXExtensions\src\ExtRigidBodyExt.cpp (266) 4 : PxRigidBodyExt::updateMassAndInertia: Mass and inertia computation failed, setting mass to 1 and inertia to (1,1,1)
[2015.07.08-13.08.34:047][ 45]LogPhysics:Warning: PHYSX: ..\..\PhysXExtensions\src\ExtRigidBodyExt.cpp (217) 4 : computeMassAndInertia: Dynamic actor with illegal collision shapes
[2015.07.08-13.08.34:047][ 45]LogPhysics:Warning: PHYSX: ..\..\PhysXExtensions\src\ExtRigidBodyExt.cpp (266) 4 : PxRigidBodyExt::updateMassAndInertia: Mass and inertia computation failed, setting mass to 1 and inertia to (1,1,1)
[2015.07.08-13.08.34:047][ 45]LogPhysics:Warning: PHYSX: ..\..\PhysXExtensions\src\ExtRigidBodyExt.cpp (217) 4 : computeMassAndInertia: Dynamic actor with illegal collision shapes
[2015.07.08-13.08.34:047][ 45]LogPhysics:Warning: PHYSX: ..\..\PhysXExtensions\src\ExtRigidBodyExt.cpp (266) 4 : PxRigidBodyExt::updateMassAndInertia: Mass and inertia computation failed, setting mass to 1 and inertia to (1,1,1)
[2015.07.08-13.08.34:059][ 45]LogWorld: Bringing World /Game/VehicleAdvBP/Maps/UEDPIE_0_AdvancedVehicleExamplemap.AdvancedVehicleExamplemap up for play (max tick rate 60) at 2015.07.08-16.08.34
[2015.07.08-13.08.34:059][ 45]LogActor:Warning: GameSession /Game/VehicleAdvBP/Maps/UEDPIE_0_AdvancedVehicleExamplemap.AdvancedVehicleExamplemap:PersistentLevel.GameSession_1 has natively added scene component(s), but none of them were set as the actor's RootComponent - picking one arbitrarily
[2015.07.08-13.08.34:059][ 45]LogActor:Warning: GameNetworkManager /Game/VehicleAdvBP/Maps/UEDPIE_0_AdvancedVehicleExamplemap.AdvancedVehicleExamplemap:PersistentLevel.GameNetworkManager_1 has natively added scene component(s), but none of them were set as the actor's RootComponent - picking one arbitrarily
[2015.07.08-13.08.34:061][ 45]LogWorld: Bringing up level for play took: 0.036494
[2015.07.08-13.08.34:062][ 45]PIE: Info Play in editor start time for /Game/VehicleAdvBP/Maps/UEDPIE_0_AdvancedVehicleExamplemap 0.152
[2015.07.08-13.08.34:826][ 64]LogParticles: Destroying 0 GPU particle simulations for FXSystem 0x000000A05E29C860
[2015.07.08-13.08.40:984][207]LogMaterial: Missing cached shader map for material Rubber_Wheel, compiling. 
[2015.07.08-13.08.41:069][207]LogMaterial: Missing cached shader map for material Rubber_Wheel, compiling. 
[2015.07.08-13.08.41:087][207]LogMaterial: 0.000055 seconds spent updating 1 materials, 1 interfaces, 0 instances, 0 with static permutations.
[2015.07.08-13.08.41:116][207]LogMaterial: Missing cached shader map for material FMatExpressionPreview MaterialExpressionTextureSample_3, compiling. 
[2015.07.08-13.08.41:119][207]LogMaterial: Missing cached shader map for material FMatExpressionPreview MaterialExpressionTextureObject_1, compiling. 
[2015.07.08-13.08.47:807][319]LogMaterial: Missing cached shader map for material Rubber_Wheel, compiling. 
[2015.07.08-13.08.47:827][319]LogMaterial: 0.000042 seconds spent updating 1 materials, 1 interfaces, 0 instances, 0 with static permutations.
[2015.07.08-13.08.57:421][489]MaterialEditorStats: Info Base pass shader with only dynamic lighting: 49 instructions
[2015.07.08-13.08.57:421][489]MaterialEditorStats: Info Vertex shader: 33 instructions
[2015.07.08-13.08.57:421][489]MaterialEditorStats: Info Texture samplers: 2/16
[2015.07.08-13.08.59:928][537]LogMaterialEditor: Saving and Compiling material Rubber_Wheel
[2015.07.08-13.09.00:301][537]LogMaterial: Missing cached shader map for material Rubber_Wheel, compiling. 
[2015.07.08-13.09.00:329][537]LogMaterial: 0.000093 seconds spent updating 1 materials, 1 interfaces, 0 instances, 0 with static permutations.
[2015.07.08-13.09.00:376][537]LogMaterial: Missing cached shader map for material Rubber_Wheel, compiling. 
[2015.07.08-13.09.00:452][537]LogMaterial: Missing cached shader map for material Rubber_Wheel, compiling. 
[2015.07.08-13.09.00:484][537]LogMaterial: 0.002796 seconds spent updating 1 materials, 1 interfaces, 0 instances, 0 with static permutations.
[2015.07.08-13.09.10:342][537]LogSavePackage: Save=14.597794ms
[2015.07.08-13.09.10:342][537]LogSavePackage: Moving '../../../../../../Users/N/Documents/GitHub/UnrealNeuroCar/Saved/Rubber_Wheel25C221B94BA455F5C6DEFFBA753C6842.tmp' to '../../../../../../Users/N/Documents/GitHub/UnrealNeuroCar/Content/VehicleAdvBP/Vehicle/VehicleMaterials2/Rubber_Wheel.uasset'
[2015.07.08-13.09.10:353][537]MaterialEditorStats: Info Base pass shader with only dynamic lighting: 72 instructions
[2015.07.08-13.09.10:353][537]MaterialEditorStats: Info Vertex shader: 33 instructions
[2015.07.08-13.09.10:354][537]MaterialEditorStats: Info Texture samplers: 5/16
[2015.07.08-13.09.18:668][728]LogActorComponent: UnregisterComponent: (/Engine/Transient.MovementComp) Not registered. Aborting.
[2015.07.08-13.09.18:690][728]LogParticles: Destroying 0 GPU particle simulations for FXSystem 0x000000A05EA32020
[2015.07.08-13.09.22:816][728]LogSavePackage: Save=4087.028076ms
[2015.07.08-13.09.22:816][728]LogSavePackage: Moving '../../../../../../Users/N/Documents/GitHub/UnrealNeuroCar/Saved/AdvancedVehicleExamplemapBC1FB53B4D49EAB85F40E1A6672348DF.tmp' to '../../../../../../Users/N/Documents/GitHub/UnrealNeuroCar/Content/VehicleAdvBP/Maps/AdvancedVehicleExamplemap.umap'
[2015.07.08-13.09.29:097][862]LogUProjectInfo: Found projects:
[2015.07.08-13.09.31:061][900]Cmd: CLOSE_SLATE_MAINFRAME
[2015.07.08-13.09.31:470][901]Cmd: QUIT_EDITOR
[2015.07.08-13.09.31:780][901]LogWindowsTextInputMethodSystem:Display: IME system now deactivated.
[2015.07.08-13.09.31:912][901]LogExit: Preparing to exit.
[2015.07.08-13.09.32:416][901]LogExit: Editor shut down
[2015.07.08-13.09.32:417][901]LogExit: Transaction tracking system shut down
[2015.07.08-13.09.32:418][901]LogParticles: Destroying 0 GPU particle simulations for FXSystem 0x000000A06E5E0400
[2015.07.08-13.09.32:421][901]LogParticles: Destroying 0 GPU particle simulations for FXSystem 0x000000A06D9A79C0
[2015.07.08-13.09.32:421][901]LogParticles: Destroying 0 GPU particle simulations for FXSystem 0x000000A064347EC0
[2015.07.08-13.09.32:421][901]LogParticles: Destroying 0 GPU particle simulations for FXSystem 0x000000A008C52AC0
[2015.07.08-13.09.32:421][901]LogParticles: Destroying 0 GPU particle simulations for FXSystem 0x000000A008C52980
[2015.07.08-13.09.32:422][901]LogParticles: Destroying 0 GPU particle simulations for FXSystem 0x000000A05D68AF20
[2015.07.08-13.09.32:422][901]LogParticles: Destroying 0 GPU particle simulations for FXSystem 0x000000A009AAA340
[2015.07.08-13.09.32:576][901]LogExit: Object subsystem successfully closed.
[2015.07.08-13.09.32:749][901]LogModuleManager: Shutting down and abandoning module MaterialEditor (189)
[2015.07.08-13.09.32:749][901]LogModuleManager: Shutting down and abandoning module CrashTracker (188)
[2015.07.08-13.09.32:749][901]LogModuleManager: Shutting down and abandoning module SceneOutliner (187)
[2015.07.08-13.09.32:749][901]LogModuleManager: Shutting down and abandoning module SuperSearch (186)
[2015.07.08-13.09.32:749][901]LogModuleManager: Shutting down and abandoning module WidgetCarousel (185)
[2015.07.08-13.09.32:749][901]LogModuleManager: Shutting down and abandoning module AddContentDialog (184)
[2015.07.08-13.09.32:750][901]LogModuleManager: Shutting down and abandoning module EditorWidgets (183)
[2015.07.08-13.09.32:750][901]LogModuleManager: Shutting down and abandoning module CollectionManager (182)
[2015.07.08-13.09.32:750][901]LogModuleManager: Shutting down and abandoning module StatsViewer (181)
[2015.07.08-13.09.32:750][901]LogModuleManager: Shutting down and abandoning module FoliageEdit (180)
[2015.07.08-13.09.32:750][901]LogModuleManager: Shutting down and abandoning module LandscapeEditor (179)
[2015.07.08-13.09.32:750][901]LogModuleManager: Shutting down and abandoning module ActorPickerMode (178)
[2015.07.08-13.09.32:750][901]LogModuleManager: Shutting down and abandoning module GeometryMode (177)
[2015.07.08-13.09.32:750][901]LogModuleManager: Shutting down and abandoning module TextureAlignMode (176)
[2015.07.08-13.09.32:750][901]LogModuleManager: Shutting down and abandoning module BspMode (175)
[2015.07.08-13.09.32:750][901]LogModuleManager: Shutting down and abandoning module PlacementMode (174)
[2015.07.08-13.09.32:750][901]LogModuleManager: Shutting down and abandoning module AutomationWorker (173)
[2015.07.08-13.09.32:750][901]LogModuleManager: Shutting down and abandoning module CharacterAI (172)
[2015.07.08-13.09.32:750][901]LogModuleManager: Shutting down and abandoning module SmartSnapping (171)
[2015.07.08-13.09.32:750][901]LogModuleManager: Shutting down and abandoning module ViewportSnapping (170)
[2015.07.08-13.09.32:750][901]LogModuleManager: Shutting down and abandoning module LogVisualizer (169)
[2015.07.08-13.09.32:750][901]LogModuleManager: Shutting down and abandoning module GameProjectGeneration (168)
[2015.07.08-13.09.32:750][901]LogModuleManager: Shutting down and abandoning module IntroTutorials (167)
[2015.07.08-13.09.32:750][901]LogModuleManager: Shutting down and abandoning module EditorLiveStreaming (166)
[2015.07.08-13.09.32:750][901]LogModuleManager: Shutting down and abandoning module IOSPlatformEditor (165)
[2015.07.08-13.09.32:750][901]LogModuleManager: Shutting down and abandoning module HTML5PlatformEditor (164)
[2015.07.08-13.09.32:750][901]LogModuleManager: Shutting down and abandoning module AndroidDeviceDetection (163)
[2015.07.08-13.09.33:304][901]LogModuleManager: Shutting down and abandoning module AndroidPlatformEditor (162)
[2015.07.08-13.09.33:304][901]LogModuleManager: Shutting down and abandoning module IOSRuntimeSettings (161)
[2015.07.08-13.09.33:304][901]LogModuleManager: Shutting down and abandoning module AndroidRuntimeSettings (160)
[2015.07.08-13.09.33:304][901]LogModuleManager: Shutting down and abandoning module MergeActors (159)
[2015.07.08-13.09.33:304][901]LogModuleManager: Shutting down and abandoning module SizeMap (158)
[2015.07.08-13.09.33:304][901]LogModuleManager: Shutting down and abandoning module TreeMap (157)
[2015.07.08-13.09.33:304][901]LogModuleManager: Shutting down and abandoning module ReferenceViewer (156)
[2015.07.08-13.09.33:304][901]LogModuleManager: Shutting down and abandoning module LocalizationDashboard (155)
[2015.07.08-13.09.33:304][901]LogModuleManager: Shutting down and abandoning module HardwareTargeting (154)
[2015.07.08-13.09.33:304][901]LogModuleManager: Shutting down and abandoning module DeviceProfileEditor (153)
[2015.07.08-13.09.33:304][901]LogModuleManager: Shutting down and abandoning module UndoHistory (152)
[2015.07.08-13.09.33:304][901]LogModuleManager: Shutting down and abandoning module GameplayTagsEditor (151)
[2015.07.08-13.09.33:304][901]LogModuleManager: Shutting down and abandoning module UserFeedback (150)
[2015.07.08-13.09.33:304][901]LogModuleManager: Shutting down and abandoning module XmlParser (149)
[2015.07.08-13.09.33:304][901]LogModuleManager: Shutting down and abandoning module Blutility (148)
[2015.07.08-13.09.33:304][901]LogModuleManager: Shutting down and abandoning module ProjectTargetPlatformEditor (147)
[2015.07.08-13.09.33:304][901]LogModuleManager: Shutting down and abandoning module ProjectSettingsViewer (146)
[2015.07.08-13.09.33:304][901]LogModuleManager: Shutting down and abandoning module InputBindingEditor (145)
[2015.07.08-13.09.33:304][901]LogModuleManager: Shutting down and abandoning module EditorSettingsViewer (144)
[2015.07.08-13.09.33:304][901]LogModuleManager: Shutting down and abandoning module SettingsEditor (143)
[2015.07.08-13.09.33:304][901]LogModuleManager: Shutting down and abandoning module ProjectLauncher (142)
[2015.07.08-13.09.33:304][901]LogModuleManager: Shutting down and abandoning module SessionFrontend (141)
[2015.07.08-13.09.33:304][901]LogModuleManager: Shutting down and abandoning module ProfilerClient (140)
[2015.07.08-13.09.33:304][901]LogModuleManager: Shutting down and abandoning module TargetDeviceServices (139)
[2015.07.08-13.09.33:304][901]LogModuleManager: Shutting down and abandoning module DeviceManager (138)
[2015.07.08-13.09.33:305][901]LogModuleManager: Shutting down and abandoning module AutomationController (137)
[2015.07.08-13.09.33:305][901]LogModuleManager: Shutting down and abandoning module AutomationWindow (136)
[2015.07.08-13.09.33:305][901]LogModuleManager: Shutting down and abandoning module Layers (135)
[2015.07.08-13.09.33:305][901]LogModuleManager: Shutting down and abandoning module ComponentVisualizers (134)
[2015.07.08-13.09.33:305][901]LogModuleManager: Shutting down and abandoning module DetailCustomizations (133)
[2015.07.08-13.09.33:305][901]LogModuleManager: Shutting down and abandoning module PackagesDialog (132)
[2015.07.08-13.09.33:305][901]LogModuleManager: Shutting down and abandoning module AssetRegistry (131)
[2015.07.08-13.09.33:436][901]LogModuleManager: Shutting down and abandoning module Persona (130)
[2015.07.08-13.09.33:436][901]LogModuleManager: Shutting down and abandoning module Kismet (129)
[2015.07.08-13.09.33:436][901]LogModuleManager: Shutting down and abandoning module GraphEditor (128)
[2015.07.08-13.09.33:436][901]LogModuleManager: Shutting down and abandoning module ClassViewer (127)
[2015.07.08-13.09.33:436][901]LogModuleManager: Shutting down and abandoning module Toolbox (126)
[2015.07.08-13.09.33:436][901]LogModuleManager: Shutting down and abandoning module ModuleUI (125)
[2015.07.08-13.09.33:436][901]LogModuleManager: Shutting down and abandoning module MovieSceneTools (124)
[2015.07.08-13.09.33:436][901]LogModuleManager: Shutting down and abandoning module OutputLog (123)
[2015.07.08-13.09.33:436][901]LogModuleManager: Shutting down and abandoning module GammaUI (122)
[2015.07.08-13.09.33:436][901]LogModuleManager: Shutting down and abandoning module Documentation (121)
[2015.07.08-13.09.33:436][901]LogModuleManager: Shutting down and abandoning module GameLiveStreaming (120)
[2015.07.08-13.09.33:436][901]LogModuleManager: Shutting down and abandoning module StreamingPauseRendering (119)
[2015.07.08-13.09.33:436][901]LogModuleManager: Shutting down and abandoning module AnalyticsET (118)
[2015.07.08-13.09.33:436][901]LogModuleManager: Shutting down and abandoning module Analytics (117)
[2015.07.08-13.09.33:436][901]LogModuleManager: Shutting down and abandoning module AITestSuite (116)
[2015.07.08-13.09.33:436][901]LogModuleManager: Shutting down and abandoning module GameplayDebugger (115)
[2015.07.08-13.09.33:436][901]LogModuleManager: Shutting down and abandoning module AIModule (114)
[2015.07.08-13.09.33:436][901]LogModuleManager: Shutting down and abandoning module ProfilerService (113)
[2015.07.08-13.09.33:509][901]LogModuleManager: Shutting down and abandoning module TaskGraph (112)
[2015.07.08-13.09.33:509][901]LogModuleManager: Shutting down and abandoning module SlateRemote (111)
[2015.07.08-13.09.33:509][901]LogModuleManager: Shutting down and abandoning module SteamVRController (110)
[2015.07.08-13.09.33:509][901]LogModuleManager: Shutting down and abandoning module SteamVR (109)
[2015.07.08-13.09.33:509][901]LogModuleManager: Shutting down and abandoning module ProceduralMeshComponent (108)
[2015.07.08-13.09.33:509][901]LogModuleManager: Shutting down and abandoning module OculusRift (107)
[2015.07.08-13.09.33:509][901]LogModuleManager: Shutting down and abandoning module LeapMotionController (106)
[2015.07.08-13.09.33:520][901]LogModuleManager: Shutting down and abandoning module CustomMeshComponent (105)
[2015.07.08-13.09.33:520][901]LogModuleManager: Shutting down and abandoning module CableComponent (104)
[2015.07.08-13.09.33:520][901]LogModuleManager: Shutting down and abandoning module MessagingDebugger (103)
[2015.07.08-13.09.33:520][901]LogModuleManager: Shutting down and abandoning module MediaPlayerEditor (102)
[2015.07.08-13.09.33:520][901]LogModuleManager: Shutting down and abandoning module SpeedTreeImporter (101)
[2015.07.08-13.09.33:520][901]LogModuleManager: Shutting down and abandoning module PluginBrowser (100)
[2015.07.08-13.09.33:520][901]LogModuleManager: Shutting down and abandoning module EpicSurvey (99)
[2015.07.08-13.09.33:520][901]LogModuleManager: Shutting down and abandoning module DesktopPlatform (98)
[2015.07.08-13.09.33:520][901]LogModuleManager: Shutting down and abandoning module VisualStudioSourceCodeAccess (97)
[2015.07.08-13.09.33:520][901]LogModuleManager: Shutting down and abandoning module UObjectPlugin (96)
[2015.07.08-13.09.33:520][901]LogModuleManager: Shutting down and abandoning module SubversionSourceControl (95)
[2015.07.08-13.09.33:520][901]LogModuleManager: Shutting down and abandoning module PerforceSourceControl (94)
[2015.07.08-13.09.33:520][901]LogModuleManager: Shutting down and abandoning module SourceControl (93)
[2015.07.08-13.09.33:520][901]LogModuleManager: Shutting down and abandoning module GitSourceControl (92)
[2015.07.08-13.09.33:520][901]LogModuleManager: Shutting down and abandoning module BlankPlugin (91)
[2015.07.08-13.09.33:520][901]LogModuleManager: Shutting down and abandoning module PaperTiledImporter (90)
[2015.07.08-13.09.33:520][901]LogModuleManager: Shutting down and abandoning module PaperSpriteSheetImporter (89)
[2015.07.08-13.09.33:520][901]LogModuleManager: Shutting down and abandoning module MeshPaint (88)
[2015.07.08-13.09.33:520][901]LogModuleManager: Shutting down and abandoning module SlateReflector (87)
[2015.07.08-13.09.33:520][901]LogModuleManager: Shutting down and abandoning module DirectoryWatcher (86)
[2015.07.08-13.09.33:520][901]LogModuleManager: Shutting down and abandoning module HotReload (85)
[2015.07.08-13.09.33:520][901]LogModuleManager: Shutting down and abandoning module MainFrame (84)
[2015.07.08-13.09.33:521][901]LogModuleManager: Shutting down and abandoning module LevelEditor (83)
[2015.07.08-13.09.33:522][901]LogModuleManager: Shutting down and abandoning module ContentBrowser (82)
[2015.07.08-13.09.33:523][901]LogModuleManager: Shutting down and abandoning module Paper2DEditor (81)
[2015.07.08-13.09.33:523][901]LogModuleManager: Shutting down and abandoning module UdpMessaging (80)
[2015.07.08-13.09.33:624][901]LogModuleManager: Shutting down and abandoning module Paper2D (79)
[2015.07.08-13.09.33:624][901]LogModuleManager: Shutting down and abandoning module WindowsMoviePlayer (78)
[2015.07.08-13.09.33:631][901]LogModuleManager: Shutting down and abandoning module Media (77)
[2015.07.08-13.09.33:631][901]LogModuleManager: Shutting down and abandoning module WmfMedia (76)
[2015.07.08-13.09.33:631][901]LogModuleManager: Shutting down and abandoning module OnlineBlueprintSupport (75)
[2015.07.08-13.09.33:631][901]LogModuleManager: Shutting down and abandoning module PropertyEditor (74)
[2015.07.08-13.09.33:631][901]LogModuleManager: Shutting down and abandoning module BehaviorTreeEditor (73)
[2015.07.08-13.09.33:631][901]LogModuleManager: Shutting down and abandoning module FunctionalTesting (72)
[2015.07.08-13.09.33:631][901]LogModuleManager: Shutting down and abandoning module CollisionAnalyzer (71)
[2015.07.08-13.09.33:631][901]LogModuleManager: Shutting down and abandoning module WorkspaceMenuStructure (70)
[2015.07.08-13.09.33:632][901]LogModuleManager: Shutting down and abandoning module MessageLog (69)
[2015.07.08-13.09.33:632][901]LogModuleManager: Shutting down and abandoning module Sequencer (68)
[2015.07.08-13.09.33:632][901]LogModuleManager: Shutting down and abandoning module AssetTools (67)
[2015.07.08-13.09.33:632][901]LogModuleManager: Shutting down and abandoning module UMGEditor (66)
[2015.07.08-13.09.33:632][901]LogModuleManager: Shutting down and abandoning module UMG (65)
[2015.07.08-13.09.33:632][901]LogModuleManager: Shutting down and abandoning module Slate (64)
[2015.07.08-13.09.33:632][901]LogModuleManager: Shutting down and abandoning module EditorStyle (63)
[2015.07.08-13.09.33:635][901]LogModuleManager: Shutting down and abandoning module SessionServices (62)
[2015.07.08-13.09.33:635][901]LogModuleManager: Shutting down and abandoning module SourceCodeAccess (61)
[2015.07.08-13.09.33:635][901]LogModuleManager: Shutting down and abandoning module HeadMountedDisplay (60)
[2015.07.08-13.09.33:635][901]LogModuleManager: Shutting down and abandoning module XAudio2 (59)
[2015.07.08-13.09.33:635][901]LogModuleManager: Shutting down and abandoning module Networking (57)
[2015.07.08-13.09.33:636][901]LogModuleManager: Shutting down and abandoning module Core (56)
[2015.07.08-13.09.33:636][901]LogModuleManager: Shutting down and abandoning module KismetCompiler (55)
[2015.07.08-13.09.33:636][901]LogModuleManager: Shutting down and abandoning module PhysXFormats (54)
[2015.07.08-13.09.33:636][901]LogModuleManager: Shutting down and abandoning module MeshUtilities (53)
[2015.07.08-13.09.33:636][901]LogModuleManager: Shutting down and abandoning module DerivedDataCache (52)
[2015.07.08-13.09.33:724][901]LogDerivedDataCache: Shutdown
[2015.07.08-13.09.33:724][901]LogModuleManager: Shutting down and abandoning module ShaderFormatOpenGL (51)
[2015.07.08-13.09.33:724][901]LogModuleManager: Shutting down and abandoning module ShaderFormatD3D (50)
[2015.07.08-13.09.33:724][901]LogModuleManager: Shutting down and abandoning module MetalShaderFormat (49)
[2015.07.08-13.09.33:724][901]LogModuleManager: Shutting down and abandoning module TextureFormatUncompressed (48)
[2015.07.08-13.09.33:724][901]LogModuleManager: Shutting down and abandoning module TextureFormatPVR (47)
[2015.07.08-13.09.33:724][901]LogModuleManager: Shutting down and abandoning module TextureFormatIntelISPCTexComp (46)
[2015.07.08-13.09.33:724][901]LogModuleManager: Shutting down and abandoning module TextureFormatDXT (45)
[2015.07.08-13.09.33:724][901]LogModuleManager: Shutting down and abandoning module ImageWrapper (44)
[2015.07.08-13.09.33:724][901]LogModuleManager: Shutting down and abandoning module TextureFormatASTC (43)
[2015.07.08-13.09.33:724][901]LogModuleManager: Shutting down and abandoning module TextureFormatAndroid (42)
[2015.07.08-13.09.33:724][901]LogModuleManager: Shutting down and abandoning module AudioFormatOpus (41)
[2015.07.08-13.09.33:724][901]LogModuleManager: Shutting down and abandoning module AudioFormatOgg (40)
[2015.07.08-13.09.33:724][901]LogModuleManager: Shutting down and abandoning module AudioFormatADPCM (39)
[2015.07.08-13.09.33:724][901]LogModuleManager: Shutting down and abandoning module LinuxTargetPlatform (38)
[2015.07.08-13.09.33:724][901]LogModuleManager: Shutting down and abandoning module LinuxServerTargetPlatform (37)
[2015.07.08-13.09.33:724][901]LogModuleManager: Shutting down and abandoning module LinuxNoEditorTargetPlatform (36)
[2015.07.08-13.09.33:724][901]LogModuleManager: Shutting down and abandoning module Messaging (35)
[2015.07.08-13.09.33:724][901]LogModuleManager: Shutting down and abandoning module IOSTargetPlatform (34)
[2015.07.08-13.09.33:724][901]LogModuleManager: Shutting down and abandoning module HTML5TargetPlatform (33)
[2015.07.08-13.09.33:724][901]LogModuleManager: Shutting down and abandoning module Android_PVRTCTargetPlatform (32)
[2015.07.08-13.09.33:724][901]LogModuleManager: Shutting down and abandoning module Android_ETC2TargetPlatform (31)
[2015.07.08-13.09.33:724][901]LogModuleManager: Shutting down and abandoning module Android_ETC1TargetPlatform (30)
[2015.07.08-13.09.33:724][901]LogModuleManager: Shutting down and abandoning module Android_DXTTargetPlatform (29)
[2015.07.08-13.09.33:724][901]LogModuleManager: Shutting down and abandoning module Android_ATCTargetPlatform (28)
[2015.07.08-13.09.33:724][901]LogModuleManager: Shutting down and abandoning module Android_ASTCTargetPlatform (27)
[2015.07.08-13.09.33:724][901]LogModuleManager: Shutting down and abandoning module AndroidTargetPlatform (26)
[2015.07.08-13.09.33:724][901]LogModuleManager: Shutting down and abandoning module WindowsTargetPlatform (25)
[2015.07.08-13.09.33:724][901]LogModuleManager: Shutting down and abandoning module WindowsServerTargetPlatform (24)
[2015.07.08-13.09.33:724][901]LogModuleManager: Shutting down and abandoning module WindowsNoEditorTargetPlatform (23)
[2015.07.08-13.09.33:724][901]LogModuleManager: Shutting down and abandoning module WindowsClientTargetPlatform (22)
[2015.07.08-13.09.33:724][901]LogModuleManager: Shutting down and abandoning module DesktopTargetPlatform (21)
[2015.07.08-13.09.33:724][901]LogModuleManager: Shutting down and abandoning module TargetPlatform (20)
[2015.07.08-13.09.33:724][901]LogModuleManager: Shutting down and abandoning module InputCore (19)
[2015.07.08-13.09.33:724][901]LogModuleManager: Shutting down and abandoning module Settings (18)
[2015.07.08-13.09.33:724][901]LogModuleManager: Shutting down and abandoning module OnlineSubsystem (16)
[2015.07.08-13.09.33:724][901]LogModuleManager: Shutting down and abandoning module HTTP (15)
[2015.07.08-13.09.33:725][901]LogModuleManager: Shutting down and abandoning module ExampleDeviceProfileSelector (14)
[2015.07.08-13.09.33:725][901]LogModuleManager: Shutting down and abandoning module TextureCompressor (13)
[2015.07.08-13.09.33:725][901]LogModuleManager: Shutting down and abandoning module ShaderCore (12)
[2015.07.08-13.09.33:725][901]LogModuleManager: Shutting down and abandoning module Landscape (11)
[2015.07.08-13.09.33:725][901]LogModuleManager: Shutting down and abandoning module SlateRHIRenderer (10)
[2015.07.08-13.09.33:728][901]LogModuleManager: Shutting down and abandoning module OpenGLDrv (9)
[2015.07.08-13.09.33:728][901]LogModuleManager: Shutting down and abandoning module D3D11RHI (8)
[2015.07.08-13.09.33:728][901]LogModuleManager: Shutting down and abandoning module Renderer (7)
[2015.07.08-13.09.33:728][901]LogModuleManager: Shutting down and abandoning module Engine (6)
[2015.07.08-13.09.33:728][901]LogModuleManager: Shutting down and abandoning module CoreUObject (5)
[2015.07.08-13.09.33:728][901]LogModuleManager: Shutting down and abandoning module NetworkFile (4)
[2015.07.08-13.09.33:728][901]LogModuleManager: Shutting down and abandoning module StreamingFile (3)
[2015.07.08-13.09.33:728][901]LogModuleManager: Shutting down and abandoning module SandboxFile (2)
[2015.07.08-13.09.33:728][901]LogModuleManager: Shutting down and abandoning module PakFile (1)
[2015.07.08-13.09.33:729][901]LogExit: Exiting.
[2015.07.08-13.09.33:730][901]Log file closed, 07/08/15 16:09:33
