[2015.07.14-17.25.52:854][  0]Log file open, 07/14/15 20:25:52
[2015.07.14-17.25.52:854][  0]LogInit:Display: Running engine for game: MyProject
[2015.07.14-17.25.52:854][  0]LogInit:Display: RandInit(-1334583066) SRandInit(-1334583066).
[2015.07.14-17.25.52:854][  0]LogTaskGraph: Started task graph with 4 named threads and 5 total threads.
[2015.07.14-17.25.52:854][  0]LogStats: Stats thread started
[2015.07.14-17.25.52:854][  0]LogInit: Version: 4.8.2-2614606+++depot+UE4-Releases+4.8
[2015.07.14-17.25.52:854][  0]LogInit: API Version: 2579680
[2015.07.14-17.25.52:854][  0]LogInit: Compiled (64-bit): Jul  8 2015 23:43:41
[2015.07.14-17.25.52:854][  0]LogInit: Compiled with Visual C++: 18.00.21005.01
[2015.07.14-17.25.52:854][  0]LogInit: Build Configuration: Development
[2015.07.14-17.25.52:854][  0]LogInit: Branch Name: ++depot+UE4-Releases+4.8
[2015.07.14-17.25.52:854][  0]LogInit: Command line: 
[2015.07.14-17.25.52:854][  0]LogInit: Base directory: C:/Program Files/Epic Games/4.8/Engine/Binaries/Win64/
[2015.07.14-17.25.52:854][  0]LogInit: Rocket: 1
[2015.07.14-17.25.52:871][  0]LogInit: Using libcurl 7.41.0
[2015.07.14-17.25.52:871][  0]LogInit:  - built for x86_64-pc-win32
[2015.07.14-17.25.52:871][  0]LogInit:  - supports SSL with WinSSL
[2015.07.14-17.25.52:871][  0]LogInit:  - other features:
[2015.07.14-17.25.52:871][  0]LogInit:      CURL_VERSION_SSL
[2015.07.14-17.25.52:871][  0]LogInit:      CURL_VERSION_IPV6
[2015.07.14-17.25.52:871][  0]LogInit:      CURL_VERSION_ASYNCHDNS
[2015.07.14-17.25.52:872][  0]LogInit:      CURL_VERSION_LARGEFILE
[2015.07.14-17.25.52:872][  0]LogInit:      CURL_VERSION_IDN
[2015.07.14-17.25.52:872][  0]LogInit:  CurlRequestOptions (configurable via config and command line):
[2015.07.14-17.25.52:872][  0]LogInit:  - bVerifyPeer = true  - Libcurl will verify peer certificate
[2015.07.14-17.25.52:872][  0]LogInit:  - bUseHttpProxy = false  - Libcurl will NOT use HTTP proxy
[2015.07.14-17.25.52:872][  0]LogInit:  - bDontReuseConnections = false  - Libcurl will reuse connections
[2015.07.14-17.25.52:872][  0]LogInit:  - CertBundlePath = nullptr  - Libcurl will use whatever was configured at build time.
[2015.07.14-17.25.52:889][  0]LogOnline:Warning: No default platform service specified for OnlineSubsystem
[2015.07.14-17.25.52:912][  0]LogInit: Presizing for 0 objects not considered by GC, pre-allocating 0 bytes.
[2015.07.14-17.25.52:926][  0]LogInit: Object subsystem initialized
[2015.07.14-17.25.52:927][  0]LogConsoleResponse:Warning: Skipping Unknown console variable: 'TranslucentSortAxis = (X=0.000000,Y=-1.000000,Z=0.000000)'
[2015.07.14-17.25.52:927][  0]LogConsoleResponse:Warning:   Found in ini file 'C:/Users/N/Documents/GitHub/UnrealNeuroCar/Saved/Config/Windows/Engine.ini', in section '[/Script/Engine.RendererSettings]'
[2015.07.14-17.25.52:927][  0]LogConsoleResponse:Warning: Skipping Unknown console variable: 'UIScaleRule = ShortestSide'
[2015.07.14-17.25.52:927][  0]LogConsoleResponse:Warning:   Found in ini file 'C:/Users/N/Documents/GitHub/UnrealNeuroCar/Saved/Config/Windows/Engine.ini', in section '[/Script/Engine.RendererSettings]'
[2015.07.14-17.25.52:927][  0]LogConsoleResponse:Warning: Skipping Unknown console variable: 'UIScaleCurve = (EditorCurveData=(Keys=),ExternalCurve=None)'
[2015.07.14-17.25.52:927][  0]LogConsoleResponse:Warning:   Found in ini file 'C:/Users/N/Documents/GitHub/UnrealNeuroCar/Saved/Config/Windows/Engine.ini', in section '[/Script/Engine.RendererSettings]'
[2015.07.14-17.25.52:928][  0]LogInit: Selected Device Profile: [Windows]
[2015.07.14-17.25.52:928][  0]LogInit: Applying CVar settings loaded from the selected device profile: [Windows]
[2015.07.14-17.25.52:939][  0]LogInit: Computer: CATQUEEN
[2015.07.14-17.25.52:939][  0]LogInit: User: Kunkku
[2015.07.14-17.25.52:939][  0]LogInit: CPU Page size=4096, Cores=2
[2015.07.14-17.25.52:939][  0]LogInit: High frequency timer resolution =2.435777 MHz
[2015.07.14-17.25.52:939][  0]LogMemory: Memory total: Physical=7.9GB (8GB approx)
[2015.07.14-17.25.52:939][  0]LogMemory: Platform Memory Stats for Windows
[2015.07.14-17.25.52:940][  0]LogMemory: Process Physical Memory: 49.23 MB used, 49.23 MB peak
[2015.07.14-17.25.52:940][  0]LogMemory: Process Virtual Memory: 24.66 MB used, 24.66 MB peak
[2015.07.14-17.25.52:940][  0]LogMemory: Physical Memory: 4496.31 MB used, 8112.27 MB total
[2015.07.14-17.25.52:940][  0]LogMemory: Virtual Memory: 297.89 MB used, 134217728.00 MB total
[2015.07.14-17.25.52:979][  0]LogTextLocalizationManager: The requested culture ('fi_FI') has no localization data; falling back to 'en' for localization and internationalization data.
[2015.07.14-17.25.53:233][  0]LogTextLocalizationManager:Warning: Loaded localization resources contain conflicting entries for (Namespace:ContentBrowser, Key:ImportAssetToolTip):
Localization Resource: (C:/Program Files/Epic Games/4.8/Engine/Content/Localization/Editor/en/Editor.locres) Source String Hash: (-630476809) Localized String: (Import to {0}...)
Localization Resource: (C:/Program Files/Epic Games/4.8/Engine/Content/Localization/Editor/en/Editor.locres) Source String Hash: (1271782899) Localized String: (Imports an asset from file to this folder.)
[2015.07.14-17.25.53:714][  0]LogD3D11RHI: Found D3D11 adapter 0: Intel(R) HD Graphics 4600 (Feature Level 11_0)
[2015.07.14-17.25.53:714][  0]LogD3D11RHI: Adapter has 0MB of dedicated video memory, 0MB of dedicated system memory, and 1792MB of shared system memory, 1 output[s]
[2015.07.14-17.25.53:729][  0]LogD3D11RHI: Found D3D11 adapter 1: NVIDIA GeForce GT 740M (Feature Level 11_0)
[2015.07.14-17.25.53:729][  0]LogD3D11RHI: Adapter has 1994MB of dedicated video memory, 0MB of dedicated system memory, and 2048MB of shared system memory, 0 output[s]
[2015.07.14-17.25.53:730][  0]LogD3D11RHI: Found D3D11 adapter 2: Microsoft Basic Render Driver (Feature Level 11_0)
[2015.07.14-17.25.53:730][  0]LogD3D11RHI: Adapter has 0MB of dedicated video memory, 0MB of dedicated system memory, and 256MB of shared system memory, 0 output[s]
[2015.07.14-17.25.53:730][  0]LogD3D11RHI: Chosen D3D11 Adapter Id = 0
[2015.07.14-17.25.53:737][  0]LogD3D11RHI: InitD3DDevice
[2015.07.14-17.25.53:737][  0]LogD3D11RHI: !Direct3DDevice
[2015.07.14-17.25.53:737][  0]LogRHI: Texture pool is 1361 MB (70% of 1945 MB)
[2015.07.14-17.25.53:750][  0]LogD3D11RHI: Async texture creation enabled
[2015.07.14-17.25.53:767][  0]LogShaderCompilers:Display: Using Local Shader Compiler.
[2015.07.14-17.25.54:778][  0]LogTemp:Display: Loaded TP DesktopTargetPlatform
[2015.07.14-17.25.54:792][  0]LogTemp:Display: Loaded TP WindowsClientTargetPlatform
[2015.07.14-17.25.54:807][  0]LogTemp:Display: Loaded TP WindowsNoEditorTargetPlatform
[2015.07.14-17.25.54:821][  0]LogTemp:Display: Loaded TP WindowsServerTargetPlatform
[2015.07.14-17.25.54:836][  0]LogTemp:Display: Loaded TP WindowsTargetPlatform
[2015.07.14-17.25.54:848][  0]LogTemp:Display: Loaded TP AndroidTargetPlatform
[2015.07.14-17.25.54:860][  0]LogTemp:Display: Loaded TP Android_ASTCTargetPlatform
[2015.07.14-17.25.54:872][  0]LogTemp:Display: Loaded TP Android_ATCTargetPlatform
[2015.07.14-17.25.54:885][  0]LogTemp:Display: Loaded TP Android_DXTTargetPlatform
[2015.07.14-17.25.54:897][  0]LogTemp:Display: Loaded TP Android_ETC1TargetPlatform
[2015.07.14-17.25.54:909][  0]LogTemp:Display: Loaded TP Android_ETC2TargetPlatform
[2015.07.14-17.25.54:922][  0]LogTemp:Display: Loaded TP Android_PVRTCTargetPlatform
[2015.07.14-17.25.54:968][  0]LogTemp:Display: Loaded TP IOSTargetPlatform
[2015.07.14-17.25.54:980][  0]LogTemp:Display: Loaded TP LinuxNoEditorTargetPlatform
[2015.07.14-17.25.54:993][  0]LogTemp:Display: Loaded TP LinuxServerTargetPlatform
[2015.07.14-17.25.55:006][  0]LogTemp:Display: Loaded TP LinuxTargetPlatform
[2015.07.14-17.25.55:006][  0]LogTargetPlatformManager:Display: Building Assets For Windows
[2015.07.14-17.25.55:203][  0]LogDerivedDataCache:Display: Max Cache Size: 512 MB
[2015.07.14-17.25.55:270][  0]LogDerivedDataCache: Loaded boot cache 0.07s 53MB C:/Users/N/AppData/Local/UnrealEngine/4.8/DerivedDataCache/Boot.ddc.
[2015.07.14-17.25.55:270][  0]LogDerivedDataCache:Display: Loaded Boot cache: C:/Users/N/AppData/Local/UnrealEngine/4.8/DerivedDataCache/Boot.ddc
[2015.07.14-17.25.55:270][  0]LogDerivedDataCache: FDerivedDataBackendGraph:  Pak pak cache file ../../../../../../Users/N/Documents/GitHub/UnrealNeuroCar/DerivedDataCache/DDC.ddp not found, will not use a pak cache.
[2015.07.14-17.25.55:270][  0]LogDerivedDataCache: Unable to find inner node Pak for hierarchical cache Hierarchy.
[2015.07.14-17.25.55:270][  0]LogDerivedDataCache: FDerivedDataBackendGraph:  CompressedPak pak cache file ../../../../../../Users/N/Documents/GitHub/UnrealNeuroCar/DerivedDataCache/Compressed.ddp not found, will not use a pak cache.
[2015.07.14-17.25.55:270][  0]LogDerivedDataCache: Unable to find inner node CompressedPak for hierarchical cache Hierarchy.
[2015.07.14-17.25.55:424][  0]LogDerivedDataCache:Display: Pak cache opened for reading ../../../Engine/DerivedDataCache/Compressed.ddp.
[2015.07.14-17.25.55:436][  0]LogDerivedDataCache: Using Local data cache path C:/Users/N/AppData/Local/UnrealEngine/Common/DerivedDataCache: Writable
[2015.07.14-17.25.55:638][  0]LogInit: Selected Device Profile: [Windows]
[2015.07.14-17.25.55:722][  0]ImportText (ComponentSweepMultiTests): Missing closing parenthesis: (RootShapeAsset="/Engine/BasicShapes/Cube.Cube",ShapeType="TriggerCapsule",HitResult=(Time=0.50,Location=(X=-100.000015,Y=0.0,Z=100.000015),ImpactPoint=(X=-50.0,Y=0.0,Z=50.0),Normal=(X=-1.0,Y=-0.0,Z=0.0),ImpactNormal=(X=0.0,Y=0.0,Z=1.0),TraceStart=(X=-200.0,Y=0.0,Z=200.0),TraceEnd=(X=0.0,Y=0.0,Z=0.0))
[2015.07.14-17.25.55:722][  0]ImportText (LineTraceSingleByChannelTests): Missing closing parenthesis: (RootShapeAsset="/Engine/BasicShapes/Cube.Cube",HitResult=(Time=0.50,Location=(X=-100.000015,Y=0.0,Z=100.000015),ImpactPoint=(X=-50.0,Y=0.0,Z=50.0),Normal=(X=-1.0,Y=-0.0,Z=0.0),ImpactNormal=(X=0.0,Y=0.0,Z=1.0),TraceStart=(X=-200.0,Y=0.0,Z=200.0),TraceEnd=(X=0.0,Y=0.0,Z=0.0))
[2015.07.14-17.25.55:749][  0]LogMeshUtilities: No automatic mesh reduction module available
[2015.07.14-17.25.55:749][  0]LogMeshUtilities: No automatic mesh merging module available
[2015.07.14-17.25.56:102][  0]LogInit: WinSock: version 1.1 (2.2), MaxSocks=32767, MaxUdp=65467
[2015.07.14-17.25.57:037][  0]UdpMessaging: Initializing bridge on interface 0.0.0.0:0 to multicast group 230.0.0.1:6666.
[2015.07.14-17.25.57:350][  0]SourceControl: Info Source control is disabled
[2015.07.14-17.25.57:443][  0]SourceControl: Info Source control is disabled
[2015.07.14-17.25.57:453][  0]SourceControl: Info Source control is disabled
[2015.07.14-17.25.57:462][  0]SourceControl: Info Source control is disabled
[2015.07.14-17.25.57:664][  0]LogObj: 26273 objects as part of root set at end of initial load.
[2015.07.14-17.25.57:664][  0]LogUObjectAllocator: 5409248 out of 0 bytes used by permanent object pool.
[2015.07.14-17.25.57:734][  0]LogEngine: Initializing Engine...
[2015.07.14-17.25.57:737][  0]LogHMD: Can't find Oculus library dev build: is proper Runtime installed? Version: 0.6.0.0
[2015.07.14-17.25.57:738][  0]LogHMD:Warning: SteamVR failed to initialize.  Error: 110
[2015.07.14-17.25.57:883][  0]LogAIModule: Creating AISystem for world NewWorld
[2015.07.14-17.25.57:886][  0]LogInit: XAudio2 using 'Speakers (Realtek High Definition Audio)' : 2 channels at 48 kHz using 32 bits per sample (channel mask 0x3)
[2015.07.14-17.25.57:905][  0]LogInit: FAudioDevice initialized.
[2015.07.14-17.25.57:936][  0]LogDerivedDataCache: Saved boot cache 0.03s 53MB C:/Users/N/AppData/Local/UnrealEngine/4.8/DerivedDataCache/Boot.ddc.
[2015.07.14-17.25.57:941][  0]LogInit: Texture streaming: Disabled
[2015.07.14-17.25.57:963][  0]LogAnalytics: Creating configured Analytics provider AnalyticsET
[2015.07.14-17.25.57:963][  0]LogAnalytics: [UEEditor.Rocket.Release] APIServer = http://et2.epicgames.com/ET2/. AppVersion = 4.8.2-2614606+++depot+UE4-Releases+4.8
[2015.07.14-17.25.57:963][  0]LogAnalytics: [UEEditor.Rocket.Release] SetUserId f7a881bb45b3b8b4de3a738428d93779|95bf3da099894b978f8fd396e7ebf43c|13d7fc3b-9b02-412c-b137-1d7c802280ff
[2015.07.14-17.25.57:963][  0]LogAnalytics: [UEEditor.Rocket.Release] AnalyticsET::StartSession
[2015.07.14-17.25.58:000][  0]LogInit: Transaction tracking system initialized
[2015.07.14-17.25.58:159][  0]BlueprintLog: New page: Editor Load
[2015.07.14-17.25.58:200][  0]LogAssetRegistry: FAssetRegistry took 0.0111 seconds to start up
[2015.07.14-17.25.58:200][  0]LogDirectoryWatcher:Warning: Failed to begin reading directory changes for ../../../Engine/Plugins/Experimental/CharacterAI/Content/. Error: 0
[2015.07.14-17.25.59:040][  0]LogConsoleManager:Warning: Console variable 'r.VSync' wasn't set ('GameSetting' has a lower priority than 'SystemSettingsIni')
[2015.07.14-17.25.59:041][  0]LogConsoleResponse:Display: 
[2015.07.14-17.25.59:171][  0]LogCook:Display: Done creating registry. It took  0.00s.
[2015.07.14-17.25.59:360][  0]SourceControl: Info Source control is disabled
[2015.07.14-17.25.59:361][  0]Cmd: MAP LOAD FILE="../../../../../../Users/N/Documents/GitHub/UnrealNeuroCar/Content/VehicleAdvBP/Maps/AdvancedVehicleExamplemap.umap" TEMPLATE=0 SHOWPROGRESS=1 FEATURELEVEL=3
[2015.07.14-17.25.59:361][  0]LightingResults: New page: Lighting Build
[2015.07.14-17.25.59:375][  0]MapCheck: New page: Map Check
[2015.07.14-17.25.59:375][  0]LightingResults: New page: Lighting Build
[2015.07.14-17.25.59:393][  0]LogParticles: Destroying 0 GPU particle simulations for FXSystem 0x0000001ACBED0B80
[2015.07.14-17.25.59:589][  0]LogLinker:Warning: Asset '../../../Engine/Content/Functions/Engine_MaterialFunctions02/Utility/CustomReflectionVector.uasset' has been saved with empty engine version. The asset will be loaded but may be incompatible.
[2015.07.14-17.25.59:802][  0]LogBlueprint:Warning: [compiler VehicleBlueprint] Warning  Set Text (String)  is deprecated; Use the SetText function taking an FText instead.
[2015.07.14-17.25.59:802][  0]LogBlueprint:Warning: [compiler VehicleBlueprint] Warning  Set Text (String)  is deprecated; Use the SetText function taking an FText instead.
[2015.07.14-17.25.59:812][  0]LogBlueprint:Warning: [compiler VehicleBlueprint] Warning [0008.52] Compile of VehicleBlueprint successful, but with 2 Warning(s) [in 43 ms]
[2015.07.14-17.25.59:812][  0]LogBlueprint:Warning: [compiler VehicleBlueprint] Warning [0008.52] Compile of VehicleBlueprint successful, but with 3 Warning(s) [in 0 ms]
[2015.07.14-17.25.59:812][  0]LogBlueprint:Warning: [compiler VehicleBlueprint] Warning [0008.52] Compile of VehicleBlueprint successful, but with 4 Warning(s) [in 0 ms]
[2015.07.14-17.25.59:926][  0]LogBlueprint:Warning: [compiler VehicleBlueprint] Warning  Set Text (String)  is deprecated; Use the SetText function taking an FText instead.
[2015.07.14-17.25.59:926][  0]LogBlueprint:Warning: [compiler VehicleBlueprint] Warning  Set Text (String)  is deprecated; Use the SetText function taking an FText instead.
[2015.07.14-17.25.59:940][  0]LogBlueprint:Warning: [compiler VehicleBlueprint] Warning [0008.65] Compile of VehicleBlueprint successful, but with 2 Warning(s) [in 60 ms]
[2015.07.14-17.25.59:940][  0]LogBlueprint:Warning: [compiler VehicleBlueprint] Warning [0008.65] Compile of VehicleBlueprint successful, but with 3 Warning(s) [in 0 ms]
[2015.07.14-17.26.01:565][  0]LogAIModule: Creating AISystem for world AdvancedVehicleExamplemap
[2015.07.14-17.26.01:571][  0]LogPhysics:Warning: PHYSX: ..\..\PhysXExtensions\src\ExtRigidBodyExt.cpp (217) 4 : computeMassAndInertia: Dynamic actor with illegal collision shapes
[2015.07.14-17.26.01:571][  0]LogPhysics:Warning: PHYSX: ..\..\PhysXExtensions\src\ExtRigidBodyExt.cpp (266) 4 : PxRigidBodyExt::updateMassAndInertia: Mass and inertia computation failed, setting mass to 1 and inertia to (1,1,1)
[2015.07.14-17.26.01:571][  0]LogPhysics:Warning: PHYSX: ..\..\PhysXExtensions\src\ExtRigidBodyExt.cpp (217) 4 : computeMassAndInertia: Dynamic actor with illegal collision shapes
[2015.07.14-17.26.01:571][  0]LogPhysics:Warning: PHYSX: ..\..\PhysXExtensions\src\ExtRigidBodyExt.cpp (266) 4 : PxRigidBodyExt::updateMassAndInertia: Mass and inertia computation failed, setting mass to 1 and inertia to (1,1,1)
[2015.07.14-17.26.01:571][  0]LogPhysics:Warning: PHYSX: ..\..\PhysXExtensions\src\ExtRigidBodyExt.cpp (217) 4 : computeMassAndInertia: Dynamic actor with illegal collision shapes
[2015.07.14-17.26.01:571][  0]LogPhysics:Warning: PHYSX: ..\..\PhysXExtensions\src\ExtRigidBodyExt.cpp (266) 4 : PxRigidBodyExt::updateMassAndInertia: Mass and inertia computation failed, setting mass to 1 and inertia to (1,1,1)
[2015.07.14-17.26.01:571][  0]LogPhysics:Warning: PHYSX: ..\..\PhysXExtensions\src\ExtRigidBodyExt.cpp (217) 4 : computeMassAndInertia: Dynamic actor with illegal collision shapes
[2015.07.14-17.26.01:571][  0]LogPhysics:Warning: PHYSX: ..\..\PhysXExtensions\src\ExtRigidBodyExt.cpp (266) 4 : PxRigidBodyExt::updateMassAndInertia: Mass and inertia computation failed, setting mass to 1 and inertia to (1,1,1)
[2015.07.14-17.26.01:572][  0]LogPhysics:Warning: PHYSX: ..\..\PhysXExtensions\src\ExtRigidBodyExt.cpp (217) 4 : computeMassAndInertia: Dynamic actor with illegal collision shapes
[2015.07.14-17.26.01:572][  0]LogPhysics:Warning: PHYSX: ..\..\PhysXExtensions\src\ExtRigidBodyExt.cpp (266) 4 : PxRigidBodyExt::updateMassAndInertia: Mass and inertia computation failed, setting mass to 1 and inertia to (1,1,1)
[2015.07.14-17.26.01:572][  0]LogPhysics:Warning: PHYSX: ..\..\PhysXExtensions\src\ExtRigidBodyExt.cpp (217) 4 : computeMassAndInertia: Dynamic actor with illegal collision shapes
[2015.07.14-17.26.01:572][  0]LogPhysics:Warning: PHYSX: ..\..\PhysXExtensions\src\ExtRigidBodyExt.cpp (266) 4 : PxRigidBodyExt::updateMassAndInertia: Mass and inertia computation failed, setting mass to 1 and inertia to (1,1,1)
[2015.07.14-17.26.01:572][  0]LogPhysics:Warning: PHYSX: ..\..\PhysXExtensions\src\ExtRigidBodyExt.cpp (217) 4 : computeMassAndInertia: Dynamic actor with illegal collision shapes
[2015.07.14-17.26.01:572][  0]LogPhysics:Warning: PHYSX: ..\..\PhysXExtensions\src\ExtRigidBodyExt.cpp (266) 4 : PxRigidBodyExt::updateMassAndInertia: Mass and inertia computation failed, setting mass to 1 and inertia to (1,1,1)
[2015.07.14-17.26.01:572][  0]LogPhysics:Warning: PHYSX: ..\..\PhysXExtensions\src\ExtRigidBodyExt.cpp (217) 4 : computeMassAndInertia: Dynamic actor with illegal collision shapes
[2015.07.14-17.26.01:572][  0]LogPhysics:Warning: PHYSX: ..\..\PhysXExtensions\src\ExtRigidBodyExt.cpp (266) 4 : PxRigidBodyExt::updateMassAndInertia: Mass and inertia computation failed, setting mass to 1 and inertia to (1,1,1)
[2015.07.14-17.26.01:572][  0]LogPhysics:Warning: PHYSX: ..\..\PhysXExtensions\src\ExtRigidBodyExt.cpp (217) 4 : computeMassAndInertia: Dynamic actor with illegal collision shapes
[2015.07.14-17.26.01:572][  0]LogPhysics:Warning: PHYSX: ..\..\PhysXExtensions\src\ExtRigidBodyExt.cpp (266) 4 : PxRigidBodyExt::updateMassAndInertia: Mass and inertia computation failed, setting mass to 1 and inertia to (1,1,1)
[2015.07.14-17.26.01:572][  0]LogPhysics:Warning: PHYSX: ..\..\PhysXExtensions\src\ExtRigidBodyExt.cpp (217) 4 : computeMassAndInertia: Dynamic actor with illegal collision shapes
[2015.07.14-17.26.01:572][  0]LogPhysics:Warning: PHYSX: ..\..\PhysXExtensions\src\ExtRigidBodyExt.cpp (266) 4 : PxRigidBodyExt::updateMassAndInertia: Mass and inertia computation failed, setting mass to 1 and inertia to (1,1,1)
[2015.07.14-17.26.01:572][  0]LogPhysics:Warning: PHYSX: ..\..\PhysXExtensions\src\ExtRigidBodyExt.cpp (217) 4 : computeMassAndInertia: Dynamic actor with illegal collision shapes
[2015.07.14-17.26.01:572][  0]LogPhysics:Warning: PHYSX: ..\..\PhysXExtensions\src\ExtRigidBodyExt.cpp (266) 4 : PxRigidBodyExt::updateMassAndInertia: Mass and inertia computation failed, setting mass to 1 and inertia to (1,1,1)
[2015.07.14-17.26.01:572][  0]LogPhysics:Warning: PHYSX: ..\..\PhysXExtensions\src\ExtRigidBodyExt.cpp (217) 4 : computeMassAndInertia: Dynamic actor with illegal collision shapes
[2015.07.14-17.26.01:572][  0]LogPhysics:Warning: PHYSX: ..\..\PhysXExtensions\src\ExtRigidBodyExt.cpp (266) 4 : PxRigidBodyExt::updateMassAndInertia: Mass and inertia computation failed, setting mass to 1 and inertia to (1,1,1)
[2015.07.14-17.26.01:573][  0]LogPhysics:Warning: PHYSX: ..\..\PhysXExtensions\src\ExtRigidBodyExt.cpp (217) 4 : computeMassAndInertia: Dynamic actor with illegal collision shapes
[2015.07.14-17.26.01:573][  0]LogPhysics:Warning: PHYSX: ..\..\PhysXExtensions\src\ExtRigidBodyExt.cpp (266) 4 : PxRigidBodyExt::updateMassAndInertia: Mass and inertia computation failed, setting mass to 1 and inertia to (1,1,1)
[2015.07.14-17.26.01:573][  0]LogPhysics:Warning: PHYSX: ..\..\PhysXExtensions\src\ExtRigidBodyExt.cpp (217) 4 : computeMassAndInertia: Dynamic actor with illegal collision shapes
[2015.07.14-17.26.01:573][  0]LogPhysics:Warning: PHYSX: ..\..\PhysXExtensions\src\ExtRigidBodyExt.cpp (266) 4 : PxRigidBodyExt::updateMassAndInertia: Mass and inertia computation failed, setting mass to 1 and inertia to (1,1,1)
[2015.07.14-17.26.01:573][  0]LogPhysics:Warning: PHYSX: ..\..\PhysXExtensions\src\ExtRigidBodyExt.cpp (217) 4 : computeMassAndInertia: Dynamic actor with illegal collision shapes
[2015.07.14-17.26.01:573][  0]LogPhysics:Warning: PHYSX: ..\..\PhysXExtensions\src\ExtRigidBodyExt.cpp (266) 4 : PxRigidBodyExt::updateMassAndInertia: Mass and inertia computation failed, setting mass to 1 and inertia to (1,1,1)
[2015.07.14-17.26.01:573][  0]LogPhysics:Warning: PHYSX: ..\..\PhysXExtensions\src\ExtRigidBodyExt.cpp (217) 4 : computeMassAndInertia: Dynamic actor with illegal collision shapes
[2015.07.14-17.26.01:573][  0]LogPhysics:Warning: PHYSX: ..\..\PhysXExtensions\src\ExtRigidBodyExt.cpp (266) 4 : PxRigidBodyExt::updateMassAndInertia: Mass and inertia computation failed, setting mass to 1 and inertia to (1,1,1)
[2015.07.14-17.26.01:573][  0]LogPhysics:Warning: PHYSX: ..\..\PhysXExtensions\src\ExtRigidBodyExt.cpp (217) 4 : computeMassAndInertia: Dynamic actor with illegal collision shapes
[2015.07.14-17.26.01:573][  0]LogPhysics:Warning: PHYSX: ..\..\PhysXExtensions\src\ExtRigidBodyExt.cpp (266) 4 : PxRigidBodyExt::updateMassAndInertia: Mass and inertia computation failed, setting mass to 1 and inertia to (1,1,1)
[2015.07.14-17.26.01:573][  0]LogPhysics:Warning: PHYSX: ..\..\PhysXExtensions\src\ExtRigidBodyExt.cpp (217) 4 : computeMassAndInertia: Dynamic actor with illegal collision shapes
[2015.07.14-17.26.01:573][  0]LogPhysics:Warning: PHYSX: ..\..\PhysXExtensions\src\ExtRigidBodyExt.cpp (266) 4 : PxRigidBodyExt::updateMassAndInertia: Mass and inertia computation failed, setting mass to 1 and inertia to (1,1,1)
[2015.07.14-17.26.01:573][  0]LogPhysics:Warning: PHYSX: ..\..\PhysXExtensions\src\ExtRigidBodyExt.cpp (217) 4 : computeMassAndInertia: Dynamic actor with illegal collision shapes
[2015.07.14-17.26.01:573][  0]LogPhysics:Warning: PHYSX: ..\..\PhysXExtensions\src\ExtRigidBodyExt.cpp (266) 4 : PxRigidBodyExt::updateMassAndInertia: Mass and inertia computation failed, setting mass to 1 and inertia to (1,1,1)
[2015.07.14-17.26.01:573][  0]LogPhysics:Warning: PHYSX: ..\..\PhysXExtensions\src\ExtRigidBodyExt.cpp (217) 4 : computeMassAndInertia: Dynamic actor with illegal collision shapes
[2015.07.14-17.26.01:573][  0]LogPhysics:Warning: PHYSX: ..\..\PhysXExtensions\src\ExtRigidBodyExt.cpp (266) 4 : PxRigidBodyExt::updateMassAndInertia: Mass and inertia computation failed, setting mass to 1 and inertia to (1,1,1)
[2015.07.14-17.26.01:574][  0]LogPhysics:Warning: PHYSX: ..\..\PhysXExtensions\src\ExtRigidBodyExt.cpp (217) 4 : computeMassAndInertia: Dynamic actor with illegal collision shapes
[2015.07.14-17.26.01:574][  0]LogPhysics:Warning: PHYSX: ..\..\PhysXExtensions\src\ExtRigidBodyExt.cpp (266) 4 : PxRigidBodyExt::updateMassAndInertia: Mass and inertia computation failed, setting mass to 1 and inertia to (1,1,1)
[2015.07.14-17.26.01:574][  0]LogPhysics:Warning: PHYSX: ..\..\PhysXExtensions\src\ExtRigidBodyExt.cpp (217) 4 : computeMassAndInertia: Dynamic actor with illegal collision shapes
[2015.07.14-17.26.01:574][  0]LogPhysics:Warning: PHYSX: ..\..\PhysXExtensions\src\ExtRigidBodyExt.cpp (266) 4 : PxRigidBodyExt::updateMassAndInertia: Mass and inertia computation failed, setting mass to 1 and inertia to (1,1,1)
[2015.07.14-17.26.01:574][  0]LogPhysics:Warning: PHYSX: ..\..\PhysXExtensions\src\ExtRigidBodyExt.cpp (217) 4 : computeMassAndInertia: Dynamic actor with illegal collision shapes
[2015.07.14-17.26.01:574][  0]LogPhysics:Warning: PHYSX: ..\..\PhysXExtensions\src\ExtRigidBodyExt.cpp (266) 4 : PxRigidBodyExt::updateMassAndInertia: Mass and inertia computation failed, setting mass to 1 and inertia to (1,1,1)
[2015.07.14-17.26.01:574][  0]LogPhysics:Warning: PHYSX: ..\..\PhysXExtensions\src\ExtRigidBodyExt.cpp (217) 4 : computeMassAndInertia: Dynamic actor with illegal collision shapes
[2015.07.14-17.26.01:574][  0]LogPhysics:Warning: PHYSX: ..\..\PhysXExtensions\src\ExtRigidBodyExt.cpp (266) 4 : PxRigidBodyExt::updateMassAndInertia: Mass and inertia computation failed, setting mass to 1 and inertia to (1,1,1)
[2015.07.14-17.26.01:574][  0]LogPhysics:Warning: PHYSX: ..\..\PhysXExtensions\src\ExtRigidBodyExt.cpp (217) 4 : computeMassAndInertia: Dynamic actor with illegal collision shapes
[2015.07.14-17.26.01:574][  0]LogPhysics:Warning: PHYSX: ..\..\PhysXExtensions\src\ExtRigidBodyExt.cpp (266) 4 : PxRigidBodyExt::updateMassAndInertia: Mass and inertia computation failed, setting mass to 1 and inertia to (1,1,1)
[2015.07.14-17.26.01:574][  0]LogPhysics:Warning: PHYSX: ..\..\PhysXExtensions\src\ExtRigidBodyExt.cpp (217) 4 : computeMassAndInertia: Dynamic actor with illegal collision shapes
[2015.07.14-17.26.01:574][  0]LogPhysics:Warning: PHYSX: ..\..\PhysXExtensions\src\ExtRigidBodyExt.cpp (266) 4 : PxRigidBodyExt::updateMassAndInertia: Mass and inertia computation failed, setting mass to 1 and inertia to (1,1,1)
[2015.07.14-17.26.01:617][  0]LogPhysics:Warning: PHYSX: ..\..\PhysXExtensions\src\ExtRigidBodyExt.cpp (217) 4 : computeMassAndInertia: Dynamic actor with illegal collision shapes
[2015.07.14-17.26.01:617][  0]LogPhysics:Warning: PHYSX: ..\..\PhysXExtensions\src\ExtRigidBodyExt.cpp (266) 4 : PxRigidBodyExt::updateMassAndInertia: Mass and inertia computation failed, setting mass to 1 and inertia to (1,1,1)
[2015.07.14-17.26.01:618][  0]LogPhysics:Warning: PHYSX: ..\..\PhysXExtensions\src\ExtRigidBodyExt.cpp (217) 4 : computeMassAndInertia: Dynamic actor with illegal collision shapes
[2015.07.14-17.26.01:618][  0]LogPhysics:Warning: PHYSX: ..\..\PhysXExtensions\src\ExtRigidBodyExt.cpp (266) 4 : PxRigidBodyExt::updateMassAndInertia: Mass and inertia computation failed, setting mass to 1 and inertia to (1,1,1)
[2015.07.14-17.26.01:619][  0]LogPhysics:Warning: PHYSX: ..\..\PhysXExtensions\src\ExtRigidBodyExt.cpp (217) 4 : computeMassAndInertia: Dynamic actor with illegal collision shapes
[2015.07.14-17.26.01:619][  0]LogPhysics:Warning: PHYSX: ..\..\PhysXExtensions\src\ExtRigidBodyExt.cpp (266) 4 : PxRigidBodyExt::updateMassAndInertia: Mass and inertia computation failed, setting mass to 1 and inertia to (1,1,1)
[2015.07.14-17.26.01:620][  0]LogPhysics:Warning: PHYSX: ..\..\PhysXExtensions\src\ExtRigidBodyExt.cpp (217) 4 : computeMassAndInertia: Dynamic actor with illegal collision shapes
[2015.07.14-17.26.01:620][  0]LogPhysics:Warning: PHYSX: ..\..\PhysXExtensions\src\ExtRigidBodyExt.cpp (266) 4 : PxRigidBodyExt::updateMassAndInertia: Mass and inertia computation failed, setting mass to 1 and inertia to (1,1,1)
[2015.07.14-17.26.01:621][  0]LogPhysics:Warning: PHYSX: ..\..\PhysXExtensions\src\ExtRigidBodyExt.cpp (217) 4 : computeMassAndInertia: Dynamic actor with illegal collision shapes
[2015.07.14-17.26.01:621][  0]LogPhysics:Warning: PHYSX: ..\..\PhysXExtensions\src\ExtRigidBodyExt.cpp (266) 4 : PxRigidBodyExt::updateMassAndInertia: Mass and inertia computation failed, setting mass to 1 and inertia to (1,1,1)
[2015.07.14-17.26.01:622][  0]LogPhysics:Warning: PHYSX: ..\..\PhysXExtensions\src\ExtRigidBodyExt.cpp (217) 4 : computeMassAndInertia: Dynamic actor with illegal collision shapes
[2015.07.14-17.26.01:622][  0]LogPhysics:Warning: PHYSX: ..\..\PhysXExtensions\src\ExtRigidBodyExt.cpp (266) 4 : PxRigidBodyExt::updateMassAndInertia: Mass and inertia computation failed, setting mass to 1 and inertia to (1,1,1)
[2015.07.14-17.26.01:622][  0]LogPhysics:Warning: PHYSX: ..\..\PhysXExtensions\src\ExtRigidBodyExt.cpp (217) 4 : computeMassAndInertia: Dynamic actor with illegal collision shapes
[2015.07.14-17.26.01:622][  0]LogPhysics:Warning: PHYSX: ..\..\PhysXExtensions\src\ExtRigidBodyExt.cpp (266) 4 : PxRigidBodyExt::updateMassAndInertia: Mass and inertia computation failed, setting mass to 1 and inertia to (1,1,1)
[2015.07.14-17.26.01:623][  0]LogPhysics:Warning: PHYSX: ..\..\PhysXExtensions\src\ExtRigidBodyExt.cpp (217) 4 : computeMassAndInertia: Dynamic actor with illegal collision shapes
[2015.07.14-17.26.01:623][  0]LogPhysics:Warning: PHYSX: ..\..\PhysXExtensions\src\ExtRigidBodyExt.cpp (266) 4 : PxRigidBodyExt::updateMassAndInertia: Mass and inertia computation failed, setting mass to 1 and inertia to (1,1,1)
[2015.07.14-17.26.01:624][  0]LogPhysics:Warning: PHYSX: ..\..\PhysXExtensions\src\ExtRigidBodyExt.cpp (217) 4 : computeMassAndInertia: Dynamic actor with illegal collision shapes
[2015.07.14-17.26.01:624][  0]LogPhysics:Warning: PHYSX: ..\..\PhysXExtensions\src\ExtRigidBodyExt.cpp (266) 4 : PxRigidBodyExt::updateMassAndInertia: Mass and inertia computation failed, setting mass to 1 and inertia to (1,1,1)
[2015.07.14-17.26.01:625][  0]LogPhysics:Warning: PHYSX: ..\..\PhysXExtensions\src\ExtRigidBodyExt.cpp (217) 4 : computeMassAndInertia: Dynamic actor with illegal collision shapes
[2015.07.14-17.26.01:625][  0]LogPhysics:Warning: PHYSX: ..\..\PhysXExtensions\src\ExtRigidBodyExt.cpp (266) 4 : PxRigidBodyExt::updateMassAndInertia: Mass and inertia computation failed, setting mass to 1 and inertia to (1,1,1)
[2015.07.14-17.26.01:625][  0]LogPhysics:Warning: PHYSX: ..\..\PhysXExtensions\src\ExtRigidBodyExt.cpp (217) 4 : computeMassAndInertia: Dynamic actor with illegal collision shapes
[2015.07.14-17.26.01:625][  0]LogPhysics:Warning: PHYSX: ..\..\PhysXExtensions\src\ExtRigidBodyExt.cpp (266) 4 : PxRigidBodyExt::updateMassAndInertia: Mass and inertia computation failed, setting mass to 1 and inertia to (1,1,1)
[2015.07.14-17.26.01:626][  0]LogPhysics:Warning: PHYSX: ..\..\PhysXExtensions\src\ExtRigidBodyExt.cpp (217) 4 : computeMassAndInertia: Dynamic actor with illegal collision shapes
[2015.07.14-17.26.01:626][  0]LogPhysics:Warning: PHYSX: ..\..\PhysXExtensions\src\ExtRigidBodyExt.cpp (266) 4 : PxRigidBodyExt::updateMassAndInertia: Mass and inertia computation failed, setting mass to 1 and inertia to (1,1,1)
[2015.07.14-17.26.01:627][  0]LogPhysics:Warning: PHYSX: ..\..\PhysXExtensions\src\ExtRigidBodyExt.cpp (217) 4 : computeMassAndInertia: Dynamic actor with illegal collision shapes
[2015.07.14-17.26.01:627][  0]LogPhysics:Warning: PHYSX: ..\..\PhysXExtensions\src\ExtRigidBodyExt.cpp (266) 4 : PxRigidBodyExt::updateMassAndInertia: Mass and inertia computation failed, setting mass to 1 and inertia to (1,1,1)
[2015.07.14-17.26.01:627][  0]LogPhysics:Warning: PHYSX: ..\..\PhysXExtensions\src\ExtRigidBodyExt.cpp (217) 4 : computeMassAndInertia: Dynamic actor with illegal collision shapes
[2015.07.14-17.26.01:627][  0]LogPhysics:Warning: PHYSX: ..\..\PhysXExtensions\src\ExtRigidBodyExt.cpp (266) 4 : PxRigidBodyExt::updateMassAndInertia: Mass and inertia computation failed, setting mass to 1 and inertia to (1,1,1)
[2015.07.14-17.26.01:628][  0]LogPhysics:Warning: PHYSX: ..\..\PhysXExtensions\src\ExtRigidBodyExt.cpp (217) 4 : computeMassAndInertia: Dynamic actor with illegal collision shapes
[2015.07.14-17.26.01:628][  0]LogPhysics:Warning: PHYSX: ..\..\PhysXExtensions\src\ExtRigidBodyExt.cpp (266) 4 : PxRigidBodyExt::updateMassAndInertia: Mass and inertia computation failed, setting mass to 1 and inertia to (1,1,1)
[2015.07.14-17.26.01:629][  0]LogPhysics:Warning: PHYSX: ..\..\PhysXExtensions\src\ExtRigidBodyExt.cpp (217) 4 : computeMassAndInertia: Dynamic actor with illegal collision shapes
[2015.07.14-17.26.01:629][  0]LogPhysics:Warning: PHYSX: ..\..\PhysXExtensions\src\ExtRigidBodyExt.cpp (266) 4 : PxRigidBodyExt::updateMassAndInertia: Mass and inertia computation failed, setting mass to 1 and inertia to (1,1,1)
[2015.07.14-17.26.01:629][  0]LogPhysics:Warning: PHYSX: ..\..\PhysXExtensions\src\ExtRigidBodyExt.cpp (217) 4 : computeMassAndInertia: Dynamic actor with illegal collision shapes
[2015.07.14-17.26.01:629][  0]LogPhysics:Warning: PHYSX: ..\..\PhysXExtensions\src\ExtRigidBodyExt.cpp (266) 4 : PxRigidBodyExt::updateMassAndInertia: Mass and inertia computation failed, setting mass to 1 and inertia to (1,1,1)
[2015.07.14-17.26.01:630][  0]LogPhysics:Warning: PHYSX: ..\..\PhysXExtensions\src\ExtRigidBodyExt.cpp (217) 4 : computeMassAndInertia: Dynamic actor with illegal collision shapes
[2015.07.14-17.26.01:630][  0]LogPhysics:Warning: PHYSX: ..\..\PhysXExtensions\src\ExtRigidBodyExt.cpp (266) 4 : PxRigidBodyExt::updateMassAndInertia: Mass and inertia computation failed, setting mass to 1 and inertia to (1,1,1)
[2015.07.14-17.26.01:631][  0]LogPhysics:Warning: PHYSX: ..\..\PhysXExtensions\src\ExtRigidBodyExt.cpp (217) 4 : computeMassAndInertia: Dynamic actor with illegal collision shapes
[2015.07.14-17.26.01:631][  0]LogPhysics:Warning: PHYSX: ..\..\PhysXExtensions\src\ExtRigidBodyExt.cpp (266) 4 : PxRigidBodyExt::updateMassAndInertia: Mass and inertia computation failed, setting mass to 1 and inertia to (1,1,1)
[2015.07.14-17.26.01:631][  0]LogPhysics:Warning: PHYSX: ..\..\PhysXExtensions\src\ExtRigidBodyExt.cpp (217) 4 : computeMassAndInertia: Dynamic actor with illegal collision shapes
[2015.07.14-17.26.01:631][  0]LogPhysics:Warning: PHYSX: ..\..\PhysXExtensions\src\ExtRigidBodyExt.cpp (266) 4 : PxRigidBodyExt::updateMassAndInertia: Mass and inertia computation failed, setting mass to 1 and inertia to (1,1,1)
[2015.07.14-17.26.01:632][  0]LogPhysics:Warning: PHYSX: ..\..\PhysXExtensions\src\ExtRigidBodyExt.cpp (217) 4 : computeMassAndInertia: Dynamic actor with illegal collision shapes
[2015.07.14-17.26.01:632][  0]LogPhysics:Warning: PHYSX: ..\..\PhysXExtensions\src\ExtRigidBodyExt.cpp (266) 4 : PxRigidBodyExt::updateMassAndInertia: Mass and inertia computation failed, setting mass to 1 and inertia to (1,1,1)
[2015.07.14-17.26.01:632][  0]LogPhysics:Warning: PHYSX: ..\..\PhysXExtensions\src\ExtRigidBodyExt.cpp (217) 4 : computeMassAndInertia: Dynamic actor with illegal collision shapes
[2015.07.14-17.26.01:632][  0]LogPhysics:Warning: PHYSX: ..\..\PhysXExtensions\src\ExtRigidBodyExt.cpp (266) 4 : PxRigidBodyExt::updateMassAndInertia: Mass and inertia computation failed, setting mass to 1 and inertia to (1,1,1)
[2015.07.14-17.26.01:633][  0]LogPhysics:Warning: PHYSX: ..\..\PhysXExtensions\src\ExtRigidBodyExt.cpp (217) 4 : computeMassAndInertia: Dynamic actor with illegal collision shapes
[2015.07.14-17.26.01:633][  0]LogPhysics:Warning: PHYSX: ..\..\PhysXExtensions\src\ExtRigidBodyExt.cpp (266) 4 : PxRigidBodyExt::updateMassAndInertia: Mass and inertia computation failed, setting mass to 1 and inertia to (1,1,1)
[2015.07.14-17.26.01:634][  0]LogPhysics:Warning: PHYSX: ..\..\PhysXExtensions\src\ExtRigidBodyExt.cpp (217) 4 : computeMassAndInertia: Dynamic actor with illegal collision shapes
[2015.07.14-17.26.01:634][  0]LogPhysics:Warning: PHYSX: ..\..\PhysXExtensions\src\ExtRigidBodyExt.cpp (266) 4 : PxRigidBodyExt::updateMassAndInertia: Mass and inertia computation failed, setting mass to 1 and inertia to (1,1,1)
[2015.07.14-17.26.01:634][  0]LogPhysics:Warning: PHYSX: ..\..\PhysXExtensions\src\ExtRigidBodyExt.cpp (217) 4 : computeMassAndInertia: Dynamic actor with illegal collision shapes
[2015.07.14-17.26.01:634][  0]LogPhysics:Warning: PHYSX: ..\..\PhysXExtensions\src\ExtRigidBodyExt.cpp (266) 4 : PxRigidBodyExt::updateMassAndInertia: Mass and inertia computation failed, setting mass to 1 and inertia to (1,1,1)
[2015.07.14-17.26.01:635][  0]LogPhysics:Warning: PHYSX: ..\..\PhysXExtensions\src\ExtRigidBodyExt.cpp (217) 4 : computeMassAndInertia: Dynamic actor with illegal collision shapes
[2015.07.14-17.26.01:635][  0]LogPhysics:Warning: PHYSX: ..\..\PhysXExtensions\src\ExtRigidBodyExt.cpp (266) 4 : PxRigidBodyExt::updateMassAndInertia: Mass and inertia computation failed, setting mass to 1 and inertia to (1,1,1)
[2015.07.14-17.26.01:637][  0]LogEditorServer: Finished looking for orphan Actors (0.000 secs)
[2015.07.14-17.26.01:785][  0]Cmd: MAP CHECKDEP NOCLEARLOG
[2015.07.14-17.26.01:834][  0]MapCheck: Info Map check complete: 0 Error(s), 0 Warning(s), took 48.704ms to complete.
[2015.07.14-17.26.01:834][  0]LogFileHelpers: Loading map 'AdvancedVehicleExamplemap' took 2.474
[2015.07.14-17.26.02:003][  0]LogCollectionManager: Loaded 0 collections in 0.002130 seconds
[2015.07.14-17.26.02:013][  0]LogContentBrowser: Native class hierarchy populated in 0.0095 seconds. Added 1792 classes and 301 folders.
[2015.07.14-17.26.02:061][  0]LogContentBrowser: Native class hierarchy updated for 'WidgetCarousel' in 0.0004 seconds. Added 0 classes and 0 folders.
[2015.07.14-17.26.02:095][  0]LogContentBrowser: Native class hierarchy updated for 'AddContentDialog' in 0.0006 seconds. Added 0 classes and 0 folders.
[2015.07.14-17.26.02:111][  0]LogContentBrowser: Native class hierarchy updated for 'SceneOutliner' in 0.0003 seconds. Added 1 classes and 2 folders.
[2015.07.14-17.26.02:153][  0]LogCrashTracker: Crashtracker disabled due to settings.
[2015.07.14-17.26.02:155][  0]LogD3D11RHI: InitD3DDevice
[2015.07.14-17.26.02:159][  0]LogUObjectGlobals:Warning: Failed to find object 'Class None.'
[2015.07.14-17.26.02:182][  0]LogLoad: Full Startup: 10.89 seconds (BP compile: 0.67 seconds)
[2015.07.14-17.26.02:291][  0]LogContentStreaming: Texture pool size is 0.000000MB
[2015.07.14-17.26.02:423][  0]LogContentStreaming: Texture pool size now 400 MB
[2015.07.14-17.26.02:563][  0]LogRenderer: Reallocating scene render targets to support 1272x616 (Frame:2).
[2015.07.14-17.26.02:663][  1]Cmd: UpdateLandscapeEditorData -warnings
[2015.07.14-17.26.02:664][  1]Cmd: UpdateLandscapeEditorData
[2015.07.14-17.26.03:189][  9]LogAssetRegistry: Asset discovery search completed in 5.0001 seconds
[2015.07.14-17.26.06:961][134]LogD3D11RHI: InitD3DDevice
[2015.07.14-17.26.07:610][151]LogPlayLevel: PIE:  No blueprints needed recompiling
[2015.07.14-17.26.07:616][151]PIE: New page: PIE session: AdvancedVehicleExamplemap (Jul 14, 2015, 11:26:07 PM)
[2015.07.14-17.26.07:617][151]LogPlayLevel: Creating play world package: /Game/VehicleAdvBP/Maps/UEDPIE_0_AdvancedVehicleExamplemap
[2015.07.14-17.26.07:700][151]LogPlayLevel: PIE: StaticDuplicateObject took: (0.082971s)
[2015.07.14-17.26.07:701][151]LogAIModule: Creating AISystem for world AdvancedVehicleExamplemap
[2015.07.14-17.26.07:703][151]LogPlayLevel: PIE: World Init took: (0.002842s)
[2015.07.14-17.26.07:703][151]LogPlayLevel: PIE: Created PIE world by copying editor world from /Game/VehicleAdvBP/Maps/AdvancedVehicleExamplemap.AdvancedVehicleExamplemap to /Game/VehicleAdvBP/Maps/UEDPIE_0_AdvancedVehicleExamplemap.AdvancedVehicleExamplemap (0.086371s)
[2015.07.14-17.26.07:856][151]LogInit: XAudio2 using 'Speakers (Realtek High Definition Audio)' : 2 channels at 48 kHz using 32 bits per sample (channel mask 0x3)
[2015.07.14-17.26.07:864][151]LogInit: FAudioDevice initialized.
[2015.07.14-17.26.07:917][151]LogWorld: Game class is 'VehicleAdvGameMode_C'
[2015.07.14-17.26.07:922][151]LogPhysics:Warning: PHYSX: ..\..\PhysXExtensions\src\ExtRigidBodyExt.cpp (217) 4 : computeMassAndInertia: Dynamic actor with illegal collision shapes
[2015.07.14-17.26.07:922][151]LogPhysics:Warning: PHYSX: ..\..\PhysXExtensions\src\ExtRigidBodyExt.cpp (266) 4 : PxRigidBodyExt::updateMassAndInertia: Mass and inertia computation failed, setting mass to 1 and inertia to (1,1,1)
[2015.07.14-17.26.07:922][151]LogPhysics:Warning: PHYSX: ..\..\PhysXExtensions\src\ExtRigidBodyExt.cpp (217) 4 : computeMassAndInertia: Dynamic actor with illegal collision shapes
[2015.07.14-17.26.07:922][151]LogPhysics:Warning: PHYSX: ..\..\PhysXExtensions\src\ExtRigidBodyExt.cpp (266) 4 : PxRigidBodyExt::updateMassAndInertia: Mass and inertia computation failed, setting mass to 1 and inertia to (1,1,1)
[2015.07.14-17.26.07:922][151]LogPhysics:Warning: PHYSX: ..\..\PhysXExtensions\src\ExtRigidBodyExt.cpp (217) 4 : computeMassAndInertia: Dynamic actor with illegal collision shapes
[2015.07.14-17.26.07:922][151]LogPhysics:Warning: PHYSX: ..\..\PhysXExtensions\src\ExtRigidBodyExt.cpp (266) 4 : PxRigidBodyExt::updateMassAndInertia: Mass and inertia computation failed, setting mass to 1 and inertia to (1,1,1)
[2015.07.14-17.26.07:922][151]LogPhysics:Warning: PHYSX: ..\..\PhysXExtensions\src\ExtRigidBodyExt.cpp (217) 4 : computeMassAndInertia: Dynamic actor with illegal collision shapes
[2015.07.14-17.26.07:922][151]LogPhysics:Warning: PHYSX: ..\..\PhysXExtensions\src\ExtRigidBodyExt.cpp (266) 4 : PxRigidBodyExt::updateMassAndInertia: Mass and inertia computation failed, setting mass to 1 and inertia to (1,1,1)
[2015.07.14-17.26.07:922][151]LogPhysics:Warning: PHYSX: ..\..\PhysXExtensions\src\ExtRigidBodyExt.cpp (217) 4 : computeMassAndInertia: Dynamic actor with illegal collision shapes
[2015.07.14-17.26.07:922][151]LogPhysics:Warning: PHYSX: ..\..\PhysXExtensions\src\ExtRigidBodyExt.cpp (266) 4 : PxRigidBodyExt::updateMassAndInertia: Mass and inertia computation failed, setting mass to 1 and inertia to (1,1,1)
[2015.07.14-17.26.07:922][151]LogPhysics:Warning: PHYSX: ..\..\PhysXExtensions\src\ExtRigidBodyExt.cpp (217) 4 : computeMassAndInertia: Dynamic actor with illegal collision shapes
[2015.07.14-17.26.07:922][151]LogPhysics:Warning: PHYSX: ..\..\PhysXExtensions\src\ExtRigidBodyExt.cpp (266) 4 : PxRigidBodyExt::updateMassAndInertia: Mass and inertia computation failed, setting mass to 1 and inertia to (1,1,1)
[2015.07.14-17.26.07:923][151]LogPhysics:Warning: PHYSX: ..\..\PhysXExtensions\src\ExtRigidBodyExt.cpp (217) 4 : computeMassAndInertia: Dynamic actor with illegal collision shapes
[2015.07.14-17.26.07:923][151]LogPhysics:Warning: PHYSX: ..\..\PhysXExtensions\src\ExtRigidBodyExt.cpp (266) 4 : PxRigidBodyExt::updateMassAndInertia: Mass and inertia computation failed, setting mass to 1 and inertia to (1,1,1)
[2015.07.14-17.26.07:923][151]LogPhysics:Warning: PHYSX: ..\..\PhysXExtensions\src\ExtRigidBodyExt.cpp (217) 4 : computeMassAndInertia: Dynamic actor with illegal collision shapes
[2015.07.14-17.26.07:923][151]LogPhysics:Warning: PHYSX: ..\..\PhysXExtensions\src\ExtRigidBodyExt.cpp (266) 4 : PxRigidBodyExt::updateMassAndInertia: Mass and inertia computation failed, setting mass to 1 and inertia to (1,1,1)
[2015.07.14-17.26.07:923][151]LogPhysics:Warning: PHYSX: ..\..\PhysXExtensions\src\ExtRigidBodyExt.cpp (217) 4 : computeMassAndInertia: Dynamic actor with illegal collision shapes
[2015.07.14-17.26.07:923][151]LogPhysics:Warning: PHYSX: ..\..\PhysXExtensions\src\ExtRigidBodyExt.cpp (266) 4 : PxRigidBodyExt::updateMassAndInertia: Mass and inertia computation failed, setting mass to 1 and inertia to (1,1,1)
[2015.07.14-17.26.07:923][151]LogPhysics:Warning: PHYSX: ..\..\PhysXExtensions\src\ExtRigidBodyExt.cpp (217) 4 : computeMassAndInertia: Dynamic actor with illegal collision shapes
[2015.07.14-17.26.07:923][151]LogPhysics:Warning: PHYSX: ..\..\PhysXExtensions\src\ExtRigidBodyExt.cpp (266) 4 : PxRigidBodyExt::updateMassAndInertia: Mass and inertia computation failed, setting mass to 1 and inertia to (1,1,1)
[2015.07.14-17.26.07:923][151]LogPhysics:Warning: PHYSX: ..\..\PhysXExtensions\src\ExtRigidBodyExt.cpp (217) 4 : computeMassAndInertia: Dynamic actor with illegal collision shapes
[2015.07.14-17.26.07:923][151]LogPhysics:Warning: PHYSX: ..\..\PhysXExtensions\src\ExtRigidBodyExt.cpp (266) 4 : PxRigidBodyExt::updateMassAndInertia: Mass and inertia computation failed, setting mass to 1 and inertia to (1,1,1)
[2015.07.14-17.26.07:923][151]LogPhysics:Warning: PHYSX: ..\..\PhysXExtensions\src\ExtRigidBodyExt.cpp (217) 4 : computeMassAndInertia: Dynamic actor with illegal collision shapes
[2015.07.14-17.26.07:923][151]LogPhysics:Warning: PHYSX: ..\..\PhysXExtensions\src\ExtRigidBodyExt.cpp (266) 4 : PxRigidBodyExt::updateMassAndInertia: Mass and inertia computation failed, setting mass to 1 and inertia to (1,1,1)
[2015.07.14-17.26.07:924][151]LogPhysics:Warning: PHYSX: ..\..\PhysXExtensions\src\ExtRigidBodyExt.cpp (217) 4 : computeMassAndInertia: Dynamic actor with illegal collision shapes
[2015.07.14-17.26.07:924][151]LogPhysics:Warning: PHYSX: ..\..\PhysXExtensions\src\ExtRigidBodyExt.cpp (266) 4 : PxRigidBodyExt::updateMassAndInertia: Mass and inertia computation failed, setting mass to 1 and inertia to (1,1,1)
[2015.07.14-17.26.07:924][151]LogPhysics:Warning: PHYSX: ..\..\PhysXExtensions\src\ExtRigidBodyExt.cpp (217) 4 : computeMassAndInertia: Dynamic actor with illegal collision shapes
[2015.07.14-17.26.07:924][151]LogPhysics:Warning: PHYSX: ..\..\PhysXExtensions\src\ExtRigidBodyExt.cpp (266) 4 : PxRigidBodyExt::updateMassAndInertia: Mass and inertia computation failed, setting mass to 1 and inertia to (1,1,1)
[2015.07.14-17.26.07:924][151]LogPhysics:Warning: PHYSX: ..\..\PhysXExtensions\src\ExtRigidBodyExt.cpp (217) 4 : computeMassAndInertia: Dynamic actor with illegal collision shapes
[2015.07.14-17.26.07:924][151]LogPhysics:Warning: PHYSX: ..\..\PhysXExtensions\src\ExtRigidBodyExt.cpp (266) 4 : PxRigidBodyExt::updateMassAndInertia: Mass and inertia computation failed, setting mass to 1 and inertia to (1,1,1)
[2015.07.14-17.26.07:924][151]LogPhysics:Warning: PHYSX: ..\..\PhysXExtensions\src\ExtRigidBodyExt.cpp (217) 4 : computeMassAndInertia: Dynamic actor with illegal collision shapes
[2015.07.14-17.26.07:924][151]LogPhysics:Warning: PHYSX: ..\..\PhysXExtensions\src\ExtRigidBodyExt.cpp (266) 4 : PxRigidBodyExt::updateMassAndInertia: Mass and inertia computation failed, setting mass to 1 and inertia to (1,1,1)
[2015.07.14-17.26.07:924][151]LogPhysics:Warning: PHYSX: ..\..\PhysXExtensions\src\ExtRigidBodyExt.cpp (217) 4 : computeMassAndInertia: Dynamic actor with illegal collision shapes
[2015.07.14-17.26.07:924][151]LogPhysics:Warning: PHYSX: ..\..\PhysXExtensions\src\ExtRigidBodyExt.cpp (266) 4 : PxRigidBodyExt::updateMassAndInertia: Mass and inertia computation failed, setting mass to 1 and inertia to (1,1,1)
[2015.07.14-17.26.07:924][151]LogPhysics:Warning: PHYSX: ..\..\PhysXExtensions\src\ExtRigidBodyExt.cpp (217) 4 : computeMassAndInertia: Dynamic actor with illegal collision shapes
[2015.07.14-17.26.07:924][151]LogPhysics:Warning: PHYSX: ..\..\PhysXExtensions\src\ExtRigidBodyExt.cpp (266) 4 : PxRigidBodyExt::updateMassAndInertia: Mass and inertia computation failed, setting mass to 1 and inertia to (1,1,1)
[2015.07.14-17.26.07:925][151]LogPhysics:Warning: PHYSX: ..\..\PhysXExtensions\src\ExtRigidBodyExt.cpp (217) 4 : computeMassAndInertia: Dynamic actor with illegal collision shapes
[2015.07.14-17.26.07:925][151]LogPhysics:Warning: PHYSX: ..\..\PhysXExtensions\src\ExtRigidBodyExt.cpp (266) 4 : PxRigidBodyExt::updateMassAndInertia: Mass and inertia computation failed, setting mass to 1 and inertia to (1,1,1)
[2015.07.14-17.26.07:925][151]LogPhysics:Warning: PHYSX: ..\..\PhysXExtensions\src\ExtRigidBodyExt.cpp (217) 4 : computeMassAndInertia: Dynamic actor with illegal collision shapes
[2015.07.14-17.26.07:925][151]LogPhysics:Warning: PHYSX: ..\..\PhysXExtensions\src\ExtRigidBodyExt.cpp (266) 4 : PxRigidBodyExt::updateMassAndInertia: Mass and inertia computation failed, setting mass to 1 and inertia to (1,1,1)
[2015.07.14-17.26.07:925][151]LogPhysics:Warning: PHYSX: ..\..\PhysXExtensions\src\ExtRigidBodyExt.cpp (217) 4 : computeMassAndInertia: Dynamic actor with illegal collision shapes
[2015.07.14-17.26.07:925][151]LogPhysics:Warning: PHYSX: ..\..\PhysXExtensions\src\ExtRigidBodyExt.cpp (266) 4 : PxRigidBodyExt::updateMassAndInertia: Mass and inertia computation failed, setting mass to 1 and inertia to (1,1,1)
[2015.07.14-17.26.07:925][151]LogPhysics:Warning: PHYSX: ..\..\PhysXExtensions\src\ExtRigidBodyExt.cpp (217) 4 : computeMassAndInertia: Dynamic actor with illegal collision shapes
[2015.07.14-17.26.07:925][151]LogPhysics:Warning: PHYSX: ..\..\PhysXExtensions\src\ExtRigidBodyExt.cpp (266) 4 : PxRigidBodyExt::updateMassAndInertia: Mass and inertia computation failed, setting mass to 1 and inertia to (1,1,1)
[2015.07.14-17.26.07:925][151]LogPhysics:Warning: PHYSX: ..\..\PhysXExtensions\src\ExtRigidBodyExt.cpp (217) 4 : computeMassAndInertia: Dynamic actor with illegal collision shapes
[2015.07.14-17.26.07:925][151]LogPhysics:Warning: PHYSX: ..\..\PhysXExtensions\src\ExtRigidBodyExt.cpp (266) 4 : PxRigidBodyExt::updateMassAndInertia: Mass and inertia computation failed, setting mass to 1 and inertia to (1,1,1)
[2015.07.14-17.26.07:925][151]LogPhysics:Warning: PHYSX: ..\..\PhysXExtensions\src\ExtRigidBodyExt.cpp (217) 4 : computeMassAndInertia: Dynamic actor with illegal collision shapes
[2015.07.14-17.26.07:925][151]LogPhysics:Warning: PHYSX: ..\..\PhysXExtensions\src\ExtRigidBodyExt.cpp (266) 4 : PxRigidBodyExt::updateMassAndInertia: Mass and inertia computation failed, setting mass to 1 and inertia to (1,1,1)
[2015.07.14-17.26.07:926][151]LogPhysics:Warning: PHYSX: ..\..\PhysXExtensions\src\ExtRigidBodyExt.cpp (217) 4 : computeMassAndInertia: Dynamic actor with illegal collision shapes
[2015.07.14-17.26.07:926][151]LogPhysics:Warning: PHYSX: ..\..\PhysXExtensions\src\ExtRigidBodyExt.cpp (266) 4 : PxRigidBodyExt::updateMassAndInertia: Mass and inertia computation failed, setting mass to 1 and inertia to (1,1,1)
[2015.07.14-17.26.07:926][151]LogPhysics:Warning: PHYSX: ..\..\PhysXExtensions\src\ExtRigidBodyExt.cpp (217) 4 : computeMassAndInertia: Dynamic actor with illegal collision shapes
[2015.07.14-17.26.07:926][151]LogPhysics:Warning: PHYSX: ..\..\PhysXExtensions\src\ExtRigidBodyExt.cpp (266) 4 : PxRigidBodyExt::updateMassAndInertia: Mass and inertia computation failed, setting mass to 1 and inertia to (1,1,1)
[2015.07.14-17.26.07:939][151]LogWorld: Bringing World /Game/VehicleAdvBP/Maps/UEDPIE_0_AdvancedVehicleExamplemap.AdvancedVehicleExamplemap up for play (max tick rate 60) at 2015.07.14-20.26.07
[2015.07.14-17.26.07:939][151]LogActor:Warning: GameSession /Game/VehicleAdvBP/Maps/UEDPIE_0_AdvancedVehicleExamplemap.AdvancedVehicleExamplemap:PersistentLevel.GameSession_0 has natively added scene component(s), but none of them were set as the actor's RootComponent - picking one arbitrarily
[2015.07.14-17.26.07:940][151]LogActor:Warning: GameNetworkManager /Game/VehicleAdvBP/Maps/UEDPIE_0_AdvancedVehicleExamplemap.AdvancedVehicleExamplemap:PersistentLevel.GameNetworkManager_0 has natively added scene component(s), but none of them were set as the actor's RootComponent - picking one arbitrarily
[2015.07.14-17.26.07:941][151]LogWorld: Bringing up level for play took: 0.021742
[2015.07.14-17.26.07:942][151]PIE: Info Play in editor start time for /Game/VehicleAdvBP/Maps/UEDPIE_0_AdvancedVehicleExamplemap 0.288
[2015.07.14-17.26.20:121][525]LogParticles: Destroying 0 GPU particle simulations for FXSystem 0x0000001AC662A840
[2015.07.14-17.26.24:734][640]LogWindowsTextInputMethodSystem:Display: IME system now deactivated.
[2015.07.14-17.26.25:044][641]Cmd: QUIT_EDITOR
[2015.07.14-17.26.26:231][641]LogExit: Preparing to exit.
[2015.07.14-17.26.27:088][641]LogExit: Editor shut down
[2015.07.14-17.26.27:088][641]LogExit: Transaction tracking system shut down
[2015.07.14-17.26.27:090][641]LogParticles: Destroying 0 GPU particle simulations for FXSystem 0x0000001AD3BBF600
[2015.07.14-17.26.27:092][641]LogParticles: Destroying 0 GPU particle simulations for FXSystem 0x0000001AD8A5B9C0
[2015.07.14-17.26.27:092][641]LogParticles: Destroying 0 GPU particle simulations for FXSystem 0x0000001AC662AE80
[2015.07.14-17.26.27:092][641]LogParticles: Destroying 0 GPU particle simulations for FXSystem 0x0000001AC662ACA0
[2015.07.14-17.26.27:093][641]LogParticles: Destroying 0 GPU particle simulations for FXSystem 0x0000001AC662AA20
[2015.07.14-17.26.27:214][641]LogExit: Object subsystem successfully closed.
[2015.07.14-17.26.27:235][641]LogD3D11RHI: Shutdown
[2015.07.14-17.26.27:235][641]LogD3D11RHI: CleanupD3DDevice
[2015.07.14-17.26.27:372][641]LogD3D11RHI: ~FD3D11DynamicRHI
[2015.07.14-17.26.27:397][641]LogModuleManager: Shutting down and abandoning module CrashTracker (188)
[2015.07.14-17.26.27:397][641]LogModuleManager: Shutting down and abandoning module SceneOutliner (187)
[2015.07.14-17.26.27:397][641]LogModuleManager: Shutting down and abandoning module SuperSearch (186)
[2015.07.14-17.26.27:397][641]LogModuleManager: Shutting down and abandoning module WidgetCarousel (185)
[2015.07.14-17.26.27:397][641]LogModuleManager: Shutting down and abandoning module AddContentDialog (184)
[2015.07.14-17.26.27:398][641]LogModuleManager: Shutting down and abandoning module EditorWidgets (183)
[2015.07.14-17.26.27:398][641]LogModuleManager: Shutting down and abandoning module CollectionManager (182)
[2015.07.14-17.26.27:398][641]LogModuleManager: Shutting down and abandoning module StatsViewer (181)
[2015.07.14-17.26.27:398][641]LogModuleManager: Shutting down and abandoning module FoliageEdit (180)
[2015.07.14-17.26.27:398][641]LogModuleManager: Shutting down and abandoning module LandscapeEditor (179)
[2015.07.14-17.26.27:398][641]LogModuleManager: Shutting down and abandoning module ActorPickerMode (178)
[2015.07.14-17.26.27:398][641]LogModuleManager: Shutting down and abandoning module GeometryMode (177)
[2015.07.14-17.26.27:398][641]LogModuleManager: Shutting down and abandoning module TextureAlignMode (176)
[2015.07.14-17.26.27:398][641]LogModuleManager: Shutting down and abandoning module BspMode (175)
[2015.07.14-17.26.27:398][641]LogModuleManager: Shutting down and abandoning module PlacementMode (174)
[2015.07.14-17.26.27:398][641]LogModuleManager: Shutting down and abandoning module AutomationWorker (173)
[2015.07.14-17.26.27:398][641]LogModuleManager: Shutting down and abandoning module CharacterAI (172)
[2015.07.14-17.26.27:398][641]LogModuleManager: Shutting down and abandoning module SmartSnapping (171)
[2015.07.14-17.26.27:398][641]LogModuleManager: Shutting down and abandoning module ViewportSnapping (170)
[2015.07.14-17.26.27:399][641]LogModuleManager: Shutting down and abandoning module LogVisualizer (169)
[2015.07.14-17.26.27:399][641]LogModuleManager: Shutting down and abandoning module GameProjectGeneration (168)
[2015.07.14-17.26.27:399][641]LogModuleManager: Shutting down and abandoning module IntroTutorials (167)
[2015.07.14-17.26.27:399][641]LogModuleManager: Shutting down and abandoning module EditorLiveStreaming (166)
[2015.07.14-17.26.27:399][641]LogModuleManager: Shutting down and abandoning module IOSPlatformEditor (165)
[2015.07.14-17.26.27:399][641]LogModuleManager: Shutting down and abandoning module HTML5PlatformEditor (164)
[2015.07.14-17.26.27:399][641]LogModuleManager: Shutting down and abandoning module AndroidDeviceDetection (163)
[2015.07.14-17.26.27:707][641]LogModuleManager: Shutting down and abandoning module AndroidPlatformEditor (162)
[2015.07.14-17.26.27:707][641]LogModuleManager: Shutting down and abandoning module IOSRuntimeSettings (161)
[2015.07.14-17.26.27:707][641]LogModuleManager: Shutting down and abandoning module AndroidRuntimeSettings (160)
[2015.07.14-17.26.27:707][641]LogModuleManager: Shutting down and abandoning module MergeActors (159)
[2015.07.14-17.26.27:707][641]LogModuleManager: Shutting down and abandoning module SizeMap (158)
[2015.07.14-17.26.27:707][641]LogModuleManager: Shutting down and abandoning module TreeMap (157)
[2015.07.14-17.26.27:707][641]LogModuleManager: Shutting down and abandoning module ReferenceViewer (156)
[2015.07.14-17.26.27:707][641]LogModuleManager: Shutting down and abandoning module LocalizationDashboard (155)
[2015.07.14-17.26.27:707][641]LogModuleManager: Shutting down and abandoning module HardwareTargeting (154)
[2015.07.14-17.26.27:707][641]LogModuleManager: Shutting down and abandoning module DeviceProfileEditor (153)
[2015.07.14-17.26.27:707][641]LogModuleManager: Shutting down and abandoning module UndoHistory (152)
[2015.07.14-17.26.27:707][641]LogModuleManager: Shutting down and abandoning module GameplayTagsEditor (151)
[2015.07.14-17.26.27:707][641]LogModuleManager: Shutting down and abandoning module UserFeedback (150)
[2015.07.14-17.26.27:707][641]LogModuleManager: Shutting down and abandoning module XmlParser (149)
[2015.07.14-17.26.27:707][641]LogModuleManager: Shutting down and abandoning module Blutility (148)
[2015.07.14-17.26.27:707][641]LogModuleManager: Shutting down and abandoning module ProjectTargetPlatformEditor (147)
[2015.07.14-17.26.27:707][641]LogModuleManager: Shutting down and abandoning module ProjectSettingsViewer (146)
[2015.07.14-17.26.27:707][641]LogModuleManager: Shutting down and abandoning module InputBindingEditor (145)
[2015.07.14-17.26.27:707][641]LogModuleManager: Shutting down and abandoning module EditorSettingsViewer (144)
[2015.07.14-17.26.27:707][641]LogModuleManager: Shutting down and abandoning module SettingsEditor (143)
[2015.07.14-17.26.27:707][641]LogModuleManager: Shutting down and abandoning module ProjectLauncher (142)
[2015.07.14-17.26.27:707][641]LogModuleManager: Shutting down and abandoning module SessionFrontend (141)
[2015.07.14-17.26.27:707][641]LogModuleManager: Shutting down and abandoning module ProfilerClient (140)
[2015.07.14-17.26.27:707][641]LogModuleManager: Shutting down and abandoning module TargetDeviceServices (139)
[2015.07.14-17.26.27:707][641]LogModuleManager: Shutting down and abandoning module DeviceManager (138)
[2015.07.14-17.26.27:707][641]LogModuleManager: Shutting down and abandoning module AutomationController (137)
[2015.07.14-17.26.27:707][641]LogModuleManager: Shutting down and abandoning module AutomationWindow (136)
[2015.07.14-17.26.27:707][641]LogModuleManager: Shutting down and abandoning module Layers (135)
[2015.07.14-17.26.27:707][641]LogModuleManager: Shutting down and abandoning module ComponentVisualizers (134)
[2015.07.14-17.26.27:707][641]LogModuleManager: Shutting down and abandoning module DetailCustomizations (133)
[2015.07.14-17.26.27:707][641]LogModuleManager: Shutting down and abandoning module PackagesDialog (132)
[2015.07.14-17.26.27:707][641]LogModuleManager: Shutting down and abandoning module AssetRegistry (131)
[2015.07.14-17.26.27:856][641]LogModuleManager: Shutting down and abandoning module Persona (130)
[2015.07.14-17.26.27:856][641]LogModuleManager: Shutting down and abandoning module Kismet (129)
[2015.07.14-17.26.27:856][641]LogModuleManager: Shutting down and abandoning module GraphEditor (128)
[2015.07.14-17.26.27:856][641]LogModuleManager: Shutting down and abandoning module ClassViewer (127)
[2015.07.14-17.26.27:856][641]LogModuleManager: Shutting down and abandoning module Toolbox (126)
[2015.07.14-17.26.27:856][641]LogModuleManager: Shutting down and abandoning module ModuleUI (125)
[2015.07.14-17.26.27:857][641]LogModuleManager: Shutting down and abandoning module MovieSceneTools (124)
[2015.07.14-17.26.27:857][641]LogModuleManager: Shutting down and abandoning module OutputLog (123)
[2015.07.14-17.26.27:857][641]LogModuleManager: Shutting down and abandoning module GammaUI (122)
[2015.07.14-17.26.27:857][641]LogModuleManager: Shutting down and abandoning module Documentation (121)
[2015.07.14-17.26.27:857][641]LogModuleManager: Shutting down and abandoning module GameLiveStreaming (120)
[2015.07.14-17.26.27:857][641]LogModuleManager: Shutting down and abandoning module StreamingPauseRendering (119)
[2015.07.14-17.26.27:857][641]LogModuleManager: Shutting down and abandoning module AnalyticsET (118)
[2015.07.14-17.26.27:857][641]LogModuleManager: Shutting down and abandoning module Analytics (117)
[2015.07.14-17.26.27:857][641]LogModuleManager: Shutting down and abandoning module AITestSuite (116)
[2015.07.14-17.26.27:857][641]LogModuleManager: Shutting down and abandoning module GameplayDebugger (115)
[2015.07.14-17.26.27:857][641]LogModuleManager: Shutting down and abandoning module AIModule (114)
[2015.07.14-17.26.27:857][641]LogModuleManager: Shutting down and abandoning module ProfilerService (113)
[2015.07.14-17.26.27:991][641]LogModuleManager: Shutting down and abandoning module TaskGraph (112)
[2015.07.14-17.26.27:991][641]LogModuleManager: Shutting down and abandoning module SlateRemote (111)
[2015.07.14-17.26.27:991][641]LogModuleManager: Shutting down and abandoning module SteamVRController (110)
[2015.07.14-17.26.27:991][641]LogModuleManager: Shutting down and abandoning module SteamVR (109)
[2015.07.14-17.26.27:991][641]LogModuleManager: Shutting down and abandoning module ProceduralMeshComponent (108)
[2015.07.14-17.26.27:991][641]LogModuleManager: Shutting down and abandoning module OculusRift (107)
[2015.07.14-17.26.27:991][641]LogModuleManager: Shutting down and abandoning module LeapMotionController (106)
[2015.07.14-17.26.28:000][641]LogModuleManager: Shutting down and abandoning module CustomMeshComponent (105)
[2015.07.14-17.26.28:000][641]LogModuleManager: Shutting down and abandoning module CableComponent (104)
[2015.07.14-17.26.28:000][641]LogModuleManager: Shutting down and abandoning module MessagingDebugger (103)
[2015.07.14-17.26.28:000][641]LogModuleManager: Shutting down and abandoning module MediaPlayerEditor (102)
[2015.07.14-17.26.28:000][641]LogModuleManager: Shutting down and abandoning module SpeedTreeImporter (101)
[2015.07.14-17.26.28:000][641]LogModuleManager: Shutting down and abandoning module PluginBrowser (100)
[2015.07.14-17.26.28:000][641]LogModuleManager: Shutting down and abandoning module EpicSurvey (99)
[2015.07.14-17.26.28:000][641]LogModuleManager: Shutting down and abandoning module DesktopPlatform (98)
[2015.07.14-17.26.28:000][641]LogModuleManager: Shutting down and abandoning module VisualStudioSourceCodeAccess (97)
[2015.07.14-17.26.28:000][641]LogModuleManager: Shutting down and abandoning module UObjectPlugin (96)
[2015.07.14-17.26.28:000][641]LogModuleManager: Shutting down and abandoning module SubversionSourceControl (95)
[2015.07.14-17.26.28:000][641]LogModuleManager: Shutting down and abandoning module PerforceSourceControl (94)
[2015.07.14-17.26.28:000][641]LogModuleManager: Shutting down and abandoning module SourceControl (93)
[2015.07.14-17.26.28:000][641]LogModuleManager: Shutting down and abandoning module GitSourceControl (92)
[2015.07.14-17.26.28:000][641]LogModuleManager: Shutting down and abandoning module BlankPlugin (91)
[2015.07.14-17.26.28:000][641]LogModuleManager: Shutting down and abandoning module PaperTiledImporter (90)
[2015.07.14-17.26.28:000][641]LogModuleManager: Shutting down and abandoning module PaperSpriteSheetImporter (89)
[2015.07.14-17.26.28:000][641]LogModuleManager: Shutting down and abandoning module MeshPaint (88)
[2015.07.14-17.26.28:001][641]LogModuleManager: Shutting down and abandoning module SlateReflector (87)
[2015.07.14-17.26.28:001][641]LogModuleManager: Shutting down and abandoning module DirectoryWatcher (86)
[2015.07.14-17.26.28:001][641]LogModuleManager: Shutting down and abandoning module HotReload (85)
[2015.07.14-17.26.28:001][641]LogModuleManager: Shutting down and abandoning module MainFrame (84)
[2015.07.14-17.26.28:001][641]LogModuleManager: Shutting down and abandoning module LevelEditor (83)
[2015.07.14-17.26.28:002][641]LogModuleManager: Shutting down and abandoning module ContentBrowser (82)
[2015.07.14-17.26.28:003][641]LogModuleManager: Shutting down and abandoning module Paper2DEditor (81)
[2015.07.14-17.26.28:003][641]LogModuleManager: Shutting down and abandoning module UdpMessaging (80)
[2015.07.14-17.26.28:103][641]LogModuleManager: Shutting down and abandoning module Paper2D (79)
[2015.07.14-17.26.28:103][641]LogModuleManager: Shutting down and abandoning module WindowsMoviePlayer (78)
[2015.07.14-17.26.28:107][641]LogModuleManager: Shutting down and abandoning module Media (77)
[2015.07.14-17.26.28:107][641]LogModuleManager: Shutting down and abandoning module WmfMedia (76)
[2015.07.14-17.26.28:107][641]LogModuleManager: Shutting down and abandoning module OnlineBlueprintSupport (75)
[2015.07.14-17.26.28:107][641]LogModuleManager: Shutting down and abandoning module PropertyEditor (74)
[2015.07.14-17.26.28:107][641]LogModuleManager: Shutting down and abandoning module BehaviorTreeEditor (73)
[2015.07.14-17.26.28:107][641]LogModuleManager: Shutting down and abandoning module FunctionalTesting (72)
[2015.07.14-17.26.28:108][641]LogModuleManager: Shutting down and abandoning module CollisionAnalyzer (71)
[2015.07.14-17.26.28:108][641]LogModuleManager: Shutting down and abandoning module WorkspaceMenuStructure (70)
[2015.07.14-17.26.28:108][641]LogModuleManager: Shutting down and abandoning module MessageLog (69)
[2015.07.14-17.26.28:108][641]LogModuleManager: Shutting down and abandoning module Sequencer (68)
[2015.07.14-17.26.28:108][641]LogModuleManager: Shutting down and abandoning module AssetTools (67)
[2015.07.14-17.26.28:108][641]LogModuleManager: Shutting down and abandoning module UMGEditor (66)
[2015.07.14-17.26.28:108][641]LogModuleManager: Shutting down and abandoning module UMG (65)
[2015.07.14-17.26.28:108][641]LogModuleManager: Shutting down and abandoning module Slate (64)
[2015.07.14-17.26.28:108][641]LogModuleManager: Shutting down and abandoning module EditorStyle (63)
[2015.07.14-17.26.28:111][641]LogModuleManager: Shutting down and abandoning module SessionServices (62)
[2015.07.14-17.26.28:111][641]LogModuleManager: Shutting down and abandoning module SourceCodeAccess (61)
[2015.07.14-17.26.28:111][641]LogModuleManager: Shutting down and abandoning module HeadMountedDisplay (60)
[2015.07.14-17.26.28:111][641]LogModuleManager: Shutting down and abandoning module XAudio2 (59)
[2015.07.14-17.26.28:111][641]LogModuleManager: Shutting down and abandoning module Networking (57)
[2015.07.14-17.26.28:111][641]LogModuleManager: Shutting down and abandoning module Core (56)
[2015.07.14-17.26.28:111][641]LogModuleManager: Shutting down and abandoning module KismetCompiler (55)
[2015.07.14-17.26.28:111][641]LogModuleManager: Shutting down and abandoning module PhysXFormats (54)
[2015.07.14-17.26.28:111][641]LogModuleManager: Shutting down and abandoning module MeshUtilities (53)
[2015.07.14-17.26.28:111][641]LogModuleManager: Shutting down and abandoning module DerivedDataCache (52)
[2015.07.14-17.26.28:591][641]LogDerivedDataCache: Shutdown
[2015.07.14-17.26.28:591][641]LogModuleManager: Shutting down and abandoning module ShaderFormatOpenGL (51)
[2015.07.14-17.26.28:591][641]LogModuleManager: Shutting down and abandoning module ShaderFormatD3D (50)
[2015.07.14-17.26.28:591][641]LogModuleManager: Shutting down and abandoning module MetalShaderFormat (49)
[2015.07.14-17.26.28:591][641]LogModuleManager: Shutting down and abandoning module TextureFormatUncompressed (48)
[2015.07.14-17.26.28:591][641]LogModuleManager: Shutting down and abandoning module TextureFormatPVR (47)
[2015.07.14-17.26.28:591][641]LogModuleManager: Shutting down and abandoning module TextureFormatIntelISPCTexComp (46)
[2015.07.14-17.26.28:591][641]LogModuleManager: Shutting down and abandoning module TextureFormatDXT (45)
[2015.07.14-17.26.28:591][641]LogModuleManager: Shutting down and abandoning module ImageWrapper (44)
[2015.07.14-17.26.28:591][641]LogModuleManager: Shutting down and abandoning module TextureFormatASTC (43)
[2015.07.14-17.26.28:591][641]LogModuleManager: Shutting down and abandoning module TextureFormatAndroid (42)
[2015.07.14-17.26.28:591][641]LogModuleManager: Shutting down and abandoning module AudioFormatOpus (41)
[2015.07.14-17.26.28:591][641]LogModuleManager: Shutting down and abandoning module AudioFormatOgg (40)
[2015.07.14-17.26.28:591][641]LogModuleManager: Shutting down and abandoning module AudioFormatADPCM (39)
[2015.07.14-17.26.28:591][641]LogModuleManager: Shutting down and abandoning module LinuxTargetPlatform (38)
[2015.07.14-17.26.28:591][641]LogModuleManager: Shutting down and abandoning module LinuxServerTargetPlatform (37)
[2015.07.14-17.26.28:591][641]LogModuleManager: Shutting down and abandoning module LinuxNoEditorTargetPlatform (36)
[2015.07.14-17.26.28:591][641]LogModuleManager: Shutting down and abandoning module Messaging (35)
[2015.07.14-17.26.28:591][641]LogModuleManager: Shutting down and abandoning module IOSTargetPlatform (34)
[2015.07.14-17.26.28:591][641]LogModuleManager: Shutting down and abandoning module HTML5TargetPlatform (33)
[2015.07.14-17.26.28:591][641]LogModuleManager: Shutting down and abandoning module Android_PVRTCTargetPlatform (32)
[2015.07.14-17.26.28:591][641]LogModuleManager: Shutting down and abandoning module Android_ETC2TargetPlatform (31)
[2015.07.14-17.26.28:591][641]LogModuleManager: Shutting down and abandoning module Android_ETC1TargetPlatform (30)
[2015.07.14-17.26.28:591][641]LogModuleManager: Shutting down and abandoning module Android_DXTTargetPlatform (29)
[2015.07.14-17.26.28:591][641]LogModuleManager: Shutting down and abandoning module Android_ATCTargetPlatform (28)
[2015.07.14-17.26.28:591][641]LogModuleManager: Shutting down and abandoning module Android_ASTCTargetPlatform (27)
[2015.07.14-17.26.28:591][641]LogModuleManager: Shutting down and abandoning module AndroidTargetPlatform (26)
[2015.07.14-17.26.28:591][641]LogModuleManager: Shutting down and abandoning module WindowsTargetPlatform (25)
[2015.07.14-17.26.28:591][641]LogModuleManager: Shutting down and abandoning module WindowsServerTargetPlatform (24)
[2015.07.14-17.26.28:591][641]LogModuleManager: Shutting down and abandoning module WindowsNoEditorTargetPlatform (23)
[2015.07.14-17.26.28:591][641]LogModuleManager: Shutting down and abandoning module WindowsClientTargetPlatform (22)
[2015.07.14-17.26.28:591][641]LogModuleManager: Shutting down and abandoning module DesktopTargetPlatform (21)
[2015.07.14-17.26.28:591][641]LogModuleManager: Shutting down and abandoning module TargetPlatform (20)
[2015.07.14-17.26.28:591][641]LogModuleManager: Shutting down and abandoning module InputCore (19)
[2015.07.14-17.26.28:591][641]LogModuleManager: Shutting down and abandoning module Settings (18)
[2015.07.14-17.26.28:591][641]LogModuleManager: Shutting down and abandoning module OnlineSubsystem (16)
[2015.07.14-17.26.28:591][641]LogModuleManager: Shutting down and abandoning module HTTP (15)
[2015.07.14-17.26.28:592][641]LogModuleManager: Shutting down and abandoning module ExampleDeviceProfileSelector (14)
[2015.07.14-17.26.28:592][641]LogModuleManager: Shutting down and abandoning module TextureCompressor (13)
[2015.07.14-17.26.28:592][641]LogModuleManager: Shutting down and abandoning module ShaderCore (12)
[2015.07.14-17.26.28:592][641]LogModuleManager: Shutting down and abandoning module Landscape (11)
[2015.07.14-17.26.28:592][641]LogModuleManager: Shutting down and abandoning module SlateRHIRenderer (10)
[2015.07.14-17.26.28:594][641]LogModuleManager: Shutting down and abandoning module OpenGLDrv (9)
[2015.07.14-17.26.28:594][641]LogModuleManager: Shutting down and abandoning module D3D11RHI (8)
[2015.07.14-17.26.28:594][641]LogModuleManager: Shutting down and abandoning module Renderer (7)
[2015.07.14-17.26.28:594][641]LogModuleManager: Shutting down and abandoning module Engine (6)
[2015.07.14-17.26.28:594][641]LogModuleManager: Shutting down and abandoning module CoreUObject (5)
[2015.07.14-17.26.28:594][641]LogModuleManager: Shutting down and abandoning module NetworkFile (4)
[2015.07.14-17.26.28:594][641]LogModuleManager: Shutting down and abandoning module StreamingFile (3)
[2015.07.14-17.26.28:594][641]LogModuleManager: Shutting down and abandoning module SandboxFile (2)
[2015.07.14-17.26.28:594][641]LogModuleManager: Shutting down and abandoning module PakFile (1)
[2015.07.14-17.26.28:594][641]LogExit: Exiting.
[2015.07.14-17.26.28:606][641]Log file closed, 07/14/15 20:26:28
