[2015.07.23-15.57.14:535][  0]Log file open, 07/23/15 18:57:14
[2015.07.23-15.57.14:535][  0]LogInit:Display: Running engine for game: MyProject
[2015.07.23-15.57.14:535][  0]LogInit:Display: RandInit(-1838191703) SRandInit(-1838191703).
[2015.07.23-15.57.14:535][  0]LogTaskGraph: Started task graph with 4 named threads and 5 total threads.
[2015.07.23-15.57.14:535][  0]LogStats: Stats thread started
[2015.07.23-15.57.14:535][  0]LogInit: Version: 4.8.2-2614606+++depot+UE4-Releases+4.8
[2015.07.23-15.57.14:535][  0]LogInit: API Version: 2579680
[2015.07.23-15.57.14:535][  0]LogInit: Compiled (64-bit): Jul  8 2015 23:43:41
[2015.07.23-15.57.14:535][  0]LogInit: Compiled with Visual C++: 18.00.21005.01
[2015.07.23-15.57.14:535][  0]LogInit: Build Configuration: Development
[2015.07.23-15.57.14:535][  0]LogInit: Branch Name: ++depot+UE4-Releases+4.8
[2015.07.23-15.57.14:535][  0]LogInit: Command line: 
[2015.07.23-15.57.14:535][  0]LogInit: Base directory: C:/Program Files/Epic Games/4.8/Engine/Binaries/Win64/
[2015.07.23-15.57.14:535][  0]LogInit: Rocket: 1
[2015.07.23-15.57.14:561][  0]LogInit: Using libcurl 7.41.0
[2015.07.23-15.57.14:561][  0]LogInit:  - built for x86_64-pc-win32
[2015.07.23-15.57.14:561][  0]LogInit:  - supports SSL with WinSSL
[2015.07.23-15.57.14:561][  0]LogInit:  - other features:
[2015.07.23-15.57.14:561][  0]LogInit:      CURL_VERSION_SSL
[2015.07.23-15.57.14:562][  0]LogInit:      CURL_VERSION_IPV6
[2015.07.23-15.57.14:562][  0]LogInit:      CURL_VERSION_ASYNCHDNS
[2015.07.23-15.57.14:562][  0]LogInit:      CURL_VERSION_LARGEFILE
[2015.07.23-15.57.14:562][  0]LogInit:      CURL_VERSION_IDN
[2015.07.23-15.57.14:562][  0]LogInit:  CurlRequestOptions (configurable via config and command line):
[2015.07.23-15.57.14:562][  0]LogInit:  - bVerifyPeer = true  - Libcurl will verify peer certificate
[2015.07.23-15.57.14:562][  0]LogInit:  - bUseHttpProxy = false  - Libcurl will NOT use HTTP proxy
[2015.07.23-15.57.14:562][  0]LogInit:  - bDontReuseConnections = false  - Libcurl will reuse connections
[2015.07.23-15.57.14:562][  0]LogInit:  - CertBundlePath = nullptr  - Libcurl will use whatever was configured at build time.
[2015.07.23-15.57.14:585][  0]LogOnline:Warning: No default platform service specified for OnlineSubsystem
[2015.07.23-15.57.14:614][  0]LogInit: Presizing for 0 objects not considered by GC, pre-allocating 0 bytes.
[2015.07.23-15.57.14:629][  0]LogInit: Object subsystem initialized
[2015.07.23-15.57.14:631][  0]LogConsoleResponse:Warning: Skipping Unknown console variable: 'TranslucentSortAxis = (X=0.000000,Y=-1.000000,Z=0.000000)'
[2015.07.23-15.57.14:631][  0]LogConsoleResponse:Warning:   Found in ini file 'C:/Users/N/Documents/GitHub/UnrealNeuroCar/Saved/Config/Windows/Engine.ini', in section '[/Script/Engine.RendererSettings]'
[2015.07.23-15.57.14:631][  0]LogConsoleResponse:Warning: Skipping Unknown console variable: 'UIScaleRule = ShortestSide'
[2015.07.23-15.57.14:631][  0]LogConsoleResponse:Warning:   Found in ini file 'C:/Users/N/Documents/GitHub/UnrealNeuroCar/Saved/Config/Windows/Engine.ini', in section '[/Script/Engine.RendererSettings]'
[2015.07.23-15.57.14:631][  0]LogConsoleResponse:Warning: Skipping Unknown console variable: 'UIScaleCurve = (EditorCurveData=(Keys=),ExternalCurve=None)'
[2015.07.23-15.57.14:631][  0]LogConsoleResponse:Warning:   Found in ini file 'C:/Users/N/Documents/GitHub/UnrealNeuroCar/Saved/Config/Windows/Engine.ini', in section '[/Script/Engine.RendererSettings]'
[2015.07.23-15.57.14:632][  0]LogInit: Selected Device Profile: [Windows]
[2015.07.23-15.57.14:632][  0]LogInit: Applying CVar settings loaded from the selected device profile: [Windows]
[2015.07.23-15.57.14:646][  0]LogInit: Computer: CATQUEEN
[2015.07.23-15.57.14:646][  0]LogInit: User: Kunkku
[2015.07.23-15.57.14:646][  0]LogInit: CPU Page size=4096, Cores=2
[2015.07.23-15.57.14:646][  0]LogInit: High frequency timer resolution =2.435775 MHz
[2015.07.23-15.57.14:646][  0]LogMemory: Memory total: Physical=7.9GB (8GB approx)
[2015.07.23-15.57.14:646][  0]LogMemory: Platform Memory Stats for Windows
[2015.07.23-15.57.14:646][  0]LogMemory: Process Physical Memory: 49.14 MB used, 49.14 MB peak
[2015.07.23-15.57.14:646][  0]LogMemory: Process Virtual Memory: 24.51 MB used, 24.51 MB peak
[2015.07.23-15.57.14:646][  0]LogMemory: Physical Memory: 4122.77 MB used, 8112.27 MB total
[2015.07.23-15.57.14:646][  0]LogMemory: Virtual Memory: 293.89 MB used, 134217728.00 MB total
[2015.07.23-15.57.14:715][  0]LogTextLocalizationManager: The requested culture ('fi_FI') has no localization data; falling back to 'en' for localization and internationalization data.
[2015.07.23-15.57.15:083][  0]LogTextLocalizationManager:Warning: Loaded localization resources contain conflicting entries for (Namespace:ContentBrowser, Key:ImportAssetToolTip):
Localization Resource: (C:/Program Files/Epic Games/4.8/Engine/Content/Localization/Editor/en/Editor.locres) Source String Hash: (-630476809) Localized String: (Import to {0}...)
Localization Resource: (C:/Program Files/Epic Games/4.8/Engine/Content/Localization/Editor/en/Editor.locres) Source String Hash: (1271782899) Localized String: (Imports an asset from file to this folder.)
[2015.07.23-15.57.15:841][  0]LogD3D11RHI: Found D3D11 adapter 0: Intel(R) HD Graphics 4600 (Feature Level 11_0)
[2015.07.23-15.57.15:841][  0]LogD3D11RHI: Adapter has 0MB of dedicated video memory, 0MB of dedicated system memory, and 1792MB of shared system memory, 1 output[s]
[2015.07.23-15.57.15:870][  0]LogD3D11RHI: Found D3D11 adapter 1: NVIDIA GeForce GT 740M (Feature Level 11_0)
[2015.07.23-15.57.15:870][  0]LogD3D11RHI: Adapter has 1994MB of dedicated video memory, 0MB of dedicated system memory, and 2048MB of shared system memory, 0 output[s]
[2015.07.23-15.57.15:871][  0]LogD3D11RHI: Found D3D11 adapter 2: Microsoft Basic Render Driver (Feature Level 11_0)
[2015.07.23-15.57.15:871][  0]LogD3D11RHI: Adapter has 0MB of dedicated video memory, 0MB of dedicated system memory, and 256MB of shared system memory, 0 output[s]
[2015.07.23-15.57.15:871][  0]LogD3D11RHI: Chosen D3D11 Adapter Id = 0
[2015.07.23-15.57.15:879][  0]LogD3D11RHI: InitD3DDevice
[2015.07.23-15.57.15:879][  0]LogD3D11RHI: !Direct3DDevice
[2015.07.23-15.57.15:880][  0]LogRHI: Texture pool is 1361 MB (70% of 1945 MB)
[2015.07.23-15.57.15:895][  0]LogD3D11RHI: Async texture creation enabled
[2015.07.23-15.57.15:912][  0]LogShaderCompilers:Display: Using Local Shader Compiler.
[2015.07.23-15.57.17:163][  0]LogTemp:Display: Loaded TP DesktopTargetPlatform
[2015.07.23-15.57.17:183][  0]LogTemp:Display: Loaded TP WindowsClientTargetPlatform
[2015.07.23-15.57.17:202][  0]LogTemp:Display: Loaded TP WindowsNoEditorTargetPlatform
[2015.07.23-15.57.17:220][  0]LogTemp:Display: Loaded TP WindowsServerTargetPlatform
[2015.07.23-15.57.17:240][  0]LogTemp:Display: Loaded TP WindowsTargetPlatform
[2015.07.23-15.57.17:255][  0]LogTemp:Display: Loaded TP AndroidTargetPlatform
[2015.07.23-15.57.17:270][  0]LogTemp:Display: Loaded TP Android_ASTCTargetPlatform
[2015.07.23-15.57.17:288][  0]LogTemp:Display: Loaded TP Android_ATCTargetPlatform
[2015.07.23-15.57.17:304][  0]LogTemp:Display: Loaded TP Android_DXTTargetPlatform
[2015.07.23-15.57.17:320][  0]LogTemp:Display: Loaded TP Android_ETC1TargetPlatform
[2015.07.23-15.57.17:336][  0]LogTemp:Display: Loaded TP Android_ETC2TargetPlatform
[2015.07.23-15.57.17:353][  0]LogTemp:Display: Loaded TP Android_PVRTCTargetPlatform
[2015.07.23-15.57.17:412][  0]LogTemp:Display: Loaded TP IOSTargetPlatform
[2015.07.23-15.57.17:427][  0]LogTemp:Display: Loaded TP LinuxNoEditorTargetPlatform
[2015.07.23-15.57.17:443][  0]LogTemp:Display: Loaded TP LinuxServerTargetPlatform
[2015.07.23-15.57.17:461][  0]LogTemp:Display: Loaded TP LinuxTargetPlatform
[2015.07.23-15.57.17:461][  0]LogTargetPlatformManager:Display: Building Assets For Windows
[2015.07.23-15.57.17:732][  0]LogDerivedDataCache:Display: Max Cache Size: 512 MB
[2015.07.23-15.57.17:805][  0]LogDerivedDataCache: Loaded boot cache 0.07s 53MB C:/Users/N/AppData/Local/UnrealEngine/4.8/DerivedDataCache/Boot.ddc.
[2015.07.23-15.57.17:831][  0]LogDerivedDataCache:Display: Loaded Boot cache: C:/Users/N/AppData/Local/UnrealEngine/4.8/DerivedDataCache/Boot.ddc
[2015.07.23-15.57.17:831][  0]LogDerivedDataCache: FDerivedDataBackendGraph:  Pak pak cache file ../../../../../../Users/N/Documents/GitHub/UnrealNeuroCar/DerivedDataCache/DDC.ddp not found, will not use a pak cache.
[2015.07.23-15.57.17:831][  0]LogDerivedDataCache: Unable to find inner node Pak for hierarchical cache Hierarchy.
[2015.07.23-15.57.17:831][  0]LogDerivedDataCache: FDerivedDataBackendGraph:  CompressedPak pak cache file ../../../../../../Users/N/Documents/GitHub/UnrealNeuroCar/DerivedDataCache/Compressed.ddp not found, will not use a pak cache.
[2015.07.23-15.57.17:831][  0]LogDerivedDataCache: Unable to find inner node CompressedPak for hierarchical cache Hierarchy.
[2015.07.23-15.57.18:031][  0]LogDerivedDataCache:Display: Pak cache opened for reading ../../../Engine/DerivedDataCache/Compressed.ddp.
[2015.07.23-15.57.18:043][  0]LogDerivedDataCache: Using Local data cache path C:/Users/N/AppData/Local/UnrealEngine/Common/DerivedDataCache: Writable
[2015.07.23-15.57.18:301][  0]LogInit: Selected Device Profile: [Windows]
[2015.07.23-15.57.18:412][  0]ImportText (ComponentSweepMultiTests): Missing closing parenthesis: (RootShapeAsset="/Engine/BasicShapes/Cube.Cube",ShapeType="TriggerCapsule",HitResult=(Time=0.50,Location=(X=-100.000015,Y=0.0,Z=100.000015),ImpactPoint=(X=-50.0,Y=0.0,Z=50.0),Normal=(X=-1.0,Y=-0.0,Z=0.0),ImpactNormal=(X=0.0,Y=0.0,Z=1.0),TraceStart=(X=-200.0,Y=0.0,Z=200.0),TraceEnd=(X=0.0,Y=0.0,Z=0.0))
[2015.07.23-15.57.18:413][  0]ImportText (LineTraceSingleByChannelTests): Missing closing parenthesis: (RootShapeAsset="/Engine/BasicShapes/Cube.Cube",HitResult=(Time=0.50,Location=(X=-100.000015,Y=0.0,Z=100.000015),ImpactPoint=(X=-50.0,Y=0.0,Z=50.0),Normal=(X=-1.0,Y=-0.0,Z=0.0),ImpactNormal=(X=0.0,Y=0.0,Z=1.0),TraceStart=(X=-200.0,Y=0.0,Z=200.0),TraceEnd=(X=0.0,Y=0.0,Z=0.0))
[2015.07.23-15.57.18:448][  0]LogMeshUtilities: No automatic mesh reduction module available
[2015.07.23-15.57.18:448][  0]LogMeshUtilities: No automatic mesh merging module available
[2015.07.23-15.57.18:899][  0]LogInit: WinSock: version 1.1 (2.2), MaxSocks=32767, MaxUdp=65467
[2015.07.23-15.57.20:158][  0]UdpMessaging: Initializing bridge on interface 0.0.0.0:0 to multicast group 230.0.0.1:6666.
[2015.07.23-15.57.20:593][  0]SourceControl: Info Source control is disabled
[2015.07.23-15.57.20:679][  0]SourceControl: Info Source control is disabled
[2015.07.23-15.57.20:691][  0]SourceControl: Info Source control is disabled
[2015.07.23-15.57.20:703][  0]SourceControl: Info Source control is disabled
[2015.07.23-15.57.20:981][  0]LogObj: 26273 objects as part of root set at end of initial load.
[2015.07.23-15.57.20:981][  0]LogUObjectAllocator: 5409248 out of 0 bytes used by permanent object pool.
[2015.07.23-15.57.21:072][  0]LogEngine: Initializing Engine...
[2015.07.23-15.57.21:075][  0]LogHMD: Can't find Oculus library dev build: is proper Runtime installed? Version: 0.6.0.0
[2015.07.23-15.57.21:076][  0]LogHMD:Warning: SteamVR failed to initialize.  Error: 110
[2015.07.23-15.57.21:275][  0]LogAIModule: Creating AISystem for world NewWorld
[2015.07.23-15.57.21:279][  0]LogInit: XAudio2 using 'Speakers (Realtek High Definition Audio)' : 2 channels at 48 kHz using 32 bits per sample (channel mask 0x3)
[2015.07.23-15.57.21:303][  0]LogInit: FAudioDevice initialized.
[2015.07.23-15.57.21:339][  0]LogDerivedDataCache: Saved boot cache 0.04s 53MB C:/Users/N/AppData/Local/UnrealEngine/4.8/DerivedDataCache/Boot.ddc.
[2015.07.23-15.57.21:345][  0]LogInit: Texture streaming: Disabled
[2015.07.23-15.57.21:377][  0]LogAnalytics: Creating configured Analytics provider AnalyticsET
[2015.07.23-15.57.21:377][  0]LogAnalytics: [UEEditor.Rocket.Release] APIServer = http://et2.epicgames.com/ET2/. AppVersion = 4.8.2-2614606+++depot+UE4-Releases+4.8
[2015.07.23-15.57.21:377][  0]LogAnalytics: [UEEditor.Rocket.Release] SetUserId f7a881bb45b3b8b4de3a738428d93779|95bf3da099894b978f8fd396e7ebf43c|13d7fc3b-9b02-412c-b137-1d7c802280ff
[2015.07.23-15.57.21:377][  0]LogAnalytics: [UEEditor.Rocket.Release] AnalyticsET::StartSession
[2015.07.23-15.57.21:421][  0]LogInit: Transaction tracking system initialized
[2015.07.23-15.57.21:606][  0]BlueprintLog: New page: Editor Load
[2015.07.23-15.57.21:657][  0]LogAssetRegistry: FAssetRegistry took 0.0130 seconds to start up
[2015.07.23-15.57.21:657][  0]LogDirectoryWatcher:Warning: Failed to begin reading directory changes for ../../../Engine/Plugins/Experimental/CharacterAI/Content/. Error: 0
[2015.07.23-15.57.22:857][  0]LogConsoleManager:Warning: Console variable 'r.VSync' wasn't set ('GameSetting' has a lower priority than 'SystemSettingsIni')
[2015.07.23-15.57.22:858][  0]LogConsoleResponse:Display: 
[2015.07.23-15.57.23:050][  0]LogCook:Display: Done creating registry. It took  0.00s.
[2015.07.23-15.57.23:366][  0]SourceControl: Info Source control is disabled
[2015.07.23-15.57.23:366][  0]Cmd: MAP LOAD FILE="../../../../../../Users/N/Documents/GitHub/UnrealNeuroCar/Content/VehicleAdvBP/Maps/AdvancedVehicleExamplemap.umap" TEMPLATE=0 SHOWPROGRESS=1 FEATURELEVEL=3
[2015.07.23-15.57.23:367][  0]LightingResults: New page: Lighting Build
[2015.07.23-15.57.23:392][  0]MapCheck: New page: Map Check
[2015.07.23-15.57.23:392][  0]LightingResults: New page: Lighting Build
[2015.07.23-15.57.23:423][  0]LogParticles: Destroying 0 GPU particle simulations for FXSystem 0x0000000AB1D58B80
[2015.07.23-15.57.23:780][  0]LogLinker:Warning: Asset '../../../Engine/Content/Functions/Engine_MaterialFunctions02/Utility/CustomReflectionVector.uasset' has been saved with empty engine version. The asset will be loaded but may be incompatible.
[2015.07.23-15.57.24:129][  0]LogBlueprint:Warning: [compiler VehicleBlueprint] Warning  Set Text (String)  is deprecated; Use the SetText function taking an FText instead.
[2015.07.23-15.57.24:129][  0]LogBlueprint:Warning: [compiler VehicleBlueprint] Warning  Set Text (String)  is deprecated; Use the SetText function taking an FText instead.
[2015.07.23-15.57.24:142][  0]LogBlueprint:Warning: [compiler VehicleBlueprint] Warning [0011.41] Compile of VehicleBlueprint successful, but with 2 Warning(s) [in 68 ms]
[2015.07.23-15.57.24:143][  0]LogBlueprint:Warning: [compiler VehicleBlueprint] Warning [0011.41] Compile of VehicleBlueprint successful, but with 3 Warning(s) [in 0 ms]
[2015.07.23-15.57.24:143][  0]LogBlueprint:Warning: [compiler VehicleBlueprint] Warning [0011.41] Compile of VehicleBlueprint successful, but with 4 Warning(s) [in 0 ms]
[2015.07.23-15.57.24:293][  0]LogBlueprint:Warning: [compiler VehicleBlueprint] Warning  Set Text (String)  is deprecated; Use the SetText function taking an FText instead.
[2015.07.23-15.57.24:294][  0]LogBlueprint:Warning: [compiler VehicleBlueprint] Warning  Set Text (String)  is deprecated; Use the SetText function taking an FText instead.
[2015.07.23-15.57.24:310][  0]LogBlueprint:Warning: [compiler VehicleBlueprint] Warning [0011.58] Compile of VehicleBlueprint successful, but with 2 Warning(s) [in 75 ms]
[2015.07.23-15.57.24:311][  0]LogBlueprint:Warning: [compiler VehicleBlueprint] Warning [0011.58] Compile of VehicleBlueprint successful, but with 3 Warning(s) [in 0 ms]
[2015.07.23-15.57.28:146][  0]LogTexture:Display: Building textures: HQ_Lightmap0_12 (AutoDXT)
[2015.07.23-15.57.28:168][  0]LogTexture:Display: Building textures: HQ_Lightmap0_13 (AutoDXT)
[2015.07.23-15.57.28:198][  0]LogTexture:Display: Building textures: HQ_Lightmap0_14 (AutoDXT)
[2015.07.23-15.57.28:224][  0]LogTexture:Display: Building textures: HQ_Lightmap0_15 (AutoDXT)
[2015.07.23-15.57.28:248][  0]LogTexture:Display: Building textures: HQ_Lightmap0_16 (AutoDXT)
[2015.07.23-15.57.28:272][  0]LogTexture:Display: Building textures: HQ_Lightmap0_17 (AutoDXT)
[2015.07.23-15.57.28:295][  0]LogTexture:Display: Building textures: HQ_Lightmap0_18 (AutoDXT)
[2015.07.23-15.57.28:322][  0]LogTexture:Display: Building textures: HQ_Lightmap0_19 (AutoDXT)
[2015.07.23-15.57.28:366][  0]LogTexture:Display: Building textures: HQ_Lightmap0_2 (AutoDXT)
[2015.07.23-15.57.29:154][  0]LogTexture:Display: Building textures: HQ_Lightmap0_20 (AutoDXT)
[2015.07.23-15.57.29:178][  0]LogTexture:Display: Building textures: HQ_Lightmap0_21 (AutoDXT)
[2015.07.23-15.57.29:202][  0]LogTexture:Display: Building textures: HQ_Lightmap0_22 (AutoDXT)
[2015.07.23-15.57.29:226][  0]LogTexture:Display: Building textures: HQ_Lightmap0_23 (AutoDXT)
[2015.07.23-15.57.29:302][  0]LogTexture:Display: Building textures: HQ_Lightmap0_24 (AutoDXT)
[2015.07.23-15.57.29:328][  0]LogTexture:Display: Building textures: HQ_Lightmap0_25 (AutoDXT)
[2015.07.23-15.57.29:352][  0]LogTexture:Display: Building textures: HQ_Lightmap0_26 (AutoDXT)
[2015.07.23-15.57.29:377][  0]LogTexture:Display: Building textures: HQ_Lightmap0_27 (AutoDXT)
[2015.07.23-15.57.29:550][  0]LogTexture:Display: Building textures: HQ_Lightmap0_3 (AutoDXT)
[2015.07.23-15.57.30:004][  0]LogTexture:Display: Building textures: HQ_Lightmap0_30 (AutoDXT)
[2015.07.23-15.57.30:086][  0]LogTexture:Display: Building textures: HQ_Lightmap0_31 (AutoDXT)
[2015.07.23-15.57.30:116][  0]LogTexture:Display: Building textures: HQ_Lightmap0_32 (AutoDXT)
[2015.07.23-15.57.30:280][  0]LogTexture:Display: Building textures: HQ_Lightmap0_35 (AutoDXT)
[2015.07.23-15.57.30:306][  0]LogTexture:Display: Building textures: HQ_Lightmap0_36 (AutoDXT)
[2015.07.23-15.57.30:330][  0]LogTexture:Display: Building textures: HQ_Lightmap0_37 (AutoDXT)
[2015.07.23-15.57.30:354][  0]LogTexture:Display: Building textures: HQ_Lightmap0_38 (AutoDXT)
[2015.07.23-15.57.30:385][  0]LogTexture:Display: Building textures: HQ_Lightmap0_39 (AutoDXT)
[2015.07.23-15.57.30:729][  0]LogTexture:Display: Building textures: HQ_Lightmap0_40 (AutoDXT)
[2015.07.23-15.57.30:754][  0]LogTexture:Display: Building textures: HQ_Lightmap0_41 (AutoDXT)
[2015.07.23-15.57.30:778][  0]LogTexture:Display: Building textures: HQ_Lightmap0_42 (AutoDXT)
[2015.07.23-15.57.30:786][  0]LogTexture:Display: Building textures: HQ_Lightmap0_43 (AutoDXT)
[2015.07.23-15.57.30:812][  0]LogTexture:Display: Building textures: HQ_Lightmap0_44 (AutoDXT)
[2015.07.23-15.57.30:836][  0]LogTexture:Display: Building textures: HQ_Lightmap0_45 (AutoDXT)
[2015.07.23-15.57.30:861][  0]LogTexture:Display: Building textures: HQ_Lightmap0_46 (AutoDXT)
[2015.07.23-15.57.30:886][  0]LogTexture:Display: Building textures: HQ_Lightmap0_47 (AutoDXT)
[2015.07.23-15.57.30:909][  0]LogTexture:Display: Building textures: HQ_Lightmap0_48 (AutoDXT)
[2015.07.23-15.57.30:933][  0]LogTexture:Display: Building textures: HQ_Lightmap0_49 (AutoDXT)
[2015.07.23-15.57.31:201][  0]LogTexture:Display: Building textures: HQ_Lightmap0_50 (AutoDXT)
[2015.07.23-15.57.31:243][  0]LogTexture:Display: Building textures: HQ_Lightmap0_51 (AutoDXT)
[2015.07.23-15.57.31:268][  0]LogTexture:Display: Building textures: HQ_Lightmap0_52 (AutoDXT)
[2015.07.23-15.57.31:292][  0]LogTexture:Display: Building textures: HQ_Lightmap0_53 (AutoDXT)
[2015.07.23-15.57.31:316][  0]LogTexture:Display: Building textures: HQ_Lightmap0_54 (AutoDXT)
[2015.07.23-15.57.31:340][  0]LogTexture:Display: Building textures: HQ_Lightmap0_55 (AutoDXT)
[2015.07.23-15.57.31:363][  0]LogTexture:Display: Building textures: HQ_Lightmap0_56 (AutoDXT)
[2015.07.23-15.57.31:387][  0]LogTexture:Display: Building textures: HQ_Lightmap0_57 (AutoDXT)
[2015.07.23-15.57.31:411][  0]LogTexture:Display: Building textures: HQ_Lightmap0_58 (AutoDXT)
[2015.07.23-15.57.31:413][  0]LogTexture:Display: Building textures: HQ_Lightmap0_59 (AutoDXT)
[2015.07.23-15.57.31:438][  0]LogTexture:Display: Building textures: HQ_Lightmap0_6 (AutoDXT)
[2015.07.23-15.57.31:572][  0]LogTexture:Display: Building textures: HQ_Lightmap0_61 (AutoDXT)
[2015.07.23-15.57.31:596][  0]LogTexture:Display: Building textures: HQ_Lightmap0_62 (AutoDXT)
[2015.07.23-15.57.31:622][  0]LogTexture:Display: Building textures: HQ_Lightmap0_63 (AutoDXT)
[2015.07.23-15.57.31:646][  0]LogTexture:Display: Building textures: HQ_Lightmap0_64 (AutoDXT)
[2015.07.23-15.57.31:670][  0]LogTexture:Display: Building textures: HQ_Lightmap0_65 (AutoDXT)
[2015.07.23-15.57.31:694][  0]LogTexture:Display: Building textures: HQ_Lightmap0_66 (AutoDXT)
[2015.07.23-15.57.32:010][  0]LogTexture:Display: Building textures: HQ_Lightmap0_8 (AutoDXT)
[2015.07.23-15.57.32:196][  0]LogTexture:Display: Building textures: HQ_Lightmap1_10 (AutoDXT)
[2015.07.23-15.57.32:225][  0]LogTexture:Display: Building textures: HQ_Lightmap1_11 (AutoDXT)
[2015.07.23-15.57.33:450][  0]LogTexture:Display: Building textures: HQ_Lightmap1_28 (AutoDXT)
[2015.07.23-15.57.33:503][  0]LogTexture:Display: Building textures: HQ_Lightmap1_29 (AutoDXT)
[2015.07.23-15.57.34:007][  0]LogTexture:Display: Building textures: HQ_Lightmap1_33 (AutoDXT)
[2015.07.23-15.57.34:042][  0]LogTexture:Display: Building textures: HQ_Lightmap1_34 (AutoDXT)
[2015.07.23-15.57.34:630][  0]LogTexture:Display: Building textures: HQ_Lightmap1_5 (AutoDXT)
[2015.07.23-15.57.35:625][  0]LogTexture:Display: Building textures: HQ_Lightmap1_60 (AutoDXT)
[2015.07.23-15.57.35:891][  0]LogTexture:Display: Building textures: HQ_Lightmap1_7 (AutoDXT)
[2015.07.23-15.57.36:124][  0]LogTexture:Display: Building textures: HQ_Lightmap1_9 (AutoDXT)
[2015.07.23-15.57.49:351][  0]LogMaterial: Missing cached shader map for material M_Leaf, compiling. 
[2015.07.23-15.57.49:538][  0]LogMaterial: Missing cached shader map for material M_BushLeaf, compiling. 
[2015.07.23-15.57.50:232][  0]LogAIModule: Creating AISystem for world AdvancedVehicleExamplemap
[2015.07.23-15.57.50:243][  0]LogPhysics:Warning: PHYSX: ..\..\PhysXExtensions\src\ExtRigidBodyExt.cpp (217) 4 : computeMassAndInertia: Dynamic actor with illegal collision shapes
[2015.07.23-15.57.50:243][  0]LogPhysics:Warning: PHYSX: ..\..\PhysXExtensions\src\ExtRigidBodyExt.cpp (266) 4 : PxRigidBodyExt::updateMassAndInertia: Mass and inertia computation failed, setting mass to 1 and inertia to (1,1,1)
[2015.07.23-15.57.50:243][  0]LogPhysics:Warning: PHYSX: ..\..\PhysXExtensions\src\ExtRigidBodyExt.cpp (217) 4 : computeMassAndInertia: Dynamic actor with illegal collision shapes
[2015.07.23-15.57.50:243][  0]LogPhysics:Warning: PHYSX: ..\..\PhysXExtensions\src\ExtRigidBodyExt.cpp (266) 4 : PxRigidBodyExt::updateMassAndInertia: Mass and inertia computation failed, setting mass to 1 and inertia to (1,1,1)
[2015.07.23-15.57.50:243][  0]LogPhysics:Warning: PHYSX: ..\..\PhysXExtensions\src\ExtRigidBodyExt.cpp (217) 4 : computeMassAndInertia: Dynamic actor with illegal collision shapes
[2015.07.23-15.57.50:243][  0]LogPhysics:Warning: PHYSX: ..\..\PhysXExtensions\src\ExtRigidBodyExt.cpp (266) 4 : PxRigidBodyExt::updateMassAndInertia: Mass and inertia computation failed, setting mass to 1 and inertia to (1,1,1)
[2015.07.23-15.57.50:243][  0]LogPhysics:Warning: PHYSX: ..\..\PhysXExtensions\src\ExtRigidBodyExt.cpp (217) 4 : computeMassAndInertia: Dynamic actor with illegal collision shapes
[2015.07.23-15.57.50:243][  0]LogPhysics:Warning: PHYSX: ..\..\PhysXExtensions\src\ExtRigidBodyExt.cpp (266) 4 : PxRigidBodyExt::updateMassAndInertia: Mass and inertia computation failed, setting mass to 1 and inertia to (1,1,1)
[2015.07.23-15.57.50:243][  0]LogPhysics:Warning: PHYSX: ..\..\PhysXExtensions\src\ExtRigidBodyExt.cpp (217) 4 : computeMassAndInertia: Dynamic actor with illegal collision shapes
[2015.07.23-15.57.50:243][  0]LogPhysics:Warning: PHYSX: ..\..\PhysXExtensions\src\ExtRigidBodyExt.cpp (266) 4 : PxRigidBodyExt::updateMassAndInertia: Mass and inertia computation failed, setting mass to 1 and inertia to (1,1,1)
[2015.07.23-15.57.50:244][  0]LogPhysics:Warning: PHYSX: ..\..\PhysXExtensions\src\ExtRigidBodyExt.cpp (217) 4 : computeMassAndInertia: Dynamic actor with illegal collision shapes
[2015.07.23-15.57.50:244][  0]LogPhysics:Warning: PHYSX: ..\..\PhysXExtensions\src\ExtRigidBodyExt.cpp (266) 4 : PxRigidBodyExt::updateMassAndInertia: Mass and inertia computation failed, setting mass to 1 and inertia to (1,1,1)
[2015.07.23-15.57.50:244][  0]LogPhysics:Warning: PHYSX: ..\..\PhysXExtensions\src\ExtRigidBodyExt.cpp (217) 4 : computeMassAndInertia: Dynamic actor with illegal collision shapes
[2015.07.23-15.57.50:244][  0]LogPhysics:Warning: PHYSX: ..\..\PhysXExtensions\src\ExtRigidBodyExt.cpp (266) 4 : PxRigidBodyExt::updateMassAndInertia: Mass and inertia computation failed, setting mass to 1 and inertia to (1,1,1)
[2015.07.23-15.57.50:244][  0]LogPhysics:Warning: PHYSX: ..\..\PhysXExtensions\src\ExtRigidBodyExt.cpp (217) 4 : computeMassAndInertia: Dynamic actor with illegal collision shapes
[2015.07.23-15.57.50:244][  0]LogPhysics:Warning: PHYSX: ..\..\PhysXExtensions\src\ExtRigidBodyExt.cpp (266) 4 : PxRigidBodyExt::updateMassAndInertia: Mass and inertia computation failed, setting mass to 1 and inertia to (1,1,1)
[2015.07.23-15.57.50:244][  0]LogPhysics:Warning: PHYSX: ..\..\PhysXExtensions\src\ExtRigidBodyExt.cpp (217) 4 : computeMassAndInertia: Dynamic actor with illegal collision shapes
[2015.07.23-15.57.50:244][  0]LogPhysics:Warning: PHYSX: ..\..\PhysXExtensions\src\ExtRigidBodyExt.cpp (266) 4 : PxRigidBodyExt::updateMassAndInertia: Mass and inertia computation failed, setting mass to 1 and inertia to (1,1,1)
[2015.07.23-15.57.50:244][  0]LogPhysics:Warning: PHYSX: ..\..\PhysXExtensions\src\ExtRigidBodyExt.cpp (217) 4 : computeMassAndInertia: Dynamic actor with illegal collision shapes
[2015.07.23-15.57.50:244][  0]LogPhysics:Warning: PHYSX: ..\..\PhysXExtensions\src\ExtRigidBodyExt.cpp (266) 4 : PxRigidBodyExt::updateMassAndInertia: Mass and inertia computation failed, setting mass to 1 and inertia to (1,1,1)
[2015.07.23-15.57.50:244][  0]LogPhysics:Warning: PHYSX: ..\..\PhysXExtensions\src\ExtRigidBodyExt.cpp (217) 4 : computeMassAndInertia: Dynamic actor with illegal collision shapes
[2015.07.23-15.57.50:244][  0]LogPhysics:Warning: PHYSX: ..\..\PhysXExtensions\src\ExtRigidBodyExt.cpp (266) 4 : PxRigidBodyExt::updateMassAndInertia: Mass and inertia computation failed, setting mass to 1 and inertia to (1,1,1)
[2015.07.23-15.57.50:244][  0]LogPhysics:Warning: PHYSX: ..\..\PhysXExtensions\src\ExtRigidBodyExt.cpp (217) 4 : computeMassAndInertia: Dynamic actor with illegal collision shapes
[2015.07.23-15.57.50:245][  0]LogPhysics:Warning: PHYSX: ..\..\PhysXExtensions\src\ExtRigidBodyExt.cpp (266) 4 : PxRigidBodyExt::updateMassAndInertia: Mass and inertia computation failed, setting mass to 1 and inertia to (1,1,1)
[2015.07.23-15.57.50:245][  0]LogPhysics:Warning: PHYSX: ..\..\PhysXExtensions\src\ExtRigidBodyExt.cpp (217) 4 : computeMassAndInertia: Dynamic actor with illegal collision shapes
[2015.07.23-15.57.50:245][  0]LogPhysics:Warning: PHYSX: ..\..\PhysXExtensions\src\ExtRigidBodyExt.cpp (266) 4 : PxRigidBodyExt::updateMassAndInertia: Mass and inertia computation failed, setting mass to 1 and inertia to (1,1,1)
[2015.07.23-15.57.50:245][  0]LogPhysics:Warning: PHYSX: ..\..\PhysXExtensions\src\ExtRigidBodyExt.cpp (217) 4 : computeMassAndInertia: Dynamic actor with illegal collision shapes
[2015.07.23-15.57.50:245][  0]LogPhysics:Warning: PHYSX: ..\..\PhysXExtensions\src\ExtRigidBodyExt.cpp (266) 4 : PxRigidBodyExt::updateMassAndInertia: Mass and inertia computation failed, setting mass to 1 and inertia to (1,1,1)
[2015.07.23-15.57.50:245][  0]LogPhysics:Warning: PHYSX: ..\..\PhysXExtensions\src\ExtRigidBodyExt.cpp (217) 4 : computeMassAndInertia: Dynamic actor with illegal collision shapes
[2015.07.23-15.57.50:245][  0]LogPhysics:Warning: PHYSX: ..\..\PhysXExtensions\src\ExtRigidBodyExt.cpp (266) 4 : PxRigidBodyExt::updateMassAndInertia: Mass and inertia computation failed, setting mass to 1 and inertia to (1,1,1)
[2015.07.23-15.57.50:245][  0]LogPhysics:Warning: PHYSX: ..\..\PhysXExtensions\src\ExtRigidBodyExt.cpp (217) 4 : computeMassAndInertia: Dynamic actor with illegal collision shapes
[2015.07.23-15.57.50:245][  0]LogPhysics:Warning: PHYSX: ..\..\PhysXExtensions\src\ExtRigidBodyExt.cpp (266) 4 : PxRigidBodyExt::updateMassAndInertia: Mass and inertia computation failed, setting mass to 1 and inertia to (1,1,1)
[2015.07.23-15.57.50:245][  0]LogPhysics:Warning: PHYSX: ..\..\PhysXExtensions\src\ExtRigidBodyExt.cpp (217) 4 : computeMassAndInertia: Dynamic actor with illegal collision shapes
[2015.07.23-15.57.50:245][  0]LogPhysics:Warning: PHYSX: ..\..\PhysXExtensions\src\ExtRigidBodyExt.cpp (266) 4 : PxRigidBodyExt::updateMassAndInertia: Mass and inertia computation failed, setting mass to 1 and inertia to (1,1,1)
[2015.07.23-15.57.50:245][  0]LogPhysics:Warning: PHYSX: ..\..\PhysXExtensions\src\ExtRigidBodyExt.cpp (217) 4 : computeMassAndInertia: Dynamic actor with illegal collision shapes
[2015.07.23-15.57.50:245][  0]LogPhysics:Warning: PHYSX: ..\..\PhysXExtensions\src\ExtRigidBodyExt.cpp (266) 4 : PxRigidBodyExt::updateMassAndInertia: Mass and inertia computation failed, setting mass to 1 and inertia to (1,1,1)
[2015.07.23-15.57.50:246][  0]LogPhysics:Warning: PHYSX: ..\..\PhysXExtensions\src\ExtRigidBodyExt.cpp (217) 4 : computeMassAndInertia: Dynamic actor with illegal collision shapes
[2015.07.23-15.57.50:246][  0]LogPhysics:Warning: PHYSX: ..\..\PhysXExtensions\src\ExtRigidBodyExt.cpp (266) 4 : PxRigidBodyExt::updateMassAndInertia: Mass and inertia computation failed, setting mass to 1 and inertia to (1,1,1)
[2015.07.23-15.57.50:246][  0]LogPhysics:Warning: PHYSX: ..\..\PhysXExtensions\src\ExtRigidBodyExt.cpp (217) 4 : computeMassAndInertia: Dynamic actor with illegal collision shapes
[2015.07.23-15.57.50:246][  0]LogPhysics:Warning: PHYSX: ..\..\PhysXExtensions\src\ExtRigidBodyExt.cpp (266) 4 : PxRigidBodyExt::updateMassAndInertia: Mass and inertia computation failed, setting mass to 1 and inertia to (1,1,1)
[2015.07.23-15.57.50:246][  0]LogPhysics:Warning: PHYSX: ..\..\PhysXExtensions\src\ExtRigidBodyExt.cpp (217) 4 : computeMassAndInertia: Dynamic actor with illegal collision shapes
[2015.07.23-15.57.50:246][  0]LogPhysics:Warning: PHYSX: ..\..\PhysXExtensions\src\ExtRigidBodyExt.cpp (266) 4 : PxRigidBodyExt::updateMassAndInertia: Mass and inertia computation failed, setting mass to 1 and inertia to (1,1,1)
[2015.07.23-15.57.50:246][  0]LogPhysics:Warning: PHYSX: ..\..\PhysXExtensions\src\ExtRigidBodyExt.cpp (217) 4 : computeMassAndInertia: Dynamic actor with illegal collision shapes
[2015.07.23-15.57.50:246][  0]LogPhysics:Warning: PHYSX: ..\..\PhysXExtensions\src\ExtRigidBodyExt.cpp (266) 4 : PxRigidBodyExt::updateMassAndInertia: Mass and inertia computation failed, setting mass to 1 and inertia to (1,1,1)
[2015.07.23-15.57.50:246][  0]LogPhysics:Warning: PHYSX: ..\..\PhysXExtensions\src\ExtRigidBodyExt.cpp (217) 4 : computeMassAndInertia: Dynamic actor with illegal collision shapes
[2015.07.23-15.57.50:246][  0]LogPhysics:Warning: PHYSX: ..\..\PhysXExtensions\src\ExtRigidBodyExt.cpp (266) 4 : PxRigidBodyExt::updateMassAndInertia: Mass and inertia computation failed, setting mass to 1 and inertia to (1,1,1)
[2015.07.23-15.57.50:246][  0]LogPhysics:Warning: PHYSX: ..\..\PhysXExtensions\src\ExtRigidBodyExt.cpp (217) 4 : computeMassAndInertia: Dynamic actor with illegal collision shapes
[2015.07.23-15.57.50:246][  0]LogPhysics:Warning: PHYSX: ..\..\PhysXExtensions\src\ExtRigidBodyExt.cpp (266) 4 : PxRigidBodyExt::updateMassAndInertia: Mass and inertia computation failed, setting mass to 1 and inertia to (1,1,1)
[2015.07.23-15.57.50:247][  0]LogPhysics:Warning: PHYSX: ..\..\PhysXExtensions\src\ExtRigidBodyExt.cpp (217) 4 : computeMassAndInertia: Dynamic actor with illegal collision shapes
[2015.07.23-15.57.50:247][  0]LogPhysics:Warning: PHYSX: ..\..\PhysXExtensions\src\ExtRigidBodyExt.cpp (266) 4 : PxRigidBodyExt::updateMassAndInertia: Mass and inertia computation failed, setting mass to 1 and inertia to (1,1,1)
[2015.07.23-15.57.50:247][  0]LogPhysics:Warning: PHYSX: ..\..\PhysXExtensions\src\ExtRigidBodyExt.cpp (217) 4 : computeMassAndInertia: Dynamic actor with illegal collision shapes
[2015.07.23-15.57.50:247][  0]LogPhysics:Warning: PHYSX: ..\..\PhysXExtensions\src\ExtRigidBodyExt.cpp (266) 4 : PxRigidBodyExt::updateMassAndInertia: Mass and inertia computation failed, setting mass to 1 and inertia to (1,1,1)
[2015.07.23-15.57.50:247][  0]LogPhysics:Warning: PHYSX: ..\..\PhysXExtensions\src\ExtRigidBodyExt.cpp (217) 4 : computeMassAndInertia: Dynamic actor with illegal collision shapes
[2015.07.23-15.57.50:247][  0]LogPhysics:Warning: PHYSX: ..\..\PhysXExtensions\src\ExtRigidBodyExt.cpp (266) 4 : PxRigidBodyExt::updateMassAndInertia: Mass and inertia computation failed, setting mass to 1 and inertia to (1,1,1)
[2015.07.23-15.57.50:247][  0]LogPhysics:Warning: PHYSX: ..\..\PhysXExtensions\src\ExtRigidBodyExt.cpp (217) 4 : computeMassAndInertia: Dynamic actor with illegal collision shapes
[2015.07.23-15.57.50:247][  0]LogPhysics:Warning: PHYSX: ..\..\PhysXExtensions\src\ExtRigidBodyExt.cpp (266) 4 : PxRigidBodyExt::updateMassAndInertia: Mass and inertia computation failed, setting mass to 1 and inertia to (1,1,1)
[2015.07.23-15.57.50:247][  0]LogPhysics:Warning: PHYSX: ..\..\PhysXExtensions\src\ExtRigidBodyExt.cpp (217) 4 : computeMassAndInertia: Dynamic actor with illegal collision shapes
[2015.07.23-15.57.50:247][  0]LogPhysics:Warning: PHYSX: ..\..\PhysXExtensions\src\ExtRigidBodyExt.cpp (266) 4 : PxRigidBodyExt::updateMassAndInertia: Mass and inertia computation failed, setting mass to 1 and inertia to (1,1,1)
[2015.07.23-15.57.50:247][  0]LogPhysics:Warning: PHYSX: ..\..\PhysXExtensions\src\ExtRigidBodyExt.cpp (217) 4 : computeMassAndInertia: Dynamic actor with illegal collision shapes
[2015.07.23-15.57.50:247][  0]LogPhysics:Warning: PHYSX: ..\..\PhysXExtensions\src\ExtRigidBodyExt.cpp (266) 4 : PxRigidBodyExt::updateMassAndInertia: Mass and inertia computation failed, setting mass to 1 and inertia to (1,1,1)
[2015.07.23-15.57.50:248][  0]LogPhysics:Warning: PHYSX: ..\..\PhysXExtensions\src\ExtRigidBodyExt.cpp (217) 4 : computeMassAndInertia: Dynamic actor with illegal collision shapes
[2015.07.23-15.57.50:248][  0]LogPhysics:Warning: PHYSX: ..\..\PhysXExtensions\src\ExtRigidBodyExt.cpp (266) 4 : PxRigidBodyExt::updateMassAndInertia: Mass and inertia computation failed, setting mass to 1 and inertia to (1,1,1)
[2015.07.23-15.57.50:421][  0]LogMaterial:Warning: Material /Game/Assets/Models/M_Leaf.M_Leaf needed to have new flag set bUsedWithInstancedStaticMeshes !
[2015.07.23-15.57.50:427][  0]LogMaterial: Missing cached shader map for material M_Leaf, compiling. 
[2015.07.23-15.57.50:486][  0]LogMaterial: 0.000102 seconds spent updating 1 materials, 1 interfaces, 1 instances, 0 with static permutations.
[2015.07.23-15.57.50:512][  0]LogMaterial:Warning: Material /Game/Assets/Models/M_Stone.M_Stone needed to have new flag set bUsedWithInstancedStaticMeshes !
[2015.07.23-15.57.50:531][  0]LogMaterial: Missing cached shader map for material M_Stone, compiling. 
[2015.07.23-15.57.50:569][  0]LogMaterial: 0.000177 seconds spent updating 1 materials, 1 interfaces, 0 instances, 0 with static permutations.
[2015.07.23-15.57.50:583][  0]LogPhysics:Warning: PHYSX: ..\..\PhysXExtensions\src\ExtRigidBodyExt.cpp (217) 4 : computeMassAndInertia: Dynamic actor with illegal collision shapes
[2015.07.23-15.57.50:583][  0]LogPhysics:Warning: PHYSX: ..\..\PhysXExtensions\src\ExtRigidBodyExt.cpp (266) 4 : PxRigidBodyExt::updateMassAndInertia: Mass and inertia computation failed, setting mass to 1 and inertia to (1,1,1)
[2015.07.23-15.57.50:585][  0]LogPhysics:Warning: PHYSX: ..\..\PhysXExtensions\src\ExtRigidBodyExt.cpp (217) 4 : computeMassAndInertia: Dynamic actor with illegal collision shapes
[2015.07.23-15.57.50:585][  0]LogPhysics:Warning: PHYSX: ..\..\PhysXExtensions\src\ExtRigidBodyExt.cpp (266) 4 : PxRigidBodyExt::updateMassAndInertia: Mass and inertia computation failed, setting mass to 1 and inertia to (1,1,1)
[2015.07.23-15.57.50:586][  0]LogPhysics:Warning: PHYSX: ..\..\PhysXExtensions\src\ExtRigidBodyExt.cpp (217) 4 : computeMassAndInertia: Dynamic actor with illegal collision shapes
[2015.07.23-15.57.50:586][  0]LogPhysics:Warning: PHYSX: ..\..\PhysXExtensions\src\ExtRigidBodyExt.cpp (266) 4 : PxRigidBodyExt::updateMassAndInertia: Mass and inertia computation failed, setting mass to 1 and inertia to (1,1,1)
[2015.07.23-15.57.50:587][  0]LogPhysics:Warning: PHYSX: ..\..\PhysXExtensions\src\ExtRigidBodyExt.cpp (217) 4 : computeMassAndInertia: Dynamic actor with illegal collision shapes
[2015.07.23-15.57.50:587][  0]LogPhysics:Warning: PHYSX: ..\..\PhysXExtensions\src\ExtRigidBodyExt.cpp (266) 4 : PxRigidBodyExt::updateMassAndInertia: Mass and inertia computation failed, setting mass to 1 and inertia to (1,1,1)
[2015.07.23-15.57.50:588][  0]LogPhysics:Warning: PHYSX: ..\..\PhysXExtensions\src\ExtRigidBodyExt.cpp (217) 4 : computeMassAndInertia: Dynamic actor with illegal collision shapes
[2015.07.23-15.57.50:588][  0]LogPhysics:Warning: PHYSX: ..\..\PhysXExtensions\src\ExtRigidBodyExt.cpp (266) 4 : PxRigidBodyExt::updateMassAndInertia: Mass and inertia computation failed, setting mass to 1 and inertia to (1,1,1)
[2015.07.23-15.57.50:590][  0]LogPhysics:Warning: PHYSX: ..\..\PhysXExtensions\src\ExtRigidBodyExt.cpp (217) 4 : computeMassAndInertia: Dynamic actor with illegal collision shapes
[2015.07.23-15.57.50:590][  0]LogPhysics:Warning: PHYSX: ..\..\PhysXExtensions\src\ExtRigidBodyExt.cpp (266) 4 : PxRigidBodyExt::updateMassAndInertia: Mass and inertia computation failed, setting mass to 1 and inertia to (1,1,1)
[2015.07.23-15.57.50:591][  0]LogPhysics:Warning: PHYSX: ..\..\PhysXExtensions\src\ExtRigidBodyExt.cpp (217) 4 : computeMassAndInertia: Dynamic actor with illegal collision shapes
[2015.07.23-15.57.50:591][  0]LogPhysics:Warning: PHYSX: ..\..\PhysXExtensions\src\ExtRigidBodyExt.cpp (266) 4 : PxRigidBodyExt::updateMassAndInertia: Mass and inertia computation failed, setting mass to 1 and inertia to (1,1,1)
[2015.07.23-15.57.50:592][  0]LogPhysics:Warning: PHYSX: ..\..\PhysXExtensions\src\ExtRigidBodyExt.cpp (217) 4 : computeMassAndInertia: Dynamic actor with illegal collision shapes
[2015.07.23-15.57.50:592][  0]LogPhysics:Warning: PHYSX: ..\..\PhysXExtensions\src\ExtRigidBodyExt.cpp (266) 4 : PxRigidBodyExt::updateMassAndInertia: Mass and inertia computation failed, setting mass to 1 and inertia to (1,1,1)
[2015.07.23-15.57.50:593][  0]LogPhysics:Warning: PHYSX: ..\..\PhysXExtensions\src\ExtRigidBodyExt.cpp (217) 4 : computeMassAndInertia: Dynamic actor with illegal collision shapes
[2015.07.23-15.57.50:593][  0]LogPhysics:Warning: PHYSX: ..\..\PhysXExtensions\src\ExtRigidBodyExt.cpp (266) 4 : PxRigidBodyExt::updateMassAndInertia: Mass and inertia computation failed, setting mass to 1 and inertia to (1,1,1)
[2015.07.23-15.57.50:595][  0]LogPhysics:Warning: PHYSX: ..\..\PhysXExtensions\src\ExtRigidBodyExt.cpp (217) 4 : computeMassAndInertia: Dynamic actor with illegal collision shapes
[2015.07.23-15.57.50:595][  0]LogPhysics:Warning: PHYSX: ..\..\PhysXExtensions\src\ExtRigidBodyExt.cpp (266) 4 : PxRigidBodyExt::updateMassAndInertia: Mass and inertia computation failed, setting mass to 1 and inertia to (1,1,1)
[2015.07.23-15.57.50:596][  0]LogPhysics:Warning: PHYSX: ..\..\PhysXExtensions\src\ExtRigidBodyExt.cpp (217) 4 : computeMassAndInertia: Dynamic actor with illegal collision shapes
[2015.07.23-15.57.50:596][  0]LogPhysics:Warning: PHYSX: ..\..\PhysXExtensions\src\ExtRigidBodyExt.cpp (266) 4 : PxRigidBodyExt::updateMassAndInertia: Mass and inertia computation failed, setting mass to 1 and inertia to (1,1,1)
[2015.07.23-15.57.50:597][  0]LogPhysics:Warning: PHYSX: ..\..\PhysXExtensions\src\ExtRigidBodyExt.cpp (217) 4 : computeMassAndInertia: Dynamic actor with illegal collision shapes
[2015.07.23-15.57.50:597][  0]LogPhysics:Warning: PHYSX: ..\..\PhysXExtensions\src\ExtRigidBodyExt.cpp (266) 4 : PxRigidBodyExt::updateMassAndInertia: Mass and inertia computation failed, setting mass to 1 and inertia to (1,1,1)
[2015.07.23-15.57.50:599][  0]LogPhysics:Warning: PHYSX: ..\..\PhysXExtensions\src\ExtRigidBodyExt.cpp (217) 4 : computeMassAndInertia: Dynamic actor with illegal collision shapes
[2015.07.23-15.57.50:599][  0]LogPhysics:Warning: PHYSX: ..\..\PhysXExtensions\src\ExtRigidBodyExt.cpp (266) 4 : PxRigidBodyExt::updateMassAndInertia: Mass and inertia computation failed, setting mass to 1 and inertia to (1,1,1)
[2015.07.23-15.57.50:600][  0]LogPhysics:Warning: PHYSX: ..\..\PhysXExtensions\src\ExtRigidBodyExt.cpp (217) 4 : computeMassAndInertia: Dynamic actor with illegal collision shapes
[2015.07.23-15.57.50:600][  0]LogPhysics:Warning: PHYSX: ..\..\PhysXExtensions\src\ExtRigidBodyExt.cpp (266) 4 : PxRigidBodyExt::updateMassAndInertia: Mass and inertia computation failed, setting mass to 1 and inertia to (1,1,1)
[2015.07.23-15.57.50:601][  0]LogPhysics:Warning: PHYSX: ..\..\PhysXExtensions\src\ExtRigidBodyExt.cpp (217) 4 : computeMassAndInertia: Dynamic actor with illegal collision shapes
[2015.07.23-15.57.50:601][  0]LogPhysics:Warning: PHYSX: ..\..\PhysXExtensions\src\ExtRigidBodyExt.cpp (266) 4 : PxRigidBodyExt::updateMassAndInertia: Mass and inertia computation failed, setting mass to 1 and inertia to (1,1,1)
[2015.07.23-15.57.50:602][  0]LogPhysics:Warning: PHYSX: ..\..\PhysXExtensions\src\ExtRigidBodyExt.cpp (217) 4 : computeMassAndInertia: Dynamic actor with illegal collision shapes
[2015.07.23-15.57.50:602][  0]LogPhysics:Warning: PHYSX: ..\..\PhysXExtensions\src\ExtRigidBodyExt.cpp (266) 4 : PxRigidBodyExt::updateMassAndInertia: Mass and inertia computation failed, setting mass to 1 and inertia to (1,1,1)
[2015.07.23-15.57.50:604][  0]LogPhysics:Warning: PHYSX: ..\..\PhysXExtensions\src\ExtRigidBodyExt.cpp (217) 4 : computeMassAndInertia: Dynamic actor with illegal collision shapes
[2015.07.23-15.57.50:604][  0]LogPhysics:Warning: PHYSX: ..\..\PhysXExtensions\src\ExtRigidBodyExt.cpp (266) 4 : PxRigidBodyExt::updateMassAndInertia: Mass and inertia computation failed, setting mass to 1 and inertia to (1,1,1)
[2015.07.23-15.57.50:605][  0]LogPhysics:Warning: PHYSX: ..\..\PhysXExtensions\src\ExtRigidBodyExt.cpp (217) 4 : computeMassAndInertia: Dynamic actor with illegal collision shapes
[2015.07.23-15.57.50:605][  0]LogPhysics:Warning: PHYSX: ..\..\PhysXExtensions\src\ExtRigidBodyExt.cpp (266) 4 : PxRigidBodyExt::updateMassAndInertia: Mass and inertia computation failed, setting mass to 1 and inertia to (1,1,1)
[2015.07.23-15.57.50:606][  0]LogPhysics:Warning: PHYSX: ..\..\PhysXExtensions\src\ExtRigidBodyExt.cpp (217) 4 : computeMassAndInertia: Dynamic actor with illegal collision shapes
[2015.07.23-15.57.50:606][  0]LogPhysics:Warning: PHYSX: ..\..\PhysXExtensions\src\ExtRigidBodyExt.cpp (266) 4 : PxRigidBodyExt::updateMassAndInertia: Mass and inertia computation failed, setting mass to 1 and inertia to (1,1,1)
[2015.07.23-15.57.50:607][  0]LogPhysics:Warning: PHYSX: ..\..\PhysXExtensions\src\ExtRigidBodyExt.cpp (217) 4 : computeMassAndInertia: Dynamic actor with illegal collision shapes
[2015.07.23-15.57.50:607][  0]LogPhysics:Warning: PHYSX: ..\..\PhysXExtensions\src\ExtRigidBodyExt.cpp (266) 4 : PxRigidBodyExt::updateMassAndInertia: Mass and inertia computation failed, setting mass to 1 and inertia to (1,1,1)
[2015.07.23-15.57.50:609][  0]LogPhysics:Warning: PHYSX: ..\..\PhysXExtensions\src\ExtRigidBodyExt.cpp (217) 4 : computeMassAndInertia: Dynamic actor with illegal collision shapes
[2015.07.23-15.57.50:609][  0]LogPhysics:Warning: PHYSX: ..\..\PhysXExtensions\src\ExtRigidBodyExt.cpp (266) 4 : PxRigidBodyExt::updateMassAndInertia: Mass and inertia computation failed, setting mass to 1 and inertia to (1,1,1)
[2015.07.23-15.57.50:610][  0]LogPhysics:Warning: PHYSX: ..\..\PhysXExtensions\src\ExtRigidBodyExt.cpp (217) 4 : computeMassAndInertia: Dynamic actor with illegal collision shapes
[2015.07.23-15.57.50:610][  0]LogPhysics:Warning: PHYSX: ..\..\PhysXExtensions\src\ExtRigidBodyExt.cpp (266) 4 : PxRigidBodyExt::updateMassAndInertia: Mass and inertia computation failed, setting mass to 1 and inertia to (1,1,1)
[2015.07.23-15.57.50:611][  0]LogPhysics:Warning: PHYSX: ..\..\PhysXExtensions\src\ExtRigidBodyExt.cpp (217) 4 : computeMassAndInertia: Dynamic actor with illegal collision shapes
[2015.07.23-15.57.50:611][  0]LogPhysics:Warning: PHYSX: ..\..\PhysXExtensions\src\ExtRigidBodyExt.cpp (266) 4 : PxRigidBodyExt::updateMassAndInertia: Mass and inertia computation failed, setting mass to 1 and inertia to (1,1,1)
[2015.07.23-15.57.50:613][  0]LogPhysics:Warning: PHYSX: ..\..\PhysXExtensions\src\ExtRigidBodyExt.cpp (217) 4 : computeMassAndInertia: Dynamic actor with illegal collision shapes
[2015.07.23-15.57.50:613][  0]LogPhysics:Warning: PHYSX: ..\..\PhysXExtensions\src\ExtRigidBodyExt.cpp (266) 4 : PxRigidBodyExt::updateMassAndInertia: Mass and inertia computation failed, setting mass to 1 and inertia to (1,1,1)
[2015.07.23-15.57.50:614][  0]LogPhysics:Warning: PHYSX: ..\..\PhysXExtensions\src\ExtRigidBodyExt.cpp (217) 4 : computeMassAndInertia: Dynamic actor with illegal collision shapes
[2015.07.23-15.57.50:614][  0]LogPhysics:Warning: PHYSX: ..\..\PhysXExtensions\src\ExtRigidBodyExt.cpp (266) 4 : PxRigidBodyExt::updateMassAndInertia: Mass and inertia computation failed, setting mass to 1 and inertia to (1,1,1)
[2015.07.23-15.57.50:615][  0]LogPhysics:Warning: PHYSX: ..\..\PhysXExtensions\src\ExtRigidBodyExt.cpp (217) 4 : computeMassAndInertia: Dynamic actor with illegal collision shapes
[2015.07.23-15.57.50:615][  0]LogPhysics:Warning: PHYSX: ..\..\PhysXExtensions\src\ExtRigidBodyExt.cpp (266) 4 : PxRigidBodyExt::updateMassAndInertia: Mass and inertia computation failed, setting mass to 1 and inertia to (1,1,1)
[2015.07.23-15.57.50:616][  0]LogPhysics:Warning: PHYSX: ..\..\PhysXExtensions\src\ExtRigidBodyExt.cpp (217) 4 : computeMassAndInertia: Dynamic actor with illegal collision shapes
[2015.07.23-15.57.50:616][  0]LogPhysics:Warning: PHYSX: ..\..\PhysXExtensions\src\ExtRigidBodyExt.cpp (266) 4 : PxRigidBodyExt::updateMassAndInertia: Mass and inertia computation failed, setting mass to 1 and inertia to (1,1,1)
[2015.07.23-15.57.50:617][  0]LogPhysics:Warning: PHYSX: ..\..\PhysXExtensions\src\ExtRigidBodyExt.cpp (217) 4 : computeMassAndInertia: Dynamic actor with illegal collision shapes
[2015.07.23-15.57.50:618][  0]LogPhysics:Warning: PHYSX: ..\..\PhysXExtensions\src\ExtRigidBodyExt.cpp (266) 4 : PxRigidBodyExt::updateMassAndInertia: Mass and inertia computation failed, setting mass to 1 and inertia to (1,1,1)
[2015.07.23-15.57.50:619][  0]LogPhysics:Warning: PHYSX: ..\..\PhysXExtensions\src\ExtRigidBodyExt.cpp (217) 4 : computeMassAndInertia: Dynamic actor with illegal collision shapes
[2015.07.23-15.57.50:619][  0]LogPhysics:Warning: PHYSX: ..\..\PhysXExtensions\src\ExtRigidBodyExt.cpp (266) 4 : PxRigidBodyExt::updateMassAndInertia: Mass and inertia computation failed, setting mass to 1 and inertia to (1,1,1)
[2015.07.23-15.57.50:620][  0]LogPhysics:Warning: PHYSX: ..\..\PhysXExtensions\src\ExtRigidBodyExt.cpp (217) 4 : computeMassAndInertia: Dynamic actor with illegal collision shapes
[2015.07.23-15.57.50:620][  0]LogPhysics:Warning: PHYSX: ..\..\PhysXExtensions\src\ExtRigidBodyExt.cpp (266) 4 : PxRigidBodyExt::updateMassAndInertia: Mass and inertia computation failed, setting mass to 1 and inertia to (1,1,1)
[2015.07.23-15.57.50:621][  0]LogPhysics:Warning: PHYSX: ..\..\PhysXExtensions\src\ExtRigidBodyExt.cpp (217) 4 : computeMassAndInertia: Dynamic actor with illegal collision shapes
[2015.07.23-15.57.50:621][  0]LogPhysics:Warning: PHYSX: ..\..\PhysXExtensions\src\ExtRigidBodyExt.cpp (266) 4 : PxRigidBodyExt::updateMassAndInertia: Mass and inertia computation failed, setting mass to 1 and inertia to (1,1,1)
[2015.07.23-15.57.50:637][  0]LogEditorServer: Finished looking for orphan Actors (0.000 secs)
[2015.07.23-15.57.51:369][  0]Cmd: MAP CHECKDEP NOCLEARLOG
[2015.07.23-15.57.51:494][  0]MapCheck: Info Map check complete: 0 Error(s), 0 Warning(s), took 124.827ms to complete.
[2015.07.23-15.57.51:494][  0]LogFileHelpers: Loading map 'AdvancedVehicleExamplemap' took 28.128
[2015.07.23-15.57.51:684][  0]LogCollectionManager: Loaded 0 collections in 0.004571 seconds
[2015.07.23-15.57.51:700][  0]LogContentBrowser: Native class hierarchy populated in 0.0158 seconds. Added 1792 classes and 301 folders.
[2015.07.23-15.57.51:785][  0]LogContentBrowser: Native class hierarchy updated for 'WidgetCarousel' in 0.0007 seconds. Added 0 classes and 0 folders.
[2015.07.23-15.57.51:841][  0]LogContentBrowser: Native class hierarchy updated for 'AddContentDialog' in 0.0006 seconds. Added 0 classes and 0 folders.
[2015.07.23-15.57.51:873][  0]LogContentBrowser: Native class hierarchy updated for 'SceneOutliner' in 0.0007 seconds. Added 1 classes and 2 folders.
[2015.07.23-15.57.51:946][  0]LogCrashTracker: Crashtracker disabled due to settings.
[2015.07.23-15.57.51:952][  0]LogD3D11RHI: InitD3DDevice
[2015.07.23-15.57.51:972][  0]LogUObjectGlobals:Warning: Failed to find object 'Class None.'
[2015.07.23-15.57.51:998][  0]LogLoad: Full Startup: 39.27 seconds (BP compile: 1.04 seconds)
[2015.07.23-15.57.52:444][  0]LogContentStreaming: Texture pool size is 0.000000MB
[2015.07.23-15.57.52:651][  0]LogContentStreaming: Texture pool size now 400 MB
[2015.07.23-15.57.52:848][  0]LogRenderer: Reallocating scene render targets to support 1048x496 (Frame:2).
[2015.07.23-15.57.53:117][  1]Cmd: UpdateLandscapeEditorData -warnings
[2015.07.23-15.57.53:120][  1]Cmd: UpdateLandscapeEditorData
[2015.07.23-15.57.53:465][  2]LogD3D11RHI: InitD3DDevice
[2015.07.23-15.57.58:157][ 16]LogAssetRegistry: Asset discovery search completed in 36.5141 seconds
[2015.07.23-15.58.38:194][243]LogEditorViewport: Clicking on Actor (context menu): StaticMeshActor (Floor_400x400)
[2015.07.23-15.58.38:370][243]LogD3D11RHI: InitD3DDevice
[2015.07.23-15.58.39:830][289]LogEditorViewport: Clicking on Actor (LMB): BP_Sky_Sphere_C (SkyShereBlueprint)
[2015.07.23-15.59.07:159][922]LogD3D11RHI: InitD3DDevice
[2015.07.23-15.59.50:743][532]LogWindowsTextInputMethodSystem:Display: IME system now deactivated.
[2015.07.23-15.59.51:103][533]Cmd: QUIT_EDITOR
[2015.07.23-15.59.51:402][533]LogExit: Preparing to exit.
[2015.07.23-15.59.52:324][533]LogExit: Editor shut down
[2015.07.23-15.59.52:325][533]LogExit: Transaction tracking system shut down
[2015.07.23-15.59.52:329][533]LogParticles: Destroying 0 GPU particle simulations for FXSystem 0x0000000AB70F0B80
[2015.07.23-15.59.52:332][533]LogParticles: Destroying 0 GPU particle simulations for FXSystem 0x0000000AC8002AC0
[2015.07.23-15.59.52:332][533]LogParticles: Destroying 0 GPU particle simulations for FXSystem 0x0000000AC8144720
[2015.07.23-15.59.52:332][533]LogParticles: Destroying 0 GPU particle simulations for FXSystem 0x0000000AAAF898A0
[2015.07.23-15.59.52:332][533]LogParticles: Destroying 0 GPU particle simulations for FXSystem 0x0000000AAAF896C0
[2015.07.23-15.59.52:517][533]LogExit: Object subsystem successfully closed.
[2015.07.23-15.59.52:535][533]LogD3D11RHI: Shutdown
[2015.07.23-15.59.52:535][533]LogD3D11RHI: CleanupD3DDevice
[2015.07.23-15.59.52:665][533]LogD3D11RHI: ~FD3D11DynamicRHI
[2015.07.23-15.59.52:684][533]LogModuleManager: Shutting down and abandoning module CrashTracker (188)
[2015.07.23-15.59.52:684][533]LogModuleManager: Shutting down and abandoning module SceneOutliner (187)
[2015.07.23-15.59.52:684][533]LogModuleManager: Shutting down and abandoning module SuperSearch (186)
[2015.07.23-15.59.52:684][533]LogModuleManager: Shutting down and abandoning module WidgetCarousel (185)
[2015.07.23-15.59.52:684][533]LogModuleManager: Shutting down and abandoning module AddContentDialog (184)
[2015.07.23-15.59.52:685][533]LogModuleManager: Shutting down and abandoning module EditorWidgets (183)
[2015.07.23-15.59.52:685][533]LogModuleManager: Shutting down and abandoning module CollectionManager (182)
[2015.07.23-15.59.52:685][533]LogModuleManager: Shutting down and abandoning module StatsViewer (181)
[2015.07.23-15.59.52:685][533]LogModuleManager: Shutting down and abandoning module FoliageEdit (180)
[2015.07.23-15.59.52:685][533]LogModuleManager: Shutting down and abandoning module LandscapeEditor (179)
[2015.07.23-15.59.52:685][533]LogModuleManager: Shutting down and abandoning module ActorPickerMode (178)
[2015.07.23-15.59.52:685][533]LogModuleManager: Shutting down and abandoning module GeometryMode (177)
[2015.07.23-15.59.52:685][533]LogModuleManager: Shutting down and abandoning module TextureAlignMode (176)
[2015.07.23-15.59.52:685][533]LogModuleManager: Shutting down and abandoning module BspMode (175)
[2015.07.23-15.59.52:685][533]LogModuleManager: Shutting down and abandoning module PlacementMode (174)
[2015.07.23-15.59.52:685][533]LogModuleManager: Shutting down and abandoning module AutomationWorker (173)
[2015.07.23-15.59.52:685][533]LogModuleManager: Shutting down and abandoning module CharacterAI (172)
[2015.07.23-15.59.52:685][533]LogModuleManager: Shutting down and abandoning module SmartSnapping (171)
[2015.07.23-15.59.52:685][533]LogModuleManager: Shutting down and abandoning module ViewportSnapping (170)
[2015.07.23-15.59.52:685][533]LogModuleManager: Shutting down and abandoning module LogVisualizer (169)
[2015.07.23-15.59.52:685][533]LogModuleManager: Shutting down and abandoning module GameProjectGeneration (168)
[2015.07.23-15.59.52:685][533]LogModuleManager: Shutting down and abandoning module IntroTutorials (167)
[2015.07.23-15.59.52:685][533]LogModuleManager: Shutting down and abandoning module EditorLiveStreaming (166)
[2015.07.23-15.59.52:685][533]LogModuleManager: Shutting down and abandoning module IOSPlatformEditor (165)
[2015.07.23-15.59.52:685][533]LogModuleManager: Shutting down and abandoning module HTML5PlatformEditor (164)
[2015.07.23-15.59.52:685][533]LogModuleManager: Shutting down and abandoning module AndroidDeviceDetection (163)
[2015.07.23-15.59.53:521][533]LogModuleManager: Shutting down and abandoning module AndroidPlatformEditor (162)
[2015.07.23-15.59.53:521][533]LogModuleManager: Shutting down and abandoning module IOSRuntimeSettings (161)
[2015.07.23-15.59.53:521][533]LogModuleManager: Shutting down and abandoning module AndroidRuntimeSettings (160)
[2015.07.23-15.59.53:521][533]LogModuleManager: Shutting down and abandoning module MergeActors (159)
[2015.07.23-15.59.53:521][533]LogModuleManager: Shutting down and abandoning module SizeMap (158)
[2015.07.23-15.59.53:521][533]LogModuleManager: Shutting down and abandoning module TreeMap (157)
[2015.07.23-15.59.53:521][533]LogModuleManager: Shutting down and abandoning module ReferenceViewer (156)
[2015.07.23-15.59.53:521][533]LogModuleManager: Shutting down and abandoning module LocalizationDashboard (155)
[2015.07.23-15.59.53:521][533]LogModuleManager: Shutting down and abandoning module HardwareTargeting (154)
[2015.07.23-15.59.53:521][533]LogModuleManager: Shutting down and abandoning module DeviceProfileEditor (153)
[2015.07.23-15.59.53:521][533]LogModuleManager: Shutting down and abandoning module UndoHistory (152)
[2015.07.23-15.59.53:521][533]LogModuleManager: Shutting down and abandoning module GameplayTagsEditor (151)
[2015.07.23-15.59.53:521][533]LogModuleManager: Shutting down and abandoning module UserFeedback (150)
[2015.07.23-15.59.53:521][533]LogModuleManager: Shutting down and abandoning module XmlParser (149)
[2015.07.23-15.59.53:521][533]LogModuleManager: Shutting down and abandoning module Blutility (148)
[2015.07.23-15.59.53:521][533]LogModuleManager: Shutting down and abandoning module ProjectTargetPlatformEditor (147)
[2015.07.23-15.59.53:522][533]LogModuleManager: Shutting down and abandoning module ProjectSettingsViewer (146)
[2015.07.23-15.59.53:522][533]LogModuleManager: Shutting down and abandoning module InputBindingEditor (145)
[2015.07.23-15.59.53:522][533]LogModuleManager: Shutting down and abandoning module EditorSettingsViewer (144)
[2015.07.23-15.59.53:522][533]LogModuleManager: Shutting down and abandoning module SettingsEditor (143)
[2015.07.23-15.59.53:522][533]LogModuleManager: Shutting down and abandoning module ProjectLauncher (142)
[2015.07.23-15.59.53:522][533]LogModuleManager: Shutting down and abandoning module SessionFrontend (141)
[2015.07.23-15.59.53:522][533]LogModuleManager: Shutting down and abandoning module ProfilerClient (140)
[2015.07.23-15.59.53:522][533]LogModuleManager: Shutting down and abandoning module TargetDeviceServices (139)
[2015.07.23-15.59.53:522][533]LogModuleManager: Shutting down and abandoning module DeviceManager (138)
[2015.07.23-15.59.53:522][533]LogModuleManager: Shutting down and abandoning module AutomationController (137)
[2015.07.23-15.59.53:523][533]LogModuleManager: Shutting down and abandoning module AutomationWindow (136)
[2015.07.23-15.59.53:523][533]LogModuleManager: Shutting down and abandoning module Layers (135)
[2015.07.23-15.59.53:523][533]LogModuleManager: Shutting down and abandoning module ComponentVisualizers (134)
[2015.07.23-15.59.53:523][533]LogModuleManager: Shutting down and abandoning module DetailCustomizations (133)
[2015.07.23-15.59.53:523][533]LogModuleManager: Shutting down and abandoning module PackagesDialog (132)
[2015.07.23-15.59.53:523][533]LogModuleManager: Shutting down and abandoning module AssetRegistry (131)
[2015.07.23-15.59.53:638][533]LogModuleManager: Shutting down and abandoning module Persona (130)
[2015.07.23-15.59.53:638][533]LogModuleManager: Shutting down and abandoning module Kismet (129)
[2015.07.23-15.59.53:638][533]LogModuleManager: Shutting down and abandoning module GraphEditor (128)
[2015.07.23-15.59.53:638][533]LogModuleManager: Shutting down and abandoning module ClassViewer (127)
[2015.07.23-15.59.53:638][533]LogModuleManager: Shutting down and abandoning module Toolbox (126)
[2015.07.23-15.59.53:638][533]LogModuleManager: Shutting down and abandoning module ModuleUI (125)
[2015.07.23-15.59.53:638][533]LogModuleManager: Shutting down and abandoning module MovieSceneTools (124)
[2015.07.23-15.59.53:638][533]LogModuleManager: Shutting down and abandoning module OutputLog (123)
[2015.07.23-15.59.53:638][533]LogModuleManager: Shutting down and abandoning module GammaUI (122)
[2015.07.23-15.59.53:638][533]LogModuleManager: Shutting down and abandoning module Documentation (121)
[2015.07.23-15.59.53:638][533]LogModuleManager: Shutting down and abandoning module GameLiveStreaming (120)
[2015.07.23-15.59.53:638][533]LogModuleManager: Shutting down and abandoning module StreamingPauseRendering (119)
[2015.07.23-15.59.53:638][533]LogModuleManager: Shutting down and abandoning module AnalyticsET (118)
[2015.07.23-15.59.53:638][533]LogModuleManager: Shutting down and abandoning module Analytics (117)
[2015.07.23-15.59.53:638][533]LogModuleManager: Shutting down and abandoning module AITestSuite (116)
[2015.07.23-15.59.53:638][533]LogModuleManager: Shutting down and abandoning module GameplayDebugger (115)
[2015.07.23-15.59.53:638][533]LogModuleManager: Shutting down and abandoning module AIModule (114)
[2015.07.23-15.59.53:638][533]LogModuleManager: Shutting down and abandoning module ProfilerService (113)
[2015.07.23-15.59.53:782][533]LogModuleManager: Shutting down and abandoning module TaskGraph (112)
[2015.07.23-15.59.53:782][533]LogModuleManager: Shutting down and abandoning module SlateRemote (111)
[2015.07.23-15.59.53:783][533]LogModuleManager: Shutting down and abandoning module SteamVRController (110)
[2015.07.23-15.59.53:783][533]LogModuleManager: Shutting down and abandoning module SteamVR (109)
[2015.07.23-15.59.53:783][533]LogModuleManager: Shutting down and abandoning module ProceduralMeshComponent (108)
[2015.07.23-15.59.53:783][533]LogModuleManager: Shutting down and abandoning module OculusRift (107)
[2015.07.23-15.59.53:783][533]LogModuleManager: Shutting down and abandoning module LeapMotionController (106)
[2015.07.23-15.59.53:823][533]LogModuleManager: Shutting down and abandoning module CustomMeshComponent (105)
[2015.07.23-15.59.53:824][533]LogModuleManager: Shutting down and abandoning module CableComponent (104)
[2015.07.23-15.59.53:824][533]LogModuleManager: Shutting down and abandoning module MessagingDebugger (103)
[2015.07.23-15.59.53:824][533]LogModuleManager: Shutting down and abandoning module MediaPlayerEditor (102)
[2015.07.23-15.59.53:824][533]LogModuleManager: Shutting down and abandoning module SpeedTreeImporter (101)
[2015.07.23-15.59.53:824][533]LogModuleManager: Shutting down and abandoning module PluginBrowser (100)
[2015.07.23-15.59.53:824][533]LogModuleManager: Shutting down and abandoning module EpicSurvey (99)
[2015.07.23-15.59.53:824][533]LogModuleManager: Shutting down and abandoning module DesktopPlatform (98)
[2015.07.23-15.59.53:824][533]LogModuleManager: Shutting down and abandoning module VisualStudioSourceCodeAccess (97)
[2015.07.23-15.59.53:824][533]LogModuleManager: Shutting down and abandoning module UObjectPlugin (96)
[2015.07.23-15.59.53:824][533]LogModuleManager: Shutting down and abandoning module SubversionSourceControl (95)
[2015.07.23-15.59.53:824][533]LogModuleManager: Shutting down and abandoning module PerforceSourceControl (94)
[2015.07.23-15.59.53:824][533]LogModuleManager: Shutting down and abandoning module SourceControl (93)
[2015.07.23-15.59.53:825][533]LogModuleManager: Shutting down and abandoning module GitSourceControl (92)
[2015.07.23-15.59.53:825][533]LogModuleManager: Shutting down and abandoning module BlankPlugin (91)
[2015.07.23-15.59.53:825][533]LogModuleManager: Shutting down and abandoning module PaperTiledImporter (90)
[2015.07.23-15.59.53:825][533]LogModuleManager: Shutting down and abandoning module PaperSpriteSheetImporter (89)
[2015.07.23-15.59.53:825][533]LogModuleManager: Shutting down and abandoning module MeshPaint (88)
[2015.07.23-15.59.53:825][533]LogModuleManager: Shutting down and abandoning module SlateReflector (87)
[2015.07.23-15.59.53:825][533]LogModuleManager: Shutting down and abandoning module DirectoryWatcher (86)
[2015.07.23-15.59.53:826][533]LogModuleManager: Shutting down and abandoning module HotReload (85)
[2015.07.23-15.59.53:826][533]LogModuleManager: Shutting down and abandoning module MainFrame (84)
[2015.07.23-15.59.53:827][533]LogModuleManager: Shutting down and abandoning module LevelEditor (83)
[2015.07.23-15.59.53:830][533]LogModuleManager: Shutting down and abandoning module ContentBrowser (82)
[2015.07.23-15.59.53:831][533]LogModuleManager: Shutting down and abandoning module Paper2DEditor (81)
[2015.07.23-15.59.53:832][533]LogModuleManager: Shutting down and abandoning module UdpMessaging (80)
[2015.07.23-15.59.53:933][533]LogModuleManager: Shutting down and abandoning module Paper2D (79)
[2015.07.23-15.59.53:933][533]LogModuleManager: Shutting down and abandoning module WindowsMoviePlayer (78)
[2015.07.23-15.59.53:937][533]LogModuleManager: Shutting down and abandoning module Media (77)
[2015.07.23-15.59.53:937][533]LogModuleManager: Shutting down and abandoning module WmfMedia (76)
[2015.07.23-15.59.53:937][533]LogModuleManager: Shutting down and abandoning module OnlineBlueprintSupport (75)
[2015.07.23-15.59.53:937][533]LogModuleManager: Shutting down and abandoning module PropertyEditor (74)
[2015.07.23-15.59.53:937][533]LogModuleManager: Shutting down and abandoning module BehaviorTreeEditor (73)
[2015.07.23-15.59.53:937][533]LogModuleManager: Shutting down and abandoning module FunctionalTesting (72)
[2015.07.23-15.59.53:937][533]LogModuleManager: Shutting down and abandoning module CollisionAnalyzer (71)
[2015.07.23-15.59.53:937][533]LogModuleManager: Shutting down and abandoning module WorkspaceMenuStructure (70)
[2015.07.23-15.59.53:937][533]LogModuleManager: Shutting down and abandoning module MessageLog (69)
[2015.07.23-15.59.53:937][533]LogModuleManager: Shutting down and abandoning module Sequencer (68)
[2015.07.23-15.59.53:937][533]LogModuleManager: Shutting down and abandoning module AssetTools (67)
[2015.07.23-15.59.53:937][533]LogModuleManager: Shutting down and abandoning module UMGEditor (66)
[2015.07.23-15.59.53:937][533]LogModuleManager: Shutting down and abandoning module UMG (65)
[2015.07.23-15.59.53:937][533]LogModuleManager: Shutting down and abandoning module Slate (64)
[2015.07.23-15.59.53:937][533]LogModuleManager: Shutting down and abandoning module EditorStyle (63)
[2015.07.23-15.59.53:940][533]LogModuleManager: Shutting down and abandoning module SessionServices (62)
[2015.07.23-15.59.53:940][533]LogModuleManager: Shutting down and abandoning module SourceCodeAccess (61)
[2015.07.23-15.59.53:940][533]LogModuleManager: Shutting down and abandoning module HeadMountedDisplay (60)
[2015.07.23-15.59.53:940][533]LogModuleManager: Shutting down and abandoning module XAudio2 (59)
[2015.07.23-15.59.53:940][533]LogModuleManager: Shutting down and abandoning module Networking (57)
[2015.07.23-15.59.53:940][533]LogModuleManager: Shutting down and abandoning module Core (56)
[2015.07.23-15.59.53:940][533]LogModuleManager: Shutting down and abandoning module KismetCompiler (55)
[2015.07.23-15.59.53:940][533]LogModuleManager: Shutting down and abandoning module PhysXFormats (54)
[2015.07.23-15.59.53:940][533]LogModuleManager: Shutting down and abandoning module MeshUtilities (53)
[2015.07.23-15.59.53:940][533]LogModuleManager: Shutting down and abandoning module DerivedDataCache (52)
[2015.07.23-15.59.54:004][533]LogDerivedDataCache: Shutdown
[2015.07.23-15.59.54:004][533]LogModuleManager: Shutting down and abandoning module ShaderFormatOpenGL (51)
[2015.07.23-15.59.54:004][533]LogModuleManager: Shutting down and abandoning module ShaderFormatD3D (50)
[2015.07.23-15.59.54:004][533]LogModuleManager: Shutting down and abandoning module MetalShaderFormat (49)
[2015.07.23-15.59.54:004][533]LogModuleManager: Shutting down and abandoning module TextureFormatUncompressed (48)
[2015.07.23-15.59.54:004][533]LogModuleManager: Shutting down and abandoning module TextureFormatPVR (47)
[2015.07.23-15.59.54:004][533]LogModuleManager: Shutting down and abandoning module TextureFormatIntelISPCTexComp (46)
[2015.07.23-15.59.54:004][533]LogModuleManager: Shutting down and abandoning module TextureFormatDXT (45)
[2015.07.23-15.59.54:004][533]LogModuleManager: Shutting down and abandoning module ImageWrapper (44)
[2015.07.23-15.59.54:004][533]LogModuleManager: Shutting down and abandoning module TextureFormatASTC (43)
[2015.07.23-15.59.54:004][533]LogModuleManager: Shutting down and abandoning module TextureFormatAndroid (42)
[2015.07.23-15.59.54:004][533]LogModuleManager: Shutting down and abandoning module AudioFormatOpus (41)
[2015.07.23-15.59.54:004][533]LogModuleManager: Shutting down and abandoning module AudioFormatOgg (40)
[2015.07.23-15.59.54:004][533]LogModuleManager: Shutting down and abandoning module AudioFormatADPCM (39)
[2015.07.23-15.59.54:004][533]LogModuleManager: Shutting down and abandoning module LinuxTargetPlatform (38)
[2015.07.23-15.59.54:004][533]LogModuleManager: Shutting down and abandoning module LinuxServerTargetPlatform (37)
[2015.07.23-15.59.54:004][533]LogModuleManager: Shutting down and abandoning module LinuxNoEditorTargetPlatform (36)
[2015.07.23-15.59.54:004][533]LogModuleManager: Shutting down and abandoning module Messaging (35)
[2015.07.23-15.59.54:004][533]LogModuleManager: Shutting down and abandoning module IOSTargetPlatform (34)
[2015.07.23-15.59.54:004][533]LogModuleManager: Shutting down and abandoning module HTML5TargetPlatform (33)
[2015.07.23-15.59.54:004][533]LogModuleManager: Shutting down and abandoning module Android_PVRTCTargetPlatform (32)
[2015.07.23-15.59.54:004][533]LogModuleManager: Shutting down and abandoning module Android_ETC2TargetPlatform (31)
[2015.07.23-15.59.54:004][533]LogModuleManager: Shutting down and abandoning module Android_ETC1TargetPlatform (30)
[2015.07.23-15.59.54:004][533]LogModuleManager: Shutting down and abandoning module Android_DXTTargetPlatform (29)
[2015.07.23-15.59.54:004][533]LogModuleManager: Shutting down and abandoning module Android_ATCTargetPlatform (28)
[2015.07.23-15.59.54:004][533]LogModuleManager: Shutting down and abandoning module Android_ASTCTargetPlatform (27)
[2015.07.23-15.59.54:004][533]LogModuleManager: Shutting down and abandoning module AndroidTargetPlatform (26)
[2015.07.23-15.59.54:004][533]LogModuleManager: Shutting down and abandoning module WindowsTargetPlatform (25)
[2015.07.23-15.59.54:004][533]LogModuleManager: Shutting down and abandoning module WindowsServerTargetPlatform (24)
[2015.07.23-15.59.54:004][533]LogModuleManager: Shutting down and abandoning module WindowsNoEditorTargetPlatform (23)
[2015.07.23-15.59.54:004][533]LogModuleManager: Shutting down and abandoning module WindowsClientTargetPlatform (22)
[2015.07.23-15.59.54:004][533]LogModuleManager: Shutting down and abandoning module DesktopTargetPlatform (21)
[2015.07.23-15.59.54:004][533]LogModuleManager: Shutting down and abandoning module TargetPlatform (20)
[2015.07.23-15.59.54:004][533]LogModuleManager: Shutting down and abandoning module InputCore (19)
[2015.07.23-15.59.54:004][533]LogModuleManager: Shutting down and abandoning module Settings (18)
[2015.07.23-15.59.54:004][533]LogModuleManager: Shutting down and abandoning module OnlineSubsystem (16)
[2015.07.23-15.59.54:004][533]LogModuleManager: Shutting down and abandoning module HTTP (15)
[2015.07.23-15.59.54:005][533]LogModuleManager: Shutting down and abandoning module ExampleDeviceProfileSelector (14)
[2015.07.23-15.59.54:005][533]LogModuleManager: Shutting down and abandoning module TextureCompressor (13)
[2015.07.23-15.59.54:005][533]LogModuleManager: Shutting down and abandoning module ShaderCore (12)
[2015.07.23-15.59.54:005][533]LogModuleManager: Shutting down and abandoning module Landscape (11)
[2015.07.23-15.59.54:005][533]LogModuleManager: Shutting down and abandoning module SlateRHIRenderer (10)
[2015.07.23-15.59.54:006][533]LogModuleManager: Shutting down and abandoning module OpenGLDrv (9)
[2015.07.23-15.59.54:006][533]LogModuleManager: Shutting down and abandoning module D3D11RHI (8)
[2015.07.23-15.59.54:006][533]LogModuleManager: Shutting down and abandoning module Renderer (7)
[2015.07.23-15.59.54:006][533]LogModuleManager: Shutting down and abandoning module Engine (6)
[2015.07.23-15.59.54:006][533]LogModuleManager: Shutting down and abandoning module CoreUObject (5)
[2015.07.23-15.59.54:006][533]LogModuleManager: Shutting down and abandoning module NetworkFile (4)
[2015.07.23-15.59.54:006][533]LogModuleManager: Shutting down and abandoning module StreamingFile (3)
[2015.07.23-15.59.54:006][533]LogModuleManager: Shutting down and abandoning module SandboxFile (2)
[2015.07.23-15.59.54:006][533]LogModuleManager: Shutting down and abandoning module PakFile (1)
[2015.07.23-15.59.54:007][533]LogExit: Exiting.
[2015.07.23-15.59.54:008][533]Log file closed, 07/23/15 18:59:54
