[2015.07.28-14.02.35:330][  0]Log file open, 07/28/15 17:02:35
[2015.07.28-14.02.35:330][  0]LogInit:Display: Running engine for game: MyProject
[2015.07.28-14.02.35:330][  0]LogInit:Display: RandInit(-1346953310) SRandInit(-1346953310).
[2015.07.28-14.02.35:330][  0]LogTaskGraph: Started task graph with 4 named threads and 5 total threads.
[2015.07.28-14.02.35:330][  0]LogStats: Stats thread started
[2015.07.28-14.02.35:330][  0]LogInit: Version: 4.8.2-2614606+++depot+UE4-Releases+4.8
[2015.07.28-14.02.35:330][  0]LogInit: API Version: 2579680
[2015.07.28-14.02.35:330][  0]LogInit: Compiled (64-bit): Jul  8 2015 23:43:41
[2015.07.28-14.02.35:330][  0]LogInit: Compiled with Visual C++: 18.00.21005.01
[2015.07.28-14.02.35:330][  0]LogInit: Build Configuration: Development
[2015.07.28-14.02.35:330][  0]LogInit: Branch Name: ++depot+UE4-Releases+4.8
[2015.07.28-14.02.35:330][  0]LogInit: Command line: 
[2015.07.28-14.02.35:330][  0]LogInit: Base directory: C:/Program Files/Epic Games/4.8/Engine/Binaries/Win64/
[2015.07.28-14.02.35:330][  0]LogInit: Rocket: 1
[2015.07.28-14.02.35:351][  0]LogInit: Using libcurl 7.41.0
[2015.07.28-14.02.35:351][  0]LogInit:  - built for x86_64-pc-win32
[2015.07.28-14.02.35:351][  0]LogInit:  - supports SSL with WinSSL
[2015.07.28-14.02.35:351][  0]LogInit:  - other features:
[2015.07.28-14.02.35:351][  0]LogInit:      CURL_VERSION_SSL
[2015.07.28-14.02.35:351][  0]LogInit:      CURL_VERSION_IPV6
[2015.07.28-14.02.35:351][  0]LogInit:      CURL_VERSION_ASYNCHDNS
[2015.07.28-14.02.35:351][  0]LogInit:      CURL_VERSION_LARGEFILE
[2015.07.28-14.02.35:351][  0]LogInit:      CURL_VERSION_IDN
[2015.07.28-14.02.35:351][  0]LogInit:  CurlRequestOptions (configurable via config and command line):
[2015.07.28-14.02.35:351][  0]LogInit:  - bVerifyPeer = true  - Libcurl will verify peer certificate
[2015.07.28-14.02.35:351][  0]LogInit:  - bUseHttpProxy = false  - Libcurl will NOT use HTTP proxy
[2015.07.28-14.02.35:351][  0]LogInit:  - bDontReuseConnections = false  - Libcurl will reuse connections
[2015.07.28-14.02.35:351][  0]LogInit:  - CertBundlePath = nullptr  - Libcurl will use whatever was configured at build time.
[2015.07.28-14.02.35:362][  0]LogOnline:Warning: No default platform service specified for OnlineSubsystem
[2015.07.28-14.02.35:380][  0]LogInit: Presizing for 0 objects not considered by GC, pre-allocating 0 bytes.
[2015.07.28-14.02.35:387][  0]LogInit: Object subsystem initialized
[2015.07.28-14.02.35:388][  0]LogConsoleResponse:Warning: Skipping Unknown console variable: 'TranslucentSortAxis = (X=0.000000,Y=-1.000000,Z=0.000000)'
[2015.07.28-14.02.35:388][  0]LogConsoleResponse:Warning:   Found in ini file 'C:/Users/N/Documents/GitHub/UnrealNeuroCar/Saved/Config/Windows/Engine.ini', in section '[/Script/Engine.RendererSettings]'
[2015.07.28-14.02.35:388][  0]LogConsoleResponse:Warning: Skipping Unknown console variable: 'UIScaleRule = ShortestSide'
[2015.07.28-14.02.35:388][  0]LogConsoleResponse:Warning:   Found in ini file 'C:/Users/N/Documents/GitHub/UnrealNeuroCar/Saved/Config/Windows/Engine.ini', in section '[/Script/Engine.RendererSettings]'
[2015.07.28-14.02.35:388][  0]LogConsoleResponse:Warning: Skipping Unknown console variable: 'UIScaleCurve = (EditorCurveData=(Keys=),ExternalCurve=None)'
[2015.07.28-14.02.35:388][  0]LogConsoleResponse:Warning:   Found in ini file 'C:/Users/N/Documents/GitHub/UnrealNeuroCar/Saved/Config/Windows/Engine.ini', in section '[/Script/Engine.RendererSettings]'
[2015.07.28-14.02.35:388][  0]LogInit: Selected Device Profile: [Windows]
[2015.07.28-14.02.35:388][  0]LogInit: Applying CVar settings loaded from the selected device profile: [Windows]
[2015.07.28-14.02.35:395][  0]LogInit: Computer: CATQUEEN
[2015.07.28-14.02.35:395][  0]LogInit: User: Kunkku
[2015.07.28-14.02.35:395][  0]LogInit: CPU Page size=4096, Cores=2
[2015.07.28-14.02.35:395][  0]LogInit: High frequency timer resolution =2.435775 MHz
[2015.07.28-14.02.35:395][  0]LogMemory: Memory total: Physical=7.9GB (8GB approx)
[2015.07.28-14.02.35:395][  0]LogMemory: Platform Memory Stats for Windows
[2015.07.28-14.02.35:395][  0]LogMemory: Process Physical Memory: 49.24 MB used, 49.24 MB peak
[2015.07.28-14.02.35:395][  0]LogMemory: Process Virtual Memory: 22.51 MB used, 22.51 MB peak
[2015.07.28-14.02.35:395][  0]LogMemory: Physical Memory: 4864.31 MB used, 8112.27 MB total
[2015.07.28-14.02.35:395][  0]LogMemory: Virtual Memory: 291.96 MB used, 134217728.00 MB total
[2015.07.28-14.02.35:437][  0]LogTextLocalizationManager: The requested culture ('fi_FI') has no localization data; falling back to 'en' for localization and internationalization data.
[2015.07.28-14.02.35:745][  0]LogTextLocalizationManager:Warning: Loaded localization resources contain conflicting entries for (Namespace:ContentBrowser, Key:ImportAssetToolTip):
Localization Resource: (C:/Program Files/Epic Games/4.8/Engine/Content/Localization/Editor/en/Editor.locres) Source String Hash: (-630476809) Localized String: (Import to {0}...)
Localization Resource: (C:/Program Files/Epic Games/4.8/Engine/Content/Localization/Editor/en/Editor.locres) Source String Hash: (1271782899) Localized String: (Imports an asset from file to this folder.)
[2015.07.28-14.02.36:391][  0]LogD3D11RHI: Found D3D11 adapter 0: Intel(R) HD Graphics 4600 (Feature Level 11_0)
[2015.07.28-14.02.36:391][  0]LogD3D11RHI: Adapter has 0MB of dedicated video memory, 0MB of dedicated system memory, and 1792MB of shared system memory, 1 output[s]
[2015.07.28-14.02.36:405][  0]LogD3D11RHI: Found D3D11 adapter 1: NVIDIA GeForce GT 740M (Feature Level 11_0)
[2015.07.28-14.02.36:405][  0]LogD3D11RHI: Adapter has 1994MB of dedicated video memory, 0MB of dedicated system memory, and 2048MB of shared system memory, 0 output[s]
[2015.07.28-14.02.36:406][  0]LogD3D11RHI: Found D3D11 adapter 2: Microsoft Basic Render Driver (Feature Level 11_0)
[2015.07.28-14.02.36:406][  0]LogD3D11RHI: Adapter has 0MB of dedicated video memory, 0MB of dedicated system memory, and 256MB of shared system memory, 0 output[s]
[2015.07.28-14.02.36:406][  0]LogD3D11RHI: Chosen D3D11 Adapter Id = 0
[2015.07.28-14.02.36:411][  0]LogD3D11RHI: InitD3DDevice
[2015.07.28-14.02.36:411][  0]LogD3D11RHI: !Direct3DDevice
[2015.07.28-14.02.36:412][  0]LogRHI: Texture pool is 1361 MB (70% of 1945 MB)
[2015.07.28-14.02.36:422][  0]LogD3D11RHI: Async texture creation enabled
[2015.07.28-14.02.36:440][  0]LogShaderCompilers:Display: Using Local Shader Compiler.
[2015.07.28-14.02.37:597][  0]LogTemp:Display: Loaded TP DesktopTargetPlatform
[2015.07.28-14.02.37:620][  0]LogTemp:Display: Loaded TP WindowsClientTargetPlatform
[2015.07.28-14.02.37:649][  0]LogTemp:Display: Loaded TP WindowsNoEditorTargetPlatform
[2015.07.28-14.02.37:674][  0]LogTemp:Display: Loaded TP WindowsServerTargetPlatform
[2015.07.28-14.02.37:696][  0]LogTemp:Display: Loaded TP WindowsTargetPlatform
[2015.07.28-14.02.37:714][  0]LogTemp:Display: Loaded TP AndroidTargetPlatform
[2015.07.28-14.02.37:729][  0]LogTemp:Display: Loaded TP Android_ASTCTargetPlatform
[2015.07.28-14.02.37:740][  0]LogTemp:Display: Loaded TP Android_ATCTargetPlatform
[2015.07.28-14.02.37:752][  0]LogTemp:Display: Loaded TP Android_DXTTargetPlatform
[2015.07.28-14.02.37:764][  0]LogTemp:Display: Loaded TP Android_ETC1TargetPlatform
[2015.07.28-14.02.37:776][  0]LogTemp:Display: Loaded TP Android_ETC2TargetPlatform
[2015.07.28-14.02.37:788][  0]LogTemp:Display: Loaded TP Android_PVRTCTargetPlatform
[2015.07.28-14.02.37:836][  0]LogTemp:Display: Loaded TP IOSTargetPlatform
[2015.07.28-14.02.37:847][  0]LogTemp:Display: Loaded TP LinuxNoEditorTargetPlatform
[2015.07.28-14.02.37:859][  0]LogTemp:Display: Loaded TP LinuxServerTargetPlatform
[2015.07.28-14.02.37:872][  0]LogTemp:Display: Loaded TP LinuxTargetPlatform
[2015.07.28-14.02.37:872][  0]LogTargetPlatformManager:Display: Building Assets For Windows
[2015.07.28-14.02.38:073][  0]LogDerivedDataCache:Display: Max Cache Size: 512 MB
[2015.07.28-14.02.38:138][  0]LogDerivedDataCache: Loaded boot cache 0.06s 53MB C:/Users/N/AppData/Local/UnrealEngine/4.8/DerivedDataCache/Boot.ddc.
[2015.07.28-14.02.38:138][  0]LogDerivedDataCache:Display: Loaded Boot cache: C:/Users/N/AppData/Local/UnrealEngine/4.8/DerivedDataCache/Boot.ddc
[2015.07.28-14.02.38:138][  0]LogDerivedDataCache: FDerivedDataBackendGraph:  Pak pak cache file ../../../../../../Users/N/Documents/GitHub/UnrealNeuroCar/DerivedDataCache/DDC.ddp not found, will not use a pak cache.
[2015.07.28-14.02.38:138][  0]LogDerivedDataCache: Unable to find inner node Pak for hierarchical cache Hierarchy.
[2015.07.28-14.02.38:138][  0]LogDerivedDataCache: FDerivedDataBackendGraph:  CompressedPak pak cache file ../../../../../../Users/N/Documents/GitHub/UnrealNeuroCar/DerivedDataCache/Compressed.ddp not found, will not use a pak cache.
[2015.07.28-14.02.38:138][  0]LogDerivedDataCache: Unable to find inner node CompressedPak for hierarchical cache Hierarchy.
[2015.07.28-14.02.38:288][  0]LogDerivedDataCache:Display: Pak cache opened for reading ../../../Engine/DerivedDataCache/Compressed.ddp.
[2015.07.28-14.02.38:300][  0]LogDerivedDataCache: Using Local data cache path C:/Users/N/AppData/Local/UnrealEngine/Common/DerivedDataCache: Writable
[2015.07.28-14.02.38:507][  0]LogInit: Selected Device Profile: [Windows]
[2015.07.28-14.02.38:592][  0]ImportText (ComponentSweepMultiTests): Missing closing parenthesis: (RootShapeAsset="/Engine/BasicShapes/Cube.Cube",ShapeType="TriggerCapsule",HitResult=(Time=0.50,Location=(X=-100.000015,Y=0.0,Z=100.000015),ImpactPoint=(X=-50.0,Y=0.0,Z=50.0),Normal=(X=-1.0,Y=-0.0,Z=0.0),ImpactNormal=(X=0.0,Y=0.0,Z=1.0),TraceStart=(X=-200.0,Y=0.0,Z=200.0),TraceEnd=(X=0.0,Y=0.0,Z=0.0))
[2015.07.28-14.02.38:592][  0]ImportText (LineTraceSingleByChannelTests): Missing closing parenthesis: (RootShapeAsset="/Engine/BasicShapes/Cube.Cube",HitResult=(Time=0.50,Location=(X=-100.000015,Y=0.0,Z=100.000015),ImpactPoint=(X=-50.0,Y=0.0,Z=50.0),Normal=(X=-1.0,Y=-0.0,Z=0.0),ImpactNormal=(X=0.0,Y=0.0,Z=1.0),TraceStart=(X=-200.0,Y=0.0,Z=200.0),TraceEnd=(X=0.0,Y=0.0,Z=0.0))
[2015.07.28-14.02.38:618][  0]LogMeshUtilities: No automatic mesh reduction module available
[2015.07.28-14.02.38:618][  0]LogMeshUtilities: No automatic mesh merging module available
[2015.07.28-14.02.38:987][  0]LogInit: WinSock: version 1.1 (2.2), MaxSocks=32767, MaxUdp=65467
[2015.07.28-14.02.39:920][  0]UdpMessaging: Initializing bridge on interface 0.0.0.0:0 to multicast group 230.0.0.1:6666.
[2015.07.28-14.02.40:233][  0]SourceControl: Info Source control is disabled
[2015.07.28-14.02.40:299][  0]SourceControl: Info Source control is disabled
[2015.07.28-14.02.40:309][  0]SourceControl: Info Source control is disabled
[2015.07.28-14.02.40:318][  0]SourceControl: Info Source control is disabled
[2015.07.28-14.02.40:523][  0]LogObj: 26273 objects as part of root set at end of initial load.
[2015.07.28-14.02.40:523][  0]LogUObjectAllocator: 5409248 out of 0 bytes used by permanent object pool.
[2015.07.28-14.02.40:593][  0]LogEngine: Initializing Engine...
[2015.07.28-14.02.40:595][  0]LogHMD: Can't find Oculus library dev build: is proper Runtime installed? Version: 0.6.0.0
[2015.07.28-14.02.40:596][  0]LogHMD:Warning: SteamVR failed to initialize.  Error: 110
[2015.07.28-14.02.40:737][  0]LogAIModule: Creating AISystem for world NewWorld
[2015.07.28-14.02.40:740][  0]LogInit: XAudio2 using 'Speakers (Realtek High Definition Audio)' : 2 channels at 48 kHz using 32 bits per sample (channel mask 0x3)
[2015.07.28-14.02.40:759][  0]LogInit: FAudioDevice initialized.
[2015.07.28-14.02.40:789][  0]LogDerivedDataCache: Saved boot cache 0.03s 53MB C:/Users/N/AppData/Local/UnrealEngine/4.8/DerivedDataCache/Boot.ddc.
[2015.07.28-14.02.40:794][  0]LogInit: Texture streaming: Disabled
[2015.07.28-14.02.40:816][  0]LogAnalytics: Creating configured Analytics provider AnalyticsET
[2015.07.28-14.02.40:816][  0]LogAnalytics: [UEEditor.Rocket.Release] APIServer = http://et2.epicgames.com/ET2/. AppVersion = 4.8.2-2614606+++depot+UE4-Releases+4.8
[2015.07.28-14.02.40:816][  0]LogAnalytics: [UEEditor.Rocket.Release] SetUserId f7a881bb45b3b8b4de3a738428d93779|95bf3da099894b978f8fd396e7ebf43c|13d7fc3b-9b02-412c-b137-1d7c802280ff
[2015.07.28-14.02.40:817][  0]LogAnalytics: [UEEditor.Rocket.Release] AnalyticsET::StartSession
[2015.07.28-14.02.40:872][  0]LogInit: Transaction tracking system initialized
[2015.07.28-14.02.41:017][  0]BlueprintLog: New page: Editor Load
[2015.07.28-14.02.41:051][  0]LogAssetRegistry: FAssetRegistry took 0.0104 seconds to start up
[2015.07.28-14.02.41:051][  0]LogDirectoryWatcher:Warning: Failed to begin reading directory changes for ../../../Engine/Plugins/Experimental/CharacterAI/Content/. Error: 0
[2015.07.28-14.02.42:023][  0]LogConsoleManager:Warning: Console variable 'r.VSync' wasn't set ('GameSetting' has a lower priority than 'SystemSettingsIni')
[2015.07.28-14.02.42:024][  0]LogConsoleResponse:Display: 
[2015.07.28-14.02.42:147][  0]LogCook:Display: Done creating registry. It took  0.00s.
[2015.07.28-14.02.42:373][  0]SourceControl: Info Source control is disabled
[2015.07.28-14.02.42:373][  0]Cmd: MAP LOAD FILE="../../../../../../Users/N/Documents/GitHub/UnrealNeuroCar/Content/VehicleAdvBP/Maps/AdvancedVehicleExamplemap.umap" TEMPLATE=0 SHOWPROGRESS=1 FEATURELEVEL=3
[2015.07.28-14.02.42:373][  0]LightingResults: New page: Lighting Build
[2015.07.28-14.02.42:391][  0]MapCheck: New page: Map Check
[2015.07.28-14.02.42:391][  0]LightingResults: New page: Lighting Build
[2015.07.28-14.02.42:412][  0]LogParticles: Destroying 0 GPU particle simulations for FXSystem 0x0000006C078A0B80
[2015.07.28-14.02.42:688][  0]LogLinker:Warning: Asset '../../../Engine/Content/Functions/Engine_MaterialFunctions02/Utility/CustomReflectionVector.uasset' has been saved with empty engine version. The asset will be loaded but may be incompatible.
[2015.07.28-14.02.42:974][  0]LogBlueprint:Warning: [compiler VehicleBlueprint] Warning  Set Text (String)  is deprecated; Use the SetText function taking an FText instead.
[2015.07.28-14.02.42:974][  0]LogBlueprint:Warning: [compiler VehicleBlueprint] Warning  Set Text (String)  is deprecated; Use the SetText function taking an FText instead.
[2015.07.28-14.02.42:985][  0]LogBlueprint:Warning: [compiler VehicleBlueprint] Warning [0011.09] Compile of VehicleBlueprint successful, but with 2 Warning(s) [in 58 ms]
[2015.07.28-14.02.42:985][  0]LogBlueprint:Warning: [compiler VehicleBlueprint] Warning [0011.09] Compile of VehicleBlueprint successful, but with 3 Warning(s) [in 0 ms]
[2015.07.28-14.02.42:985][  0]LogBlueprint:Warning: [compiler VehicleBlueprint] Warning [0011.09] Compile of VehicleBlueprint successful, but with 4 Warning(s) [in 0 ms]
[2015.07.28-14.02.43:104][  0]LogBlueprint:Warning: [compiler VehicleBlueprint] Warning  Set Text (String)  is deprecated; Use the SetText function taking an FText instead.
[2015.07.28-14.02.43:104][  0]LogBlueprint:Warning: [compiler VehicleBlueprint] Warning  Set Text (String)  is deprecated; Use the SetText function taking an FText instead.
[2015.07.28-14.02.43:117][  0]LogBlueprint:Warning: [compiler VehicleBlueprint] Warning [0011.23] Compile of VehicleBlueprint successful, but with 2 Warning(s) [in 61 ms]
[2015.07.28-14.02.43:118][  0]LogBlueprint:Warning: [compiler VehicleBlueprint] Warning [0011.23] Compile of VehicleBlueprint successful, but with 3 Warning(s) [in 0 ms]
[2015.07.28-14.02.45:955][  0]LogAIModule: Creating AISystem for world AdvancedVehicleExamplemap
[2015.07.28-14.02.45:963][  0]LogPhysics:Warning: PHYSX: ..\..\PhysXExtensions\src\ExtRigidBodyExt.cpp (217) 4 : computeMassAndInertia: Dynamic actor with illegal collision shapes
[2015.07.28-14.02.45:963][  0]LogPhysics:Warning: PHYSX: ..\..\PhysXExtensions\src\ExtRigidBodyExt.cpp (266) 4 : PxRigidBodyExt::updateMassAndInertia: Mass and inertia computation failed, setting mass to 1 and inertia to (1,1,1)
[2015.07.28-14.02.45:963][  0]LogPhysics:Warning: PHYSX: ..\..\PhysXExtensions\src\ExtRigidBodyExt.cpp (217) 4 : computeMassAndInertia: Dynamic actor with illegal collision shapes
[2015.07.28-14.02.45:963][  0]LogPhysics:Warning: PHYSX: ..\..\PhysXExtensions\src\ExtRigidBodyExt.cpp (266) 4 : PxRigidBodyExt::updateMassAndInertia: Mass and inertia computation failed, setting mass to 1 and inertia to (1,1,1)
[2015.07.28-14.02.45:963][  0]LogPhysics:Warning: PHYSX: ..\..\PhysXExtensions\src\ExtRigidBodyExt.cpp (217) 4 : computeMassAndInertia: Dynamic actor with illegal collision shapes
[2015.07.28-14.02.45:963][  0]LogPhysics:Warning: PHYSX: ..\..\PhysXExtensions\src\ExtRigidBodyExt.cpp (266) 4 : PxRigidBodyExt::updateMassAndInertia: Mass and inertia computation failed, setting mass to 1 and inertia to (1,1,1)
[2015.07.28-14.02.45:963][  0]LogPhysics:Warning: PHYSX: ..\..\PhysXExtensions\src\ExtRigidBodyExt.cpp (217) 4 : computeMassAndInertia: Dynamic actor with illegal collision shapes
[2015.07.28-14.02.45:963][  0]LogPhysics:Warning: PHYSX: ..\..\PhysXExtensions\src\ExtRigidBodyExt.cpp (266) 4 : PxRigidBodyExt::updateMassAndInertia: Mass and inertia computation failed, setting mass to 1 and inertia to (1,1,1)
[2015.07.28-14.02.45:964][  0]LogPhysics:Warning: PHYSX: ..\..\PhysXExtensions\src\ExtRigidBodyExt.cpp (217) 4 : computeMassAndInertia: Dynamic actor with illegal collision shapes
[2015.07.28-14.02.45:964][  0]LogPhysics:Warning: PHYSX: ..\..\PhysXExtensions\src\ExtRigidBodyExt.cpp (266) 4 : PxRigidBodyExt::updateMassAndInertia: Mass and inertia computation failed, setting mass to 1 and inertia to (1,1,1)
[2015.07.28-14.02.45:964][  0]LogPhysics:Warning: PHYSX: ..\..\PhysXExtensions\src\ExtRigidBodyExt.cpp (217) 4 : computeMassAndInertia: Dynamic actor with illegal collision shapes
[2015.07.28-14.02.45:964][  0]LogPhysics:Warning: PHYSX: ..\..\PhysXExtensions\src\ExtRigidBodyExt.cpp (266) 4 : PxRigidBodyExt::updateMassAndInertia: Mass and inertia computation failed, setting mass to 1 and inertia to (1,1,1)
[2015.07.28-14.02.45:964][  0]LogPhysics:Warning: PHYSX: ..\..\PhysXExtensions\src\ExtRigidBodyExt.cpp (217) 4 : computeMassAndInertia: Dynamic actor with illegal collision shapes
[2015.07.28-14.02.45:964][  0]LogPhysics:Warning: PHYSX: ..\..\PhysXExtensions\src\ExtRigidBodyExt.cpp (266) 4 : PxRigidBodyExt::updateMassAndInertia: Mass and inertia computation failed, setting mass to 1 and inertia to (1,1,1)
[2015.07.28-14.02.45:964][  0]LogPhysics:Warning: PHYSX: ..\..\PhysXExtensions\src\ExtRigidBodyExt.cpp (217) 4 : computeMassAndInertia: Dynamic actor with illegal collision shapes
[2015.07.28-14.02.45:964][  0]LogPhysics:Warning: PHYSX: ..\..\PhysXExtensions\src\ExtRigidBodyExt.cpp (266) 4 : PxRigidBodyExt::updateMassAndInertia: Mass and inertia computation failed, setting mass to 1 and inertia to (1,1,1)
[2015.07.28-14.02.45:964][  0]LogPhysics:Warning: PHYSX: ..\..\PhysXExtensions\src\ExtRigidBodyExt.cpp (217) 4 : computeMassAndInertia: Dynamic actor with illegal collision shapes
[2015.07.28-14.02.45:964][  0]LogPhysics:Warning: PHYSX: ..\..\PhysXExtensions\src\ExtRigidBodyExt.cpp (266) 4 : PxRigidBodyExt::updateMassAndInertia: Mass and inertia computation failed, setting mass to 1 and inertia to (1,1,1)
[2015.07.28-14.02.45:964][  0]LogPhysics:Warning: PHYSX: ..\..\PhysXExtensions\src\ExtRigidBodyExt.cpp (217) 4 : computeMassAndInertia: Dynamic actor with illegal collision shapes
[2015.07.28-14.02.45:964][  0]LogPhysics:Warning: PHYSX: ..\..\PhysXExtensions\src\ExtRigidBodyExt.cpp (266) 4 : PxRigidBodyExt::updateMassAndInertia: Mass and inertia computation failed, setting mass to 1 and inertia to (1,1,1)
[2015.07.28-14.02.45:964][  0]LogPhysics:Warning: PHYSX: ..\..\PhysXExtensions\src\ExtRigidBodyExt.cpp (217) 4 : computeMassAndInertia: Dynamic actor with illegal collision shapes
[2015.07.28-14.02.45:964][  0]LogPhysics:Warning: PHYSX: ..\..\PhysXExtensions\src\ExtRigidBodyExt.cpp (266) 4 : PxRigidBodyExt::updateMassAndInertia: Mass and inertia computation failed, setting mass to 1 and inertia to (1,1,1)
[2015.07.28-14.02.45:964][  0]LogPhysics:Warning: PHYSX: ..\..\PhysXExtensions\src\ExtRigidBodyExt.cpp (217) 4 : computeMassAndInertia: Dynamic actor with illegal collision shapes
[2015.07.28-14.02.45:964][  0]LogPhysics:Warning: PHYSX: ..\..\PhysXExtensions\src\ExtRigidBodyExt.cpp (266) 4 : PxRigidBodyExt::updateMassAndInertia: Mass and inertia computation failed, setting mass to 1 and inertia to (1,1,1)
[2015.07.28-14.02.45:965][  0]LogPhysics:Warning: PHYSX: ..\..\PhysXExtensions\src\ExtRigidBodyExt.cpp (217) 4 : computeMassAndInertia: Dynamic actor with illegal collision shapes
[2015.07.28-14.02.45:965][  0]LogPhysics:Warning: PHYSX: ..\..\PhysXExtensions\src\ExtRigidBodyExt.cpp (266) 4 : PxRigidBodyExt::updateMassAndInertia: Mass and inertia computation failed, setting mass to 1 and inertia to (1,1,1)
[2015.07.28-14.02.45:965][  0]LogPhysics:Warning: PHYSX: ..\..\PhysXExtensions\src\ExtRigidBodyExt.cpp (217) 4 : computeMassAndInertia: Dynamic actor with illegal collision shapes
[2015.07.28-14.02.45:965][  0]LogPhysics:Warning: PHYSX: ..\..\PhysXExtensions\src\ExtRigidBodyExt.cpp (266) 4 : PxRigidBodyExt::updateMassAndInertia: Mass and inertia computation failed, setting mass to 1 and inertia to (1,1,1)
[2015.07.28-14.02.45:965][  0]LogPhysics:Warning: PHYSX: ..\..\PhysXExtensions\src\ExtRigidBodyExt.cpp (217) 4 : computeMassAndInertia: Dynamic actor with illegal collision shapes
[2015.07.28-14.02.45:965][  0]LogPhysics:Warning: PHYSX: ..\..\PhysXExtensions\src\ExtRigidBodyExt.cpp (266) 4 : PxRigidBodyExt::updateMassAndInertia: Mass and inertia computation failed, setting mass to 1 and inertia to (1,1,1)
[2015.07.28-14.02.45:965][  0]LogPhysics:Warning: PHYSX: ..\..\PhysXExtensions\src\ExtRigidBodyExt.cpp (217) 4 : computeMassAndInertia: Dynamic actor with illegal collision shapes
[2015.07.28-14.02.45:965][  0]LogPhysics:Warning: PHYSX: ..\..\PhysXExtensions\src\ExtRigidBodyExt.cpp (266) 4 : PxRigidBodyExt::updateMassAndInertia: Mass and inertia computation failed, setting mass to 1 and inertia to (1,1,1)
[2015.07.28-14.02.45:965][  0]LogPhysics:Warning: PHYSX: ..\..\PhysXExtensions\src\ExtRigidBodyExt.cpp (217) 4 : computeMassAndInertia: Dynamic actor with illegal collision shapes
[2015.07.28-14.02.45:965][  0]LogPhysics:Warning: PHYSX: ..\..\PhysXExtensions\src\ExtRigidBodyExt.cpp (266) 4 : PxRigidBodyExt::updateMassAndInertia: Mass and inertia computation failed, setting mass to 1 and inertia to (1,1,1)
[2015.07.28-14.02.45:965][  0]LogPhysics:Warning: PHYSX: ..\..\PhysXExtensions\src\ExtRigidBodyExt.cpp (217) 4 : computeMassAndInertia: Dynamic actor with illegal collision shapes
[2015.07.28-14.02.45:965][  0]LogPhysics:Warning: PHYSX: ..\..\PhysXExtensions\src\ExtRigidBodyExt.cpp (266) 4 : PxRigidBodyExt::updateMassAndInertia: Mass and inertia computation failed, setting mass to 1 and inertia to (1,1,1)
[2015.07.28-14.02.45:965][  0]LogPhysics:Warning: PHYSX: ..\..\PhysXExtensions\src\ExtRigidBodyExt.cpp (217) 4 : computeMassAndInertia: Dynamic actor with illegal collision shapes
[2015.07.28-14.02.45:965][  0]LogPhysics:Warning: PHYSX: ..\..\PhysXExtensions\src\ExtRigidBodyExt.cpp (266) 4 : PxRigidBodyExt::updateMassAndInertia: Mass and inertia computation failed, setting mass to 1 and inertia to (1,1,1)
[2015.07.28-14.02.45:965][  0]LogPhysics:Warning: PHYSX: ..\..\PhysXExtensions\src\ExtRigidBodyExt.cpp (217) 4 : computeMassAndInertia: Dynamic actor with illegal collision shapes
[2015.07.28-14.02.45:966][  0]LogPhysics:Warning: PHYSX: ..\..\PhysXExtensions\src\ExtRigidBodyExt.cpp (266) 4 : PxRigidBodyExt::updateMassAndInertia: Mass and inertia computation failed, setting mass to 1 and inertia to (1,1,1)
[2015.07.28-14.02.45:966][  0]LogPhysics:Warning: PHYSX: ..\..\PhysXExtensions\src\ExtRigidBodyExt.cpp (217) 4 : computeMassAndInertia: Dynamic actor with illegal collision shapes
[2015.07.28-14.02.45:966][  0]LogPhysics:Warning: PHYSX: ..\..\PhysXExtensions\src\ExtRigidBodyExt.cpp (266) 4 : PxRigidBodyExt::updateMassAndInertia: Mass and inertia computation failed, setting mass to 1 and inertia to (1,1,1)
[2015.07.28-14.02.45:966][  0]LogPhysics:Warning: PHYSX: ..\..\PhysXExtensions\src\ExtRigidBodyExt.cpp (217) 4 : computeMassAndInertia: Dynamic actor with illegal collision shapes
[2015.07.28-14.02.45:966][  0]LogPhysics:Warning: PHYSX: ..\..\PhysXExtensions\src\ExtRigidBodyExt.cpp (266) 4 : PxRigidBodyExt::updateMassAndInertia: Mass and inertia computation failed, setting mass to 1 and inertia to (1,1,1)
[2015.07.28-14.02.45:966][  0]LogPhysics:Warning: PHYSX: ..\..\PhysXExtensions\src\ExtRigidBodyExt.cpp (217) 4 : computeMassAndInertia: Dynamic actor with illegal collision shapes
[2015.07.28-14.02.45:966][  0]LogPhysics:Warning: PHYSX: ..\..\PhysXExtensions\src\ExtRigidBodyExt.cpp (266) 4 : PxRigidBodyExt::updateMassAndInertia: Mass and inertia computation failed, setting mass to 1 and inertia to (1,1,1)
[2015.07.28-14.02.45:966][  0]LogPhysics:Warning: PHYSX: ..\..\PhysXExtensions\src\ExtRigidBodyExt.cpp (217) 4 : computeMassAndInertia: Dynamic actor with illegal collision shapes
[2015.07.28-14.02.45:966][  0]LogPhysics:Warning: PHYSX: ..\..\PhysXExtensions\src\ExtRigidBodyExt.cpp (266) 4 : PxRigidBodyExt::updateMassAndInertia: Mass and inertia computation failed, setting mass to 1 and inertia to (1,1,1)
[2015.07.28-14.02.45:966][  0]LogPhysics:Warning: PHYSX: ..\..\PhysXExtensions\src\ExtRigidBodyExt.cpp (217) 4 : computeMassAndInertia: Dynamic actor with illegal collision shapes
[2015.07.28-14.02.45:966][  0]LogPhysics:Warning: PHYSX: ..\..\PhysXExtensions\src\ExtRigidBodyExt.cpp (266) 4 : PxRigidBodyExt::updateMassAndInertia: Mass and inertia computation failed, setting mass to 1 and inertia to (1,1,1)
[2015.07.28-14.02.45:966][  0]LogPhysics:Warning: PHYSX: ..\..\PhysXExtensions\src\ExtRigidBodyExt.cpp (217) 4 : computeMassAndInertia: Dynamic actor with illegal collision shapes
[2015.07.28-14.02.45:966][  0]LogPhysics:Warning: PHYSX: ..\..\PhysXExtensions\src\ExtRigidBodyExt.cpp (266) 4 : PxRigidBodyExt::updateMassAndInertia: Mass and inertia computation failed, setting mass to 1 and inertia to (1,1,1)
[2015.07.28-14.02.45:966][  0]LogPhysics:Warning: PHYSX: ..\..\PhysXExtensions\src\ExtRigidBodyExt.cpp (217) 4 : computeMassAndInertia: Dynamic actor with illegal collision shapes
[2015.07.28-14.02.45:966][  0]LogPhysics:Warning: PHYSX: ..\..\PhysXExtensions\src\ExtRigidBodyExt.cpp (266) 4 : PxRigidBodyExt::updateMassAndInertia: Mass and inertia computation failed, setting mass to 1 and inertia to (1,1,1)
[2015.07.28-14.02.45:966][  0]LogPhysics:Warning: PHYSX: ..\..\PhysXExtensions\src\ExtRigidBodyExt.cpp (217) 4 : computeMassAndInertia: Dynamic actor with illegal collision shapes
[2015.07.28-14.02.45:966][  0]LogPhysics:Warning: PHYSX: ..\..\PhysXExtensions\src\ExtRigidBodyExt.cpp (266) 4 : PxRigidBodyExt::updateMassAndInertia: Mass and inertia computation failed, setting mass to 1 and inertia to (1,1,1)
[2015.07.28-14.02.45:967][  0]LogPhysics:Warning: PHYSX: ..\..\PhysXExtensions\src\ExtRigidBodyExt.cpp (217) 4 : computeMassAndInertia: Dynamic actor with illegal collision shapes
[2015.07.28-14.02.45:967][  0]LogPhysics:Warning: PHYSX: ..\..\PhysXExtensions\src\ExtRigidBodyExt.cpp (266) 4 : PxRigidBodyExt::updateMassAndInertia: Mass and inertia computation failed, setting mass to 1 and inertia to (1,1,1)
[2015.07.28-14.02.45:967][  0]LogPhysics:Warning: PHYSX: ..\..\PhysXExtensions\src\ExtRigidBodyExt.cpp (217) 4 : computeMassAndInertia: Dynamic actor with illegal collision shapes
[2015.07.28-14.02.45:967][  0]LogPhysics:Warning: PHYSX: ..\..\PhysXExtensions\src\ExtRigidBodyExt.cpp (266) 4 : PxRigidBodyExt::updateMassAndInertia: Mass and inertia computation failed, setting mass to 1 and inertia to (1,1,1)
[2015.07.28-14.02.45:967][  0]LogPhysics:Warning: PHYSX: ..\..\PhysXExtensions\src\ExtRigidBodyExt.cpp (217) 4 : computeMassAndInertia: Dynamic actor with illegal collision shapes
[2015.07.28-14.02.45:967][  0]LogPhysics:Warning: PHYSX: ..\..\PhysXExtensions\src\ExtRigidBodyExt.cpp (266) 4 : PxRigidBodyExt::updateMassAndInertia: Mass and inertia computation failed, setting mass to 1 and inertia to (1,1,1)
[2015.07.28-14.02.45:967][  0]LogPhysics:Warning: PHYSX: ..\..\PhysXExtensions\src\ExtRigidBodyExt.cpp (217) 4 : computeMassAndInertia: Dynamic actor with illegal collision shapes
[2015.07.28-14.02.45:967][  0]LogPhysics:Warning: PHYSX: ..\..\PhysXExtensions\src\ExtRigidBodyExt.cpp (266) 4 : PxRigidBodyExt::updateMassAndInertia: Mass and inertia computation failed, setting mass to 1 and inertia to (1,1,1)
[2015.07.28-14.02.45:967][  0]LogPhysics:Warning: PHYSX: ..\..\PhysXExtensions\src\ExtRigidBodyExt.cpp (217) 4 : computeMassAndInertia: Dynamic actor with illegal collision shapes
[2015.07.28-14.02.45:967][  0]LogPhysics:Warning: PHYSX: ..\..\PhysXExtensions\src\ExtRigidBodyExt.cpp (266) 4 : PxRigidBodyExt::updateMassAndInertia: Mass and inertia computation failed, setting mass to 1 and inertia to (1,1,1)
[2015.07.28-14.02.45:967][  0]LogPhysics:Warning: PHYSX: ..\..\PhysXExtensions\src\ExtRigidBodyExt.cpp (217) 4 : computeMassAndInertia: Dynamic actor with illegal collision shapes
[2015.07.28-14.02.45:967][  0]LogPhysics:Warning: PHYSX: ..\..\PhysXExtensions\src\ExtRigidBodyExt.cpp (266) 4 : PxRigidBodyExt::updateMassAndInertia: Mass and inertia computation failed, setting mass to 1 and inertia to (1,1,1)
[2015.07.28-14.02.45:967][  0]LogPhysics:Warning: PHYSX: ..\..\PhysXExtensions\src\ExtRigidBodyExt.cpp (217) 4 : computeMassAndInertia: Dynamic actor with illegal collision shapes
[2015.07.28-14.02.45:967][  0]LogPhysics:Warning: PHYSX: ..\..\PhysXExtensions\src\ExtRigidBodyExt.cpp (266) 4 : PxRigidBodyExt::updateMassAndInertia: Mass and inertia computation failed, setting mass to 1 and inertia to (1,1,1)
[2015.07.28-14.02.46:034][  0]LogMaterial:Warning: Material /Game/Assets/Models/M_Leaf.M_Leaf needed to have new flag set bUsedWithInstancedStaticMeshes !
[2015.07.28-14.02.46:036][  0]LogMaterial: Missing cached shader map for material M_Leaf, compiling. 
[2015.07.28-14.02.46:122][  0]LogMaterial: 0.000152 seconds spent updating 1 materials, 1 interfaces, 1 instances, 0 with static permutations.
[2015.07.28-14.02.46:123][  0]LogMaterial:Warning: Material /Game/Assets/Models/M_Stone.M_Stone needed to have new flag set bUsedWithInstancedStaticMeshes !
[2015.07.28-14.02.46:125][  0]LogMaterial: Missing cached shader map for material M_Stone, compiling. 
[2015.07.28-14.02.46:149][  0]LogMaterial: 0.000202 seconds spent updating 1 materials, 1 interfaces, 0 instances, 0 with static permutations.
[2015.07.28-14.02.46:193][  0]LogPhysics:Warning: PHYSX: ..\..\PhysXExtensions\src\ExtRigidBodyExt.cpp (217) 4 : computeMassAndInertia: Dynamic actor with illegal collision shapes
[2015.07.28-14.02.46:193][  0]LogPhysics:Warning: PHYSX: ..\..\PhysXExtensions\src\ExtRigidBodyExt.cpp (266) 4 : PxRigidBodyExt::updateMassAndInertia: Mass and inertia computation failed, setting mass to 1 and inertia to (1,1,1)
[2015.07.28-14.02.46:194][  0]LogPhysics:Warning: PHYSX: ..\..\PhysXExtensions\src\ExtRigidBodyExt.cpp (217) 4 : computeMassAndInertia: Dynamic actor with illegal collision shapes
[2015.07.28-14.02.46:194][  0]LogPhysics:Warning: PHYSX: ..\..\PhysXExtensions\src\ExtRigidBodyExt.cpp (266) 4 : PxRigidBodyExt::updateMassAndInertia: Mass and inertia computation failed, setting mass to 1 and inertia to (1,1,1)
[2015.07.28-14.02.46:195][  0]LogPhysics:Warning: PHYSX: ..\..\PhysXExtensions\src\ExtRigidBodyExt.cpp (217) 4 : computeMassAndInertia: Dynamic actor with illegal collision shapes
[2015.07.28-14.02.46:195][  0]LogPhysics:Warning: PHYSX: ..\..\PhysXExtensions\src\ExtRigidBodyExt.cpp (266) 4 : PxRigidBodyExt::updateMassAndInertia: Mass and inertia computation failed, setting mass to 1 and inertia to (1,1,1)
[2015.07.28-14.02.46:196][  0]LogPhysics:Warning: PHYSX: ..\..\PhysXExtensions\src\ExtRigidBodyExt.cpp (217) 4 : computeMassAndInertia: Dynamic actor with illegal collision shapes
[2015.07.28-14.02.46:196][  0]LogPhysics:Warning: PHYSX: ..\..\PhysXExtensions\src\ExtRigidBodyExt.cpp (266) 4 : PxRigidBodyExt::updateMassAndInertia: Mass and inertia computation failed, setting mass to 1 and inertia to (1,1,1)
[2015.07.28-14.02.46:197][  0]LogPhysics:Warning: PHYSX: ..\..\PhysXExtensions\src\ExtRigidBodyExt.cpp (217) 4 : computeMassAndInertia: Dynamic actor with illegal collision shapes
[2015.07.28-14.02.46:197][  0]LogPhysics:Warning: PHYSX: ..\..\PhysXExtensions\src\ExtRigidBodyExt.cpp (266) 4 : PxRigidBodyExt::updateMassAndInertia: Mass and inertia computation failed, setting mass to 1 and inertia to (1,1,1)
[2015.07.28-14.02.46:198][  0]LogPhysics:Warning: PHYSX: ..\..\PhysXExtensions\src\ExtRigidBodyExt.cpp (217) 4 : computeMassAndInertia: Dynamic actor with illegal collision shapes
[2015.07.28-14.02.46:198][  0]LogPhysics:Warning: PHYSX: ..\..\PhysXExtensions\src\ExtRigidBodyExt.cpp (266) 4 : PxRigidBodyExt::updateMassAndInertia: Mass and inertia computation failed, setting mass to 1 and inertia to (1,1,1)
[2015.07.28-14.02.46:199][  0]LogPhysics:Warning: PHYSX: ..\..\PhysXExtensions\src\ExtRigidBodyExt.cpp (217) 4 : computeMassAndInertia: Dynamic actor with illegal collision shapes
[2015.07.28-14.02.46:199][  0]LogPhysics:Warning: PHYSX: ..\..\PhysXExtensions\src\ExtRigidBodyExt.cpp (266) 4 : PxRigidBodyExt::updateMassAndInertia: Mass and inertia computation failed, setting mass to 1 and inertia to (1,1,1)
[2015.07.28-14.02.46:200][  0]LogPhysics:Warning: PHYSX: ..\..\PhysXExtensions\src\ExtRigidBodyExt.cpp (217) 4 : computeMassAndInertia: Dynamic actor with illegal collision shapes
[2015.07.28-14.02.46:200][  0]LogPhysics:Warning: PHYSX: ..\..\PhysXExtensions\src\ExtRigidBodyExt.cpp (266) 4 : PxRigidBodyExt::updateMassAndInertia: Mass and inertia computation failed, setting mass to 1 and inertia to (1,1,1)
[2015.07.28-14.02.46:201][  0]LogPhysics:Warning: PHYSX: ..\..\PhysXExtensions\src\ExtRigidBodyExt.cpp (217) 4 : computeMassAndInertia: Dynamic actor with illegal collision shapes
[2015.07.28-14.02.46:201][  0]LogPhysics:Warning: PHYSX: ..\..\PhysXExtensions\src\ExtRigidBodyExt.cpp (266) 4 : PxRigidBodyExt::updateMassAndInertia: Mass and inertia computation failed, setting mass to 1 and inertia to (1,1,1)
[2015.07.28-14.02.46:202][  0]LogPhysics:Warning: PHYSX: ..\..\PhysXExtensions\src\ExtRigidBodyExt.cpp (217) 4 : computeMassAndInertia: Dynamic actor with illegal collision shapes
[2015.07.28-14.02.46:202][  0]LogPhysics:Warning: PHYSX: ..\..\PhysXExtensions\src\ExtRigidBodyExt.cpp (266) 4 : PxRigidBodyExt::updateMassAndInertia: Mass and inertia computation failed, setting mass to 1 and inertia to (1,1,1)
[2015.07.28-14.02.46:203][  0]LogPhysics:Warning: PHYSX: ..\..\PhysXExtensions\src\ExtRigidBodyExt.cpp (217) 4 : computeMassAndInertia: Dynamic actor with illegal collision shapes
[2015.07.28-14.02.46:203][  0]LogPhysics:Warning: PHYSX: ..\..\PhysXExtensions\src\ExtRigidBodyExt.cpp (266) 4 : PxRigidBodyExt::updateMassAndInertia: Mass and inertia computation failed, setting mass to 1 and inertia to (1,1,1)
[2015.07.28-14.02.46:204][  0]LogPhysics:Warning: PHYSX: ..\..\PhysXExtensions\src\ExtRigidBodyExt.cpp (217) 4 : computeMassAndInertia: Dynamic actor with illegal collision shapes
[2015.07.28-14.02.46:204][  0]LogPhysics:Warning: PHYSX: ..\..\PhysXExtensions\src\ExtRigidBodyExt.cpp (266) 4 : PxRigidBodyExt::updateMassAndInertia: Mass and inertia computation failed, setting mass to 1 and inertia to (1,1,1)
[2015.07.28-14.02.46:205][  0]LogPhysics:Warning: PHYSX: ..\..\PhysXExtensions\src\ExtRigidBodyExt.cpp (217) 4 : computeMassAndInertia: Dynamic actor with illegal collision shapes
[2015.07.28-14.02.46:205][  0]LogPhysics:Warning: PHYSX: ..\..\PhysXExtensions\src\ExtRigidBodyExt.cpp (266) 4 : PxRigidBodyExt::updateMassAndInertia: Mass and inertia computation failed, setting mass to 1 and inertia to (1,1,1)
[2015.07.28-14.02.46:206][  0]LogPhysics:Warning: PHYSX: ..\..\PhysXExtensions\src\ExtRigidBodyExt.cpp (217) 4 : computeMassAndInertia: Dynamic actor with illegal collision shapes
[2015.07.28-14.02.46:206][  0]LogPhysics:Warning: PHYSX: ..\..\PhysXExtensions\src\ExtRigidBodyExt.cpp (266) 4 : PxRigidBodyExt::updateMassAndInertia: Mass and inertia computation failed, setting mass to 1 and inertia to (1,1,1)
[2015.07.28-14.02.46:207][  0]LogPhysics:Warning: PHYSX: ..\..\PhysXExtensions\src\ExtRigidBodyExt.cpp (217) 4 : computeMassAndInertia: Dynamic actor with illegal collision shapes
[2015.07.28-14.02.46:207][  0]LogPhysics:Warning: PHYSX: ..\..\PhysXExtensions\src\ExtRigidBodyExt.cpp (266) 4 : PxRigidBodyExt::updateMassAndInertia: Mass and inertia computation failed, setting mass to 1 and inertia to (1,1,1)
[2015.07.28-14.02.46:208][  0]LogPhysics:Warning: PHYSX: ..\..\PhysXExtensions\src\ExtRigidBodyExt.cpp (217) 4 : computeMassAndInertia: Dynamic actor with illegal collision shapes
[2015.07.28-14.02.46:208][  0]LogPhysics:Warning: PHYSX: ..\..\PhysXExtensions\src\ExtRigidBodyExt.cpp (266) 4 : PxRigidBodyExt::updateMassAndInertia: Mass and inertia computation failed, setting mass to 1 and inertia to (1,1,1)
[2015.07.28-14.02.46:209][  0]LogPhysics:Warning: PHYSX: ..\..\PhysXExtensions\src\ExtRigidBodyExt.cpp (217) 4 : computeMassAndInertia: Dynamic actor with illegal collision shapes
[2015.07.28-14.02.46:209][  0]LogPhysics:Warning: PHYSX: ..\..\PhysXExtensions\src\ExtRigidBodyExt.cpp (266) 4 : PxRigidBodyExt::updateMassAndInertia: Mass and inertia computation failed, setting mass to 1 and inertia to (1,1,1)
[2015.07.28-14.02.46:210][  0]LogPhysics:Warning: PHYSX: ..\..\PhysXExtensions\src\ExtRigidBodyExt.cpp (217) 4 : computeMassAndInertia: Dynamic actor with illegal collision shapes
[2015.07.28-14.02.46:210][  0]LogPhysics:Warning: PHYSX: ..\..\PhysXExtensions\src\ExtRigidBodyExt.cpp (266) 4 : PxRigidBodyExt::updateMassAndInertia: Mass and inertia computation failed, setting mass to 1 and inertia to (1,1,1)
[2015.07.28-14.02.46:211][  0]LogPhysics:Warning: PHYSX: ..\..\PhysXExtensions\src\ExtRigidBodyExt.cpp (217) 4 : computeMassAndInertia: Dynamic actor with illegal collision shapes
[2015.07.28-14.02.46:211][  0]LogPhysics:Warning: PHYSX: ..\..\PhysXExtensions\src\ExtRigidBodyExt.cpp (266) 4 : PxRigidBodyExt::updateMassAndInertia: Mass and inertia computation failed, setting mass to 1 and inertia to (1,1,1)
[2015.07.28-14.02.46:212][  0]LogPhysics:Warning: PHYSX: ..\..\PhysXExtensions\src\ExtRigidBodyExt.cpp (217) 4 : computeMassAndInertia: Dynamic actor with illegal collision shapes
[2015.07.28-14.02.46:212][  0]LogPhysics:Warning: PHYSX: ..\..\PhysXExtensions\src\ExtRigidBodyExt.cpp (266) 4 : PxRigidBodyExt::updateMassAndInertia: Mass and inertia computation failed, setting mass to 1 and inertia to (1,1,1)
[2015.07.28-14.02.46:213][  0]LogPhysics:Warning: PHYSX: ..\..\PhysXExtensions\src\ExtRigidBodyExt.cpp (217) 4 : computeMassAndInertia: Dynamic actor with illegal collision shapes
[2015.07.28-14.02.46:213][  0]LogPhysics:Warning: PHYSX: ..\..\PhysXExtensions\src\ExtRigidBodyExt.cpp (266) 4 : PxRigidBodyExt::updateMassAndInertia: Mass and inertia computation failed, setting mass to 1 and inertia to (1,1,1)
[2015.07.28-14.02.46:214][  0]LogPhysics:Warning: PHYSX: ..\..\PhysXExtensions\src\ExtRigidBodyExt.cpp (217) 4 : computeMassAndInertia: Dynamic actor with illegal collision shapes
[2015.07.28-14.02.46:214][  0]LogPhysics:Warning: PHYSX: ..\..\PhysXExtensions\src\ExtRigidBodyExt.cpp (266) 4 : PxRigidBodyExt::updateMassAndInertia: Mass and inertia computation failed, setting mass to 1 and inertia to (1,1,1)
[2015.07.28-14.02.46:215][  0]LogPhysics:Warning: PHYSX: ..\..\PhysXExtensions\src\ExtRigidBodyExt.cpp (217) 4 : computeMassAndInertia: Dynamic actor with illegal collision shapes
[2015.07.28-14.02.46:215][  0]LogPhysics:Warning: PHYSX: ..\..\PhysXExtensions\src\ExtRigidBodyExt.cpp (266) 4 : PxRigidBodyExt::updateMassAndInertia: Mass and inertia computation failed, setting mass to 1 and inertia to (1,1,1)
[2015.07.28-14.02.46:216][  0]LogPhysics:Warning: PHYSX: ..\..\PhysXExtensions\src\ExtRigidBodyExt.cpp (217) 4 : computeMassAndInertia: Dynamic actor with illegal collision shapes
[2015.07.28-14.02.46:216][  0]LogPhysics:Warning: PHYSX: ..\..\PhysXExtensions\src\ExtRigidBodyExt.cpp (266) 4 : PxRigidBodyExt::updateMassAndInertia: Mass and inertia computation failed, setting mass to 1 and inertia to (1,1,1)
[2015.07.28-14.02.46:217][  0]LogPhysics:Warning: PHYSX: ..\..\PhysXExtensions\src\ExtRigidBodyExt.cpp (217) 4 : computeMassAndInertia: Dynamic actor with illegal collision shapes
[2015.07.28-14.02.46:217][  0]LogPhysics:Warning: PHYSX: ..\..\PhysXExtensions\src\ExtRigidBodyExt.cpp (266) 4 : PxRigidBodyExt::updateMassAndInertia: Mass and inertia computation failed, setting mass to 1 and inertia to (1,1,1)
[2015.07.28-14.02.46:218][  0]LogPhysics:Warning: PHYSX: ..\..\PhysXExtensions\src\ExtRigidBodyExt.cpp (217) 4 : computeMassAndInertia: Dynamic actor with illegal collision shapes
[2015.07.28-14.02.46:218][  0]LogPhysics:Warning: PHYSX: ..\..\PhysXExtensions\src\ExtRigidBodyExt.cpp (266) 4 : PxRigidBodyExt::updateMassAndInertia: Mass and inertia computation failed, setting mass to 1 and inertia to (1,1,1)
[2015.07.28-14.02.46:219][  0]LogPhysics:Warning: PHYSX: ..\..\PhysXExtensions\src\ExtRigidBodyExt.cpp (217) 4 : computeMassAndInertia: Dynamic actor with illegal collision shapes
[2015.07.28-14.02.46:219][  0]LogPhysics:Warning: PHYSX: ..\..\PhysXExtensions\src\ExtRigidBodyExt.cpp (266) 4 : PxRigidBodyExt::updateMassAndInertia: Mass and inertia computation failed, setting mass to 1 and inertia to (1,1,1)
[2015.07.28-14.02.46:220][  0]LogPhysics:Warning: PHYSX: ..\..\PhysXExtensions\src\ExtRigidBodyExt.cpp (217) 4 : computeMassAndInertia: Dynamic actor with illegal collision shapes
[2015.07.28-14.02.46:220][  0]LogPhysics:Warning: PHYSX: ..\..\PhysXExtensions\src\ExtRigidBodyExt.cpp (266) 4 : PxRigidBodyExt::updateMassAndInertia: Mass and inertia computation failed, setting mass to 1 and inertia to (1,1,1)
[2015.07.28-14.02.46:221][  0]LogPhysics:Warning: PHYSX: ..\..\PhysXExtensions\src\ExtRigidBodyExt.cpp (217) 4 : computeMassAndInertia: Dynamic actor with illegal collision shapes
[2015.07.28-14.02.46:221][  0]LogPhysics:Warning: PHYSX: ..\..\PhysXExtensions\src\ExtRigidBodyExt.cpp (266) 4 : PxRigidBodyExt::updateMassAndInertia: Mass and inertia computation failed, setting mass to 1 and inertia to (1,1,1)
[2015.07.28-14.02.46:221][  0]LogPhysics:Warning: PHYSX: ..\..\PhysXExtensions\src\ExtRigidBodyExt.cpp (217) 4 : computeMassAndInertia: Dynamic actor with illegal collision shapes
[2015.07.28-14.02.46:222][  0]LogPhysics:Warning: PHYSX: ..\..\PhysXExtensions\src\ExtRigidBodyExt.cpp (266) 4 : PxRigidBodyExt::updateMassAndInertia: Mass and inertia computation failed, setting mass to 1 and inertia to (1,1,1)
[2015.07.28-14.02.46:222][  0]LogPhysics:Warning: PHYSX: ..\..\PhysXExtensions\src\ExtRigidBodyExt.cpp (217) 4 : computeMassAndInertia: Dynamic actor with illegal collision shapes
[2015.07.28-14.02.46:222][  0]LogPhysics:Warning: PHYSX: ..\..\PhysXExtensions\src\ExtRigidBodyExt.cpp (266) 4 : PxRigidBodyExt::updateMassAndInertia: Mass and inertia computation failed, setting mass to 1 and inertia to (1,1,1)
[2015.07.28-14.02.46:223][  0]LogPhysics:Warning: PHYSX: ..\..\PhysXExtensions\src\ExtRigidBodyExt.cpp (217) 4 : computeMassAndInertia: Dynamic actor with illegal collision shapes
[2015.07.28-14.02.46:223][  0]LogPhysics:Warning: PHYSX: ..\..\PhysXExtensions\src\ExtRigidBodyExt.cpp (266) 4 : PxRigidBodyExt::updateMassAndInertia: Mass and inertia computation failed, setting mass to 1 and inertia to (1,1,1)
[2015.07.28-14.02.46:224][  0]LogPhysics:Warning: PHYSX: ..\..\PhysXExtensions\src\ExtRigidBodyExt.cpp (217) 4 : computeMassAndInertia: Dynamic actor with illegal collision shapes
[2015.07.28-14.02.46:224][  0]LogPhysics:Warning: PHYSX: ..\..\PhysXExtensions\src\ExtRigidBodyExt.cpp (266) 4 : PxRigidBodyExt::updateMassAndInertia: Mass and inertia computation failed, setting mass to 1 and inertia to (1,1,1)
[2015.07.28-14.02.46:225][  0]LogPhysics:Warning: PHYSX: ..\..\PhysXExtensions\src\ExtRigidBodyExt.cpp (217) 4 : computeMassAndInertia: Dynamic actor with illegal collision shapes
[2015.07.28-14.02.46:225][  0]LogPhysics:Warning: PHYSX: ..\..\PhysXExtensions\src\ExtRigidBodyExt.cpp (266) 4 : PxRigidBodyExt::updateMassAndInertia: Mass and inertia computation failed, setting mass to 1 and inertia to (1,1,1)
[2015.07.28-14.02.46:226][  0]LogPhysics:Warning: PHYSX: ..\..\PhysXExtensions\src\ExtRigidBodyExt.cpp (217) 4 : computeMassAndInertia: Dynamic actor with illegal collision shapes
[2015.07.28-14.02.46:226][  0]LogPhysics:Warning: PHYSX: ..\..\PhysXExtensions\src\ExtRigidBodyExt.cpp (266) 4 : PxRigidBodyExt::updateMassAndInertia: Mass and inertia computation failed, setting mass to 1 and inertia to (1,1,1)
[2015.07.28-14.02.46:253][  0]LogEditorServer: Finished looking for orphan Actors (0.000 secs)
[2015.07.28-14.02.46:987][  0]Cmd: MAP CHECKDEP NOCLEARLOG
[2015.07.28-14.02.47:087][  0]MapCheck: Info Map check complete: 0 Error(s), 0 Warning(s), took 99.941ms to complete.
[2015.07.28-14.02.47:087][  0]LogFileHelpers: Loading map 'AdvancedVehicleExamplemap' took 4.715
[2015.07.28-14.02.47:256][  0]LogCollectionManager: Loaded 0 collections in 0.003545 seconds
[2015.07.28-14.02.47:268][  0]LogContentBrowser: Native class hierarchy populated in 0.0121 seconds. Added 1792 classes and 301 folders.
[2015.07.28-14.02.47:337][  0]LogContentBrowser: Native class hierarchy updated for 'WidgetCarousel' in 0.0005 seconds. Added 0 classes and 0 folders.
[2015.07.28-14.02.47:382][  0]LogContentBrowser: Native class hierarchy updated for 'AddContentDialog' in 0.0005 seconds. Added 0 classes and 0 folders.
[2015.07.28-14.02.47:410][  0]LogContentBrowser: Native class hierarchy updated for 'SceneOutliner' in 0.0005 seconds. Added 1 classes and 2 folders.
[2015.07.28-14.02.47:581][  0]LogCrashTracker: Crashtracker disabled due to settings.
[2015.07.28-14.02.47:583][  0]LogD3D11RHI: InitD3DDevice
[2015.07.28-14.02.47:611][  0]LogUObjectGlobals:Warning: Failed to find object 'Class None.'
[2015.07.28-14.02.47:676][  0]LogLoad: Full Startup: 15.79 seconds (BP compile: 0.83 seconds)
[2015.07.28-14.02.47:792][  0]LogContentStreaming: Texture pool size is 0.000000MB
[2015.07.28-14.02.48:082][  0]LogContentStreaming: Texture pool size now 400 MB
[2015.07.28-14.02.48:361][  0]LogRenderer: Reallocating scene render targets to support 1048x496 (Frame:2).
[2015.07.28-14.02.48:542][  1]Cmd: UpdateLandscapeEditorData -warnings
[2015.07.28-14.02.48:544][  1]Cmd: UpdateLandscapeEditorData
[2015.07.28-14.02.48:765][  2]LogD3D11RHI: InitD3DDevice
[2015.07.28-14.02.49:646][ 15]LogD3D11RHI: InitD3DDevice
[2015.07.28-14.02.49:668][ 15]LogAssetRegistry: Asset discovery search completed in 8.6277 seconds
[2015.07.28-14.03.59:370][242]LogEditorViewport: Clicking on Actor (LMB): BP_Sky_Sphere_C (SkyShereBlueprint)
[2015.07.28-14.04.08:706][510]Cmd: TRANSACTION UNDO
[2015.07.28-14.04.08:706][510]LogEditorTransaction: Undo Edit Sun Height
[2015.07.28-14.04.08:741][510]LogD3D11RHI: InitD3DDevice
[2015.07.28-14.04.08:950][518]Cmd: TRANSACTION UNDO
[2015.07.28-14.04.08:950][518]LogEditorTransaction: Undo Rotate Actors
[2015.07.28-14.04.09:517][542]LogEditorViewport: Clicking on Actor (LMB): BP_Sky_Sphere_C (SkyShereBlueprint)
[2015.07.28-14.04.15:041][698]LogEditorViewport: Clicking on Actor (LMB): BP_Sky_Sphere_C (SkyShereBlueprint)
[2015.07.28-14.04.38:700][472]LogEditorViewport: Clicking on Actor (LMB): BP_Sky_Sphere_C (SkyShereBlueprint)
[2015.07.28-14.05.40:037][173]LogEditorViewport: Clicking on Actor (LMB): BP_Sky_Sphere_C (SkyShereBlueprint)
[2015.07.28-14.05.40:149][174]LogEditorViewport: Clicking on Component (LMB): StaticMeshComponent (Sky Sphere mesh)
[2015.07.28-14.05.43:326][281]LogEditorViewport: Clicking on Component (LMB): StaticMeshComponent (Sky Sphere mesh)
[2015.07.28-14.05.43:424][282]LogEditorViewport: Clicking on Actor (double click): BP_Sky_Sphere_C (SkyShereBlueprint)
[2015.07.28-14.05.46:643][370]LogD3D11RHI: InitD3DDevice
[2015.07.28-14.05.54:551][648]LogEditorViewport: Clicking on Actor (LMB): BP_Sky_Sphere_C (SkyShereBlueprint)
[2015.07.28-14.05.54:595][648]LogEditorViewport: Clicking on Component (LMB): StaticMeshComponent (Sky Sphere mesh)
[2015.07.28-14.05.55:655][676]LogEditorViewport: Clicking on Component (LMB): StaticMeshComponent (Sky Sphere mesh)
[2015.07.28-14.05.55:788][678]LogEditorViewport: Clicking on Actor (double click): BP_Sky_Sphere_C (SkyShereBlueprint)
[2015.07.28-14.06.48:349][294]LogEditorViewport: Clicking on Actor (LMB): BP_Sky_Sphere_C (SkyShereBlueprint)
[2015.07.28-14.07.08:664][849]LogD3D11RHI: InitD3DDevice
[2015.07.28-14.07.43:635][906]LogEditorViewport: Clicking on Actor (LMB): BP_Sky_Sphere_C (SkyShereBlueprint)
[2015.07.28-14.07.44:291][922]LogEditorViewport: Clicking on Actor (LMB): BP_Sky_Sphere_C (SkyShereBlueprint)
[2015.07.28-14.07.45:176][945]LogEditorViewport: Clicking on Actor (LMB): Landscape (Landscape4)
[2015.07.28-14.07.45:922][959]LogEditorViewport: Clicking on Actor (LMB): BP_Sky_Sphere_C (SkyShereBlueprint)
[2015.07.28-14.07.46:616][977]LogEditorViewport: Clicking on Actor (LMB): BP_Sky_Sphere_C (SkyShereBlueprint)
[2015.07.28-14.07.46:804][981]LogEditorViewport: Clicking on Component (LMB): StaticMeshComponent (Sky Sphere mesh)
[2015.07.28-14.07.48:054][ 14]LogEditorViewport: Clicking on Component (LMB): StaticMeshComponent (Sky Sphere mesh)
[2015.07.28-14.07.48:807][ 33]LogEditorViewport: Clicking on Component (LMB): StaticMeshComponent (Sky Sphere mesh)
[2015.07.28-14.08.17:749][ 72]LogD3D11RHI: InitD3DDevice
[2015.07.28-14.08.27:007][375]LogD3D11RHI: InitD3DDevice
[2015.07.28-14.08.54:223][108]LogD3D11RHI: InitD3DDevice
[2015.07.28-14.09.37:535][336]LogPlayLevel: PIE:  No blueprints needed recompiling
[2015.07.28-14.09.37:541][336]PIE: New page: PIE session: AdvancedVehicleExamplemap (Jul 28, 2015, 8:09:37 PM)
[2015.07.28-14.09.37:542][336]LogPlayLevel: Creating play world package: /Game/VehicleAdvBP/Maps/UEDPIE_0_AdvancedVehicleExamplemap
[2015.07.28-14.09.37:794][336]LogPlayLevel: PIE: StaticDuplicateObject took: (0.251655s)
[2015.07.28-14.09.37:795][336]LogAIModule: Creating AISystem for world AdvancedVehicleExamplemap
[2015.07.28-14.09.37:796][336]LogPlayLevel: PIE: World Init took: (0.002247s)
[2015.07.28-14.09.37:796][336]LogPlayLevel: PIE: Created PIE world by copying editor world from /Game/VehicleAdvBP/Maps/AdvancedVehicleExamplemap.AdvancedVehicleExamplemap to /Game/VehicleAdvBP/Maps/UEDPIE_0_AdvancedVehicleExamplemap.AdvancedVehicleExamplemap (0.254502s)
[2015.07.28-14.09.38:071][336]LogInit: XAudio2 using 'Speakers (Realtek High Definition Audio)' : 2 channels at 48 kHz using 32 bits per sample (channel mask 0x3)
[2015.07.28-14.09.38:087][336]LogInit: FAudioDevice initialized.
[2015.07.28-14.09.38:155][336]LogWorld: Game class is 'VehicleAdvGameMode_C'
[2015.07.28-14.09.38:168][336]LogPhysics:Warning: PHYSX: ..\..\PhysXExtensions\src\ExtRigidBodyExt.cpp (217) 4 : computeMassAndInertia: Dynamic actor with illegal collision shapes
[2015.07.28-14.09.38:168][336]LogPhysics:Warning: PHYSX: ..\..\PhysXExtensions\src\ExtRigidBodyExt.cpp (266) 4 : PxRigidBodyExt::updateMassAndInertia: Mass and inertia computation failed, setting mass to 1 and inertia to (1,1,1)
[2015.07.28-14.09.38:169][336]LogPhysics:Warning: PHYSX: ..\..\PhysXExtensions\src\ExtRigidBodyExt.cpp (217) 4 : computeMassAndInertia: Dynamic actor with illegal collision shapes
[2015.07.28-14.09.38:169][336]LogPhysics:Warning: PHYSX: ..\..\PhysXExtensions\src\ExtRigidBodyExt.cpp (266) 4 : PxRigidBodyExt::updateMassAndInertia: Mass and inertia computation failed, setting mass to 1 and inertia to (1,1,1)
[2015.07.28-14.09.38:169][336]LogPhysics:Warning: PHYSX: ..\..\PhysXExtensions\src\ExtRigidBodyExt.cpp (217) 4 : computeMassAndInertia: Dynamic actor with illegal collision shapes
[2015.07.28-14.09.38:169][336]LogPhysics:Warning: PHYSX: ..\..\PhysXExtensions\src\ExtRigidBodyExt.cpp (266) 4 : PxRigidBodyExt::updateMassAndInertia: Mass and inertia computation failed, setting mass to 1 and inertia to (1,1,1)
[2015.07.28-14.09.38:169][336]LogPhysics:Warning: PHYSX: ..\..\PhysXExtensions\src\ExtRigidBodyExt.cpp (217) 4 : computeMassAndInertia: Dynamic actor with illegal collision shapes
[2015.07.28-14.09.38:169][336]LogPhysics:Warning: PHYSX: ..\..\PhysXExtensions\src\ExtRigidBodyExt.cpp (266) 4 : PxRigidBodyExt::updateMassAndInertia: Mass and inertia computation failed, setting mass to 1 and inertia to (1,1,1)
[2015.07.28-14.09.38:170][336]LogPhysics:Warning: PHYSX: ..\..\PhysXExtensions\src\ExtRigidBodyExt.cpp (217) 4 : computeMassAndInertia: Dynamic actor with illegal collision shapes
[2015.07.28-14.09.38:170][336]LogPhysics:Warning: PHYSX: ..\..\PhysXExtensions\src\ExtRigidBodyExt.cpp (266) 4 : PxRigidBodyExt::updateMassAndInertia: Mass and inertia computation failed, setting mass to 1 and inertia to (1,1,1)
[2015.07.28-14.09.38:170][336]LogPhysics:Warning: PHYSX: ..\..\PhysXExtensions\src\ExtRigidBodyExt.cpp (217) 4 : computeMassAndInertia: Dynamic actor with illegal collision shapes
[2015.07.28-14.09.38:170][336]LogPhysics:Warning: PHYSX: ..\..\PhysXExtensions\src\ExtRigidBodyExt.cpp (266) 4 : PxRigidBodyExt::updateMassAndInertia: Mass and inertia computation failed, setting mass to 1 and inertia to (1,1,1)
[2015.07.28-14.09.38:171][336]LogPhysics:Warning: PHYSX: ..\..\PhysXExtensions\src\ExtRigidBodyExt.cpp (217) 4 : computeMassAndInertia: Dynamic actor with illegal collision shapes
[2015.07.28-14.09.38:171][336]LogPhysics:Warning: PHYSX: ..\..\PhysXExtensions\src\ExtRigidBodyExt.cpp (266) 4 : PxRigidBodyExt::updateMassAndInertia: Mass and inertia computation failed, setting mass to 1 and inertia to (1,1,1)
[2015.07.28-14.09.38:171][336]LogPhysics:Warning: PHYSX: ..\..\PhysXExtensions\src\ExtRigidBodyExt.cpp (217) 4 : computeMassAndInertia: Dynamic actor with illegal collision shapes
[2015.07.28-14.09.38:171][336]LogPhysics:Warning: PHYSX: ..\..\PhysXExtensions\src\ExtRigidBodyExt.cpp (266) 4 : PxRigidBodyExt::updateMassAndInertia: Mass and inertia computation failed, setting mass to 1 and inertia to (1,1,1)
[2015.07.28-14.09.38:171][336]LogPhysics:Warning: PHYSX: ..\..\PhysXExtensions\src\ExtRigidBodyExt.cpp (217) 4 : computeMassAndInertia: Dynamic actor with illegal collision shapes
[2015.07.28-14.09.38:171][336]LogPhysics:Warning: PHYSX: ..\..\PhysXExtensions\src\ExtRigidBodyExt.cpp (266) 4 : PxRigidBodyExt::updateMassAndInertia: Mass and inertia computation failed, setting mass to 1 and inertia to (1,1,1)
[2015.07.28-14.09.38:172][336]LogPhysics:Warning: PHYSX: ..\..\PhysXExtensions\src\ExtRigidBodyExt.cpp (217) 4 : computeMassAndInertia: Dynamic actor with illegal collision shapes
[2015.07.28-14.09.38:172][336]LogPhysics:Warning: PHYSX: ..\..\PhysXExtensions\src\ExtRigidBodyExt.cpp (266) 4 : PxRigidBodyExt::updateMassAndInertia: Mass and inertia computation failed, setting mass to 1 and inertia to (1,1,1)
[2015.07.28-14.09.38:172][336]LogPhysics:Warning: PHYSX: ..\..\PhysXExtensions\src\ExtRigidBodyExt.cpp (217) 4 : computeMassAndInertia: Dynamic actor with illegal collision shapes
[2015.07.28-14.09.38:172][336]LogPhysics:Warning: PHYSX: ..\..\PhysXExtensions\src\ExtRigidBodyExt.cpp (266) 4 : PxRigidBodyExt::updateMassAndInertia: Mass and inertia computation failed, setting mass to 1 and inertia to (1,1,1)
[2015.07.28-14.09.38:172][336]LogPhysics:Warning: PHYSX: ..\..\PhysXExtensions\src\ExtRigidBodyExt.cpp (217) 4 : computeMassAndInertia: Dynamic actor with illegal collision shapes
[2015.07.28-14.09.38:172][336]LogPhysics:Warning: PHYSX: ..\..\PhysXExtensions\src\ExtRigidBodyExt.cpp (266) 4 : PxRigidBodyExt::updateMassAndInertia: Mass and inertia computation failed, setting mass to 1 and inertia to (1,1,1)
[2015.07.28-14.09.38:173][336]LogPhysics:Warning: PHYSX: ..\..\PhysXExtensions\src\ExtRigidBodyExt.cpp (217) 4 : computeMassAndInertia: Dynamic actor with illegal collision shapes
[2015.07.28-14.09.38:173][336]LogPhysics:Warning: PHYSX: ..\..\PhysXExtensions\src\ExtRigidBodyExt.cpp (266) 4 : PxRigidBodyExt::updateMassAndInertia: Mass and inertia computation failed, setting mass to 1 and inertia to (1,1,1)
[2015.07.28-14.09.38:173][336]LogPhysics:Warning: PHYSX: ..\..\PhysXExtensions\src\ExtRigidBodyExt.cpp (217) 4 : computeMassAndInertia: Dynamic actor with illegal collision shapes
[2015.07.28-14.09.38:173][336]LogPhysics:Warning: PHYSX: ..\..\PhysXExtensions\src\ExtRigidBodyExt.cpp (266) 4 : PxRigidBodyExt::updateMassAndInertia: Mass and inertia computation failed, setting mass to 1 and inertia to (1,1,1)
[2015.07.28-14.09.38:174][336]LogPhysics:Warning: PHYSX: ..\..\PhysXExtensions\src\ExtRigidBodyExt.cpp (217) 4 : computeMassAndInertia: Dynamic actor with illegal collision shapes
[2015.07.28-14.09.38:174][336]LogPhysics:Warning: PHYSX: ..\..\PhysXExtensions\src\ExtRigidBodyExt.cpp (266) 4 : PxRigidBodyExt::updateMassAndInertia: Mass and inertia computation failed, setting mass to 1 and inertia to (1,1,1)
[2015.07.28-14.09.38:174][336]LogPhysics:Warning: PHYSX: ..\..\PhysXExtensions\src\ExtRigidBodyExt.cpp (217) 4 : computeMassAndInertia: Dynamic actor with illegal collision shapes
[2015.07.28-14.09.38:174][336]LogPhysics:Warning: PHYSX: ..\..\PhysXExtensions\src\ExtRigidBodyExt.cpp (266) 4 : PxRigidBodyExt::updateMassAndInertia: Mass and inertia computation failed, setting mass to 1 and inertia to (1,1,1)
[2015.07.28-14.09.38:174][336]LogPhysics:Warning: PHYSX: ..\..\PhysXExtensions\src\ExtRigidBodyExt.cpp (217) 4 : computeMassAndInertia: Dynamic actor with illegal collision shapes
[2015.07.28-14.09.38:174][336]LogPhysics:Warning: PHYSX: ..\..\PhysXExtensions\src\ExtRigidBodyExt.cpp (266) 4 : PxRigidBodyExt::updateMassAndInertia: Mass and inertia computation failed, setting mass to 1 and inertia to (1,1,1)
[2015.07.28-14.09.38:175][336]LogPhysics:Warning: PHYSX: ..\..\PhysXExtensions\src\ExtRigidBodyExt.cpp (217) 4 : computeMassAndInertia: Dynamic actor with illegal collision shapes
[2015.07.28-14.09.38:175][336]LogPhysics:Warning: PHYSX: ..\..\PhysXExtensions\src\ExtRigidBodyExt.cpp (266) 4 : PxRigidBodyExt::updateMassAndInertia: Mass and inertia computation failed, setting mass to 1 and inertia to (1,1,1)
[2015.07.28-14.09.38:175][336]LogPhysics:Warning: PHYSX: ..\..\PhysXExtensions\src\ExtRigidBodyExt.cpp (217) 4 : computeMassAndInertia: Dynamic actor with illegal collision shapes
[2015.07.28-14.09.38:175][336]LogPhysics:Warning: PHYSX: ..\..\PhysXExtensions\src\ExtRigidBodyExt.cpp (266) 4 : PxRigidBodyExt::updateMassAndInertia: Mass and inertia computation failed, setting mass to 1 and inertia to (1,1,1)
[2015.07.28-14.09.38:176][336]LogPhysics:Warning: PHYSX: ..\..\PhysXExtensions\src\ExtRigidBodyExt.cpp (217) 4 : computeMassAndInertia: Dynamic actor with illegal collision shapes
[2015.07.28-14.09.38:176][336]LogPhysics:Warning: PHYSX: ..\..\PhysXExtensions\src\ExtRigidBodyExt.cpp (266) 4 : PxRigidBodyExt::updateMassAndInertia: Mass and inertia computation failed, setting mass to 1 and inertia to (1,1,1)
[2015.07.28-14.09.38:176][336]LogPhysics:Warning: PHYSX: ..\..\PhysXExtensions\src\ExtRigidBodyExt.cpp (217) 4 : computeMassAndInertia: Dynamic actor with illegal collision shapes
[2015.07.28-14.09.38:176][336]LogPhysics:Warning: PHYSX: ..\..\PhysXExtensions\src\ExtRigidBodyExt.cpp (266) 4 : PxRigidBodyExt::updateMassAndInertia: Mass and inertia computation failed, setting mass to 1 and inertia to (1,1,1)
[2015.07.28-14.09.38:177][336]LogPhysics:Warning: PHYSX: ..\..\PhysXExtensions\src\ExtRigidBodyExt.cpp (217) 4 : computeMassAndInertia: Dynamic actor with illegal collision shapes
[2015.07.28-14.09.38:177][336]LogPhysics:Warning: PHYSX: ..\..\PhysXExtensions\src\ExtRigidBodyExt.cpp (266) 4 : PxRigidBodyExt::updateMassAndInertia: Mass and inertia computation failed, setting mass to 1 and inertia to (1,1,1)
[2015.07.28-14.09.38:177][336]LogPhysics:Warning: PHYSX: ..\..\PhysXExtensions\src\ExtRigidBodyExt.cpp (217) 4 : computeMassAndInertia: Dynamic actor with illegal collision shapes
[2015.07.28-14.09.38:177][336]LogPhysics:Warning: PHYSX: ..\..\PhysXExtensions\src\ExtRigidBodyExt.cpp (266) 4 : PxRigidBodyExt::updateMassAndInertia: Mass and inertia computation failed, setting mass to 1 and inertia to (1,1,1)
[2015.07.28-14.09.38:178][336]LogPhysics:Warning: PHYSX: ..\..\PhysXExtensions\src\ExtRigidBodyExt.cpp (217) 4 : computeMassAndInertia: Dynamic actor with illegal collision shapes
[2015.07.28-14.09.38:178][336]LogPhysics:Warning: PHYSX: ..\..\PhysXExtensions\src\ExtRigidBodyExt.cpp (266) 4 : PxRigidBodyExt::updateMassAndInertia: Mass and inertia computation failed, setting mass to 1 and inertia to (1,1,1)
[2015.07.28-14.09.38:178][336]LogPhysics:Warning: PHYSX: ..\..\PhysXExtensions\src\ExtRigidBodyExt.cpp (217) 4 : computeMassAndInertia: Dynamic actor with illegal collision shapes
[2015.07.28-14.09.38:178][336]LogPhysics:Warning: PHYSX: ..\..\PhysXExtensions\src\ExtRigidBodyExt.cpp (266) 4 : PxRigidBodyExt::updateMassAndInertia: Mass and inertia computation failed, setting mass to 1 and inertia to (1,1,1)
[2015.07.28-14.09.38:179][336]LogPhysics:Warning: PHYSX: ..\..\PhysXExtensions\src\ExtRigidBodyExt.cpp (217) 4 : computeMassAndInertia: Dynamic actor with illegal collision shapes
[2015.07.28-14.09.38:179][336]LogPhysics:Warning: PHYSX: ..\..\PhysXExtensions\src\ExtRigidBodyExt.cpp (266) 4 : PxRigidBodyExt::updateMassAndInertia: Mass and inertia computation failed, setting mass to 1 and inertia to (1,1,1)
[2015.07.28-14.09.38:179][336]LogPhysics:Warning: PHYSX: ..\..\PhysXExtensions\src\ExtRigidBodyExt.cpp (217) 4 : computeMassAndInertia: Dynamic actor with illegal collision shapes
[2015.07.28-14.09.38:179][336]LogPhysics:Warning: PHYSX: ..\..\PhysXExtensions\src\ExtRigidBodyExt.cpp (266) 4 : PxRigidBodyExt::updateMassAndInertia: Mass and inertia computation failed, setting mass to 1 and inertia to (1,1,1)
[2015.07.28-14.09.38:179][336]LogPhysics:Warning: PHYSX: ..\..\PhysXExtensions\src\ExtRigidBodyExt.cpp (217) 4 : computeMassAndInertia: Dynamic actor with illegal collision shapes
[2015.07.28-14.09.38:179][336]LogPhysics:Warning: PHYSX: ..\..\PhysXExtensions\src\ExtRigidBodyExt.cpp (266) 4 : PxRigidBodyExt::updateMassAndInertia: Mass and inertia computation failed, setting mass to 1 and inertia to (1,1,1)
[2015.07.28-14.09.38:180][336]LogPhysics:Warning: PHYSX: ..\..\PhysXExtensions\src\ExtRigidBodyExt.cpp (217) 4 : computeMassAndInertia: Dynamic actor with illegal collision shapes
[2015.07.28-14.09.38:180][336]LogPhysics:Warning: PHYSX: ..\..\PhysXExtensions\src\ExtRigidBodyExt.cpp (266) 4 : PxRigidBodyExt::updateMassAndInertia: Mass and inertia computation failed, setting mass to 1 and inertia to (1,1,1)
[2015.07.28-14.09.38:180][336]LogPhysics:Warning: PHYSX: ..\..\PhysXExtensions\src\ExtRigidBodyExt.cpp (217) 4 : computeMassAndInertia: Dynamic actor with illegal collision shapes
[2015.07.28-14.09.38:180][336]LogPhysics:Warning: PHYSX: ..\..\PhysXExtensions\src\ExtRigidBodyExt.cpp (266) 4 : PxRigidBodyExt::updateMassAndInertia: Mass and inertia computation failed, setting mass to 1 and inertia to (1,1,1)
[2015.07.28-14.09.38:181][336]LogPhysics:Warning: PHYSX: ..\..\PhysXExtensions\src\ExtRigidBodyExt.cpp (217) 4 : computeMassAndInertia: Dynamic actor with illegal collision shapes
[2015.07.28-14.09.38:181][336]LogPhysics:Warning: PHYSX: ..\..\PhysXExtensions\src\ExtRigidBodyExt.cpp (266) 4 : PxRigidBodyExt::updateMassAndInertia: Mass and inertia computation failed, setting mass to 1 and inertia to (1,1,1)
[2015.07.28-14.09.38:181][336]LogPhysics:Warning: PHYSX: ..\..\PhysXExtensions\src\ExtRigidBodyExt.cpp (217) 4 : computeMassAndInertia: Dynamic actor with illegal collision shapes
[2015.07.28-14.09.38:181][336]LogPhysics:Warning: PHYSX: ..\..\PhysXExtensions\src\ExtRigidBodyExt.cpp (266) 4 : PxRigidBodyExt::updateMassAndInertia: Mass and inertia computation failed, setting mass to 1 and inertia to (1,1,1)
[2015.07.28-14.09.38:182][336]LogPhysics:Warning: PHYSX: ..\..\PhysXExtensions\src\ExtRigidBodyExt.cpp (217) 4 : computeMassAndInertia: Dynamic actor with illegal collision shapes
[2015.07.28-14.09.38:182][336]LogPhysics:Warning: PHYSX: ..\..\PhysXExtensions\src\ExtRigidBodyExt.cpp (266) 4 : PxRigidBodyExt::updateMassAndInertia: Mass and inertia computation failed, setting mass to 1 and inertia to (1,1,1)
[2015.07.28-14.09.38:182][336]LogPhysics:Warning: PHYSX: ..\..\PhysXExtensions\src\ExtRigidBodyExt.cpp (217) 4 : computeMassAndInertia: Dynamic actor with illegal collision shapes
[2015.07.28-14.09.38:182][336]LogPhysics:Warning: PHYSX: ..\..\PhysXExtensions\src\ExtRigidBodyExt.cpp (266) 4 : PxRigidBodyExt::updateMassAndInertia: Mass and inertia computation failed, setting mass to 1 and inertia to (1,1,1)
[2015.07.28-14.09.38:183][336]LogPhysics:Warning: PHYSX: ..\..\PhysXExtensions\src\ExtRigidBodyExt.cpp (217) 4 : computeMassAndInertia: Dynamic actor with illegal collision shapes
[2015.07.28-14.09.38:183][336]LogPhysics:Warning: PHYSX: ..\..\PhysXExtensions\src\ExtRigidBodyExt.cpp (266) 4 : PxRigidBodyExt::updateMassAndInertia: Mass and inertia computation failed, setting mass to 1 and inertia to (1,1,1)
[2015.07.28-14.09.38:260][336]LogWorld: Bringing World /Game/VehicleAdvBP/Maps/UEDPIE_0_AdvancedVehicleExamplemap.AdvancedVehicleExamplemap up for play (max tick rate 60) at 2015.07.28-17.09.38
[2015.07.28-14.09.38:260][336]LogActor:Warning: GameSession /Game/VehicleAdvBP/Maps/UEDPIE_0_AdvancedVehicleExamplemap.AdvancedVehicleExamplemap:PersistentLevel.GameSession_0 has natively added scene component(s), but none of them were set as the actor's RootComponent - picking one arbitrarily
[2015.07.28-14.09.38:261][336]LogActor:Warning: GameNetworkManager /Game/VehicleAdvBP/Maps/UEDPIE_0_AdvancedVehicleExamplemap.AdvancedVehicleExamplemap:PersistentLevel.GameNetworkManager_0 has natively added scene component(s), but none of them were set as the actor's RootComponent - picking one arbitrarily
[2015.07.28-14.09.38:264][336]LogWorld: Bringing up level for play took: 0.103872
[2015.07.28-14.09.38:266][336]PIE: Info Play in editor start time for /Game/VehicleAdvBP/Maps/UEDPIE_0_AdvancedVehicleExamplemap 0.06
[2015.07.28-14.10.00:926][932]LogParticles: Destroying 0 GPU particle simulations for FXSystem 0x0000006C0ECC9300
[2015.07.28-14.10.08:963][111]LogEditorViewport: Clicking on Actor (LMB): BP_Sky_Sphere_C (SkyShereBlueprint)
[2015.07.28-14.10.24:018][397]LogD3D11RHI: InitD3DDevice
[2015.07.28-14.10.35:476][598]LogD3D11RHI: InitD3DDevice
[2015.07.28-14.11.08:548][234]LogD3D11RHI: InitD3DDevice
[2015.07.28-14.11.11:062][234]LogSavePackage: Save=2338.261475ms
[2015.07.28-14.11.11:062][234]LogSavePackage: Moving '../../../../../../Users/N/Documents/GitHub/UnrealNeuroCar/Saved/AdvancedVehicleExamplemapE683AF3C4AD877989BCFE0863A2942CB.tmp' to '../../../../../../Users/N/Documents/GitHub/UnrealNeuroCar/Content/VehicleAdvBP/Maps/AdvancedVehicleExamplemap.umap'
[2015.07.28-14.12.54:299][ 82]LogD3D11RHI: InitD3DDevice
[2015.07.28-14.14.55:938][271]LogEditorViewport: Clicking on Actor (LMB): BP_Sky_Sphere_C (SkyShereBlueprint)
[2015.07.28-14.14.56:383][278]LogEditorViewport: Clicking on Actor (LMB): Landscape (Landscape4)
[2015.07.28-14.14.57:224][290]LogEditorViewport: Clicking on Actor (LMB): StaticMeshActor (Floor_400x400)
[2015.07.28-14.14.59:990][347]LogEditorViewport: Clicking on Actor (LMB): BP_Sky_Sphere_C (SkyShereBlueprint)
[2015.07.28-14.19.33:114][374]LogD3D11RHI: InitD3DDevice
[2015.07.28-14.19.39:157][499]LogEditorViewport: Clicking on Actor (LMB): Landscape (Landscape4)
[2015.07.28-14.19.39:731][508]LogEditorViewport: Clicking on Actor (LMB): BP_Sky_Sphere_C (SkyShereBlueprint)
[2015.07.28-14.19.54:412][952]LogD3D11RHI: InitD3DDevice
[2015.07.28-14.19.56:108][990]LogUProjectInfo: Found projects:
[2015.07.28-14.19.56:122][990]LogD3D11RHI: InitD3DDevice
[2015.07.28-14.19.57:724][ 25]Cmd: CLOSE_SLATE_MAINFRAME
[2015.07.28-14.19.57:790][ 25]LogD3D11RHI: InitD3DDevice
[2015.07.28-14.19.59:147][ 26]Cmd: QUIT_EDITOR
[2015.07.28-14.19.59:780][ 26]LogWindowsTextInputMethodSystem:Display: IME system now deactivated.
[2015.07.28-14.19.59:898][ 26]LogExit: Preparing to exit.
[2015.07.28-14.20.00:566][ 26]LogExit: Editor shut down
[2015.07.28-14.20.00:566][ 26]LogExit: Transaction tracking system shut down
[2015.07.28-14.20.00:569][ 26]LogParticles: Destroying 0 GPU particle simulations for FXSystem 0x0000006C0F9C2C00
[2015.07.28-14.20.00:574][ 26]LogParticles: Destroying 0 GPU particle simulations for FXSystem 0x0000006C1BD38360
[2015.07.28-14.20.00:574][ 26]LogParticles: Destroying 0 GPU particle simulations for FXSystem 0x0000006C1BE51760
[2015.07.28-14.20.00:574][ 26]LogParticles: Destroying 0 GPU particle simulations for FXSystem 0x0000006C1ECBEE80
[2015.07.28-14.20.00:574][ 26]LogParticles: Destroying 0 GPU particle simulations for FXSystem 0x0000006C1ECBECA0
[2015.07.28-14.20.00:717][ 26]LogExit: Object subsystem successfully closed.
[2015.07.28-14.20.00:738][ 26]LogD3D11RHI: Shutdown
[2015.07.28-14.20.00:738][ 26]LogD3D11RHI: CleanupD3DDevice
[2015.07.28-14.20.00:971][ 26]LogD3D11RHI: ~FD3D11DynamicRHI
[2015.07.28-14.20.00:990][ 26]LogModuleManager: Shutting down and abandoning module CrashTracker (188)
[2015.07.28-14.20.00:990][ 26]LogModuleManager: Shutting down and abandoning module SceneOutliner (187)
[2015.07.28-14.20.00:990][ 26]LogModuleManager: Shutting down and abandoning module SuperSearch (186)
[2015.07.28-14.20.00:990][ 26]LogModuleManager: Shutting down and abandoning module WidgetCarousel (185)
[2015.07.28-14.20.00:990][ 26]LogModuleManager: Shutting down and abandoning module AddContentDialog (184)
[2015.07.28-14.20.00:992][ 26]LogModuleManager: Shutting down and abandoning module EditorWidgets (183)
[2015.07.28-14.20.00:992][ 26]LogModuleManager: Shutting down and abandoning module CollectionManager (182)
[2015.07.28-14.20.00:992][ 26]LogModuleManager: Shutting down and abandoning module StatsViewer (181)
[2015.07.28-14.20.00:992][ 26]LogModuleManager: Shutting down and abandoning module FoliageEdit (180)
[2015.07.28-14.20.00:992][ 26]LogModuleManager: Shutting down and abandoning module LandscapeEditor (179)
[2015.07.28-14.20.00:992][ 26]LogModuleManager: Shutting down and abandoning module ActorPickerMode (178)
[2015.07.28-14.20.00:992][ 26]LogModuleManager: Shutting down and abandoning module GeometryMode (177)
[2015.07.28-14.20.00:992][ 26]LogModuleManager: Shutting down and abandoning module TextureAlignMode (176)
[2015.07.28-14.20.00:992][ 26]LogModuleManager: Shutting down and abandoning module BspMode (175)
[2015.07.28-14.20.00:992][ 26]LogModuleManager: Shutting down and abandoning module PlacementMode (174)
[2015.07.28-14.20.00:992][ 26]LogModuleManager: Shutting down and abandoning module AutomationWorker (173)
[2015.07.28-14.20.00:992][ 26]LogModuleManager: Shutting down and abandoning module CharacterAI (172)
[2015.07.28-14.20.00:992][ 26]LogModuleManager: Shutting down and abandoning module SmartSnapping (171)
[2015.07.28-14.20.00:992][ 26]LogModuleManager: Shutting down and abandoning module ViewportSnapping (170)
[2015.07.28-14.20.00:992][ 26]LogModuleManager: Shutting down and abandoning module LogVisualizer (169)
[2015.07.28-14.20.00:992][ 26]LogModuleManager: Shutting down and abandoning module GameProjectGeneration (168)
[2015.07.28-14.20.00:992][ 26]LogModuleManager: Shutting down and abandoning module IntroTutorials (167)
[2015.07.28-14.20.00:993][ 26]LogModuleManager: Shutting down and abandoning module EditorLiveStreaming (166)
[2015.07.28-14.20.00:993][ 26]LogModuleManager: Shutting down and abandoning module IOSPlatformEditor (165)
[2015.07.28-14.20.00:993][ 26]LogModuleManager: Shutting down and abandoning module HTML5PlatformEditor (164)
[2015.07.28-14.20.00:993][ 26]LogModuleManager: Shutting down and abandoning module AndroidDeviceDetection (163)
[2015.07.28-14.20.01:254][ 26]LogModuleManager: Shutting down and abandoning module AndroidPlatformEditor (162)
[2015.07.28-14.20.01:254][ 26]LogModuleManager: Shutting down and abandoning module IOSRuntimeSettings (161)
[2015.07.28-14.20.01:254][ 26]LogModuleManager: Shutting down and abandoning module AndroidRuntimeSettings (160)
[2015.07.28-14.20.01:254][ 26]LogModuleManager: Shutting down and abandoning module MergeActors (159)
[2015.07.28-14.20.01:254][ 26]LogModuleManager: Shutting down and abandoning module SizeMap (158)
[2015.07.28-14.20.01:254][ 26]LogModuleManager: Shutting down and abandoning module TreeMap (157)
[2015.07.28-14.20.01:254][ 26]LogModuleManager: Shutting down and abandoning module ReferenceViewer (156)
[2015.07.28-14.20.01:254][ 26]LogModuleManager: Shutting down and abandoning module LocalizationDashboard (155)
[2015.07.28-14.20.01:254][ 26]LogModuleManager: Shutting down and abandoning module HardwareTargeting (154)
[2015.07.28-14.20.01:254][ 26]LogModuleManager: Shutting down and abandoning module DeviceProfileEditor (153)
[2015.07.28-14.20.01:254][ 26]LogModuleManager: Shutting down and abandoning module UndoHistory (152)
[2015.07.28-14.20.01:254][ 26]LogModuleManager: Shutting down and abandoning module GameplayTagsEditor (151)
[2015.07.28-14.20.01:254][ 26]LogModuleManager: Shutting down and abandoning module UserFeedback (150)
[2015.07.28-14.20.01:254][ 26]LogModuleManager: Shutting down and abandoning module XmlParser (149)
[2015.07.28-14.20.01:254][ 26]LogModuleManager: Shutting down and abandoning module Blutility (148)
[2015.07.28-14.20.01:255][ 26]LogModuleManager: Shutting down and abandoning module ProjectTargetPlatformEditor (147)
[2015.07.28-14.20.01:255][ 26]LogModuleManager: Shutting down and abandoning module ProjectSettingsViewer (146)
[2015.07.28-14.20.01:255][ 26]LogModuleManager: Shutting down and abandoning module InputBindingEditor (145)
[2015.07.28-14.20.01:255][ 26]LogModuleManager: Shutting down and abandoning module EditorSettingsViewer (144)
[2015.07.28-14.20.01:255][ 26]LogModuleManager: Shutting down and abandoning module SettingsEditor (143)
[2015.07.28-14.20.01:255][ 26]LogModuleManager: Shutting down and abandoning module ProjectLauncher (142)
[2015.07.28-14.20.01:255][ 26]LogModuleManager: Shutting down and abandoning module SessionFrontend (141)
[2015.07.28-14.20.01:255][ 26]LogModuleManager: Shutting down and abandoning module ProfilerClient (140)
[2015.07.28-14.20.01:255][ 26]LogModuleManager: Shutting down and abandoning module TargetDeviceServices (139)
[2015.07.28-14.20.01:255][ 26]LogModuleManager: Shutting down and abandoning module DeviceManager (138)
[2015.07.28-14.20.01:256][ 26]LogModuleManager: Shutting down and abandoning module AutomationController (137)
[2015.07.28-14.20.01:256][ 26]LogModuleManager: Shutting down and abandoning module AutomationWindow (136)
[2015.07.28-14.20.01:256][ 26]LogModuleManager: Shutting down and abandoning module Layers (135)
[2015.07.28-14.20.01:256][ 26]LogModuleManager: Shutting down and abandoning module ComponentVisualizers (134)
[2015.07.28-14.20.01:256][ 26]LogModuleManager: Shutting down and abandoning module DetailCustomizations (133)
[2015.07.28-14.20.01:256][ 26]LogModuleManager: Shutting down and abandoning module PackagesDialog (132)
[2015.07.28-14.20.01:256][ 26]LogModuleManager: Shutting down and abandoning module AssetRegistry (131)
[2015.07.28-14.20.01:995][ 26]LogFileManager:Warning: DeleteFile was unable to delete '../../../../../../Users/N/Documents/GitHub/UnrealNeuroCar/Intermediate/CachedAssetRegistry.bin', retrying in .5s...
[2015.07.28-14.20.01:995][ 26]LogFileManager:Warning: DeleteFile recovered during retry!
[2015.07.28-14.20.01:995][ 26]LogModuleManager: Shutting down and abandoning module Persona (130)
[2015.07.28-14.20.01:995][ 26]LogModuleManager: Shutting down and abandoning module Kismet (129)
[2015.07.28-14.20.01:995][ 26]LogModuleManager: Shutting down and abandoning module GraphEditor (128)
[2015.07.28-14.20.01:995][ 26]LogModuleManager: Shutting down and abandoning module ClassViewer (127)
[2015.07.28-14.20.01:995][ 26]LogModuleManager: Shutting down and abandoning module Toolbox (126)
[2015.07.28-14.20.01:995][ 26]LogModuleManager: Shutting down and abandoning module ModuleUI (125)
[2015.07.28-14.20.01:995][ 26]LogModuleManager: Shutting down and abandoning module MovieSceneTools (124)
[2015.07.28-14.20.01:995][ 26]LogModuleManager: Shutting down and abandoning module OutputLog (123)
[2015.07.28-14.20.01:995][ 26]LogModuleManager: Shutting down and abandoning module GammaUI (122)
[2015.07.28-14.20.01:995][ 26]LogModuleManager: Shutting down and abandoning module Documentation (121)
[2015.07.28-14.20.01:995][ 26]LogModuleManager: Shutting down and abandoning module GameLiveStreaming (120)
[2015.07.28-14.20.01:995][ 26]LogModuleManager: Shutting down and abandoning module StreamingPauseRendering (119)
[2015.07.28-14.20.01:995][ 26]LogModuleManager: Shutting down and abandoning module AnalyticsET (118)
[2015.07.28-14.20.01:995][ 26]LogModuleManager: Shutting down and abandoning module Analytics (117)
[2015.07.28-14.20.01:995][ 26]LogModuleManager: Shutting down and abandoning module AITestSuite (116)
[2015.07.28-14.20.01:995][ 26]LogModuleManager: Shutting down and abandoning module GameplayDebugger (115)
[2015.07.28-14.20.01:995][ 26]LogModuleManager: Shutting down and abandoning module AIModule (114)
[2015.07.28-14.20.01:995][ 26]LogModuleManager: Shutting down and abandoning module ProfilerService (113)
[2015.07.28-14.20.02:050][ 26]LogModuleManager: Shutting down and abandoning module TaskGraph (112)
[2015.07.28-14.20.02:050][ 26]LogModuleManager: Shutting down and abandoning module SlateRemote (111)
[2015.07.28-14.20.02:050][ 26]LogModuleManager: Shutting down and abandoning module SteamVRController (110)
[2015.07.28-14.20.02:050][ 26]LogModuleManager: Shutting down and abandoning module SteamVR (109)
[2015.07.28-14.20.02:050][ 26]LogModuleManager: Shutting down and abandoning module ProceduralMeshComponent (108)
[2015.07.28-14.20.02:050][ 26]LogModuleManager: Shutting down and abandoning module OculusRift (107)
[2015.07.28-14.20.02:050][ 26]LogModuleManager: Shutting down and abandoning module LeapMotionController (106)
[2015.07.28-14.20.02:090][ 26]LogModuleManager: Shutting down and abandoning module CustomMeshComponent (105)
[2015.07.28-14.20.02:090][ 26]LogModuleManager: Shutting down and abandoning module CableComponent (104)
[2015.07.28-14.20.02:090][ 26]LogModuleManager: Shutting down and abandoning module MessagingDebugger (103)
[2015.07.28-14.20.02:090][ 26]LogModuleManager: Shutting down and abandoning module MediaPlayerEditor (102)
[2015.07.28-14.20.02:090][ 26]LogModuleManager: Shutting down and abandoning module SpeedTreeImporter (101)
[2015.07.28-14.20.02:090][ 26]LogModuleManager: Shutting down and abandoning module PluginBrowser (100)
[2015.07.28-14.20.02:090][ 26]LogModuleManager: Shutting down and abandoning module EpicSurvey (99)
[2015.07.28-14.20.02:090][ 26]LogModuleManager: Shutting down and abandoning module DesktopPlatform (98)
[2015.07.28-14.20.02:090][ 26]LogModuleManager: Shutting down and abandoning module VisualStudioSourceCodeAccess (97)
[2015.07.28-14.20.02:090][ 26]LogModuleManager: Shutting down and abandoning module UObjectPlugin (96)
[2015.07.28-14.20.02:090][ 26]LogModuleManager: Shutting down and abandoning module SubversionSourceControl (95)
[2015.07.28-14.20.02:090][ 26]LogModuleManager: Shutting down and abandoning module PerforceSourceControl (94)
[2015.07.28-14.20.02:090][ 26]LogModuleManager: Shutting down and abandoning module SourceControl (93)
[2015.07.28-14.20.02:090][ 26]LogModuleManager: Shutting down and abandoning module GitSourceControl (92)
[2015.07.28-14.20.02:090][ 26]LogModuleManager: Shutting down and abandoning module BlankPlugin (91)
[2015.07.28-14.20.02:090][ 26]LogModuleManager: Shutting down and abandoning module PaperTiledImporter (90)
[2015.07.28-14.20.02:091][ 26]LogModuleManager: Shutting down and abandoning module PaperSpriteSheetImporter (89)
[2015.07.28-14.20.02:091][ 26]LogModuleManager: Shutting down and abandoning module MeshPaint (88)
[2015.07.28-14.20.02:091][ 26]LogModuleManager: Shutting down and abandoning module SlateReflector (87)
[2015.07.28-14.20.02:091][ 26]LogModuleManager: Shutting down and abandoning module DirectoryWatcher (86)
[2015.07.28-14.20.02:092][ 26]LogModuleManager: Shutting down and abandoning module HotReload (85)
[2015.07.28-14.20.02:092][ 26]LogModuleManager: Shutting down and abandoning module MainFrame (84)
[2015.07.28-14.20.02:092][ 26]LogModuleManager: Shutting down and abandoning module LevelEditor (83)
[2015.07.28-14.20.02:094][ 26]LogModuleManager: Shutting down and abandoning module ContentBrowser (82)
[2015.07.28-14.20.02:104][ 26]LogModuleManager: Shutting down and abandoning module Paper2DEditor (81)
[2015.07.28-14.20.02:104][ 26]LogModuleManager: Shutting down and abandoning module UdpMessaging (80)
[2015.07.28-14.20.02:264][ 26]LogModuleManager: Shutting down and abandoning module Paper2D (79)
[2015.07.28-14.20.02:264][ 26]LogModuleManager: Shutting down and abandoning module WindowsMoviePlayer (78)
[2015.07.28-14.20.02:337][ 26]LogModuleManager: Shutting down and abandoning module Media (77)
[2015.07.28-14.20.02:337][ 26]LogModuleManager: Shutting down and abandoning module WmfMedia (76)
[2015.07.28-14.20.02:338][ 26]LogModuleManager: Shutting down and abandoning module OnlineBlueprintSupport (75)
[2015.07.28-14.20.02:338][ 26]LogModuleManager: Shutting down and abandoning module PropertyEditor (74)
[2015.07.28-14.20.02:338][ 26]LogModuleManager: Shutting down and abandoning module BehaviorTreeEditor (73)
[2015.07.28-14.20.02:338][ 26]LogModuleManager: Shutting down and abandoning module FunctionalTesting (72)
[2015.07.28-14.20.02:338][ 26]LogModuleManager: Shutting down and abandoning module CollisionAnalyzer (71)
[2015.07.28-14.20.02:338][ 26]LogModuleManager: Shutting down and abandoning module WorkspaceMenuStructure (70)
[2015.07.28-14.20.02:338][ 26]LogModuleManager: Shutting down and abandoning module MessageLog (69)
[2015.07.28-14.20.02:338][ 26]LogModuleManager: Shutting down and abandoning module Sequencer (68)
[2015.07.28-14.20.02:338][ 26]LogModuleManager: Shutting down and abandoning module AssetTools (67)
[2015.07.28-14.20.02:339][ 26]LogModuleManager: Shutting down and abandoning module UMGEditor (66)
[2015.07.28-14.20.02:339][ 26]LogModuleManager: Shutting down and abandoning module UMG (65)
[2015.07.28-14.20.02:339][ 26]LogModuleManager: Shutting down and abandoning module Slate (64)
[2015.07.28-14.20.02:339][ 26]LogModuleManager: Shutting down and abandoning module EditorStyle (63)
[2015.07.28-14.20.02:342][ 26]LogModuleManager: Shutting down and abandoning module SessionServices (62)
[2015.07.28-14.20.02:342][ 26]LogModuleManager: Shutting down and abandoning module SourceCodeAccess (61)
[2015.07.28-14.20.02:342][ 26]LogModuleManager: Shutting down and abandoning module HeadMountedDisplay (60)
[2015.07.28-14.20.02:342][ 26]LogModuleManager: Shutting down and abandoning module XAudio2 (59)
[2015.07.28-14.20.02:342][ 26]LogModuleManager: Shutting down and abandoning module Networking (57)
[2015.07.28-14.20.02:342][ 26]LogModuleManager: Shutting down and abandoning module Core (56)
[2015.07.28-14.20.02:342][ 26]LogModuleManager: Shutting down and abandoning module KismetCompiler (55)
[2015.07.28-14.20.02:342][ 26]LogModuleManager: Shutting down and abandoning module PhysXFormats (54)
[2015.07.28-14.20.02:342][ 26]LogModuleManager: Shutting down and abandoning module MeshUtilities (53)
[2015.07.28-14.20.02:342][ 26]LogModuleManager: Shutting down and abandoning module DerivedDataCache (52)
[2015.07.28-14.20.02:359][ 26]LogDerivedDataCache: Shutdown
[2015.07.28-14.20.02:359][ 26]LogModuleManager: Shutting down and abandoning module ShaderFormatOpenGL (51)
[2015.07.28-14.20.02:359][ 26]LogModuleManager: Shutting down and abandoning module ShaderFormatD3D (50)
[2015.07.28-14.20.02:359][ 26]LogModuleManager: Shutting down and abandoning module MetalShaderFormat (49)
[2015.07.28-14.20.02:359][ 26]LogModuleManager: Shutting down and abandoning module TextureFormatUncompressed (48)
[2015.07.28-14.20.02:359][ 26]LogModuleManager: Shutting down and abandoning module TextureFormatPVR (47)
[2015.07.28-14.20.02:359][ 26]LogModuleManager: Shutting down and abandoning module TextureFormatIntelISPCTexComp (46)
[2015.07.28-14.20.02:359][ 26]LogModuleManager: Shutting down and abandoning module TextureFormatDXT (45)
[2015.07.28-14.20.02:359][ 26]LogModuleManager: Shutting down and abandoning module ImageWrapper (44)
[2015.07.28-14.20.02:359][ 26]LogModuleManager: Shutting down and abandoning module TextureFormatASTC (43)
[2015.07.28-14.20.02:359][ 26]LogModuleManager: Shutting down and abandoning module TextureFormatAndroid (42)
[2015.07.28-14.20.02:359][ 26]LogModuleManager: Shutting down and abandoning module AudioFormatOpus (41)
[2015.07.28-14.20.02:359][ 26]LogModuleManager: Shutting down and abandoning module AudioFormatOgg (40)
[2015.07.28-14.20.02:359][ 26]LogModuleManager: Shutting down and abandoning module AudioFormatADPCM (39)
[2015.07.28-14.20.02:359][ 26]LogModuleManager: Shutting down and abandoning module LinuxTargetPlatform (38)
[2015.07.28-14.20.02:359][ 26]LogModuleManager: Shutting down and abandoning module LinuxServerTargetPlatform (37)
[2015.07.28-14.20.02:359][ 26]LogModuleManager: Shutting down and abandoning module LinuxNoEditorTargetPlatform (36)
[2015.07.28-14.20.02:359][ 26]LogModuleManager: Shutting down and abandoning module Messaging (35)
[2015.07.28-14.20.02:359][ 26]LogModuleManager: Shutting down and abandoning module IOSTargetPlatform (34)
[2015.07.28-14.20.02:359][ 26]LogModuleManager: Shutting down and abandoning module HTML5TargetPlatform (33)
[2015.07.28-14.20.02:359][ 26]LogModuleManager: Shutting down and abandoning module Android_PVRTCTargetPlatform (32)
[2015.07.28-14.20.02:359][ 26]LogModuleManager: Shutting down and abandoning module Android_ETC2TargetPlatform (31)
[2015.07.28-14.20.02:359][ 26]LogModuleManager: Shutting down and abandoning module Android_ETC1TargetPlatform (30)
[2015.07.28-14.20.02:359][ 26]LogModuleManager: Shutting down and abandoning module Android_DXTTargetPlatform (29)
[2015.07.28-14.20.02:359][ 26]LogModuleManager: Shutting down and abandoning module Android_ATCTargetPlatform (28)
[2015.07.28-14.20.02:359][ 26]LogModuleManager: Shutting down and abandoning module Android_ASTCTargetPlatform (27)
[2015.07.28-14.20.02:359][ 26]LogModuleManager: Shutting down and abandoning module AndroidTargetPlatform (26)
[2015.07.28-14.20.02:359][ 26]LogModuleManager: Shutting down and abandoning module WindowsTargetPlatform (25)
[2015.07.28-14.20.02:359][ 26]LogModuleManager: Shutting down and abandoning module WindowsServerTargetPlatform (24)
[2015.07.28-14.20.02:359][ 26]LogModuleManager: Shutting down and abandoning module WindowsNoEditorTargetPlatform (23)
[2015.07.28-14.20.02:359][ 26]LogModuleManager: Shutting down and abandoning module WindowsClientTargetPlatform (22)
[2015.07.28-14.20.02:359][ 26]LogModuleManager: Shutting down and abandoning module DesktopTargetPlatform (21)
[2015.07.28-14.20.02:359][ 26]LogModuleManager: Shutting down and abandoning module TargetPlatform (20)
[2015.07.28-14.20.02:359][ 26]LogModuleManager: Shutting down and abandoning module InputCore (19)
[2015.07.28-14.20.02:359][ 26]LogModuleManager: Shutting down and abandoning module Settings (18)
[2015.07.28-14.20.02:359][ 26]LogModuleManager: Shutting down and abandoning module OnlineSubsystem (16)
[2015.07.28-14.20.02:359][ 26]LogModuleManager: Shutting down and abandoning module HTTP (15)
[2015.07.28-14.20.02:360][ 26]LogModuleManager: Shutting down and abandoning module ExampleDeviceProfileSelector (14)
[2015.07.28-14.20.02:360][ 26]LogModuleManager: Shutting down and abandoning module TextureCompressor (13)
[2015.07.28-14.20.02:360][ 26]LogModuleManager: Shutting down and abandoning module ShaderCore (12)
[2015.07.28-14.20.02:360][ 26]LogModuleManager: Shutting down and abandoning module Landscape (11)
[2015.07.28-14.20.02:360][ 26]LogModuleManager: Shutting down and abandoning module SlateRHIRenderer (10)
[2015.07.28-14.20.02:365][ 26]LogModuleManager: Shutting down and abandoning module OpenGLDrv (9)
[2015.07.28-14.20.02:365][ 26]LogModuleManager: Shutting down and abandoning module D3D11RHI (8)
[2015.07.28-14.20.02:365][ 26]LogModuleManager: Shutting down and abandoning module Renderer (7)
[2015.07.28-14.20.02:365][ 26]LogModuleManager: Shutting down and abandoning module Engine (6)
[2015.07.28-14.20.02:365][ 26]LogModuleManager: Shutting down and abandoning module CoreUObject (5)
[2015.07.28-14.20.02:365][ 26]LogModuleManager: Shutting down and abandoning module NetworkFile (4)
[2015.07.28-14.20.02:365][ 26]LogModuleManager: Shutting down and abandoning module StreamingFile (3)
[2015.07.28-14.20.02:365][ 26]LogModuleManager: Shutting down and abandoning module SandboxFile (2)
[2015.07.28-14.20.02:365][ 26]LogModuleManager: Shutting down and abandoning module PakFile (1)
[2015.07.28-14.20.02:368][ 26]LogExit: Exiting.
[2015.07.28-14.20.02:410][ 26]Log file closed, 07/28/15 17:20:02
