[2015.07.22-16.15.40:535][  0]Log file open, 07/22/15 19:15:40
[2015.07.22-16.15.40:535][  0]LogInit:Display: Running engine for game: MyProject
[2015.07.22-16.15.40:535][  0]LogInit:Display: RandInit(843744467) SRandInit(843744467).
[2015.07.22-16.15.40:535][  0]LogTaskGraph: Started task graph with 4 named threads and 5 total threads.
[2015.07.22-16.15.40:535][  0]LogStats: Stats thread started
[2015.07.22-16.15.40:535][  0]LogInit: Version: 4.8.2-2614606+++depot+UE4-Releases+4.8
[2015.07.22-16.15.40:535][  0]LogInit: API Version: 2579680
[2015.07.22-16.15.40:535][  0]LogInit: Compiled (64-bit): Jul  8 2015 23:43:41
[2015.07.22-16.15.40:535][  0]LogInit: Compiled with Visual C++: 18.00.21005.01
[2015.07.22-16.15.40:535][  0]LogInit: Build Configuration: Development
[2015.07.22-16.15.40:535][  0]LogInit: Branch Name: ++depot+UE4-Releases+4.8
[2015.07.22-16.15.40:535][  0]LogInit: Command line: 
[2015.07.22-16.15.40:535][  0]LogInit: Base directory: C:/Program Files/Epic Games/4.8/Engine/Binaries/Win64/
[2015.07.22-16.15.40:535][  0]LogInit: Rocket: 1
[2015.07.22-16.15.40:548][  0]LogInit: Using libcurl 7.41.0
[2015.07.22-16.15.40:548][  0]LogInit:  - built for x86_64-pc-win32
[2015.07.22-16.15.40:548][  0]LogInit:  - supports SSL with WinSSL
[2015.07.22-16.15.40:548][  0]LogInit:  - other features:
[2015.07.22-16.15.40:548][  0]LogInit:      CURL_VERSION_SSL
[2015.07.22-16.15.40:548][  0]LogInit:      CURL_VERSION_IPV6
[2015.07.22-16.15.40:548][  0]LogInit:      CURL_VERSION_ASYNCHDNS
[2015.07.22-16.15.40:548][  0]LogInit:      CURL_VERSION_LARGEFILE
[2015.07.22-16.15.40:548][  0]LogInit:      CURL_VERSION_IDN
[2015.07.22-16.15.40:549][  0]LogInit:  CurlRequestOptions (configurable via config and command line):
[2015.07.22-16.15.40:549][  0]LogInit:  - bVerifyPeer = true  - Libcurl will verify peer certificate
[2015.07.22-16.15.40:549][  0]LogInit:  - bUseHttpProxy = false  - Libcurl will NOT use HTTP proxy
[2015.07.22-16.15.40:549][  0]LogInit:  - bDontReuseConnections = false  - Libcurl will reuse connections
[2015.07.22-16.15.40:549][  0]LogInit:  - CertBundlePath = nullptr  - Libcurl will use whatever was configured at build time.
[2015.07.22-16.15.40:561][  0]LogOnline:Warning: No default platform service specified for OnlineSubsystem
[2015.07.22-16.15.40:577][  0]LogInit: Presizing for 0 objects not considered by GC, pre-allocating 0 bytes.
[2015.07.22-16.15.40:584][  0]LogInit: Object subsystem initialized
[2015.07.22-16.15.40:585][  0]LogConsoleResponse:Warning: Skipping Unknown console variable: 'TranslucentSortAxis = (X=0.000000,Y=-1.000000,Z=0.000000)'
[2015.07.22-16.15.40:585][  0]LogConsoleResponse:Warning:   Found in ini file 'C:/Users/N/Documents/GitHub/UnrealNeuroCar/Saved/Config/Windows/Engine.ini', in section '[/Script/Engine.RendererSettings]'
[2015.07.22-16.15.40:585][  0]LogConsoleResponse:Warning: Skipping Unknown console variable: 'UIScaleRule = ShortestSide'
[2015.07.22-16.15.40:585][  0]LogConsoleResponse:Warning:   Found in ini file 'C:/Users/N/Documents/GitHub/UnrealNeuroCar/Saved/Config/Windows/Engine.ini', in section '[/Script/Engine.RendererSettings]'
[2015.07.22-16.15.40:585][  0]LogConsoleResponse:Warning: Skipping Unknown console variable: 'UIScaleCurve = (EditorCurveData=(Keys=),ExternalCurve=None)'
[2015.07.22-16.15.40:585][  0]LogConsoleResponse:Warning:   Found in ini file 'C:/Users/N/Documents/GitHub/UnrealNeuroCar/Saved/Config/Windows/Engine.ini', in section '[/Script/Engine.RendererSettings]'
[2015.07.22-16.15.40:586][  0]LogInit: Selected Device Profile: [Windows]
[2015.07.22-16.15.40:586][  0]LogInit: Applying CVar settings loaded from the selected device profile: [Windows]
[2015.07.22-16.15.40:592][  0]LogInit: Computer: CATQUEEN
[2015.07.22-16.15.40:592][  0]LogInit: User: Kunkku
[2015.07.22-16.15.40:592][  0]LogInit: CPU Page size=4096, Cores=2
[2015.07.22-16.15.40:592][  0]LogInit: High frequency timer resolution =2.435775 MHz
[2015.07.22-16.15.40:592][  0]LogMemory: Memory total: Physical=7.9GB (8GB approx)
[2015.07.22-16.15.40:592][  0]LogMemory: Platform Memory Stats for Windows
[2015.07.22-16.15.40:592][  0]LogMemory: Process Physical Memory: 49.15 MB used, 49.15 MB peak
[2015.07.22-16.15.40:592][  0]LogMemory: Process Virtual Memory: 24.50 MB used, 24.50 MB peak
[2015.07.22-16.15.40:592][  0]LogMemory: Physical Memory: 3687.76 MB used, 8112.27 MB total
[2015.07.22-16.15.40:592][  0]LogMemory: Virtual Memory: 293.89 MB used, 134217728.00 MB total
[2015.07.22-16.15.40:627][  0]LogTextLocalizationManager: The requested culture ('fi_FI') has no localization data; falling back to 'en' for localization and internationalization data.
[2015.07.22-16.15.40:868][  0]LogTextLocalizationManager:Warning: Loaded localization resources contain conflicting entries for (Namespace:ContentBrowser, Key:ImportAssetToolTip):
Localization Resource: (C:/Program Files/Epic Games/4.8/Engine/Content/Localization/Editor/en/Editor.locres) Source String Hash: (-630476809) Localized String: (Import to {0}...)
Localization Resource: (C:/Program Files/Epic Games/4.8/Engine/Content/Localization/Editor/en/Editor.locres) Source String Hash: (1271782899) Localized String: (Imports an asset from file to this folder.)
[2015.07.22-16.15.41:351][  0]LogD3D11RHI: Found D3D11 adapter 0: Intel(R) HD Graphics 4600 (Feature Level 11_0)
[2015.07.22-16.15.41:351][  0]LogD3D11RHI: Adapter has 0MB of dedicated video memory, 0MB of dedicated system memory, and 1792MB of shared system memory, 1 output[s]
[2015.07.22-16.15.41:365][  0]LogD3D11RHI: Found D3D11 adapter 1: NVIDIA GeForce GT 740M (Feature Level 11_0)
[2015.07.22-16.15.41:365][  0]LogD3D11RHI: Adapter has 1994MB of dedicated video memory, 0MB of dedicated system memory, and 2048MB of shared system memory, 0 output[s]
[2015.07.22-16.15.41:366][  0]LogD3D11RHI: Found D3D11 adapter 2: Microsoft Basic Render Driver (Feature Level 11_0)
[2015.07.22-16.15.41:366][  0]LogD3D11RHI: Adapter has 0MB of dedicated video memory, 0MB of dedicated system memory, and 256MB of shared system memory, 0 output[s]
[2015.07.22-16.15.41:366][  0]LogD3D11RHI: Chosen D3D11 Adapter Id = 0
[2015.07.22-16.15.41:372][  0]LogD3D11RHI: InitD3DDevice
[2015.07.22-16.15.41:372][  0]LogD3D11RHI: !Direct3DDevice
[2015.07.22-16.15.41:372][  0]LogRHI: Texture pool is 1361 MB (70% of 1945 MB)
[2015.07.22-16.15.41:383][  0]LogD3D11RHI: Async texture creation enabled
[2015.07.22-16.15.41:399][  0]LogShaderCompilers:Display: Using Local Shader Compiler.
[2015.07.22-16.15.42:287][  0]LogTemp:Display: Loaded TP DesktopTargetPlatform
[2015.07.22-16.15.42:301][  0]LogTemp:Display: Loaded TP WindowsClientTargetPlatform
[2015.07.22-16.15.42:315][  0]LogTemp:Display: Loaded TP WindowsNoEditorTargetPlatform
[2015.07.22-16.15.42:330][  0]LogTemp:Display: Loaded TP WindowsServerTargetPlatform
[2015.07.22-16.15.42:346][  0]LogTemp:Display: Loaded TP WindowsTargetPlatform
[2015.07.22-16.15.42:358][  0]LogTemp:Display: Loaded TP AndroidTargetPlatform
[2015.07.22-16.15.42:371][  0]LogTemp:Display: Loaded TP Android_ASTCTargetPlatform
[2015.07.22-16.15.42:384][  0]LogTemp:Display: Loaded TP Android_ATCTargetPlatform
[2015.07.22-16.15.42:397][  0]LogTemp:Display: Loaded TP Android_DXTTargetPlatform
[2015.07.22-16.15.42:410][  0]LogTemp:Display: Loaded TP Android_ETC1TargetPlatform
[2015.07.22-16.15.42:424][  0]LogTemp:Display: Loaded TP Android_ETC2TargetPlatform
[2015.07.22-16.15.42:437][  0]LogTemp:Display: Loaded TP Android_PVRTCTargetPlatform
[2015.07.22-16.15.42:487][  0]LogTemp:Display: Loaded TP IOSTargetPlatform
[2015.07.22-16.15.42:500][  0]LogTemp:Display: Loaded TP LinuxNoEditorTargetPlatform
[2015.07.22-16.15.42:513][  0]LogTemp:Display: Loaded TP LinuxServerTargetPlatform
[2015.07.22-16.15.42:528][  0]LogTemp:Display: Loaded TP LinuxTargetPlatform
[2015.07.22-16.15.42:528][  0]LogTargetPlatformManager:Display: Building Assets For Windows
[2015.07.22-16.15.42:755][  0]LogDerivedDataCache:Display: Max Cache Size: 512 MB
[2015.07.22-16.15.42:824][  0]LogDerivedDataCache: Loaded boot cache 0.07s 53MB C:/Users/N/AppData/Local/UnrealEngine/4.8/DerivedDataCache/Boot.ddc.
[2015.07.22-16.15.42:824][  0]LogDerivedDataCache:Display: Loaded Boot cache: C:/Users/N/AppData/Local/UnrealEngine/4.8/DerivedDataCache/Boot.ddc
[2015.07.22-16.15.42:824][  0]LogDerivedDataCache: FDerivedDataBackendGraph:  Pak pak cache file ../../../../../../Users/N/Documents/GitHub/UnrealNeuroCar/DerivedDataCache/DDC.ddp not found, will not use a pak cache.
[2015.07.22-16.15.42:824][  0]LogDerivedDataCache: Unable to find inner node Pak for hierarchical cache Hierarchy.
[2015.07.22-16.15.42:824][  0]LogDerivedDataCache: FDerivedDataBackendGraph:  CompressedPak pak cache file ../../../../../../Users/N/Documents/GitHub/UnrealNeuroCar/DerivedDataCache/Compressed.ddp not found, will not use a pak cache.
[2015.07.22-16.15.42:824][  0]LogDerivedDataCache: Unable to find inner node CompressedPak for hierarchical cache Hierarchy.
[2015.07.22-16.15.42:981][  0]LogDerivedDataCache:Display: Pak cache opened for reading ../../../Engine/DerivedDataCache/Compressed.ddp.
[2015.07.22-16.15.42:993][  0]LogDerivedDataCache: Using Local data cache path C:/Users/N/AppData/Local/UnrealEngine/Common/DerivedDataCache: Writable
[2015.07.22-16.15.43:200][  0]LogInit: Selected Device Profile: [Windows]
[2015.07.22-16.15.43:286][  0]ImportText (ComponentSweepMultiTests): Missing closing parenthesis: (RootShapeAsset="/Engine/BasicShapes/Cube.Cube",ShapeType="TriggerCapsule",HitResult=(Time=0.50,Location=(X=-100.000015,Y=0.0,Z=100.000015),ImpactPoint=(X=-50.0,Y=0.0,Z=50.0),Normal=(X=-1.0,Y=-0.0,Z=0.0),ImpactNormal=(X=0.0,Y=0.0,Z=1.0),TraceStart=(X=-200.0,Y=0.0,Z=200.0),TraceEnd=(X=0.0,Y=0.0,Z=0.0))
[2015.07.22-16.15.43:286][  0]ImportText (LineTraceSingleByChannelTests): Missing closing parenthesis: (RootShapeAsset="/Engine/BasicShapes/Cube.Cube",HitResult=(Time=0.50,Location=(X=-100.000015,Y=0.0,Z=100.000015),ImpactPoint=(X=-50.0,Y=0.0,Z=50.0),Normal=(X=-1.0,Y=-0.0,Z=0.0),ImpactNormal=(X=0.0,Y=0.0,Z=1.0),TraceStart=(X=-200.0,Y=0.0,Z=200.0),TraceEnd=(X=0.0,Y=0.0,Z=0.0))
[2015.07.22-16.15.43:313][  0]LogMeshUtilities: No automatic mesh reduction module available
[2015.07.22-16.15.43:313][  0]LogMeshUtilities: No automatic mesh merging module available
[2015.07.22-16.15.43:695][  0]LogInit: WinSock: version 1.1 (2.2), MaxSocks=32767, MaxUdp=65467
[2015.07.22-16.15.44:671][  0]UdpMessaging: Initializing bridge on interface 0.0.0.0:0 to multicast group 230.0.0.1:6666.
[2015.07.22-16.15.45:032][  0]SourceControl: Info Source control is disabled
[2015.07.22-16.15.45:108][  0]SourceControl: Info Source control is disabled
[2015.07.22-16.15.45:121][  0]SourceControl: Info Source control is disabled
[2015.07.22-16.15.45:131][  0]SourceControl: Info Source control is disabled
[2015.07.22-16.15.45:387][  0]LogObj: 26273 objects as part of root set at end of initial load.
[2015.07.22-16.15.45:387][  0]LogUObjectAllocator: 5409256 out of 0 bytes used by permanent object pool.
[2015.07.22-16.15.45:468][  0]LogEngine: Initializing Engine...
[2015.07.22-16.15.45:471][  0]LogHMD: Can't find Oculus library dev build: is proper Runtime installed? Version: 0.6.0.0
[2015.07.22-16.15.45:472][  0]LogHMD:Warning: SteamVR failed to initialize.  Error: 110
[2015.07.22-16.15.45:633][  0]LogAIModule: Creating AISystem for world NewWorld
[2015.07.22-16.15.45:636][  0]LogInit: XAudio2 using 'Speakers (Realtek High Definition Audio)' : 2 channels at 48 kHz using 32 bits per sample (channel mask 0x3)
[2015.07.22-16.15.45:657][  0]LogInit: FAudioDevice initialized.
[2015.07.22-16.15.45:689][  0]LogDerivedDataCache: Saved boot cache 0.03s 53MB C:/Users/N/AppData/Local/UnrealEngine/4.8/DerivedDataCache/Boot.ddc.
[2015.07.22-16.15.45:695][  0]LogInit: Texture streaming: Disabled
[2015.07.22-16.15.45:726][  0]LogAnalytics: Creating configured Analytics provider AnalyticsET
[2015.07.22-16.15.45:726][  0]LogAnalytics: [UEEditor.Rocket.Release] APIServer = http://et2.epicgames.com/ET2/. AppVersion = 4.8.2-2614606+++depot+UE4-Releases+4.8
[2015.07.22-16.15.45:726][  0]LogAnalytics: [UEEditor.Rocket.Release] SetUserId f7a881bb45b3b8b4de3a738428d93779|95bf3da099894b978f8fd396e7ebf43c|13d7fc3b-9b02-412c-b137-1d7c802280ff
[2015.07.22-16.15.45:726][  0]LogAnalytics: [UEEditor.Rocket.Release] AnalyticsET::StartSession
[2015.07.22-16.15.45:766][  0]LogInit: Transaction tracking system initialized
[2015.07.22-16.15.45:941][  0]BlueprintLog: New page: Editor Load
[2015.07.22-16.15.45:984][  0]LogAssetRegistry: FAssetRegistry took 0.0110 seconds to start up
[2015.07.22-16.15.45:984][  0]LogDirectoryWatcher:Warning: Failed to begin reading directory changes for ../../../Engine/Plugins/Experimental/CharacterAI/Content/. Error: 0
[2015.07.22-16.15.47:103][  0]LogConsoleManager:Warning: Console variable 'r.VSync' wasn't set ('GameSetting' has a lower priority than 'SystemSettingsIni')
[2015.07.22-16.15.47:103][  0]LogConsoleResponse:Display: 
[2015.07.22-16.15.47:262][  0]LogCook:Display: Done creating registry. It took  0.00s.
[2015.07.22-16.15.47:602][  0]SourceControl: Info Source control is disabled
[2015.07.22-16.15.47:603][  0]Cmd: MAP LOAD FILE="../../../../../../Users/N/Documents/GitHub/UnrealNeuroCar/Content/VehicleAdvBP/Maps/AdvancedVehicleExamplemap.umap" TEMPLATE=0 SHOWPROGRESS=1 FEATURELEVEL=3
[2015.07.22-16.15.47:603][  0]LightingResults: New page: Lighting Build
[2015.07.22-16.15.47:624][  0]MapCheck: New page: Map Check
[2015.07.22-16.15.47:624][  0]LightingResults: New page: Lighting Build
[2015.07.22-16.15.47:649][  0]LogParticles: Destroying 0 GPU particle simulations for FXSystem 0x0000002EDEF18B80
[2015.07.22-16.15.47:935][  0]LogLinker:Warning: Asset '../../../Engine/Content/Functions/Engine_MaterialFunctions02/Utility/CustomReflectionVector.uasset' has been saved with empty engine version. The asset will be loaded but may be incompatible.
[2015.07.22-16.15.48:233][  0]LogBlueprint:Warning: [compiler VehicleBlueprint] Warning  Set Text (String)  is deprecated; Use the SetText function taking an FText instead.
[2015.07.22-16.15.48:233][  0]LogBlueprint:Warning: [compiler VehicleBlueprint] Warning  Set Text (String)  is deprecated; Use the SetText function taking an FText instead.
[2015.07.22-16.15.48:245][  0]LogBlueprint:Warning: [compiler VehicleBlueprint] Warning [0009.60] Compile of VehicleBlueprint successful, but with 2 Warning(s) [in 62 ms]
[2015.07.22-16.15.48:245][  0]LogBlueprint:Warning: [compiler VehicleBlueprint] Warning [0009.60] Compile of VehicleBlueprint successful, but with 3 Warning(s) [in 0 ms]
[2015.07.22-16.15.48:246][  0]LogBlueprint:Warning: [compiler VehicleBlueprint] Warning [0009.60] Compile of VehicleBlueprint successful, but with 4 Warning(s) [in 0 ms]
[2015.07.22-16.15.48:365][  0]LogBlueprint:Warning: [compiler VehicleBlueprint] Warning  Set Text (String)  is deprecated; Use the SetText function taking an FText instead.
[2015.07.22-16.15.48:365][  0]LogBlueprint:Warning: [compiler VehicleBlueprint] Warning  Set Text (String)  is deprecated; Use the SetText function taking an FText instead.
[2015.07.22-16.15.48:380][  0]LogBlueprint:Warning: [compiler VehicleBlueprint] Warning [0009.73] Compile of VehicleBlueprint successful, but with 2 Warning(s) [in 63 ms]
[2015.07.22-16.15.48:380][  0]LogBlueprint:Warning: [compiler VehicleBlueprint] Warning [0009.73] Compile of VehicleBlueprint successful, but with 3 Warning(s) [in 0 ms]
[2015.07.22-16.15.51:294][  0]LogAIModule: Creating AISystem for world AdvancedVehicleExamplemap
[2015.07.22-16.15.51:304][  0]LogPhysics:Warning: PHYSX: ..\..\PhysXExtensions\src\ExtRigidBodyExt.cpp (217) 4 : computeMassAndInertia: Dynamic actor with illegal collision shapes
[2015.07.22-16.15.51:304][  0]LogPhysics:Warning: PHYSX: ..\..\PhysXExtensions\src\ExtRigidBodyExt.cpp (266) 4 : PxRigidBodyExt::updateMassAndInertia: Mass and inertia computation failed, setting mass to 1 and inertia to (1,1,1)
[2015.07.22-16.15.51:304][  0]LogPhysics:Warning: PHYSX: ..\..\PhysXExtensions\src\ExtRigidBodyExt.cpp (217) 4 : computeMassAndInertia: Dynamic actor with illegal collision shapes
[2015.07.22-16.15.51:304][  0]LogPhysics:Warning: PHYSX: ..\..\PhysXExtensions\src\ExtRigidBodyExt.cpp (266) 4 : PxRigidBodyExt::updateMassAndInertia: Mass and inertia computation failed, setting mass to 1 and inertia to (1,1,1)
[2015.07.22-16.15.51:304][  0]LogPhysics:Warning: PHYSX: ..\..\PhysXExtensions\src\ExtRigidBodyExt.cpp (217) 4 : computeMassAndInertia: Dynamic actor with illegal collision shapes
[2015.07.22-16.15.51:304][  0]LogPhysics:Warning: PHYSX: ..\..\PhysXExtensions\src\ExtRigidBodyExt.cpp (266) 4 : PxRigidBodyExt::updateMassAndInertia: Mass and inertia computation failed, setting mass to 1 and inertia to (1,1,1)
[2015.07.22-16.15.51:304][  0]LogPhysics:Warning: PHYSX: ..\..\PhysXExtensions\src\ExtRigidBodyExt.cpp (217) 4 : computeMassAndInertia: Dynamic actor with illegal collision shapes
[2015.07.22-16.15.51:304][  0]LogPhysics:Warning: PHYSX: ..\..\PhysXExtensions\src\ExtRigidBodyExt.cpp (266) 4 : PxRigidBodyExt::updateMassAndInertia: Mass and inertia computation failed, setting mass to 1 and inertia to (1,1,1)
[2015.07.22-16.15.51:305][  0]LogPhysics:Warning: PHYSX: ..\..\PhysXExtensions\src\ExtRigidBodyExt.cpp (217) 4 : computeMassAndInertia: Dynamic actor with illegal collision shapes
[2015.07.22-16.15.51:305][  0]LogPhysics:Warning: PHYSX: ..\..\PhysXExtensions\src\ExtRigidBodyExt.cpp (266) 4 : PxRigidBodyExt::updateMassAndInertia: Mass and inertia computation failed, setting mass to 1 and inertia to (1,1,1)
[2015.07.22-16.15.51:305][  0]LogPhysics:Warning: PHYSX: ..\..\PhysXExtensions\src\ExtRigidBodyExt.cpp (217) 4 : computeMassAndInertia: Dynamic actor with illegal collision shapes
[2015.07.22-16.15.51:305][  0]LogPhysics:Warning: PHYSX: ..\..\PhysXExtensions\src\ExtRigidBodyExt.cpp (266) 4 : PxRigidBodyExt::updateMassAndInertia: Mass and inertia computation failed, setting mass to 1 and inertia to (1,1,1)
[2015.07.22-16.15.51:305][  0]LogPhysics:Warning: PHYSX: ..\..\PhysXExtensions\src\ExtRigidBodyExt.cpp (217) 4 : computeMassAndInertia: Dynamic actor with illegal collision shapes
[2015.07.22-16.15.51:305][  0]LogPhysics:Warning: PHYSX: ..\..\PhysXExtensions\src\ExtRigidBodyExt.cpp (266) 4 : PxRigidBodyExt::updateMassAndInertia: Mass and inertia computation failed, setting mass to 1 and inertia to (1,1,1)
[2015.07.22-16.15.51:305][  0]LogPhysics:Warning: PHYSX: ..\..\PhysXExtensions\src\ExtRigidBodyExt.cpp (217) 4 : computeMassAndInertia: Dynamic actor with illegal collision shapes
[2015.07.22-16.15.51:305][  0]LogPhysics:Warning: PHYSX: ..\..\PhysXExtensions\src\ExtRigidBodyExt.cpp (266) 4 : PxRigidBodyExt::updateMassAndInertia: Mass and inertia computation failed, setting mass to 1 and inertia to (1,1,1)
[2015.07.22-16.15.51:305][  0]LogPhysics:Warning: PHYSX: ..\..\PhysXExtensions\src\ExtRigidBodyExt.cpp (217) 4 : computeMassAndInertia: Dynamic actor with illegal collision shapes
[2015.07.22-16.15.51:305][  0]LogPhysics:Warning: PHYSX: ..\..\PhysXExtensions\src\ExtRigidBodyExt.cpp (266) 4 : PxRigidBodyExt::updateMassAndInertia: Mass and inertia computation failed, setting mass to 1 and inertia to (1,1,1)
[2015.07.22-16.15.51:305][  0]LogPhysics:Warning: PHYSX: ..\..\PhysXExtensions\src\ExtRigidBodyExt.cpp (217) 4 : computeMassAndInertia: Dynamic actor with illegal collision shapes
[2015.07.22-16.15.51:305][  0]LogPhysics:Warning: PHYSX: ..\..\PhysXExtensions\src\ExtRigidBodyExt.cpp (266) 4 : PxRigidBodyExt::updateMassAndInertia: Mass and inertia computation failed, setting mass to 1 and inertia to (1,1,1)
[2015.07.22-16.15.51:305][  0]LogPhysics:Warning: PHYSX: ..\..\PhysXExtensions\src\ExtRigidBodyExt.cpp (217) 4 : computeMassAndInertia: Dynamic actor with illegal collision shapes
[2015.07.22-16.15.51:305][  0]LogPhysics:Warning: PHYSX: ..\..\PhysXExtensions\src\ExtRigidBodyExt.cpp (266) 4 : PxRigidBodyExt::updateMassAndInertia: Mass and inertia computation failed, setting mass to 1 and inertia to (1,1,1)
[2015.07.22-16.15.51:305][  0]LogPhysics:Warning: PHYSX: ..\..\PhysXExtensions\src\ExtRigidBodyExt.cpp (217) 4 : computeMassAndInertia: Dynamic actor with illegal collision shapes
[2015.07.22-16.15.51:305][  0]LogPhysics:Warning: PHYSX: ..\..\PhysXExtensions\src\ExtRigidBodyExt.cpp (266) 4 : PxRigidBodyExt::updateMassAndInertia: Mass and inertia computation failed, setting mass to 1 and inertia to (1,1,1)
[2015.07.22-16.15.51:306][  0]LogPhysics:Warning: PHYSX: ..\..\PhysXExtensions\src\ExtRigidBodyExt.cpp (217) 4 : computeMassAndInertia: Dynamic actor with illegal collision shapes
[2015.07.22-16.15.51:306][  0]LogPhysics:Warning: PHYSX: ..\..\PhysXExtensions\src\ExtRigidBodyExt.cpp (266) 4 : PxRigidBodyExt::updateMassAndInertia: Mass and inertia computation failed, setting mass to 1 and inertia to (1,1,1)
[2015.07.22-16.15.51:306][  0]LogPhysics:Warning: PHYSX: ..\..\PhysXExtensions\src\ExtRigidBodyExt.cpp (217) 4 : computeMassAndInertia: Dynamic actor with illegal collision shapes
[2015.07.22-16.15.51:306][  0]LogPhysics:Warning: PHYSX: ..\..\PhysXExtensions\src\ExtRigidBodyExt.cpp (266) 4 : PxRigidBodyExt::updateMassAndInertia: Mass and inertia computation failed, setting mass to 1 and inertia to (1,1,1)
[2015.07.22-16.15.51:306][  0]LogPhysics:Warning: PHYSX: ..\..\PhysXExtensions\src\ExtRigidBodyExt.cpp (217) 4 : computeMassAndInertia: Dynamic actor with illegal collision shapes
[2015.07.22-16.15.51:306][  0]LogPhysics:Warning: PHYSX: ..\..\PhysXExtensions\src\ExtRigidBodyExt.cpp (266) 4 : PxRigidBodyExt::updateMassAndInertia: Mass and inertia computation failed, setting mass to 1 and inertia to (1,1,1)
[2015.07.22-16.15.51:306][  0]LogPhysics:Warning: PHYSX: ..\..\PhysXExtensions\src\ExtRigidBodyExt.cpp (217) 4 : computeMassAndInertia: Dynamic actor with illegal collision shapes
[2015.07.22-16.15.51:306][  0]LogPhysics:Warning: PHYSX: ..\..\PhysXExtensions\src\ExtRigidBodyExt.cpp (266) 4 : PxRigidBodyExt::updateMassAndInertia: Mass and inertia computation failed, setting mass to 1 and inertia to (1,1,1)
[2015.07.22-16.15.51:306][  0]LogPhysics:Warning: PHYSX: ..\..\PhysXExtensions\src\ExtRigidBodyExt.cpp (217) 4 : computeMassAndInertia: Dynamic actor with illegal collision shapes
[2015.07.22-16.15.51:306][  0]LogPhysics:Warning: PHYSX: ..\..\PhysXExtensions\src\ExtRigidBodyExt.cpp (266) 4 : PxRigidBodyExt::updateMassAndInertia: Mass and inertia computation failed, setting mass to 1 and inertia to (1,1,1)
[2015.07.22-16.15.51:307][  0]LogPhysics:Warning: PHYSX: ..\..\PhysXExtensions\src\ExtRigidBodyExt.cpp (217) 4 : computeMassAndInertia: Dynamic actor with illegal collision shapes
[2015.07.22-16.15.51:307][  0]LogPhysics:Warning: PHYSX: ..\..\PhysXExtensions\src\ExtRigidBodyExt.cpp (266) 4 : PxRigidBodyExt::updateMassAndInertia: Mass and inertia computation failed, setting mass to 1 and inertia to (1,1,1)
[2015.07.22-16.15.51:307][  0]LogPhysics:Warning: PHYSX: ..\..\PhysXExtensions\src\ExtRigidBodyExt.cpp (217) 4 : computeMassAndInertia: Dynamic actor with illegal collision shapes
[2015.07.22-16.15.51:307][  0]LogPhysics:Warning: PHYSX: ..\..\PhysXExtensions\src\ExtRigidBodyExt.cpp (266) 4 : PxRigidBodyExt::updateMassAndInertia: Mass and inertia computation failed, setting mass to 1 and inertia to (1,1,1)
[2015.07.22-16.15.51:307][  0]LogPhysics:Warning: PHYSX: ..\..\PhysXExtensions\src\ExtRigidBodyExt.cpp (217) 4 : computeMassAndInertia: Dynamic actor with illegal collision shapes
[2015.07.22-16.15.51:307][  0]LogPhysics:Warning: PHYSX: ..\..\PhysXExtensions\src\ExtRigidBodyExt.cpp (266) 4 : PxRigidBodyExt::updateMassAndInertia: Mass and inertia computation failed, setting mass to 1 and inertia to (1,1,1)
[2015.07.22-16.15.51:307][  0]LogPhysics:Warning: PHYSX: ..\..\PhysXExtensions\src\ExtRigidBodyExt.cpp (217) 4 : computeMassAndInertia: Dynamic actor with illegal collision shapes
[2015.07.22-16.15.51:307][  0]LogPhysics:Warning: PHYSX: ..\..\PhysXExtensions\src\ExtRigidBodyExt.cpp (266) 4 : PxRigidBodyExt::updateMassAndInertia: Mass and inertia computation failed, setting mass to 1 and inertia to (1,1,1)
[2015.07.22-16.15.51:307][  0]LogPhysics:Warning: PHYSX: ..\..\PhysXExtensions\src\ExtRigidBodyExt.cpp (217) 4 : computeMassAndInertia: Dynamic actor with illegal collision shapes
[2015.07.22-16.15.51:308][  0]LogPhysics:Warning: PHYSX: ..\..\PhysXExtensions\src\ExtRigidBodyExt.cpp (266) 4 : PxRigidBodyExt::updateMassAndInertia: Mass and inertia computation failed, setting mass to 1 and inertia to (1,1,1)
[2015.07.22-16.15.51:308][  0]LogPhysics:Warning: PHYSX: ..\..\PhysXExtensions\src\ExtRigidBodyExt.cpp (217) 4 : computeMassAndInertia: Dynamic actor with illegal collision shapes
[2015.07.22-16.15.51:308][  0]LogPhysics:Warning: PHYSX: ..\..\PhysXExtensions\src\ExtRigidBodyExt.cpp (266) 4 : PxRigidBodyExt::updateMassAndInertia: Mass and inertia computation failed, setting mass to 1 and inertia to (1,1,1)
[2015.07.22-16.15.51:308][  0]LogPhysics:Warning: PHYSX: ..\..\PhysXExtensions\src\ExtRigidBodyExt.cpp (217) 4 : computeMassAndInertia: Dynamic actor with illegal collision shapes
[2015.07.22-16.15.51:308][  0]LogPhysics:Warning: PHYSX: ..\..\PhysXExtensions\src\ExtRigidBodyExt.cpp (266) 4 : PxRigidBodyExt::updateMassAndInertia: Mass and inertia computation failed, setting mass to 1 and inertia to (1,1,1)
[2015.07.22-16.15.51:308][  0]LogPhysics:Warning: PHYSX: ..\..\PhysXExtensions\src\ExtRigidBodyExt.cpp (217) 4 : computeMassAndInertia: Dynamic actor with illegal collision shapes
[2015.07.22-16.15.51:309][  0]LogPhysics:Warning: PHYSX: ..\..\PhysXExtensions\src\ExtRigidBodyExt.cpp (266) 4 : PxRigidBodyExt::updateMassAndInertia: Mass and inertia computation failed, setting mass to 1 and inertia to (1,1,1)
[2015.07.22-16.15.51:309][  0]LogPhysics:Warning: PHYSX: ..\..\PhysXExtensions\src\ExtRigidBodyExt.cpp (217) 4 : computeMassAndInertia: Dynamic actor with illegal collision shapes
[2015.07.22-16.15.51:309][  0]LogPhysics:Warning: PHYSX: ..\..\PhysXExtensions\src\ExtRigidBodyExt.cpp (266) 4 : PxRigidBodyExt::updateMassAndInertia: Mass and inertia computation failed, setting mass to 1 and inertia to (1,1,1)
[2015.07.22-16.15.51:309][  0]LogPhysics:Warning: PHYSX: ..\..\PhysXExtensions\src\ExtRigidBodyExt.cpp (217) 4 : computeMassAndInertia: Dynamic actor with illegal collision shapes
[2015.07.22-16.15.51:309][  0]LogPhysics:Warning: PHYSX: ..\..\PhysXExtensions\src\ExtRigidBodyExt.cpp (266) 4 : PxRigidBodyExt::updateMassAndInertia: Mass and inertia computation failed, setting mass to 1 and inertia to (1,1,1)
[2015.07.22-16.15.51:309][  0]LogPhysics:Warning: PHYSX: ..\..\PhysXExtensions\src\ExtRigidBodyExt.cpp (217) 4 : computeMassAndInertia: Dynamic actor with illegal collision shapes
[2015.07.22-16.15.51:309][  0]LogPhysics:Warning: PHYSX: ..\..\PhysXExtensions\src\ExtRigidBodyExt.cpp (266) 4 : PxRigidBodyExt::updateMassAndInertia: Mass and inertia computation failed, setting mass to 1 and inertia to (1,1,1)
[2015.07.22-16.15.51:310][  0]LogPhysics:Warning: PHYSX: ..\..\PhysXExtensions\src\ExtRigidBodyExt.cpp (217) 4 : computeMassAndInertia: Dynamic actor with illegal collision shapes
[2015.07.22-16.15.51:310][  0]LogPhysics:Warning: PHYSX: ..\..\PhysXExtensions\src\ExtRigidBodyExt.cpp (266) 4 : PxRigidBodyExt::updateMassAndInertia: Mass and inertia computation failed, setting mass to 1 and inertia to (1,1,1)
[2015.07.22-16.15.51:310][  0]LogPhysics:Warning: PHYSX: ..\..\PhysXExtensions\src\ExtRigidBodyExt.cpp (217) 4 : computeMassAndInertia: Dynamic actor with illegal collision shapes
[2015.07.22-16.15.51:310][  0]LogPhysics:Warning: PHYSX: ..\..\PhysXExtensions\src\ExtRigidBodyExt.cpp (266) 4 : PxRigidBodyExt::updateMassAndInertia: Mass and inertia computation failed, setting mass to 1 and inertia to (1,1,1)
[2015.07.22-16.15.51:310][  0]LogPhysics:Warning: PHYSX: ..\..\PhysXExtensions\src\ExtRigidBodyExt.cpp (217) 4 : computeMassAndInertia: Dynamic actor with illegal collision shapes
[2015.07.22-16.15.51:310][  0]LogPhysics:Warning: PHYSX: ..\..\PhysXExtensions\src\ExtRigidBodyExt.cpp (266) 4 : PxRigidBodyExt::updateMassAndInertia: Mass and inertia computation failed, setting mass to 1 and inertia to (1,1,1)
[2015.07.22-16.15.51:446][  0]LogPhysics:Warning: PHYSX: ..\..\PhysXExtensions\src\ExtRigidBodyExt.cpp (217) 4 : computeMassAndInertia: Dynamic actor with illegal collision shapes
[2015.07.22-16.15.51:446][  0]LogPhysics:Warning: PHYSX: ..\..\PhysXExtensions\src\ExtRigidBodyExt.cpp (266) 4 : PxRigidBodyExt::updateMassAndInertia: Mass and inertia computation failed, setting mass to 1 and inertia to (1,1,1)
[2015.07.22-16.15.51:447][  0]LogPhysics:Warning: PHYSX: ..\..\PhysXExtensions\src\ExtRigidBodyExt.cpp (217) 4 : computeMassAndInertia: Dynamic actor with illegal collision shapes
[2015.07.22-16.15.51:447][  0]LogPhysics:Warning: PHYSX: ..\..\PhysXExtensions\src\ExtRigidBodyExt.cpp (266) 4 : PxRigidBodyExt::updateMassAndInertia: Mass and inertia computation failed, setting mass to 1 and inertia to (1,1,1)
[2015.07.22-16.15.51:448][  0]LogPhysics:Warning: PHYSX: ..\..\PhysXExtensions\src\ExtRigidBodyExt.cpp (217) 4 : computeMassAndInertia: Dynamic actor with illegal collision shapes
[2015.07.22-16.15.51:448][  0]LogPhysics:Warning: PHYSX: ..\..\PhysXExtensions\src\ExtRigidBodyExt.cpp (266) 4 : PxRigidBodyExt::updateMassAndInertia: Mass and inertia computation failed, setting mass to 1 and inertia to (1,1,1)
[2015.07.22-16.15.51:449][  0]LogPhysics:Warning: PHYSX: ..\..\PhysXExtensions\src\ExtRigidBodyExt.cpp (217) 4 : computeMassAndInertia: Dynamic actor with illegal collision shapes
[2015.07.22-16.15.51:449][  0]LogPhysics:Warning: PHYSX: ..\..\PhysXExtensions\src\ExtRigidBodyExt.cpp (266) 4 : PxRigidBodyExt::updateMassAndInertia: Mass and inertia computation failed, setting mass to 1 and inertia to (1,1,1)
[2015.07.22-16.15.51:449][  0]LogPhysics:Warning: PHYSX: ..\..\PhysXExtensions\src\ExtRigidBodyExt.cpp (217) 4 : computeMassAndInertia: Dynamic actor with illegal collision shapes
[2015.07.22-16.15.51:449][  0]LogPhysics:Warning: PHYSX: ..\..\PhysXExtensions\src\ExtRigidBodyExt.cpp (266) 4 : PxRigidBodyExt::updateMassAndInertia: Mass and inertia computation failed, setting mass to 1 and inertia to (1,1,1)
[2015.07.22-16.15.51:450][  0]LogPhysics:Warning: PHYSX: ..\..\PhysXExtensions\src\ExtRigidBodyExt.cpp (217) 4 : computeMassAndInertia: Dynamic actor with illegal collision shapes
[2015.07.22-16.15.51:450][  0]LogPhysics:Warning: PHYSX: ..\..\PhysXExtensions\src\ExtRigidBodyExt.cpp (266) 4 : PxRigidBodyExt::updateMassAndInertia: Mass and inertia computation failed, setting mass to 1 and inertia to (1,1,1)
[2015.07.22-16.15.51:451][  0]LogPhysics:Warning: PHYSX: ..\..\PhysXExtensions\src\ExtRigidBodyExt.cpp (217) 4 : computeMassAndInertia: Dynamic actor with illegal collision shapes
[2015.07.22-16.15.51:451][  0]LogPhysics:Warning: PHYSX: ..\..\PhysXExtensions\src\ExtRigidBodyExt.cpp (266) 4 : PxRigidBodyExt::updateMassAndInertia: Mass and inertia computation failed, setting mass to 1 and inertia to (1,1,1)
[2015.07.22-16.15.51:451][  0]LogPhysics:Warning: PHYSX: ..\..\PhysXExtensions\src\ExtRigidBodyExt.cpp (217) 4 : computeMassAndInertia: Dynamic actor with illegal collision shapes
[2015.07.22-16.15.51:451][  0]LogPhysics:Warning: PHYSX: ..\..\PhysXExtensions\src\ExtRigidBodyExt.cpp (266) 4 : PxRigidBodyExt::updateMassAndInertia: Mass and inertia computation failed, setting mass to 1 and inertia to (1,1,1)
[2015.07.22-16.15.51:452][  0]LogPhysics:Warning: PHYSX: ..\..\PhysXExtensions\src\ExtRigidBodyExt.cpp (217) 4 : computeMassAndInertia: Dynamic actor with illegal collision shapes
[2015.07.22-16.15.51:452][  0]LogPhysics:Warning: PHYSX: ..\..\PhysXExtensions\src\ExtRigidBodyExt.cpp (266) 4 : PxRigidBodyExt::updateMassAndInertia: Mass and inertia computation failed, setting mass to 1 and inertia to (1,1,1)
[2015.07.22-16.15.51:453][  0]LogPhysics:Warning: PHYSX: ..\..\PhysXExtensions\src\ExtRigidBodyExt.cpp (217) 4 : computeMassAndInertia: Dynamic actor with illegal collision shapes
[2015.07.22-16.15.51:453][  0]LogPhysics:Warning: PHYSX: ..\..\PhysXExtensions\src\ExtRigidBodyExt.cpp (266) 4 : PxRigidBodyExt::updateMassAndInertia: Mass and inertia computation failed, setting mass to 1 and inertia to (1,1,1)
[2015.07.22-16.15.51:453][  0]LogPhysics:Warning: PHYSX: ..\..\PhysXExtensions\src\ExtRigidBodyExt.cpp (217) 4 : computeMassAndInertia: Dynamic actor with illegal collision shapes
[2015.07.22-16.15.51:453][  0]LogPhysics:Warning: PHYSX: ..\..\PhysXExtensions\src\ExtRigidBodyExt.cpp (266) 4 : PxRigidBodyExt::updateMassAndInertia: Mass and inertia computation failed, setting mass to 1 and inertia to (1,1,1)
[2015.07.22-16.15.51:454][  0]LogPhysics:Warning: PHYSX: ..\..\PhysXExtensions\src\ExtRigidBodyExt.cpp (217) 4 : computeMassAndInertia: Dynamic actor with illegal collision shapes
[2015.07.22-16.15.51:454][  0]LogPhysics:Warning: PHYSX: ..\..\PhysXExtensions\src\ExtRigidBodyExt.cpp (266) 4 : PxRigidBodyExt::updateMassAndInertia: Mass and inertia computation failed, setting mass to 1 and inertia to (1,1,1)
[2015.07.22-16.15.51:455][  0]LogPhysics:Warning: PHYSX: ..\..\PhysXExtensions\src\ExtRigidBodyExt.cpp (217) 4 : computeMassAndInertia: Dynamic actor with illegal collision shapes
[2015.07.22-16.15.51:455][  0]LogPhysics:Warning: PHYSX: ..\..\PhysXExtensions\src\ExtRigidBodyExt.cpp (266) 4 : PxRigidBodyExt::updateMassAndInertia: Mass and inertia computation failed, setting mass to 1 and inertia to (1,1,1)
[2015.07.22-16.15.51:455][  0]LogPhysics:Warning: PHYSX: ..\..\PhysXExtensions\src\ExtRigidBodyExt.cpp (217) 4 : computeMassAndInertia: Dynamic actor with illegal collision shapes
[2015.07.22-16.15.51:455][  0]LogPhysics:Warning: PHYSX: ..\..\PhysXExtensions\src\ExtRigidBodyExt.cpp (266) 4 : PxRigidBodyExt::updateMassAndInertia: Mass and inertia computation failed, setting mass to 1 and inertia to (1,1,1)
[2015.07.22-16.15.51:456][  0]LogPhysics:Warning: PHYSX: ..\..\PhysXExtensions\src\ExtRigidBodyExt.cpp (217) 4 : computeMassAndInertia: Dynamic actor with illegal collision shapes
[2015.07.22-16.15.51:456][  0]LogPhysics:Warning: PHYSX: ..\..\PhysXExtensions\src\ExtRigidBodyExt.cpp (266) 4 : PxRigidBodyExt::updateMassAndInertia: Mass and inertia computation failed, setting mass to 1 and inertia to (1,1,1)
[2015.07.22-16.15.51:457][  0]LogPhysics:Warning: PHYSX: ..\..\PhysXExtensions\src\ExtRigidBodyExt.cpp (217) 4 : computeMassAndInertia: Dynamic actor with illegal collision shapes
[2015.07.22-16.15.51:457][  0]LogPhysics:Warning: PHYSX: ..\..\PhysXExtensions\src\ExtRigidBodyExt.cpp (266) 4 : PxRigidBodyExt::updateMassAndInertia: Mass and inertia computation failed, setting mass to 1 and inertia to (1,1,1)
[2015.07.22-16.15.51:457][  0]LogPhysics:Warning: PHYSX: ..\..\PhysXExtensions\src\ExtRigidBodyExt.cpp (217) 4 : computeMassAndInertia: Dynamic actor with illegal collision shapes
[2015.07.22-16.15.51:457][  0]LogPhysics:Warning: PHYSX: ..\..\PhysXExtensions\src\ExtRigidBodyExt.cpp (266) 4 : PxRigidBodyExt::updateMassAndInertia: Mass and inertia computation failed, setting mass to 1 and inertia to (1,1,1)
[2015.07.22-16.15.51:459][  0]LogPhysics:Warning: PHYSX: ..\..\PhysXExtensions\src\ExtRigidBodyExt.cpp (217) 4 : computeMassAndInertia: Dynamic actor with illegal collision shapes
[2015.07.22-16.15.51:459][  0]LogPhysics:Warning: PHYSX: ..\..\PhysXExtensions\src\ExtRigidBodyExt.cpp (266) 4 : PxRigidBodyExt::updateMassAndInertia: Mass and inertia computation failed, setting mass to 1 and inertia to (1,1,1)
[2015.07.22-16.15.51:459][  0]LogPhysics:Warning: PHYSX: ..\..\PhysXExtensions\src\ExtRigidBodyExt.cpp (217) 4 : computeMassAndInertia: Dynamic actor with illegal collision shapes
[2015.07.22-16.15.51:459][  0]LogPhysics:Warning: PHYSX: ..\..\PhysXExtensions\src\ExtRigidBodyExt.cpp (266) 4 : PxRigidBodyExt::updateMassAndInertia: Mass and inertia computation failed, setting mass to 1 and inertia to (1,1,1)
[2015.07.22-16.15.51:460][  0]LogPhysics:Warning: PHYSX: ..\..\PhysXExtensions\src\ExtRigidBodyExt.cpp (217) 4 : computeMassAndInertia: Dynamic actor with illegal collision shapes
[2015.07.22-16.15.51:460][  0]LogPhysics:Warning: PHYSX: ..\..\PhysXExtensions\src\ExtRigidBodyExt.cpp (266) 4 : PxRigidBodyExt::updateMassAndInertia: Mass and inertia computation failed, setting mass to 1 and inertia to (1,1,1)
[2015.07.22-16.15.51:461][  0]LogPhysics:Warning: PHYSX: ..\..\PhysXExtensions\src\ExtRigidBodyExt.cpp (217) 4 : computeMassAndInertia: Dynamic actor with illegal collision shapes
[2015.07.22-16.15.51:461][  0]LogPhysics:Warning: PHYSX: ..\..\PhysXExtensions\src\ExtRigidBodyExt.cpp (266) 4 : PxRigidBodyExt::updateMassAndInertia: Mass and inertia computation failed, setting mass to 1 and inertia to (1,1,1)
[2015.07.22-16.15.51:462][  0]LogPhysics:Warning: PHYSX: ..\..\PhysXExtensions\src\ExtRigidBodyExt.cpp (217) 4 : computeMassAndInertia: Dynamic actor with illegal collision shapes
[2015.07.22-16.15.51:462][  0]LogPhysics:Warning: PHYSX: ..\..\PhysXExtensions\src\ExtRigidBodyExt.cpp (266) 4 : PxRigidBodyExt::updateMassAndInertia: Mass and inertia computation failed, setting mass to 1 and inertia to (1,1,1)
[2015.07.22-16.15.51:463][  0]LogPhysics:Warning: PHYSX: ..\..\PhysXExtensions\src\ExtRigidBodyExt.cpp (217) 4 : computeMassAndInertia: Dynamic actor with illegal collision shapes
[2015.07.22-16.15.51:463][  0]LogPhysics:Warning: PHYSX: ..\..\PhysXExtensions\src\ExtRigidBodyExt.cpp (266) 4 : PxRigidBodyExt::updateMassAndInertia: Mass and inertia computation failed, setting mass to 1 and inertia to (1,1,1)
[2015.07.22-16.15.51:464][  0]LogPhysics:Warning: PHYSX: ..\..\PhysXExtensions\src\ExtRigidBodyExt.cpp (217) 4 : computeMassAndInertia: Dynamic actor with illegal collision shapes
[2015.07.22-16.15.51:464][  0]LogPhysics:Warning: PHYSX: ..\..\PhysXExtensions\src\ExtRigidBodyExt.cpp (266) 4 : PxRigidBodyExt::updateMassAndInertia: Mass and inertia computation failed, setting mass to 1 and inertia to (1,1,1)
[2015.07.22-16.15.51:465][  0]LogPhysics:Warning: PHYSX: ..\..\PhysXExtensions\src\ExtRigidBodyExt.cpp (217) 4 : computeMassAndInertia: Dynamic actor with illegal collision shapes
[2015.07.22-16.15.51:465][  0]LogPhysics:Warning: PHYSX: ..\..\PhysXExtensions\src\ExtRigidBodyExt.cpp (266) 4 : PxRigidBodyExt::updateMassAndInertia: Mass and inertia computation failed, setting mass to 1 and inertia to (1,1,1)
[2015.07.22-16.15.51:465][  0]LogPhysics:Warning: PHYSX: ..\..\PhysXExtensions\src\ExtRigidBodyExt.cpp (217) 4 : computeMassAndInertia: Dynamic actor with illegal collision shapes
[2015.07.22-16.15.51:465][  0]LogPhysics:Warning: PHYSX: ..\..\PhysXExtensions\src\ExtRigidBodyExt.cpp (266) 4 : PxRigidBodyExt::updateMassAndInertia: Mass and inertia computation failed, setting mass to 1 and inertia to (1,1,1)
[2015.07.22-16.15.51:466][  0]LogPhysics:Warning: PHYSX: ..\..\PhysXExtensions\src\ExtRigidBodyExt.cpp (217) 4 : computeMassAndInertia: Dynamic actor with illegal collision shapes
[2015.07.22-16.15.51:466][  0]LogPhysics:Warning: PHYSX: ..\..\PhysXExtensions\src\ExtRigidBodyExt.cpp (266) 4 : PxRigidBodyExt::updateMassAndInertia: Mass and inertia computation failed, setting mass to 1 and inertia to (1,1,1)
[2015.07.22-16.15.51:467][  0]LogPhysics:Warning: PHYSX: ..\..\PhysXExtensions\src\ExtRigidBodyExt.cpp (217) 4 : computeMassAndInertia: Dynamic actor with illegal collision shapes
[2015.07.22-16.15.51:467][  0]LogPhysics:Warning: PHYSX: ..\..\PhysXExtensions\src\ExtRigidBodyExt.cpp (266) 4 : PxRigidBodyExt::updateMassAndInertia: Mass and inertia computation failed, setting mass to 1 and inertia to (1,1,1)
[2015.07.22-16.15.51:468][  0]LogPhysics:Warning: PHYSX: ..\..\PhysXExtensions\src\ExtRigidBodyExt.cpp (217) 4 : computeMassAndInertia: Dynamic actor with illegal collision shapes
[2015.07.22-16.15.51:468][  0]LogPhysics:Warning: PHYSX: ..\..\PhysXExtensions\src\ExtRigidBodyExt.cpp (266) 4 : PxRigidBodyExt::updateMassAndInertia: Mass and inertia computation failed, setting mass to 1 and inertia to (1,1,1)
[2015.07.22-16.15.51:469][  0]LogPhysics:Warning: PHYSX: ..\..\PhysXExtensions\src\ExtRigidBodyExt.cpp (217) 4 : computeMassAndInertia: Dynamic actor with illegal collision shapes
[2015.07.22-16.15.51:469][  0]LogPhysics:Warning: PHYSX: ..\..\PhysXExtensions\src\ExtRigidBodyExt.cpp (266) 4 : PxRigidBodyExt::updateMassAndInertia: Mass and inertia computation failed, setting mass to 1 and inertia to (1,1,1)
[2015.07.22-16.15.51:470][  0]LogPhysics:Warning: PHYSX: ..\..\PhysXExtensions\src\ExtRigidBodyExt.cpp (217) 4 : computeMassAndInertia: Dynamic actor with illegal collision shapes
[2015.07.22-16.15.51:470][  0]LogPhysics:Warning: PHYSX: ..\..\PhysXExtensions\src\ExtRigidBodyExt.cpp (266) 4 : PxRigidBodyExt::updateMassAndInertia: Mass and inertia computation failed, setting mass to 1 and inertia to (1,1,1)
[2015.07.22-16.15.51:477][  0]LogEditorServer: Finished looking for orphan Actors (0.000 secs)
[2015.07.22-16.15.51:840][  0]Cmd: MAP CHECKDEP NOCLEARLOG
[2015.07.22-16.15.51:904][  0]MapCheck: Info Map check complete: 0 Error(s), 0 Warning(s), took 63.367ms to complete.
[2015.07.22-16.15.51:904][  0]LogFileHelpers: Loading map 'AdvancedVehicleExamplemap' took 4.301
[2015.07.22-16.15.52:027][  0]LogCollectionManager: Loaded 0 collections in 0.002220 seconds
[2015.07.22-16.15.52:036][  0]LogContentBrowser: Native class hierarchy populated in 0.0086 seconds. Added 1792 classes and 301 folders.
[2015.07.22-16.15.52:078][  0]LogContentBrowser: Native class hierarchy updated for 'WidgetCarousel' in 0.0003 seconds. Added 0 classes and 0 folders.
[2015.07.22-16.15.52:110][  0]LogContentBrowser: Native class hierarchy updated for 'AddContentDialog' in 0.0005 seconds. Added 0 classes and 0 folders.
[2015.07.22-16.15.52:135][  0]LogContentBrowser: Native class hierarchy updated for 'SceneOutliner' in 0.0005 seconds. Added 1 classes and 2 folders.
[2015.07.22-16.15.52:190][  0]LogCrashTracker: Crashtracker disabled due to settings.
[2015.07.22-16.15.52:191][  0]LogD3D11RHI: InitD3DDevice
[2015.07.22-16.15.52:199][  0]LogUObjectGlobals:Warning: Failed to find object 'Class None.'
[2015.07.22-16.15.52:223][  0]LogLoad: Full Startup: 13.57 seconds (BP compile: 0.83 seconds)
[2015.07.22-16.15.52:630][  0]LogContentStreaming: Texture pool size is 0.000000MB
[2015.07.22-16.15.52:844][  0]LogContentStreaming: Texture pool size now 400 MB
[2015.07.22-16.15.53:004][  0]LogRenderer: Reallocating scene render targets to support 1272x496 (Frame:2).
[2015.07.22-16.15.53:137][  1]Cmd: UpdateLandscapeEditorData -warnings
[2015.07.22-16.15.53:139][  1]Cmd: UpdateLandscapeEditorData
[2015.07.22-16.15.56:494][ 11]LogAssetRegistry: Asset discovery search completed in 10.5204 seconds
[2015.07.22-16.16.10:887][122]LogD3D11RHI: InitD3DDevice
[2015.07.22-16.30.36:319][  9]LogD3D11RHI: InitD3DDevice
[2015.07.22-16.30.36:366][  9]LogFactory: FactoryCreateBinary: Texture with TextureFactory (0 0 ../../../../../../Users/N/Pictures/NEUROCAR/tree/asdaaaa.tga)
[2015.07.22-16.30.36:489][  9]LogTexture:Display: Building textures: asdaaaa (AutoDXT)
[2015.07.22-16.30.38:494][ 36]LogD3D11RHI: InitD3DDevice
[2015.07.22-16.30.38:536][ 36]LogContentBrowser: Native class hierarchy updated for 'TextureEditor' in 0.0004 seconds. Added 1 classes and 2 folders.
[2015.07.22-16.30.38:543][ 36]LogD3D11RHI: InitD3DDevice
[2015.07.22-16.30.39:714][ 58]LogD3D11RHI: InitD3DDevice
[2015.07.22-16.30.54:428][471]LogD3D11RHI: InitD3DDevice
[2015.07.22-16.31.12:017][584]LogD3D11RHI: InitD3DDevice
[2015.07.22-16.31.21:015][611]LogD3D11RHI: InitD3DDevice
[2015.07.22-16.31.21:328][611]LogFileHelpers: Editor autosave (incl. sublevels) for '/Game/VehicleAdvBP/Maps/AdvancedVehicleExamplemap' took 0.132
[2015.07.22-16.31.21:333][611]OBJ SavePackage: Generating thumbnails for [1] asset(s) in package [/Game/Assets/Models/asdaaaa] ([1] browsable assets)...
[2015.07.22-16.31.21:357][611]OBJ SavePackage:     Rendered thumbnail for [Texture2D /Game/Assets/Models/asdaaaa.asdaaaa]
[2015.07.22-16.31.21:357][611]OBJ SavePackage: Finished generating thumbnails for package [/Game/Assets/Models/asdaaaa]
[2015.07.22-16.31.21:456][611]LogSavePackage: Save=98.131805ms
[2015.07.22-16.31.21:456][611]LogSavePackage: Moving '../../../../../../Users/N/Documents/GitHub/UnrealNeuroCar/Saved/asdaaaa_Auto12A6D652F46EDD57B7FCB8CA8F5D85159.tmp' to '../../../../../../Users/N/Documents/GitHub/UnrealNeuroCar/Saved/Autosaves/Game/Assets/Models/asdaaaa_Auto1.uasset'
[2015.07.22-16.31.21:459][611]LogFileHelpers: Auto-saving content packages took 0.130
[2015.07.22-16.38.19:580][860]LogD3D11RHI: InitD3DDevice
[2015.07.22-16.38.19:595][860]LogFactory: FactoryCreateBinary: Texture with TextureFactory (0 0 ../../../../../../Users/N/Pictures/NEUROCAR/tree/oakbranchalpha.tga)
[2015.07.22-16.38.19:616][860]LogTexture:Display: Building textures: oakbranchalpha (AutoDXT)
[2015.07.22-16.38.21:994][895]LogD3D11RHI: InitD3DDevice
[2015.07.22-16.38.22:008][895]LogD3D11RHI: InitD3DDevice
[2015.07.22-16.38.31:113][ 78]LogD3D11RHI: InitD3DDevice
[2015.07.22-16.38.43:333][344]LogD3D11RHI: InitD3DDevice
[2015.07.22-16.38.45:537][408]LogD3D11RHI: InitD3DDevice
[2015.07.22-16.39.35:729][552]LogD3D11RHI: InitD3DDevice
[2015.07.22-16.39.35:822][552]LogMaterial: Missing cached shader map for material M_Leaf, compiling. 
[2015.07.22-16.39.35:998][552]LogD3D11RHI: InitD3DDevice
[2015.07.22-16.39.36:131][552]LogMaterial: Missing cached shader map for material M_Leaf, compiling. 
[2015.07.22-16.39.36:166][552]LogMaterial: 0.000101 seconds spent updating 1 materials, 1 interfaces, 0 instances, 0 with static permutations.
[2015.07.22-16.39.36:196][552]LogMaterial: Missing cached shader map for material FMatExpressionPreview MaterialExpressionTextureSampleParameter2D_1, compiling. 
[2015.07.22-16.39.36:203][552]LogMaterial: Missing cached shader map for material FMatExpressionPreview MaterialExpressionVectorParameter_0, compiling. 
[2015.07.22-16.39.36:213][552]LogMaterial: Missing cached shader map for material FMatExpressionPreview MaterialExpressionVectorParameter_1, compiling. 
[2015.07.22-16.39.36:219][552]LogMaterial: Missing cached shader map for material FMatExpressionPreview MaterialExpressionVectorParameter_2, compiling. 
[2015.07.22-16.39.36:222][552]LogMaterial: Missing cached shader map for material FMatExpressionPreview MaterialExpressionVectorParameter_3, compiling. 
[2015.07.22-16.39.36:228][552]LogMaterial: Missing cached shader map for material FMatExpressionPreview MaterialExpressionConstant3Vector_2, compiling. 
[2015.07.22-16.39.36:231][552]LogMaterial: Missing cached shader map for material FMatExpressionPreview MaterialExpressionTextureSampleParameter2D_2, compiling. 
[2015.07.22-16.39.36:234][552]LogMaterial: Missing cached shader map for material FMatExpressionPreview MaterialExpressionTextureObject_0, compiling. 
[2015.07.22-16.39.43:347][696]MaterialEditorStats: Info Base pass shader with static lighting: 110 instructions
[2015.07.22-16.39.43:348][696]MaterialEditorStats: Info Base pass shader with only dynamic lighting: 72 instructions
[2015.07.22-16.39.43:348][696]MaterialEditorStats: Info Vertex shader: 54 instructions
[2015.07.22-16.39.43:348][696]MaterialEditorStats: Info Texture samplers: 5/16
[2015.07.22-16.39.50:327][855]LogMaterial: Missing cached shader map for material M_Leaf, compiling. 
[2015.07.22-16.39.50:337][855]LogMaterial: 0.000221 seconds spent updating 1 materials, 1 interfaces, 0 instances, 0 with static permutations.
[2015.07.22-16.39.50:362][855]LogMaterial: Missing cached shader map for material FMatExpressionPreview MaterialExpressionTextureSampleParameter2D_1, compiling. 
[2015.07.22-16.39.55:362][964]MaterialEditorStats: Info Base pass shader with static lighting: 110 instructions
[2015.07.22-16.39.55:362][964]MaterialEditorStats: Info Base pass shader with only dynamic lighting: 72 instructions
[2015.07.22-16.39.55:362][964]MaterialEditorStats: Info Vertex shader: 54 instructions
[2015.07.22-16.39.55:362][964]MaterialEditorStats: Info Texture samplers: 5/16
[2015.07.22-16.40.40:438][982]LogMaterial: Missing cached shader map for material M_Leaf, compiling. 
[2015.07.22-16.40.40:450][982]LogMaterial: 0.000089 seconds spent updating 1 materials, 1 interfaces, 0 instances, 0 with static permutations.
[2015.07.22-16.40.40:475][982]LogMaterial: Missing cached shader map for material FMatExpressionPreview MaterialExpressionTextureSampleParameter2D_2, compiling. 
[2015.07.22-16.40.43:931][ 55]LogD3D11RHI: InitD3DDevice
[2015.07.22-16.40.44:729][ 84]LogMaterial: Missing cached shader map for material M_Leaf, compiling. 
[2015.07.22-16.40.44:745][ 84]LogMaterial: 0.000068 seconds spent updating 1 materials, 1 interfaces, 0 instances, 0 with static permutations.
[2015.07.22-16.40.44:794][ 84]LogMaterial: Missing cached shader map for material FMatExpressionPreview MaterialExpressionTextureSampleParameter2D_2, compiling. 
[2015.07.22-16.40.49:949][196]MaterialEditorStats: Info Base pass shader with static lighting: 110 instructions
[2015.07.22-16.40.49:949][196]MaterialEditorStats: Info Base pass shader with only dynamic lighting: 72 instructions
[2015.07.22-16.40.49:949][196]MaterialEditorStats: Info Vertex shader: 54 instructions
[2015.07.22-16.40.49:949][196]MaterialEditorStats: Info Texture samplers: 5/16
[2015.07.22-16.41.15:877][435]LogD3D11RHI: InitD3DDevice
[2015.07.22-16.41.15:895][435]LogFactory: FactoryCreateBinary: Texture with TextureFactory (0 0 ../../../../../../Users/N/Pictures/NEUROCAR/tree/maskbranch.tga)
[2015.07.22-16.41.15:914][435]LogTexture:Display: Building textures: maskbranch (AutoDXT)
[2015.07.22-16.41.26:930][543]LogD3D11RHI: InitD3DDevice
[2015.07.22-16.41.28:165][595]LogMaterial: Missing cached shader map for material M_Leaf, compiling. 
[2015.07.22-16.41.28:175][595]LogMaterial: 0.000115 seconds spent updating 1 materials, 1 interfaces, 0 instances, 0 with static permutations.
[2015.07.22-16.41.28:202][595]LogMaterial: Missing cached shader map for material FMatExpressionPreview MaterialExpressionTextureSampleParameter2D_2, compiling. 
[2015.07.22-16.41.29:703][626]LogMaterial: Missing cached shader map for material M_Leaf, compiling. 
[2015.07.22-16.41.29:718][626]LogMaterial: 0.000060 seconds spent updating 1 materials, 1 interfaces, 0 instances, 0 with static permutations.
[2015.07.22-16.41.29:745][626]LogMaterial: Missing cached shader map for material FMatExpressionPreview MaterialExpressionTextureSampleParameter2D_2, compiling. 
[2015.07.22-16.41.35:926][761]MaterialEditorStats: Info Base pass shader with static lighting: 110 instructions
[2015.07.22-16.41.35:926][761]MaterialEditorStats: Info Base pass shader with only dynamic lighting: 72 instructions
[2015.07.22-16.41.35:926][761]MaterialEditorStats: Info Vertex shader: 54 instructions
[2015.07.22-16.41.35:926][761]MaterialEditorStats: Info Texture samplers: 5/16
[2015.07.22-16.41.41:507][884]LogMaterial: Missing cached shader map for material M_Leaf, compiling. 
[2015.07.22-16.41.41:518][884]LogMaterial: 0.000195 seconds spent updating 1 materials, 1 interfaces, 0 instances, 0 with static permutations.
[2015.07.22-16.41.41:561][884]LogMaterial: Missing cached shader map for material FMatExpressionPreview MaterialExpressionTextureObject_0, compiling. 
[2015.07.22-16.41.46:229][978]MaterialEditorStats: Info Base pass shader with static lighting: 110 instructions
[2015.07.22-16.41.46:229][978]MaterialEditorStats: Info Base pass shader with only dynamic lighting: 72 instructions
[2015.07.22-16.41.46:229][978]MaterialEditorStats: Info Vertex shader: 54 instructions
[2015.07.22-16.41.46:229][978]MaterialEditorStats: Info Texture samplers: 5/16
[2015.07.22-16.41.56:022][191]LogMaterial: Missing cached shader map for material M_Leaf, compiling. 
[2015.07.22-16.41.56:035][191]LogMaterial: 0.000092 seconds spent updating 1 materials, 1 interfaces, 0 instances, 0 with static permutations.
[2015.07.22-16.41.56:064][191]LogMaterial: Missing cached shader map for material FMatExpressionPreview MaterialExpressionTextureObject_0, compiling. 
[2015.07.22-16.42.00:209][283]LogD3D11RHI: InitD3DDevice
[2015.07.22-16.42.04:033][375]MaterialEditorStats: Info Base pass shader with static lighting: 110 instructions
[2015.07.22-16.42.04:033][375]MaterialEditorStats: Info Base pass shader with only dynamic lighting: 72 instructions
[2015.07.22-16.42.04:033][375]MaterialEditorStats: Info Vertex shader: 54 instructions
[2015.07.22-16.42.04:033][375]MaterialEditorStats: Info Texture samplers: 5/16
[2015.07.22-16.42.09:329][492]LogD3D11RHI: InitD3DDevice
[2015.07.22-16.42.12:635][550]LogD3D11RHI: InitD3DDevice
[2015.07.22-16.42.12:709][550]LogParticles: Destroying 0 GPU particle simulations for FXSystem 0x0000002ED6C7B4C0
[2015.07.22-16.42.14:214][550]LogSavePackage: Save=1471.307129ms
[2015.07.22-16.42.14:214][550]LogSavePackage: Moving '../../../../../../Users/N/Documents/GitHub/UnrealNeuroCar/Saved/AdvancedVehicleExamplemap16F11886470339AD21CAD4BBC0C831E0.tmp' to '../../../../../../Users/N/Documents/GitHub/UnrealNeuroCar/Content/VehicleAdvBP/Maps/AdvancedVehicleExamplemap.umap'
[2015.07.22-16.42.20:959][571]LogD3D11RHI: InitD3DDevice
[2015.07.22-16.42.25:282][800]LogUProjectInfo: Found projects:
[2015.07.22-16.42.25:295][800]LogD3D11RHI: InitD3DDevice
[2015.07.22-16.42.27:582][851]Cmd: CLOSE_SLATE_MAINFRAME
[2015.07.22-16.42.27:645][851]LogD3D11RHI: InitD3DDevice
[2015.07.22-16.42.29:098][851]LogD3D11RHI: InitD3DDevice
[2015.07.22-16.42.29:136][851]Cmd: OBJ SAVEPACKAGE PACKAGE="/Game/Assets/Models/asdaaaa" FILE="../../../../../../Users/N/Documents/GitHub/UnrealNeuroCar/Content/Assets/Models/asdaaaa.uasset" SILENT=true
[2015.07.22-16.42.29:166][851]LogSavePackage: Save=28.934118ms
[2015.07.22-16.42.29:166][851]LogSavePackage: Moving '../../../../../../Users/N/Documents/GitHub/UnrealNeuroCar/Saved/asdaaaa23C687364E9DD0F2B8EB778047379E08.tmp' to '../../../../../../Users/N/Documents/GitHub/UnrealNeuroCar/Content/Assets/Models/asdaaaa.uasset'
[2015.07.22-16.42.29:186][851]Cmd: OBJ SAVEPACKAGE PACKAGE="/Game/Assets/Models/maskbranch" FILE="../../../../../../Users/N/Documents/GitHub/UnrealNeuroCar/Content/Assets/Models/maskbranch.uasset" SILENT=true
[2015.07.22-16.42.29:239][851]LogSavePackage: Save=50.764130ms
[2015.07.22-16.42.29:239][851]LogSavePackage: Moving '../../../../../../Users/N/Documents/GitHub/UnrealNeuroCar/Saved/maskbranch12FF0B1749769D54AB0A3582C80AE745.tmp' to '../../../../../../Users/N/Documents/GitHub/UnrealNeuroCar/Content/Assets/Models/maskbranch.uasset'
[2015.07.22-16.42.29:266][851]Cmd: OBJ SAVEPACKAGE PACKAGE="/Game/Assets/Models/oakbranchalpha" FILE="../../../../../../Users/N/Documents/GitHub/UnrealNeuroCar/Content/Assets/Models/oakbranchalpha.uasset" SILENT=true
[2015.07.22-16.42.29:352][851]LogSavePackage: Save=84.844452ms
[2015.07.22-16.42.29:352][851]LogSavePackage: Moving '../../../../../../Users/N/Documents/GitHub/UnrealNeuroCar/Saved/oakbranchalphaB498033B448AE19716813FAA7FE60E4C.tmp' to '../../../../../../Users/N/Documents/GitHub/UnrealNeuroCar/Content/Assets/Models/oakbranchalpha.uasset'
[2015.07.22-16.42.29:443][851]LogWindowsTextInputMethodSystem:Display: IME system now deactivated.
[2015.07.22-16.42.29:736][852]Cmd: QUIT_EDITOR
[2015.07.22-16.42.29:995][852]LogExit: Preparing to exit.
[2015.07.22-16.42.30:487][852]LogExit: Editor shut down
[2015.07.22-16.42.30:487][852]LogExit: Transaction tracking system shut down
[2015.07.22-16.42.30:489][852]LogParticles: Destroying 0 GPU particle simulations for FXSystem 0x0000002EE9D267A0
[2015.07.22-16.42.30:492][852]LogParticles: Destroying 0 GPU particle simulations for FXSystem 0x0000002EF42339C0
[2015.07.22-16.42.30:493][852]LogParticles: Destroying 0 GPU particle simulations for FXSystem 0x0000002EF529C400
[2015.07.22-16.42.30:493][852]LogParticles: Destroying 0 GPU particle simulations for FXSystem 0x0000002EF4EDF420
[2015.07.22-16.42.30:660][852]LogParticles: Destroying 0 GPU particle simulations for FXSystem 0x0000002EF4EDF240
[2015.07.22-16.42.30:660][852]LogExit: Object subsystem successfully closed.
[2015.07.22-16.42.30:674][852]LogD3D11RHI: Shutdown
[2015.07.22-16.42.30:674][852]LogD3D11RHI: CleanupD3DDevice
[2015.07.22-16.42.30:797][852]LogD3D11RHI: ~FD3D11DynamicRHI
[2015.07.22-16.42.30:811][852]LogModuleManager: Shutting down and abandoning module MaterialEditor (190)
[2015.07.22-16.42.30:811][852]LogModuleManager: Shutting down and abandoning module TextureEditor (189)
[2015.07.22-16.42.30:811][852]LogModuleManager: Shutting down and abandoning module CrashTracker (188)
[2015.07.22-16.42.30:811][852]LogModuleManager: Shutting down and abandoning module SceneOutliner (187)
[2015.07.22-16.42.30:811][852]LogModuleManager: Shutting down and abandoning module SuperSearch (186)
[2015.07.22-16.42.30:811][852]LogModuleManager: Shutting down and abandoning module WidgetCarousel (185)
[2015.07.22-16.42.30:811][852]LogModuleManager: Shutting down and abandoning module AddContentDialog (184)
[2015.07.22-16.42.30:813][852]LogModuleManager: Shutting down and abandoning module EditorWidgets (183)
[2015.07.22-16.42.30:813][852]LogModuleManager: Shutting down and abandoning module CollectionManager (182)
[2015.07.22-16.42.30:813][852]LogModuleManager: Shutting down and abandoning module StatsViewer (181)
[2015.07.22-16.42.30:813][852]LogModuleManager: Shutting down and abandoning module FoliageEdit (180)
[2015.07.22-16.42.30:813][852]LogModuleManager: Shutting down and abandoning module LandscapeEditor (179)
[2015.07.22-16.42.30:814][852]LogModuleManager: Shutting down and abandoning module ActorPickerMode (178)
[2015.07.22-16.42.30:814][852]LogModuleManager: Shutting down and abandoning module GeometryMode (177)
[2015.07.22-16.42.30:814][852]LogModuleManager: Shutting down and abandoning module TextureAlignMode (176)
[2015.07.22-16.42.30:814][852]LogModuleManager: Shutting down and abandoning module BspMode (175)
[2015.07.22-16.42.30:814][852]LogModuleManager: Shutting down and abandoning module PlacementMode (174)
[2015.07.22-16.42.30:814][852]LogModuleManager: Shutting down and abandoning module AutomationWorker (173)
[2015.07.22-16.42.30:814][852]LogModuleManager: Shutting down and abandoning module CharacterAI (172)
[2015.07.22-16.42.30:814][852]LogModuleManager: Shutting down and abandoning module SmartSnapping (171)
[2015.07.22-16.42.30:814][852]LogModuleManager: Shutting down and abandoning module ViewportSnapping (170)
[2015.07.22-16.42.30:814][852]LogModuleManager: Shutting down and abandoning module LogVisualizer (169)
[2015.07.22-16.42.30:814][852]LogModuleManager: Shutting down and abandoning module GameProjectGeneration (168)
[2015.07.22-16.42.30:814][852]LogModuleManager: Shutting down and abandoning module IntroTutorials (167)
[2015.07.22-16.42.30:814][852]LogModuleManager: Shutting down and abandoning module EditorLiveStreaming (166)
[2015.07.22-16.42.30:814][852]LogModuleManager: Shutting down and abandoning module IOSPlatformEditor (165)
[2015.07.22-16.42.30:814][852]LogModuleManager: Shutting down and abandoning module HTML5PlatformEditor (164)
[2015.07.22-16.42.30:814][852]LogModuleManager: Shutting down and abandoning module AndroidDeviceDetection (163)
[2015.07.22-16.42.31:575][852]LogModuleManager: Shutting down and abandoning module AndroidPlatformEditor (162)
[2015.07.22-16.42.31:575][852]LogModuleManager: Shutting down and abandoning module IOSRuntimeSettings (161)
[2015.07.22-16.42.31:575][852]LogModuleManager: Shutting down and abandoning module AndroidRuntimeSettings (160)
[2015.07.22-16.42.31:575][852]LogModuleManager: Shutting down and abandoning module MergeActors (159)
[2015.07.22-16.42.31:575][852]LogModuleManager: Shutting down and abandoning module SizeMap (158)
[2015.07.22-16.42.31:575][852]LogModuleManager: Shutting down and abandoning module TreeMap (157)
[2015.07.22-16.42.31:575][852]LogModuleManager: Shutting down and abandoning module ReferenceViewer (156)
[2015.07.22-16.42.31:575][852]LogModuleManager: Shutting down and abandoning module LocalizationDashboard (155)
[2015.07.22-16.42.31:575][852]LogModuleManager: Shutting down and abandoning module HardwareTargeting (154)
[2015.07.22-16.42.31:575][852]LogModuleManager: Shutting down and abandoning module DeviceProfileEditor (153)
[2015.07.22-16.42.31:575][852]LogModuleManager: Shutting down and abandoning module UndoHistory (152)
[2015.07.22-16.42.31:575][852]LogModuleManager: Shutting down and abandoning module GameplayTagsEditor (151)
[2015.07.22-16.42.31:575][852]LogModuleManager: Shutting down and abandoning module UserFeedback (150)
[2015.07.22-16.42.31:575][852]LogModuleManager: Shutting down and abandoning module XmlParser (149)
[2015.07.22-16.42.31:575][852]LogModuleManager: Shutting down and abandoning module Blutility (148)
[2015.07.22-16.42.31:575][852]LogModuleManager: Shutting down and abandoning module ProjectTargetPlatformEditor (147)
[2015.07.22-16.42.31:575][852]LogModuleManager: Shutting down and abandoning module ProjectSettingsViewer (146)
[2015.07.22-16.42.31:575][852]LogModuleManager: Shutting down and abandoning module InputBindingEditor (145)
[2015.07.22-16.42.31:575][852]LogModuleManager: Shutting down and abandoning module EditorSettingsViewer (144)
[2015.07.22-16.42.31:575][852]LogModuleManager: Shutting down and abandoning module SettingsEditor (143)
[2015.07.22-16.42.31:575][852]LogModuleManager: Shutting down and abandoning module ProjectLauncher (142)
[2015.07.22-16.42.31:575][852]LogModuleManager: Shutting down and abandoning module SessionFrontend (141)
[2015.07.22-16.42.31:575][852]LogModuleManager: Shutting down and abandoning module ProfilerClient (140)
[2015.07.22-16.42.31:575][852]LogModuleManager: Shutting down and abandoning module TargetDeviceServices (139)
[2015.07.22-16.42.31:575][852]LogModuleManager: Shutting down and abandoning module DeviceManager (138)
[2015.07.22-16.42.31:575][852]LogModuleManager: Shutting down and abandoning module AutomationController (137)
[2015.07.22-16.42.31:575][852]LogModuleManager: Shutting down and abandoning module AutomationWindow (136)
[2015.07.22-16.42.31:575][852]LogModuleManager: Shutting down and abandoning module Layers (135)
[2015.07.22-16.42.31:575][852]LogModuleManager: Shutting down and abandoning module ComponentVisualizers (134)
[2015.07.22-16.42.31:575][852]LogModuleManager: Shutting down and abandoning module DetailCustomizations (133)
[2015.07.22-16.42.31:575][852]LogModuleManager: Shutting down and abandoning module PackagesDialog (132)
[2015.07.22-16.42.31:576][852]LogModuleManager: Shutting down and abandoning module AssetRegistry (131)
[2015.07.22-16.42.31:657][852]LogModuleManager: Shutting down and abandoning module Persona (130)
[2015.07.22-16.42.31:657][852]LogModuleManager: Shutting down and abandoning module Kismet (129)
[2015.07.22-16.42.31:657][852]LogModuleManager: Shutting down and abandoning module GraphEditor (128)
[2015.07.22-16.42.31:657][852]LogModuleManager: Shutting down and abandoning module ClassViewer (127)
[2015.07.22-16.42.31:657][852]LogModuleManager: Shutting down and abandoning module Toolbox (126)
[2015.07.22-16.42.31:657][852]LogModuleManager: Shutting down and abandoning module ModuleUI (125)
[2015.07.22-16.42.31:657][852]LogModuleManager: Shutting down and abandoning module MovieSceneTools (124)
[2015.07.22-16.42.31:657][852]LogModuleManager: Shutting down and abandoning module OutputLog (123)
[2015.07.22-16.42.31:657][852]LogModuleManager: Shutting down and abandoning module GammaUI (122)
[2015.07.22-16.42.31:657][852]LogModuleManager: Shutting down and abandoning module Documentation (121)
[2015.07.22-16.42.31:657][852]LogModuleManager: Shutting down and abandoning module GameLiveStreaming (120)
[2015.07.22-16.42.31:657][852]LogModuleManager: Shutting down and abandoning module StreamingPauseRendering (119)
[2015.07.22-16.42.31:657][852]LogModuleManager: Shutting down and abandoning module AnalyticsET (118)
[2015.07.22-16.42.31:657][852]LogModuleManager: Shutting down and abandoning module Analytics (117)
[2015.07.22-16.42.31:657][852]LogModuleManager: Shutting down and abandoning module AITestSuite (116)
[2015.07.22-16.42.31:657][852]LogModuleManager: Shutting down and abandoning module GameplayDebugger (115)
[2015.07.22-16.42.31:657][852]LogModuleManager: Shutting down and abandoning module AIModule (114)
[2015.07.22-16.42.31:657][852]LogModuleManager: Shutting down and abandoning module ProfilerService (113)
[2015.07.22-16.42.31:663][852]LogModuleManager: Shutting down and abandoning module TaskGraph (112)
[2015.07.22-16.42.31:663][852]LogModuleManager: Shutting down and abandoning module SlateRemote (111)
[2015.07.22-16.42.31:663][852]LogModuleManager: Shutting down and abandoning module SteamVRController (110)
[2015.07.22-16.42.31:663][852]LogModuleManager: Shutting down and abandoning module SteamVR (109)
[2015.07.22-16.42.31:663][852]LogModuleManager: Shutting down and abandoning module ProceduralMeshComponent (108)
[2015.07.22-16.42.31:663][852]LogModuleManager: Shutting down and abandoning module OculusRift (107)
[2015.07.22-16.42.31:663][852]LogModuleManager: Shutting down and abandoning module LeapMotionController (106)
[2015.07.22-16.42.31:672][852]LogModuleManager: Shutting down and abandoning module CustomMeshComponent (105)
[2015.07.22-16.42.31:672][852]LogModuleManager: Shutting down and abandoning module CableComponent (104)
[2015.07.22-16.42.31:672][852]LogModuleManager: Shutting down and abandoning module MessagingDebugger (103)
[2015.07.22-16.42.31:672][852]LogModuleManager: Shutting down and abandoning module MediaPlayerEditor (102)
[2015.07.22-16.42.31:672][852]LogModuleManager: Shutting down and abandoning module SpeedTreeImporter (101)
[2015.07.22-16.42.31:672][852]LogModuleManager: Shutting down and abandoning module PluginBrowser (100)
[2015.07.22-16.42.31:672][852]LogModuleManager: Shutting down and abandoning module EpicSurvey (99)
[2015.07.22-16.42.31:672][852]LogModuleManager: Shutting down and abandoning module DesktopPlatform (98)
[2015.07.22-16.42.31:672][852]LogModuleManager: Shutting down and abandoning module VisualStudioSourceCodeAccess (97)
[2015.07.22-16.42.31:672][852]LogModuleManager: Shutting down and abandoning module UObjectPlugin (96)
[2015.07.22-16.42.31:672][852]LogModuleManager: Shutting down and abandoning module SubversionSourceControl (95)
[2015.07.22-16.42.31:672][852]LogModuleManager: Shutting down and abandoning module PerforceSourceControl (94)
[2015.07.22-16.42.31:672][852]LogModuleManager: Shutting down and abandoning module SourceControl (93)
[2015.07.22-16.42.31:672][852]LogModuleManager: Shutting down and abandoning module GitSourceControl (92)
[2015.07.22-16.42.31:672][852]LogModuleManager: Shutting down and abandoning module BlankPlugin (91)
[2015.07.22-16.42.31:672][852]LogModuleManager: Shutting down and abandoning module PaperTiledImporter (90)
[2015.07.22-16.42.31:672][852]LogModuleManager: Shutting down and abandoning module PaperSpriteSheetImporter (89)
[2015.07.22-16.42.31:672][852]LogModuleManager: Shutting down and abandoning module MeshPaint (88)
[2015.07.22-16.42.31:672][852]LogModuleManager: Shutting down and abandoning module SlateReflector (87)
[2015.07.22-16.42.31:672][852]LogModuleManager: Shutting down and abandoning module DirectoryWatcher (86)
[2015.07.22-16.42.31:674][852]LogModuleManager: Shutting down and abandoning module HotReload (85)
[2015.07.22-16.42.31:674][852]LogModuleManager: Shutting down and abandoning module MainFrame (84)
[2015.07.22-16.42.31:674][852]LogModuleManager: Shutting down and abandoning module LevelEditor (83)
[2015.07.22-16.42.31:675][852]LogModuleManager: Shutting down and abandoning module ContentBrowser (82)
[2015.07.22-16.42.31:676][852]LogModuleManager: Shutting down and abandoning module Paper2DEditor (81)
[2015.07.22-16.42.31:676][852]LogModuleManager: Shutting down and abandoning module UdpMessaging (80)
[2015.07.22-16.42.31:778][852]LogModuleManager: Shutting down and abandoning module Paper2D (79)
[2015.07.22-16.42.31:778][852]LogModuleManager: Shutting down and abandoning module WindowsMoviePlayer (78)
[2015.07.22-16.42.31:783][852]LogModuleManager: Shutting down and abandoning module Media (77)
[2015.07.22-16.42.31:783][852]LogModuleManager: Shutting down and abandoning module WmfMedia (76)
[2015.07.22-16.42.31:783][852]LogModuleManager: Shutting down and abandoning module OnlineBlueprintSupport (75)
[2015.07.22-16.42.31:783][852]LogModuleManager: Shutting down and abandoning module PropertyEditor (74)
[2015.07.22-16.42.31:783][852]LogModuleManager: Shutting down and abandoning module BehaviorTreeEditor (73)
[2015.07.22-16.42.31:783][852]LogModuleManager: Shutting down and abandoning module FunctionalTesting (72)
[2015.07.22-16.42.31:783][852]LogModuleManager: Shutting down and abandoning module CollisionAnalyzer (71)
[2015.07.22-16.42.31:783][852]LogModuleManager: Shutting down and abandoning module WorkspaceMenuStructure (70)
[2015.07.22-16.42.31:783][852]LogModuleManager: Shutting down and abandoning module MessageLog (69)
[2015.07.22-16.42.31:784][852]LogModuleManager: Shutting down and abandoning module Sequencer (68)
[2015.07.22-16.42.31:784][852]LogModuleManager: Shutting down and abandoning module AssetTools (67)
[2015.07.22-16.42.31:784][852]LogModuleManager: Shutting down and abandoning module UMGEditor (66)
[2015.07.22-16.42.31:784][852]LogModuleManager: Shutting down and abandoning module UMG (65)
[2015.07.22-16.42.31:784][852]LogModuleManager: Shutting down and abandoning module Slate (64)
[2015.07.22-16.42.31:784][852]LogModuleManager: Shutting down and abandoning module EditorStyle (63)
[2015.07.22-16.42.31:786][852]LogModuleManager: Shutting down and abandoning module SessionServices (62)
[2015.07.22-16.42.31:786][852]LogModuleManager: Shutting down and abandoning module SourceCodeAccess (61)
[2015.07.22-16.42.31:786][852]LogModuleManager: Shutting down and abandoning module HeadMountedDisplay (60)
[2015.07.22-16.42.31:786][852]LogModuleManager: Shutting down and abandoning module XAudio2 (59)
[2015.07.22-16.42.31:786][852]LogModuleManager: Shutting down and abandoning module Networking (57)
[2015.07.22-16.42.31:786][852]LogModuleManager: Shutting down and abandoning module Core (56)
[2015.07.22-16.42.31:786][852]LogModuleManager: Shutting down and abandoning module KismetCompiler (55)
[2015.07.22-16.42.31:786][852]LogModuleManager: Shutting down and abandoning module PhysXFormats (54)
[2015.07.22-16.42.31:786][852]LogModuleManager: Shutting down and abandoning module MeshUtilities (53)
[2015.07.22-16.42.31:786][852]LogModuleManager: Shutting down and abandoning module DerivedDataCache (52)
[2015.07.22-16.42.31:878][852]LogDerivedDataCache: Shutdown
[2015.07.22-16.42.31:878][852]LogModuleManager: Shutting down and abandoning module ShaderFormatOpenGL (51)
[2015.07.22-16.42.31:878][852]LogModuleManager: Shutting down and abandoning module ShaderFormatD3D (50)
[2015.07.22-16.42.31:878][852]LogModuleManager: Shutting down and abandoning module MetalShaderFormat (49)
[2015.07.22-16.42.31:878][852]LogModuleManager: Shutting down and abandoning module TextureFormatUncompressed (48)
[2015.07.22-16.42.31:878][852]LogModuleManager: Shutting down and abandoning module TextureFormatPVR (47)
[2015.07.22-16.42.31:878][852]LogModuleManager: Shutting down and abandoning module TextureFormatIntelISPCTexComp (46)
[2015.07.22-16.42.31:878][852]LogModuleManager: Shutting down and abandoning module TextureFormatDXT (45)
[2015.07.22-16.42.31:878][852]LogModuleManager: Shutting down and abandoning module ImageWrapper (44)
[2015.07.22-16.42.31:878][852]LogModuleManager: Shutting down and abandoning module TextureFormatASTC (43)
[2015.07.22-16.42.31:878][852]LogModuleManager: Shutting down and abandoning module TextureFormatAndroid (42)
[2015.07.22-16.42.31:878][852]LogModuleManager: Shutting down and abandoning module AudioFormatOpus (41)
[2015.07.22-16.42.31:878][852]LogModuleManager: Shutting down and abandoning module AudioFormatOgg (40)
[2015.07.22-16.42.31:878][852]LogModuleManager: Shutting down and abandoning module AudioFormatADPCM (39)
[2015.07.22-16.42.31:878][852]LogModuleManager: Shutting down and abandoning module LinuxTargetPlatform (38)
[2015.07.22-16.42.31:879][852]LogModuleManager: Shutting down and abandoning module LinuxServerTargetPlatform (37)
[2015.07.22-16.42.31:879][852]LogModuleManager: Shutting down and abandoning module LinuxNoEditorTargetPlatform (36)
[2015.07.22-16.42.31:879][852]LogModuleManager: Shutting down and abandoning module Messaging (35)
[2015.07.22-16.42.31:879][852]LogModuleManager: Shutting down and abandoning module IOSTargetPlatform (34)
[2015.07.22-16.42.31:879][852]LogModuleManager: Shutting down and abandoning module HTML5TargetPlatform (33)
[2015.07.22-16.42.31:879][852]LogModuleManager: Shutting down and abandoning module Android_PVRTCTargetPlatform (32)
[2015.07.22-16.42.31:879][852]LogModuleManager: Shutting down and abandoning module Android_ETC2TargetPlatform (31)
[2015.07.22-16.42.31:879][852]LogModuleManager: Shutting down and abandoning module Android_ETC1TargetPlatform (30)
[2015.07.22-16.42.31:879][852]LogModuleManager: Shutting down and abandoning module Android_DXTTargetPlatform (29)
[2015.07.22-16.42.31:879][852]LogModuleManager: Shutting down and abandoning module Android_ATCTargetPlatform (28)
[2015.07.22-16.42.31:879][852]LogModuleManager: Shutting down and abandoning module Android_ASTCTargetPlatform (27)
[2015.07.22-16.42.31:879][852]LogModuleManager: Shutting down and abandoning module AndroidTargetPlatform (26)
[2015.07.22-16.42.31:879][852]LogModuleManager: Shutting down and abandoning module WindowsTargetPlatform (25)
[2015.07.22-16.42.31:879][852]LogModuleManager: Shutting down and abandoning module WindowsServerTargetPlatform (24)
[2015.07.22-16.42.31:879][852]LogModuleManager: Shutting down and abandoning module WindowsNoEditorTargetPlatform (23)
[2015.07.22-16.42.31:879][852]LogModuleManager: Shutting down and abandoning module WindowsClientTargetPlatform (22)
[2015.07.22-16.42.31:879][852]LogModuleManager: Shutting down and abandoning module DesktopTargetPlatform (21)
[2015.07.22-16.42.31:879][852]LogModuleManager: Shutting down and abandoning module TargetPlatform (20)
[2015.07.22-16.42.31:879][852]LogModuleManager: Shutting down and abandoning module InputCore (19)
[2015.07.22-16.42.31:879][852]LogModuleManager: Shutting down and abandoning module Settings (18)
[2015.07.22-16.42.31:879][852]LogModuleManager: Shutting down and abandoning module OnlineSubsystem (16)
[2015.07.22-16.42.31:879][852]LogModuleManager: Shutting down and abandoning module HTTP (15)
[2015.07.22-16.42.31:879][852]LogModuleManager: Shutting down and abandoning module ExampleDeviceProfileSelector (14)
[2015.07.22-16.42.31:879][852]LogModuleManager: Shutting down and abandoning module TextureCompressor (13)
[2015.07.22-16.42.31:879][852]LogModuleManager: Shutting down and abandoning module ShaderCore (12)
[2015.07.22-16.42.31:879][852]LogModuleManager: Shutting down and abandoning module Landscape (11)
[2015.07.22-16.42.31:879][852]LogModuleManager: Shutting down and abandoning module SlateRHIRenderer (10)
[2015.07.22-16.42.31:882][852]LogModuleManager: Shutting down and abandoning module OpenGLDrv (9)
[2015.07.22-16.42.31:882][852]LogModuleManager: Shutting down and abandoning module D3D11RHI (8)
[2015.07.22-16.42.31:882][852]LogModuleManager: Shutting down and abandoning module Renderer (7)
[2015.07.22-16.42.31:882][852]LogModuleManager: Shutting down and abandoning module Engine (6)
[2015.07.22-16.42.31:882][852]LogModuleManager: Shutting down and abandoning module CoreUObject (5)
[2015.07.22-16.42.31:882][852]LogModuleManager: Shutting down and abandoning module NetworkFile (4)
[2015.07.22-16.42.31:882][852]LogModuleManager: Shutting down and abandoning module StreamingFile (3)
[2015.07.22-16.42.31:882][852]LogModuleManager: Shutting down and abandoning module SandboxFile (2)
[2015.07.22-16.42.31:882][852]LogModuleManager: Shutting down and abandoning module PakFile (1)
[2015.07.22-16.42.31:883][852]LogExit: Exiting.
[2015.07.22-16.42.31:910][852]Log file closed, 07/22/15 19:42:31
